[0.021s] Invoking command in '/home/maddy/qt_ros_workspace/build/qt_ros': CMAKE_PREFIX_PATH=${CMAKE_PREFIX_PATH}:/opt/ros/humble /usr/bin/cmake --build /home/maddy/qt_ros_workspace/build/qt_ros -- -j8 -l8
[0.097s] [  2%] Built target qt_ros__cpp
[0.103s] [ 11%] Built target qt_ros__rosidl_generator_c
[0.128s] [ 11%] Built target ament_cmake_python_copy_qt_ros
[0.150s] [ 28%] Built target qt_ros__rosidl_typesupport_cpp
[0.151s] [ 30%] Built target qt_ros__rosidl_typesupport_fastrtps_cpp
[0.151s] [ 40%] Built target qt_ros__rosidl_typesupport_introspection_c
[0.154s] [ 50%] Built target qt_ros__rosidl_typesupport_introspection_cpp
[0.156s] [ 59%] Built target qt_ros__rosidl_typesupport_fastrtps_c
[0.160s] [ 69%] Built target qt_ros__rosidl_typesupport_c
[0.198s] [ 69%] Built target qt_ros
[0.230s] [35m[1mConsolidate compiler generated dependencies of target qt_node[0m
[0.244s] [ 71%] Built target qt_ros__py
[0.283s] [ 78%] Built target qt_node
[0.293s] [ 85%] Built target qt_ros__rosidl_generator_py
[0.346s] [ 90%] Built target qt_ros__rosidl_typesupport_fastrtps_c__pyext
[0.347s] [ 95%] Built target qt_ros__rosidl_typesupport_introspection_c__pyext
[0.348s] [100%] Built target qt_ros__rosidl_typesupport_c__pyext
[0.672s] running egg_info
[0.675s] writing qt_ros.egg-info/PKG-INFO
[0.675s] writing dependency_links to qt_ros.egg-info/dependency_links.txt
[0.675s] writing top-level names to qt_ros.egg-info/top_level.txt
[0.682s] reading manifest file 'qt_ros.egg-info/SOURCES.txt'
[0.684s] writing manifest file 'qt_ros.egg-info/SOURCES.txt'
[0.751s] [100%] Built target ament_cmake_python_build_qt_ros_egg
[0.771s] Invoked command in '/home/maddy/qt_ros_workspace/build/qt_ros' returned '0': CMAKE_PREFIX_PATH=${CMAKE_PREFIX_PATH}:/opt/ros/humble /usr/bin/cmake --build /home/maddy/qt_ros_workspace/build/qt_ros -- -j8 -l8
[0.787s] Invoking command in '/home/maddy/qt_ros_workspace/build/qt_ros': CMAKE_PREFIX_PATH=${CMAKE_PREFIX_PATH}:/opt/ros/humble /usr/bin/cmake --install /home/maddy/qt_ros_workspace/build/qt_ros
[0.800s] -- Install configuration: ""
[0.800s] -- Up-to-date: /home/maddy/qt_ros_workspace/install/qt_ros/share/ament_index/resource_index/rosidl_interfaces/qt_ros
[0.801s] -- Up-to-date: /home/maddy/qt_ros_workspace/install/qt_ros/include/qt_ros/qt_ros
[0.801s] -- Up-to-date: /home/maddy/qt_ros_workspace/install/qt_ros/include/qt_ros/qt_ros/srv
[0.802s] -- Up-to-date: /home/maddy/qt_ros_workspace/install/qt_ros/include/qt_ros/qt_ros/srv/qt_string.h
[0.802s] -- Up-to-date: /home/maddy/qt_ros_workspace/install/qt_ros/include/qt_ros/qt_ros/srv/detail
[0.802s] -- Up-to-date: /home/maddy/qt_ros_workspace/install/qt_ros/include/qt_ros/qt_ros/srv/detail/qt_string__functions.h
[0.802s] -- Up-to-date: /home/maddy/qt_ros_workspace/install/qt_ros/include/qt_ros/qt_ros/srv/detail/qt_string__type_support.h
[0.803s] -- Up-to-date: /home/maddy/qt_ros_workspace/install/qt_ros/include/qt_ros/qt_ros/srv/detail/qt_string__struct.h
[0.803s] -- Up-to-date: /home/maddy/qt_ros_workspace/install/qt_ros/include/qt_ros/qt_ros/srv/detail/qt_string__functions.c
[0.803s] -- Up-to-date: /home/maddy/qt_ros_workspace/install/qt_ros/include/qt_ros/qt_ros/action
[0.804s] -- Up-to-date: /home/maddy/qt_ros_workspace/install/qt_ros/include/qt_ros/qt_ros/action/detail
[0.804s] -- Up-to-date: /home/maddy/qt_ros_workspace/install/qt_ros/include/qt_ros/qt_ros/action/detail/fibonacci__struct.h
[0.804s] -- Up-to-date: /home/maddy/qt_ros_workspace/install/qt_ros/include/qt_ros/qt_ros/action/detail/fibonacci__functions.c
[0.805s] -- Up-to-date: /home/maddy/qt_ros_workspace/install/qt_ros/include/qt_ros/qt_ros/action/detail/fibonacci__type_support.h
[0.805s] -- Up-to-date: /home/maddy/qt_ros_workspace/install/qt_ros/include/qt_ros/qt_ros/action/detail/fibonacci__functions.h
[0.805s] -- Up-to-date: /home/maddy/qt_ros_workspace/install/qt_ros/include/qt_ros/qt_ros/action/fibonacci.h
[0.806s] -- Up-to-date: /home/maddy/qt_ros_workspace/install/qt_ros/include/qt_ros/qt_ros/msg
[0.806s] -- Up-to-date: /home/maddy/qt_ros_workspace/install/qt_ros/include/qt_ros/qt_ros/msg/rosidl_generator_c__visibility_control.h
[0.807s] -- Up-to-date: /home/maddy/qt_ros_workspace/install/qt_ros/share/qt_ros/environment/library_path.sh
[0.807s] -- Up-to-date: /home/maddy/qt_ros_workspace/install/qt_ros/share/qt_ros/environment/library_path.dsv
[0.807s] -- Up-to-date: /home/maddy/qt_ros_workspace/install/qt_ros/lib/libqt_ros__rosidl_generator_c.so
[0.808s] -- Up-to-date: /home/maddy/qt_ros_workspace/install/qt_ros/include/qt_ros/qt_ros
[0.808s] -- Up-to-date: /home/maddy/qt_ros_workspace/install/qt_ros/include/qt_ros/qt_ros/srv
[0.808s] -- Up-to-date: /home/maddy/qt_ros_workspace/install/qt_ros/include/qt_ros/qt_ros/srv/detail
[0.809s] -- Up-to-date: /home/maddy/qt_ros_workspace/install/qt_ros/include/qt_ros/qt_ros/srv/detail/qt_string__rosidl_typesupport_fastrtps_c.h
[0.809s] -- Up-to-date: /home/maddy/qt_ros_workspace/install/qt_ros/include/qt_ros/qt_ros/action
[0.809s] -- Up-to-date: /home/maddy/qt_ros_workspace/install/qt_ros/include/qt_ros/qt_ros/action/detail
[0.810s] -- Up-to-date: /home/maddy/qt_ros_workspace/install/qt_ros/include/qt_ros/qt_ros/action/detail/fibonacci__rosidl_typesupport_fastrtps_c.h
[0.810s] -- Up-to-date: /home/maddy/qt_ros_workspace/install/qt_ros/include/qt_ros/qt_ros/msg
[0.810s] -- Up-to-date: /home/maddy/qt_ros_workspace/install/qt_ros/include/qt_ros/qt_ros/msg/rosidl_typesupport_fastrtps_c__visibility_control.h
[0.811s] -- Up-to-date: /home/maddy/qt_ros_workspace/install/qt_ros/lib/libqt_ros__rosidl_typesupport_fastrtps_c.so
[0.811s] -- Up-to-date: /home/maddy/qt_ros_workspace/install/qt_ros/include/qt_ros/qt_ros
[0.811s] -- Up-to-date: /home/maddy/qt_ros_workspace/install/qt_ros/include/qt_ros/qt_ros/srv
[0.812s] -- Up-to-date: /home/maddy/qt_ros_workspace/install/qt_ros/include/qt_ros/qt_ros/srv/qt_string.hpp
[0.812s] -- Up-to-date: /home/maddy/qt_ros_workspace/install/qt_ros/include/qt_ros/qt_ros/srv/detail
[0.813s] -- Up-to-date: /home/maddy/qt_ros_workspace/install/qt_ros/include/qt_ros/qt_ros/srv/detail/qt_string__builder.hpp
[0.813s] -- Up-to-date: /home/maddy/qt_ros_workspace/install/qt_ros/include/qt_ros/qt_ros/srv/detail/qt_string__struct.hpp
[0.813s] -- Up-to-date: /home/maddy/qt_ros_workspace/install/qt_ros/include/qt_ros/qt_ros/srv/detail/qt_string__type_support.hpp
[0.814s] -- Up-to-date: /home/maddy/qt_ros_workspace/install/qt_ros/include/qt_ros/qt_ros/srv/detail/qt_string__traits.hpp
[0.814s] -- Up-to-date: /home/maddy/qt_ros_workspace/install/qt_ros/include/qt_ros/qt_ros/action
[0.814s] -- Up-to-date: /home/maddy/qt_ros_workspace/install/qt_ros/include/qt_ros/qt_ros/action/detail
[0.815s] -- Up-to-date: /home/maddy/qt_ros_workspace/install/qt_ros/include/qt_ros/qt_ros/action/detail/fibonacci__traits.hpp
[0.815s] -- Up-to-date: /home/maddy/qt_ros_workspace/install/qt_ros/include/qt_ros/qt_ros/action/detail/fibonacci__builder.hpp
[0.816s] -- Up-to-date: /home/maddy/qt_ros_workspace/install/qt_ros/include/qt_ros/qt_ros/action/detail/fibonacci__type_support.hpp
[0.816s] -- Up-to-date: /home/maddy/qt_ros_workspace/install/qt_ros/include/qt_ros/qt_ros/action/detail/fibonacci__struct.hpp
[0.816s] -- Up-to-date: /home/maddy/qt_ros_workspace/install/qt_ros/include/qt_ros/qt_ros/action/fibonacci.hpp
[0.817s] -- Up-to-date: /home/maddy/qt_ros_workspace/install/qt_ros/include/qt_ros/qt_ros/msg
[0.817s] -- Up-to-date: /home/maddy/qt_ros_workspace/install/qt_ros/include/qt_ros/qt_ros/msg/rosidl_generator_cpp__visibility_control.hpp
[0.817s] -- Up-to-date: /home/maddy/qt_ros_workspace/install/qt_ros/include/qt_ros/qt_ros
[0.817s] -- Up-to-date: /home/maddy/qt_ros_workspace/install/qt_ros/include/qt_ros/qt_ros/srv
[0.817s] -- Up-to-date: /home/maddy/qt_ros_workspace/install/qt_ros/include/qt_ros/qt_ros/srv/detail
[0.818s] -- Up-to-date: /home/maddy/qt_ros_workspace/install/qt_ros/include/qt_ros/qt_ros/srv/detail/dds_fastrtps
[0.818s] -- Up-to-date: /home/maddy/qt_ros_workspace/install/qt_ros/include/qt_ros/qt_ros/srv/detail/qt_string__rosidl_typesupport_fastrtps_cpp.hpp
[0.818s] -- Up-to-date: /home/maddy/qt_ros_workspace/install/qt_ros/include/qt_ros/qt_ros/action
[0.819s] -- Up-to-date: /home/maddy/qt_ros_workspace/install/qt_ros/include/qt_ros/qt_ros/action/detail
[0.819s] -- Up-to-date: /home/maddy/qt_ros_workspace/install/qt_ros/include/qt_ros/qt_ros/action/detail/dds_fastrtps
[0.820s] -- Up-to-date: /home/maddy/qt_ros_workspace/install/qt_ros/include/qt_ros/qt_ros/action/detail/fibonacci__rosidl_typesupport_fastrtps_cpp.hpp
[0.820s] -- Up-to-date: /home/maddy/qt_ros_workspace/install/qt_ros/include/qt_ros/qt_ros/msg
[0.820s] -- Up-to-date: /home/maddy/qt_ros_workspace/install/qt_ros/include/qt_ros/qt_ros/msg/rosidl_typesupport_fastrtps_cpp__visibility_control.h
[0.821s] -- Up-to-date: /home/maddy/qt_ros_workspace/install/qt_ros/lib/libqt_ros__rosidl_typesupport_fastrtps_cpp.so
[0.821s] -- Up-to-date: /home/maddy/qt_ros_workspace/install/qt_ros/include/qt_ros/qt_ros
[0.821s] -- Up-to-date: /home/maddy/qt_ros_workspace/install/qt_ros/include/qt_ros/qt_ros/srv
[0.821s] -- Up-to-date: /home/maddy/qt_ros_workspace/install/qt_ros/include/qt_ros/qt_ros/srv/detail
[0.821s] -- Up-to-date: /home/maddy/qt_ros_workspace/install/qt_ros/include/qt_ros/qt_ros/srv/detail/qt_string__rosidl_typesupport_introspection_c.h
[0.822s] -- Up-to-date: /home/maddy/qt_ros_workspace/install/qt_ros/include/qt_ros/qt_ros/srv/detail/qt_string__type_support.c
[0.822s] -- Up-to-date: /home/maddy/qt_ros_workspace/install/qt_ros/include/qt_ros/qt_ros/action
[0.822s] -- Up-to-date: /home/maddy/qt_ros_workspace/install/qt_ros/include/qt_ros/qt_ros/action/detail
[0.822s] -- Up-to-date: /home/maddy/qt_ros_workspace/install/qt_ros/include/qt_ros/qt_ros/action/detail/fibonacci__rosidl_typesupport_introspection_c.h
[0.822s] -- Up-to-date: /home/maddy/qt_ros_workspace/install/qt_ros/include/qt_ros/qt_ros/action/detail/fibonacci__type_support.c
[0.822s] -- Up-to-date: /home/maddy/qt_ros_workspace/install/qt_ros/include/qt_ros/qt_ros/msg
[0.823s] -- Up-to-date: /home/maddy/qt_ros_workspace/install/qt_ros/include/qt_ros/qt_ros/msg/rosidl_typesupport_introspection_c__visibility_control.h
[0.823s] -- Up-to-date: /home/maddy/qt_ros_workspace/install/qt_ros/lib/libqt_ros__rosidl_typesupport_introspection_c.so
[0.823s] -- Up-to-date: /home/maddy/qt_ros_workspace/install/qt_ros/lib/libqt_ros__rosidl_typesupport_c.so
[0.823s] -- Up-to-date: /home/maddy/qt_ros_workspace/install/qt_ros/include/qt_ros/qt_ros
[0.823s] -- Up-to-date: /home/maddy/qt_ros_workspace/install/qt_ros/include/qt_ros/qt_ros/srv
[0.823s] -- Up-to-date: /home/maddy/qt_ros_workspace/install/qt_ros/include/qt_ros/qt_ros/srv/detail
[0.824s] -- Up-to-date: /home/maddy/qt_ros_workspace/install/qt_ros/include/qt_ros/qt_ros/srv/detail/qt_string__rosidl_typesupport_introspection_cpp.hpp
[0.824s] -- Up-to-date: /home/maddy/qt_ros_workspace/install/qt_ros/include/qt_ros/qt_ros/srv/detail/qt_string__type_support.cpp
[0.824s] -- Up-to-date: /home/maddy/qt_ros_workspace/install/qt_ros/include/qt_ros/qt_ros/action
[0.824s] -- Up-to-date: /home/maddy/qt_ros_workspace/install/qt_ros/include/qt_ros/qt_ros/action/detail
[0.824s] -- Up-to-date: /home/maddy/qt_ros_workspace/install/qt_ros/include/qt_ros/qt_ros/action/detail/fibonacci__rosidl_typesupport_introspection_cpp.hpp
[0.824s] -- Up-to-date: /home/maddy/qt_ros_workspace/install/qt_ros/include/qt_ros/qt_ros/action/detail/fibonacci__type_support.cpp
[0.825s] -- Up-to-date: /home/maddy/qt_ros_workspace/install/qt_ros/lib/libqt_ros__rosidl_typesupport_introspection_cpp.so
[0.825s] -- Up-to-date: /home/maddy/qt_ros_workspace/install/qt_ros/lib/libqt_ros__rosidl_typesupport_cpp.so
[0.825s] -- Up-to-date: /home/maddy/qt_ros_workspace/install/qt_ros/share/qt_ros/environment/pythonpath.sh
[0.825s] -- Up-to-date: /home/maddy/qt_ros_workspace/install/qt_ros/share/qt_ros/environment/pythonpath.dsv
[0.825s] -- Up-to-date: /home/maddy/qt_ros_workspace/install/qt_ros/local/lib/python3.10/dist-packages/qt_ros-0.0.0-py3.10.egg-info
[0.825s] -- Installing: /home/maddy/qt_ros_workspace/install/qt_ros/local/lib/python3.10/dist-packages/qt_ros-0.0.0-py3.10.egg-info/top_level.txt
[0.826s] -- Installing: /home/maddy/qt_ros_workspace/install/qt_ros/local/lib/python3.10/dist-packages/qt_ros-0.0.0-py3.10.egg-info/dependency_links.txt
[0.826s] -- Installing: /home/maddy/qt_ros_workspace/install/qt_ros/local/lib/python3.10/dist-packages/qt_ros-0.0.0-py3.10.egg-info/PKG-INFO
[0.826s] -- Installing: /home/maddy/qt_ros_workspace/install/qt_ros/local/lib/python3.10/dist-packages/qt_ros-0.0.0-py3.10.egg-info/SOURCES.txt
[0.826s] -- Up-to-date: /home/maddy/qt_ros_workspace/install/qt_ros/local/lib/python3.10/dist-packages/qt_ros
[0.826s] -- Up-to-date: /home/maddy/qt_ros_workspace/install/qt_ros/local/lib/python3.10/dist-packages/qt_ros/qt_ros_s__rosidl_typesupport_c.cpython-310-x86_64-linux-gnu.so
[0.826s] -- Up-to-date: /home/maddy/qt_ros_workspace/install/qt_ros/local/lib/python3.10/dist-packages/qt_ros/qt_ros_s__rosidl_typesupport_fastrtps_c.cpython-310-x86_64-linux-gnu.so
[0.827s] -- Up-to-date: /home/maddy/qt_ros_workspace/install/qt_ros/local/lib/python3.10/dist-packages/qt_ros/libqt_ros__rosidl_generator_py.so
[0.827s] -- Up-to-date: /home/maddy/qt_ros_workspace/install/qt_ros/local/lib/python3.10/dist-packages/qt_ros/srv
[0.827s] -- Up-to-date: /home/maddy/qt_ros_workspace/install/qt_ros/local/lib/python3.10/dist-packages/qt_ros/srv/_qt_string.py
[0.827s] -- Up-to-date: /home/maddy/qt_ros_workspace/install/qt_ros/local/lib/python3.10/dist-packages/qt_ros/srv/_qt_string_s.c
[0.827s] -- Up-to-date: /home/maddy/qt_ros_workspace/install/qt_ros/local/lib/python3.10/dist-packages/qt_ros/srv/__init__.py
[0.828s] -- Up-to-date: /home/maddy/qt_ros_workspace/install/qt_ros/local/lib/python3.10/dist-packages/qt_ros/_qt_ros_s.ep.rosidl_typesupport_fastrtps_c.c
[0.828s] -- Up-to-date: /home/maddy/qt_ros_workspace/install/qt_ros/local/lib/python3.10/dist-packages/qt_ros/_qt_ros_s.ep.rosidl_typesupport_introspection_c.c
[0.828s] -- Up-to-date: /home/maddy/qt_ros_workspace/install/qt_ros/local/lib/python3.10/dist-packages/qt_ros/_qt_ros_s.ep.rosidl_typesupport_c.c
[0.828s] -- Up-to-date: /home/maddy/qt_ros_workspace/install/qt_ros/local/lib/python3.10/dist-packages/qt_ros/action
[0.828s] -- Up-to-date: /home/maddy/qt_ros_workspace/install/qt_ros/local/lib/python3.10/dist-packages/qt_ros/action/_fibonacci.py
[0.828s] -- Up-to-date: /home/maddy/qt_ros_workspace/install/qt_ros/local/lib/python3.10/dist-packages/qt_ros/action/__init__.py
[0.828s] -- Up-to-date: /home/maddy/qt_ros_workspace/install/qt_ros/local/lib/python3.10/dist-packages/qt_ros/action/_fibonacci_s.c
[0.829s] -- Up-to-date: /home/maddy/qt_ros_workspace/install/qt_ros/local/lib/python3.10/dist-packages/qt_ros/__init__.py
[0.829s] -- Up-to-date: /home/maddy/qt_ros_workspace/install/qt_ros/local/lib/python3.10/dist-packages/qt_ros/qt_ros_s__rosidl_typesupport_introspection_c.cpython-310-x86_64-linux-gnu.so
[0.870s] Listing '/home/maddy/qt_ros_workspace/install/qt_ros/local/lib/python3.10/dist-packages/qt_ros'...
[0.870s] Listing '/home/maddy/qt_ros_workspace/install/qt_ros/local/lib/python3.10/dist-packages/qt_ros/action'...
[0.870s] Listing '/home/maddy/qt_ros_workspace/install/qt_ros/local/lib/python3.10/dist-packages/qt_ros/srv'...
[0.876s] -- Up-to-date: /home/maddy/qt_ros_workspace/install/qt_ros/local/lib/python3.10/dist-packages/qt_ros/qt_ros_s__rosidl_typesupport_fastrtps_c.cpython-310-x86_64-linux-gnu.so
[0.876s] -- Up-to-date: /home/maddy/qt_ros_workspace/install/qt_ros/local/lib/python3.10/dist-packages/qt_ros/qt_ros_s__rosidl_typesupport_introspection_c.cpython-310-x86_64-linux-gnu.so
[0.876s] -- Up-to-date: /home/maddy/qt_ros_workspace/install/qt_ros/local/lib/python3.10/dist-packages/qt_ros/qt_ros_s__rosidl_typesupport_c.cpython-310-x86_64-linux-gnu.so
[0.877s] -- Up-to-date: /home/maddy/qt_ros_workspace/install/qt_ros/lib/libqt_ros__rosidl_generator_py.so
[0.878s] -- Up-to-date: /home/maddy/qt_ros_workspace/install/qt_ros/share/qt_ros/srv/QtString.idl
[0.878s] -- Up-to-date: /home/maddy/qt_ros_workspace/install/qt_ros/share/qt_ros/action/Fibonacci.idl
[0.878s] -- Up-to-date: /home/maddy/qt_ros_workspace/install/qt_ros/share/qt_ros/srv/QtString.srv
[0.878s] -- Up-to-date: /home/maddy/qt_ros_workspace/install/qt_ros/share/qt_ros/srv/QtString_Request.msg
[0.878s] -- Up-to-date: /home/maddy/qt_ros_workspace/install/qt_ros/share/qt_ros/srv/QtString_Response.msg
[0.879s] -- Up-to-date: /home/maddy/qt_ros_workspace/install/qt_ros/share/qt_ros/actions/Fibonacci.action
[0.879s] -- Up-to-date: /home/maddy/qt_ros_workspace/install/qt_ros/lib/qt_ros/qt_node
[0.879s] -- Up-to-date: /home/maddy/qt_ros_workspace/install/qt_ros/share/ament_index/resource_index/package_run_dependencies/qt_ros
[0.880s] -- Up-to-date: /home/maddy/qt_ros_workspace/install/qt_ros/share/ament_index/resource_index/parent_prefix_path/qt_ros
[0.880s] -- Up-to-date: /home/maddy/qt_ros_workspace/install/qt_ros/share/qt_ros/environment/ament_prefix_path.sh
[0.880s] -- Up-to-date: /home/maddy/qt_ros_workspace/install/qt_ros/share/qt_ros/environment/ament_prefix_path.dsv
[0.880s] -- Up-to-date: /home/maddy/qt_ros_workspace/install/qt_ros/share/qt_ros/environment/path.sh
[0.881s] -- Up-to-date: /home/maddy/qt_ros_workspace/install/qt_ros/share/qt_ros/environment/path.dsv
[0.881s] -- Up-to-date: /home/maddy/qt_ros_workspace/install/qt_ros/share/qt_ros/local_setup.bash
[0.882s] -- Up-to-date: /home/maddy/qt_ros_workspace/install/qt_ros/share/qt_ros/local_setup.sh
[0.882s] -- Up-to-date: /home/maddy/qt_ros_workspace/install/qt_ros/share/qt_ros/local_setup.zsh
[0.882s] -- Up-to-date: /home/maddy/qt_ros_workspace/install/qt_ros/share/qt_ros/local_setup.dsv
[0.883s] -- Installing: /home/maddy/qt_ros_workspace/install/qt_ros/share/qt_ros/package.dsv
[0.883s] -- Up-to-date: /home/maddy/qt_ros_workspace/install/qt_ros/share/ament_index/resource_index/packages/qt_ros
[0.884s] -- Up-to-date: /home/maddy/qt_ros_workspace/install/qt_ros/share/qt_ros/cmake/export_qt_ros__rosidl_generator_cExport.cmake
[0.884s] -- Up-to-date: /home/maddy/qt_ros_workspace/install/qt_ros/share/qt_ros/cmake/export_qt_ros__rosidl_generator_cExport-noconfig.cmake
[0.884s] -- Up-to-date: /home/maddy/qt_ros_workspace/install/qt_ros/share/qt_ros/cmake/export_qt_ros__rosidl_typesupport_fastrtps_cExport.cmake
[0.885s] -- Up-to-date: /home/maddy/qt_ros_workspace/install/qt_ros/share/qt_ros/cmake/export_qt_ros__rosidl_typesupport_fastrtps_cExport-noconfig.cmake
[0.885s] -- Up-to-date: /home/maddy/qt_ros_workspace/install/qt_ros/share/qt_ros/cmake/export_qt_ros__rosidl_generator_cppExport.cmake
[0.885s] -- Up-to-date: /home/maddy/qt_ros_workspace/install/qt_ros/share/qt_ros/cmake/export_qt_ros__rosidl_typesupport_fastrtps_cppExport.cmake
[0.886s] -- Up-to-date: /home/maddy/qt_ros_workspace/install/qt_ros/share/qt_ros/cmake/export_qt_ros__rosidl_typesupport_fastrtps_cppExport-noconfig.cmake
[0.886s] -- Up-to-date: /home/maddy/qt_ros_workspace/install/qt_ros/share/qt_ros/cmake/qt_ros__rosidl_typesupport_introspection_cExport.cmake
[0.887s] -- Up-to-date: /home/maddy/qt_ros_workspace/install/qt_ros/share/qt_ros/cmake/qt_ros__rosidl_typesupport_introspection_cExport-noconfig.cmake
[0.887s] -- Up-to-date: /home/maddy/qt_ros_workspace/install/qt_ros/share/qt_ros/cmake/qt_ros__rosidl_typesupport_cExport.cmake
[0.887s] -- Up-to-date: /home/maddy/qt_ros_workspace/install/qt_ros/share/qt_ros/cmake/qt_ros__rosidl_typesupport_cExport-noconfig.cmake
[0.888s] -- Up-to-date: /home/maddy/qt_ros_workspace/install/qt_ros/share/qt_ros/cmake/qt_ros__rosidl_typesupport_introspection_cppExport.cmake
[0.888s] -- Up-to-date: /home/maddy/qt_ros_workspace/install/qt_ros/share/qt_ros/cmake/qt_ros__rosidl_typesupport_introspection_cppExport-noconfig.cmake
[0.888s] -- Up-to-date: /home/maddy/qt_ros_workspace/install/qt_ros/share/qt_ros/cmake/qt_ros__rosidl_typesupport_cppExport.cmake
[0.888s] -- Up-to-date: /home/maddy/qt_ros_workspace/install/qt_ros/share/qt_ros/cmake/qt_ros__rosidl_typesupport_cppExport-noconfig.cmake
[0.889s] -- Up-to-date: /home/maddy/qt_ros_workspace/install/qt_ros/share/qt_ros/cmake/export_qt_ros__rosidl_generator_pyExport.cmake
[0.889s] -- Up-to-date: /home/maddy/qt_ros_workspace/install/qt_ros/share/qt_ros/cmake/export_qt_ros__rosidl_generator_pyExport-noconfig.cmake
[0.889s] -- Up-to-date: /home/maddy/qt_ros_workspace/install/qt_ros/share/qt_ros/cmake/rosidl_cmake-extras.cmake
[0.890s] -- Up-to-date: /home/maddy/qt_ros_workspace/install/qt_ros/share/qt_ros/cmake/ament_cmake_export_dependencies-extras.cmake
[0.890s] -- Up-to-date: /home/maddy/qt_ros_workspace/install/qt_ros/share/qt_ros/cmake/ament_cmake_export_include_directories-extras.cmake
[0.890s] -- Up-to-date: /home/maddy/qt_ros_workspace/install/qt_ros/share/qt_ros/cmake/ament_cmake_export_libraries-extras.cmake
[0.891s] -- Up-to-date: /home/maddy/qt_ros_workspace/install/qt_ros/share/qt_ros/cmake/ament_cmake_export_targets-extras.cmake
[0.891s] -- Up-to-date: /home/maddy/qt_ros_workspace/install/qt_ros/share/qt_ros/cmake/rosidl_cmake_export_typesupport_targets-extras.cmake
[0.892s] -- Up-to-date: /home/maddy/qt_ros_workspace/install/qt_ros/share/qt_ros/cmake/rosidl_cmake_export_typesupport_libraries-extras.cmake
[0.892s] -- Up-to-date: /home/maddy/qt_ros_workspace/install/qt_ros/share/qt_ros/cmake/qt_rosConfig.cmake
[0.893s] -- Up-to-date: /home/maddy/qt_ros_workspace/install/qt_ros/share/qt_ros/cmake/qt_rosConfig-version.cmake
[0.893s] -- Up-to-date: /home/maddy/qt_ros_workspace/install/qt_ros/share/qt_ros/package.xml
[0.895s] Invoked command in '/home/maddy/qt_ros_workspace/build/qt_ros' returned '0': CMAKE_PREFIX_PATH=${CMAKE_PREFIX_PATH}:/opt/ros/humble /usr/bin/cmake --install /home/maddy/qt_ros_workspace/build/qt_ros
