[0mCMake Deprecation Warning at /opt/ros/humble/share/rosidl_cmake/cmake/rosidl_target_interfaces.cmake:32 (message):
  Use rosidl_get_typesupport_target() and target_link_libraries() instead of
  rosidl_target_interfaces()
Call Stack (most recent call first):
  CMakeLists.txt:44 (rosidl_target_interfaces)

[0m
[01m[K/home/maddy/qt_ros_workspace/src/qt_ros/src/my_window.cpp:[m[K In constructor ‘[01m[KMyWindow::MyWindow(rclcpp::Node::SharedPtr, QWidget*)[m[K’:
[01m[K/home/maddy/qt_ros_workspace/src/qt_ros/src/my_window.cpp:25:75:[m[K [01;31m[Kerror: [m[Kno matching function for call to ‘[01m[Kcreate_server<qt_ros::action::Fibonacci>(MyWindow*, const char [13], std::_Bind_helper<false, rclcpp_action::GoalResponse (MyWindow::*)(const std::array<unsigned char, 16>&, std::shared_ptr<const qt_ros::action::Fibonacci>&), MyWindow*, const std::_Placeholder<1>&, const std::_Placeholder<2>&>::type, std::_Bind_helper<false, rclcpp_action::CancelResponse (MyWindow::*)(const std::shared_ptr<rclcpp_action::ServerGoalHandle<qt_ros::action::Fibonacci> >&), MyWindow*, const std::_Placeholder<1>&>::type, std::_Bind_helper<false, void (MyWindow::*)(const std::shared_ptr<qt_ros::action::Fibonacci>&), MyWindow*, const std::_Placeholder<1>&>::type)[m[K’
   25 |     action_server =[01;31m[Krclcpp_action::create_server<qt_ros::action::Fibonacci>([m[K
      |                    [01;31m[K~~~~~~~~~~~~~~~~~~~~~~~~~~~~~~~~~~~~~~~~~~~~~~~~~~~~~~~^[m[K
   26 | [01;31m[K      this,[m[K
      |       [01;31m[K~~~~~[m[K                                                                
   27 | [01;31m[K      "qt_fibonacci",[m[K
      |       [01;31m[K~~~~~~~~~~~~~~~[m[K                                                      
   28 | [01;31m[K      std::bind(&MyWindow::handle_goal, this, _1, _2),[m[K
      |       [01;31m[K~~~~~~~~~~~~~~~~~~~~~~~~~~~~~~~~~~~~~~~~~~~~~~~~[m[K                     
   29 | [01;31m[K      std::bind(&MyWindow::handle_cancel, this, _1),[m[K
      |       [01;31m[K~~~~~~~~~~~~~~~~~~~~~~~~~~~~~~~~~~~~~~~~~~~~~~[m[K                       
   30 | [01;31m[K      std::bind(&MyWindow::handle_accepted, this, _1))[m[K;
      |       [01;31m[K~~~~~~~~~~~~~~~~~~~~~~~~~~~~~~~~~~~~~~~~~~~~~~~~[m[K                     
In file included from [01m[K/opt/ros/humble/include/rclcpp_action/rclcpp_action/rclcpp_action.hpp:39[m[K,
                 from [01m[K/home/maddy/qt_ros_workspace/src/qt_ros/include/qt_ros/my_window.hpp:13[m[K,
                 from [01m[K/home/maddy/qt_ros_workspace/src/qt_ros/src/my_window.cpp:2[m[K:
[01m[K/opt/ros/humble/include/rclcpp_action/rclcpp_action/create_server.hpp:58:1:[m[K [01;36m[Knote: [m[Kcandidate: ‘[01m[Ktypename rclcpp_action::Server<ActionT>::SharedPtr rclcpp_action::create_server(rclcpp::node_interfaces::NodeBaseInterface::SharedPtr, rclcpp::node_interfaces::NodeClockInterface::SharedPtr, rclcpp::node_interfaces::NodeLoggingInterface::SharedPtr, rclcpp::node_interfaces::NodeWaitablesInterface::SharedPtr, const string&, typename rclcpp_action::Server<ActionT>::GoalCallback, typename rclcpp_action::Server<ActionT>::CancelCallback, typename rclcpp_action::Server<ActionT>::AcceptedCallback, const rcl_action_server_options_t&, rclcpp::CallbackGroup::SharedPtr) [with ActionT = qt_ros::action::Fibonacci; typename rclcpp_action::Server<ActionT>::SharedPtr = std::shared_ptr<rclcpp_action::Server<qt_ros::action::Fibonacci> >; rclcpp::node_interfaces::NodeBaseInterface::SharedPtr = std::shared_ptr<rclcpp::node_interfaces::NodeBaseInterface>; rclcpp::node_interfaces::NodeClockInterface::SharedPtr = std::shared_ptr<rclcpp::node_interfaces::NodeClockInterface>; rclcpp::node_interfaces::NodeLoggingInterface::SharedPtr = std::shared_ptr<rclcpp::node_interfaces::NodeLoggingInterface>; rclcpp::node_interfaces::NodeWaitablesInterface::SharedPtr = std::shared_ptr<rclcpp::node_interfaces::NodeWaitablesInterface>; std::string = std::__cxx11::basic_string<char>; typename rclcpp_action::Server<ActionT>::GoalCallback = std::function<rclcpp_action::GoalResponse(const std::array<unsigned char, 16>&, std::shared_ptr<const qt_ros::action::Fibonacci_Goal_<std::allocator<void> > >)>; typename rclcpp_action::Server<ActionT>::CancelCallback = std::function<rclcpp_action::CancelResponse(std::shared_ptr<rclcpp_action::ServerGoalHandle<qt_ros::action::Fibonacci> >)>; typename rclcpp_action::Server<ActionT>::AcceptedCallback = std::function<void(std::shared_ptr<rclcpp_action::ServerGoalHandle<qt_ros::action::Fibonacci> >)>; rcl_action_server_options_t = rcl_action_server_options_s; rclcpp::CallbackGroup::SharedPtr = std::shared_ptr<rclcpp::CallbackGroup>][m[K’
   58 | [01;36m[Kcreate_server[m[K(
      | [01;36m[K^~~~~~~~~~~~~[m[K
[01m[K/opt/ros/humble/include/rclcpp_action/rclcpp_action/create_server.hpp:58:1:[m[K [01;36m[Knote: [m[K  candidate expects 10 arguments, 5 provided
[01m[K/opt/ros/humble/include/rclcpp_action/rclcpp_action/create_server.hpp:132:1:[m[K [01;36m[Knote: [m[Kcandidate: ‘[01m[Ktemplate<class ActionT, class NodeT> typename rclcpp_action::Server<ActionT>::SharedPtr rclcpp_action::create_server(NodeT, const string&, typename rclcpp_action::Server<ActionT>::GoalCallback, typename rclcpp_action::Server<ActionT>::CancelCallback, typename rclcpp_action::Server<ActionT>::AcceptedCallback, const rcl_action_server_options_t&, rclcpp::CallbackGroup::SharedPtr)[m[K’
  132 | [01;36m[Kcreate_server[m[K(
      | [01;36m[K^~~~~~~~~~~~~[m[K
[01m[K/opt/ros/humble/include/rclcpp_action/rclcpp_action/create_server.hpp:132:1:[m[K [01;36m[Knote: [m[K  template argument deduction/substitution failed:
[01m[K/home/maddy/qt_ros_workspace/src/qt_ros/src/my_window.cpp:28:16:[m[K [01;36m[Knote: [m[K  cannot convert ‘[01m[Kstd::bind(_Func&&, _BoundArgs&& ...) [with _Func = rclcpp_action::GoalResponse (MyWindow::*)(const std::array<unsigned char, 16>&, std::shared_ptr<const qt_ros::action::Fibonacci>&); _BoundArgs = {MyWindow*, const std::_Placeholder<1>&, const std::_Placeholder<2>&}; typename std::_Bind_helper<std::__is_socketlike<_Func>::value, _Func, _BoundArgs ...>::type = std::_Bind_helper<false, rclcpp_action::GoalResponse (MyWindow::*)(const std::array<unsigned char, 16>&, std::shared_ptr<const qt_ros::action::Fibonacci>&), MyWindow*, const std::_Placeholder<1>&, const std::_Placeholder<2>&>::type; std::__is_socketlike<_Func> = std::__is_socketlike<rclcpp_action::GoalResponse (MyWindow::*)(const std::array<unsigned char, 16>&, std::shared_ptr<const qt_ros::action::Fibonacci>&), rclcpp_action::GoalResponse (MyWindow::*)(const std::array<unsigned char, 16>&, std::shared_ptr<const qt_ros::action::Fibonacci>&)>; typename std::decay<_Tp>::type = rclcpp_action::GoalResponse (MyWindow::*)(const std::array<unsigned char, 16>&, std::shared_ptr<const qt_ros::action::Fibonacci>&)](((MyWindow*)this), std::placeholders::_1, std::placeholders::_2)[m[K’ (type ‘[01m[Kstd::_Bind_helper<false, rclcpp_action::GoalResponse (MyWindow::*)(const std::array<unsigned char, 16>&, std::shared_ptr<const qt_ros::action::Fibonacci>&), MyWindow*, const std::_Placeholder<1>&, const std::_Placeholder<2>&>::type[m[K’) to type ‘[01m[Krclcpp_action::Server<qt_ros::action::Fibonacci>::GoalCallback[m[K’ {aka ‘[01m[Kstd::function<rclcpp_action::GoalResponse(const std::array<unsigned char, 16>&, std::shared_ptr<const qt_ros::action::Fibonacci_Goal_<std::allocator<void> > >)>[m[K’}
   28 |       [01;36m[Kstd::bind(&MyWindow::handle_goal, this, _1, _2)[m[K,
      |       [01;36m[K~~~~~~~~~^~~~~~~~~~~~~~~~~~~~~~~~~~~~~~~~~~~~~~[m[K
In file included from [01m[K/opt/ros/humble/include/rclcpp/rclcpp/client.hpp:40[m[K,
                 from [01m[K/opt/ros/humble/include/rclcpp/rclcpp/callback_group.hpp:24[m[K,
                 from [01m[K/opt/ros/humble/include/rclcpp/rclcpp/any_executable.hpp:20[m[K,
                 from [01m[K/opt/ros/humble/include/rclcpp/rclcpp/memory_strategy.hpp:25[m[K,
                 from [01m[K/opt/ros/humble/include/rclcpp/rclcpp/memory_strategies.hpp:18[m[K,
                 from [01m[K/opt/ros/humble/include/rclcpp/rclcpp/executor_options.hpp:20[m[K,
                 from [01m[K/opt/ros/humble/include/rclcpp/rclcpp/executor.hpp:37[m[K,
                 from [01m[K/opt/ros/humble/include/rclcpp/rclcpp/executors/multi_threaded_executor.hpp:25[m[K,
                 from [01m[K/opt/ros/humble/include/rclcpp/rclcpp/executors.hpp:21[m[K,
                 from [01m[K/opt/ros/humble/include/rclcpp/rclcpp/rclcpp.hpp:155[m[K,
                 from [01m[K/home/maddy/qt_ros_workspace/src/qt_ros/include/qt_ros/my_window.hpp:11[m[K,
                 from [01m[K/home/maddy/qt_ros_workspace/src/qt_ros/src/my_window.cpp:2[m[K:
[01m[K/home/maddy/qt_ros_workspace/src/qt_ros/src/my_window.cpp:[m[K In function ‘[01m[Krclcpp_action::GoalResponse handle_goal(const GoalUUID&, std::shared_ptr<const qt_ros::action::Fibonacci_Goal_<std::allocator<void> > >&)[m[K’:
[01m[K/home/maddy/qt_ros_workspace/src/qt_ros/src/my_window.cpp:211:17:[m[K [01;31m[Kerror: [m[K‘[01m[Knode_[m[K’ was not declared in this scope; did you mean ‘[01m[Kmode_t[m[K’?
  211 |     RCLCPP_INFO([01;31m[Knode_[m[K-> get_logger(),"received goal request with order %d",goal-> order);
      |                 [01;31m[K^~~~~[m[K
[01m[K/home/maddy/qt_ros_workspace/src/qt_ros/src/my_window.cpp:211:5:[m[K [01;31m[Kerror: [m[Ktemplate argument 1 is invalid
  211 |     [01;31m[KRCLCPP_INFO[m[K(node_-> get_logger(),"received goal request with order %d",goal-> order);
      |     [01;31m[K^~~~~~~~~~~[m[K
[01m[K/home/maddy/qt_ros_workspace/src/qt_ros/src/my_window.cpp:[m[K In function ‘[01m[Krclcpp_action::CancelResponse handle_cancel(const std::shared_ptr<rclcpp_action::ServerGoalHandle<qt_ros::action::Fibonacci> >&)[m[K’:
[01m[K/home/maddy/qt_ros_workspace/src/qt_ros/src/my_window.cpp:218:17:[m[K [01;31m[Kerror: [m[K‘[01m[Knode_[m[K’ was not declared in this scope; did you mean ‘[01m[Kmode_t[m[K’?
  218 |     RCLCPP_INFO([01;31m[Knode_[m[K-> get_logger(), "Received request to cancel goal");
      |                 [01;31m[K^~~~~[m[K
[01m[K/home/maddy/qt_ros_workspace/src/qt_ros/src/my_window.cpp:218:5:[m[K [01;31m[Kerror: [m[Ktemplate argument 1 is invalid
  218 |     [01;31m[KRCLCPP_INFO[m[K(node_-> get_logger(), "Received request to cancel goal");
      |     [01;31m[K^~~~~~~~~~~[m[K
In file included from [01m[K/opt/ros/humble/include/rclcpp_action/rclcpp_action/rclcpp_action.hpp:38[m[K,
                 from [01m[K/home/maddy/qt_ros_workspace/src/qt_ros/include/qt_ros/my_window.hpp:13[m[K,
                 from [01m[K/home/maddy/qt_ros_workspace/src/qt_ros/src/my_window.cpp:2[m[K:
/opt/ros/humble/include/rclcpp_action/rclcpp_action/create_client.hpp: In instantiation of ‘[01m[Ktypename rclcpp_action::Client<ActionT>::SharedPtr rclcpp_action::create_client(NodeT, const string&, rclcpp::CallbackGroup::SharedPtr, const rcl_action_client_options_t&) [with ActionT = qt_ros::action::Fibonacci; NodeT = MyWindow*; typename rclcpp_action::Client<ActionT>::SharedPtr = std::shared_ptr<rclcpp_action::Client<qt_ros::action::Fibonacci> >; std::string = std::__cxx11::basic_string<char>; rclcpp::CallbackGroup::SharedPtr = std::shared_ptr<rclcpp::CallbackGroup>; rcl_action_client_options_t = rcl_action_client_options_s][m[K’:
[01m[K/home/maddy/qt_ros_workspace/src/qt_ros/src/my_window.cpp:24:73:[m[K   required from here
[01m[K/opt/ros/humble/include/rclcpp_action/rclcpp_action/create_client.hpp:112:11:[m[K [01;31m[Kerror: [m[K‘[01m[Kclass MyWindow[m[K’ has no member named ‘[01m[Kget_node_base_interface[m[K’
  112 |     [01;31m[Knode->get_node_base_interface[m[K(),
      |     [01;31m[K~~~~~~^~~~~~~~~~~~~~~~~~~~~~~[m[K
[01m[K/opt/ros/humble/include/rclcpp_action/rclcpp_action/create_client.hpp:113:11:[m[K [01;31m[Kerror: [m[K‘[01m[Kclass MyWindow[m[K’ has no member named ‘[01m[Kget_node_graph_interface[m[K’
  113 |     [01;31m[Knode->get_node_graph_interface[m[K(),
      |     [01;31m[K~~~~~~^~~~~~~~~~~~~~~~~~~~~~~~[m[K
[01m[K/opt/ros/humble/include/rclcpp_action/rclcpp_action/create_client.hpp:114:11:[m[K [01;31m[Kerror: [m[K‘[01m[Kclass MyWindow[m[K’ has no member named ‘[01m[Kget_node_logging_interface[m[K’
  114 |     [01;31m[Knode->get_node_logging_interface[m[K(),
      |     [01;31m[K~~~~~~^~~~~~~~~~~~~~~~~~~~~~~~~~[m[K
[01m[K/opt/ros/humble/include/rclcpp_action/rclcpp_action/create_client.hpp:115:11:[m[K [01;31m[Kerror: [m[K‘[01m[Kclass MyWindow[m[K’ has no member named ‘[01m[Kget_node_waitables_interface[m[K’
  115 |     [01;31m[Knode->get_node_waitables_interface[m[K(),
      |     [01;31m[K~~~~~~^~~~~~~~~~~~~~~~~~~~~~~~~~~~[m[K
In file included from [01m[K/usr/include/c++/11/thread:43[m[K,
                 from [01m[K/home/maddy/qt_ros_workspace/src/qt_ros/include/qt_ros/my_window.hpp:6[m[K,
                 from [01m[K/home/maddy/qt_ros_workspace/src/qt_ros/src/my_window.cpp:2[m[K:
/usr/include/c++/11/bits/std_thread.h: In instantiation of ‘[01m[Kstd::thread::thread(_Callable&&, _Args&& ...) [with _Callable = std::_Bind<void (MyWindow::*(MyWindow*, std::shared_ptr<qt_ros::action::Fibonacci>))(std::shared_ptr<rclcpp_action::ServerGoalHandle<qt_ros::action::Fibonacci> >)>; _Args = {}; <template-parameter-1-3> = void][m[K’:
[01m[K/home/maddy/qt_ros_workspace/src/qt_ros/src/my_window.cpp:226:65:[m[K   required from here
[01m[K/usr/include/c++/11/bits/std_thread.h:130:72:[m[K [01;31m[Kerror: [m[Kstatic assertion failed: std::thread arguments must be invocable after conversion to rvalues
  130 |                                       typename decay<_Args>::type...>::[01;31m[Kvalue[m[K,
      |                                                                        [01;31m[K^~~~~[m[K
[01m[K/usr/include/c++/11/bits/std_thread.h:130:72:[m[K [01;36m[Knote: [m[K‘[01m[Kstd::integral_constant<bool, false>::value[m[K’ evaluates to false
/usr/include/c++/11/bits/std_thread.h: In instantiation of ‘[01m[Kstruct std::thread::_Invoker<std::tuple<std::_Bind<void (MyWindow::*(MyWindow*, std::shared_ptr<qt_ros::action::Fibonacci>))(std::shared_ptr<rclcpp_action::ServerGoalHandle<qt_ros::action::Fibonacci> >)> > >[m[K’:
[01m[K/usr/include/c++/11/bits/std_thread.h:203:13:[m[K   required from ‘[01m[Kstruct std::thread::_State_impl<std::thread::_Invoker<std::tuple<std::_Bind<void (MyWindow::*(MyWindow*, std::shared_ptr<qt_ros::action::Fibonacci>))(std::shared_ptr<rclcpp_action::ServerGoalHandle<qt_ros::action::Fibonacci> >)> > > >[m[K’
[01m[K/usr/include/c++/11/bits/std_thread.h:143:29:[m[K   required from ‘[01m[Kstd::thread::thread(_Callable&&, _Args&& ...) [with _Callable = std::_Bind<void (MyWindow::*(MyWindow*, std::shared_ptr<qt_ros::action::Fibonacci>))(std::shared_ptr<rclcpp_action::ServerGoalHandle<qt_ros::action::Fibonacci> >)>; _Args = {}; <template-parameter-1-3> = void][m[K’
[01m[K/home/maddy/qt_ros_workspace/src/qt_ros/src/my_window.cpp:226:65:[m[K   required from here
[01m[K/usr/include/c++/11/bits/std_thread.h:258:11:[m[K [01;31m[Kerror: [m[Kno type named ‘[01m[Ktype[m[K’ in ‘[01m[Kstruct std::thread::_Invoker<std::tuple<std::_Bind<void (MyWindow::*(MyWindow*, std::shared_ptr<qt_ros::action::Fibonacci>))(std::shared_ptr<rclcpp_action::ServerGoalHandle<qt_ros::action::Fibonacci> >)> > >::__result<std::tuple<std::_Bind<void (MyWindow::*(MyWindow*, std::shared_ptr<qt_ros::action::Fibonacci>))(std::shared_ptr<rclcpp_action::ServerGoalHandle<qt_ros::action::Fibonacci> >)> > >[m[K’
  258 |           [01;31m[K_M_invoke[m[K(_Index_tuple<_Ind...>)
      |           [01;31m[K^~~~~~~~~[m[K
[01m[K/usr/include/c++/11/bits/std_thread.h:262:9:[m[K [01;31m[Kerror: [m[Kno type named ‘[01m[Ktype[m[K’ in ‘[01m[Kstruct std::thread::_Invoker<std::tuple<std::_Bind<void (MyWindow::*(MyWindow*, std::shared_ptr<qt_ros::action::Fibonacci>))(std::shared_ptr<rclcpp_action::ServerGoalHandle<qt_ros::action::Fibonacci> >)> > >::__result<std::tuple<std::_Bind<void (MyWindow::*(MyWindow*, std::shared_ptr<qt_ros::action::Fibonacci>))(std::shared_ptr<rclcpp_action::ServerGoalHandle<qt_ros::action::Fibonacci> >)> > >[m[K’
  262 |         [01;31m[Koperator[m[K()()
      |         [01;31m[K^~~~~~~~[m[K
gmake[2]: *** [CMakeFiles/qt_node.dir/build.make:90: CMakeFiles/qt_node.dir/src/my_window.cpp.o] Error 1
gmake[1]: *** [CMakeFiles/Makefile2:594: CMakeFiles/qt_node.dir/all] Error 2
gmake: *** [Makefile:146: all] Error 2
