[0.019s] Invoking command in '/home/maddy/qt_ros_workspace/build/qt_ros': CMAKE_PREFIX_PATH=/opt/ros/humble /usr/bin/cmake /home/maddy/qt_ros_workspace/src/qt_ros -DCMAKE_INSTALL_PREFIX=/home/maddy/qt_ros_workspace/install/qt_ros
[0.304s] -- The C compiler identification is GNU 11.4.0
[1.202s] -- The CXX compiler identification is GNU 11.4.0
[1.811s] -- Detecting C compiler ABI info
[2.068s] -- Detecting C compiler ABI info - done
[2.078s] -- Check for working C compiler: /usr/bin/cc - skipped
[2.080s] -- Detecting C compile features
[2.081s] -- Detecting C compile features - done
[2.086s] -- Detecting CXX compiler ABI info
[2.327s] -- Detecting CXX compiler ABI info - done
[2.337s] -- Check for working CXX compiler: /usr/bin/c++ - skipped
[2.338s] -- Detecting CXX compile features
[2.338s] -- Detecting CXX compile features - done
[2.345s] -- Found ament_cmake: 1.3.12 (/opt/ros/humble/share/ament_cmake/cmake)
[2.552s] -- Found Python3: /usr/bin/python3 (found version "3.10.12") found components: Interpreter 
[2.665s] -- Found rclcpp: 16.0.17 (/opt/ros/humble/share/rclcpp/cmake)
[2.919s] -- Found rosidl_generator_c: 3.1.8 (/opt/ros/humble/share/rosidl_generator_c/cmake)
[2.928s] -- Found rosidl_adapter: 3.1.8 (/opt/ros/humble/share/rosidl_adapter/cmake)
[2.941s] -- Found rosidl_generator_cpp: 3.1.8 (/opt/ros/humble/share/rosidl_generator_cpp/cmake)
[2.960s] -- Using all available rosidl_typesupport_c: rosidl_typesupport_fastrtps_c;rosidl_typesupport_introspection_c
[2.981s] -- Using all available rosidl_typesupport_cpp: rosidl_typesupport_fastrtps_cpp;rosidl_typesupport_introspection_cpp
[3.060s] -- Found rmw_implementation_cmake: 6.1.2 (/opt/ros/humble/share/rmw_implementation_cmake/cmake)
[3.064s] -- Found rmw_fastrtps_cpp: 6.2.9 (/opt/ros/humble/share/rmw_fastrtps_cpp/cmake)
[5.170s] -- Found OpenSSL: /usr/lib/x86_64-linux-gnu/libcrypto.so (found version "3.0.2")  
[7.497s] -- Found FastRTPS: /opt/ros/humble/include  
[11.751s] -- Using RMW implementation 'rmw_fastrtps_cpp' as default
[11.763s] -- Looking for pthread.h
[12.024s] -- Looking for pthread.h - found
[12.025s] -- Performing Test CMAKE_HAVE_LIBC_PTHREAD
[12.258s] -- Performing Test CMAKE_HAVE_LIBC_PTHREAD - Success
[12.259s] -- Found Threads: TRUE  
[12.327s] -- Found rosidl_default_generators: 1.2.0 (/opt/ros/humble/share/rosidl_default_generators/cmake)
[12.498s] -- Found rclcpp_action: 16.0.17 (/opt/ros/humble/share/rclcpp_action/cmake)
[12.985s] -- Found ament_cmake_ros: 0.10.0 (/opt/ros/humble/share/ament_cmake_ros/cmake)
[13.385s] -- Using all available rosidl_typesupport_c: rosidl_typesupport_fastrtps_c;rosidl_typesupport_introspection_c
[13.552s] -- Using all available rosidl_typesupport_cpp: rosidl_typesupport_fastrtps_cpp;rosidl_typesupport_introspection_cpp
[13.758s] -- Found PythonInterp: /usr/bin/python3 (found suitable version "3.10.12", minimum required is "3.6") 
[13.760s] -- Found python_cmake_module: 0.10.0 (/opt/ros/humble/share/python_cmake_module/cmake)
[14.460s] -- Found PythonLibs: /usr/lib/x86_64-linux-gnu/libpython3.10.so (found suitable version "3.10.12", minimum required is "3.5") 
[14.460s] -- Using PYTHON_EXECUTABLE: /usr/bin/python3
[14.461s] -- Using PYTHON_INCLUDE_DIRS: /usr/include/python3.10
[14.461s] -- Using PYTHON_LIBRARIES: /usr/lib/x86_64-linux-gnu/libpython3.10.so
[14.487s] -- Found PythonExtra: .so  
[14.601s] [0mCMake Deprecation Warning at /opt/ros/humble/share/rosidl_cmake/cmake/rosidl_target_interfaces.cmake:32 (message):
[14.601s]   Use rosidl_get_typesupport_target() and target_link_libraries() instead of
[14.601s]   rosidl_target_interfaces()
[14.601s] Call Stack (most recent call first):
[14.601s]   CMakeLists.txt:44 (rosidl_target_interfaces)
[14.602s] 
[14.602s] [0m
[14.611s] -- Configuring done
[14.685s] -- Generating done
[14.707s] -- Build files have been written to: /home/maddy/qt_ros_workspace/build/qt_ros
[14.721s] Invoked command in '/home/maddy/qt_ros_workspace/build/qt_ros' returned '0': CMAKE_PREFIX_PATH=/opt/ros/humble /usr/bin/cmake /home/maddy/qt_ros_workspace/src/qt_ros -DCMAKE_INSTALL_PREFIX=/home/maddy/qt_ros_workspace/install/qt_ros
[14.725s] Invoking command in '/home/maddy/qt_ros_workspace/build/qt_ros': CMAKE_PREFIX_PATH=/opt/ros/humble /usr/bin/cmake --build /home/maddy/qt_ros_workspace/build/qt_ros -- -j8 -l8
[14.781s] [  2%] [34m[1mGenerating C code for ROS interfaces[0m
[14.796s] [  4%] [34m[1mGenerating C++ code for ROS interfaces[0m
[14.808s] [  4%] Built target ament_cmake_python_copy_qt_ros
[15.209s] running egg_info
[15.210s] creating qt_ros.egg-info
[15.211s] writing qt_ros.egg-info/PKG-INFO
[15.211s] writing dependency_links to qt_ros.egg-info/dependency_links.txt
[15.212s] writing top-level names to qt_ros.egg-info/top_level.txt
[15.212s] writing manifest file 'qt_ros.egg-info/SOURCES.txt'
[15.216s] reading manifest file 'qt_ros.egg-info/SOURCES.txt'
[15.217s] writing manifest file 'qt_ros.egg-info/SOURCES.txt'
[15.260s] [  4%] Built target ament_cmake_python_build_qt_ros_egg
[15.756s] [  9%] [32mBuilding C object CMakeFiles/qt_ros__rosidl_generator_c.dir/rosidl_generator_c/qt_ros/srv/detail/qt_string__functions.c.o[0m
[15.756s] [  9%] [32mBuilding C object CMakeFiles/qt_ros__rosidl_generator_c.dir/rosidl_generator_c/qt_ros/action/detail/fibonacci__functions.c.o[0m
[15.834s] [  9%] Built target qt_ros__cpp
[15.855s] [ 11%] [34m[1mGenerating C++ type support dispatch for ROS interfaces[0m
[15.855s] [ 14%] [34m[1mGenerating C++ type support for eProsima Fast-RTPS[0m
[15.855s] [ 16%] [34m[1mGenerating C++ introspection for ROS interfaces[0m
[16.091s] [ 19%] [32m[1mLinking C shared library libqt_ros__rosidl_generator_c.so[0m
[16.333s] [ 19%] Built target qt_ros__rosidl_generator_c
[16.352s] [ 21%] [34m[1mGenerating C introspection for ROS interfaces[0m
[16.353s] [ 23%] [34m[1mGenerating C type support for eProsima Fast-RTPS[0m
[16.355s] [ 26%] [34m[1mGenerating C type support dispatch for ROS interfaces[0m
[16.736s] [ 28%] [32mBuilding CXX object CMakeFiles/qt_ros__rosidl_typesupport_cpp.dir/rosidl_typesupport_cpp/qt_ros/action/fibonacci__type_support.cpp.o[0m
[16.751s] [ 30%] [32mBuilding CXX object CMakeFiles/qt_ros__rosidl_typesupport_cpp.dir/rosidl_typesupport_cpp/qt_ros/srv/qt_string__type_support.cpp.o[0m
[16.834s] [ 33%] [32mBuilding CXX object CMakeFiles/qt_ros__rosidl_typesupport_introspection_cpp.dir/rosidl_typesupport_introspection_cpp/qt_ros/action/detail/fibonacci__type_support.cpp.o[0m
[16.842s] [ 35%] [32mBuilding CXX object CMakeFiles/qt_ros__rosidl_typesupport_introspection_cpp.dir/rosidl_typesupport_introspection_cpp/qt_ros/srv/detail/qt_string__type_support.cpp.o[0m
[17.066s] [ 38%] [32mBuilding CXX object CMakeFiles/qt_ros__rosidl_typesupport_fastrtps_cpp.dir/rosidl_typesupport_fastrtps_cpp/qt_ros/srv/detail/dds_fastrtps/qt_string__type_support.cpp.o[0m
[17.558s] [ 40%] [32mBuilding CXX object CMakeFiles/qt_ros__rosidl_typesupport_c.dir/rosidl_typesupport_c/qt_ros/srv/qt_string__type_support.cpp.o[0m
[17.585s] [ 42%] [32mBuilding C object CMakeFiles/qt_ros__rosidl_typesupport_introspection_c.dir/rosidl_typesupport_introspection_c/qt_ros/srv/detail/qt_string__type_support.c.o[0m
[17.697s] [ 45%] [32mBuilding CXX object CMakeFiles/qt_ros__rosidl_typesupport_c.dir/rosidl_typesupport_c/qt_ros/action/fibonacci__type_support.cpp.o[0m
[17.784s] [ 47%] [32mBuilding C object CMakeFiles/qt_ros__rosidl_typesupport_introspection_c.dir/rosidl_typesupport_introspection_c/qt_ros/action/detail/fibonacci__type_support.c.o[0m
[17.810s] [ 50%] [32mBuilding CXX object CMakeFiles/qt_ros__rosidl_typesupport_fastrtps_cpp.dir/rosidl_typesupport_fastrtps_cpp/qt_ros/action/detail/dds_fastrtps/fibonacci__type_support.cpp.o[0m
[17.846s] [ 52%] [32m[1mLinking CXX shared library libqt_ros__rosidl_typesupport_c.so[0m
[17.856s] [ 54%] [32mBuilding CXX object CMakeFiles/qt_ros__rosidl_typesupport_fastrtps_c.dir/rosidl_typesupport_fastrtps_c/qt_ros/srv/detail/qt_string__type_support_c.cpp.o[0m
[17.983s] [ 57%] [32m[1mLinking C shared library libqt_ros__rosidl_typesupport_introspection_c.so[0m
[18.109s] [ 59%] [32mBuilding CXX object CMakeFiles/qt_ros__rosidl_typesupport_fastrtps_c.dir/rosidl_typesupport_fastrtps_c/qt_ros/action/detail/fibonacci__type_support_c.cpp.o[0m
[18.244s] [ 59%] Built target qt_ros__rosidl_typesupport_c
[18.245s] [ 61%] [32m[1mLinking CXX shared library libqt_ros__rosidl_typesupport_cpp.so[0m
[18.265s] [ 61%] Built target qt_ros__rosidl_typesupport_introspection_c
[18.576s] [ 61%] Built target qt_ros__rosidl_typesupport_cpp
[18.834s] [ 64%] [32m[1mLinking CXX shared library libqt_ros__rosidl_typesupport_introspection_cpp.so[0m
[19.105s] [ 66%] [32m[1mLinking CXX shared library libqt_ros__rosidl_typesupport_fastrtps_c.so[0m
[19.196s] [ 66%] Built target qt_ros__rosidl_typesupport_introspection_cpp
[19.329s] [ 69%] [32m[1mLinking CXX shared library libqt_ros__rosidl_typesupport_fastrtps_cpp.so[0m
[19.388s] [ 69%] Built target qt_ros__rosidl_typesupport_fastrtps_c
[19.605s] [ 69%] Built target qt_ros__rosidl_typesupport_fastrtps_cpp
[19.631s] [ 69%] Built target qt_ros
[19.658s] [ 73%] [34m[1mGenerating Python code for ROS interfaces[0m
[19.658s] [ 73%] [32mBuilding CXX object CMakeFiles/qt_node.dir/src/main.cpp.o[0m
[19.663s] [ 76%] [32mBuilding CXX object CMakeFiles/qt_node.dir/src/my_window.cpp.o[0m
[21.651s] [ 76%] Built target qt_ros__py
[21.688s] [ 78%] [32mBuilding C object CMakeFiles/qt_ros__rosidl_generator_py.dir/rosidl_generator_py/qt_ros/action/_fibonacci_s.c.o[0m
[21.693s] [ 80%] [32mBuilding C object CMakeFiles/qt_ros__rosidl_generator_py.dir/rosidl_generator_py/qt_ros/srv/_qt_string_s.c.o[0m
[23.247s] [ 83%] [32m[1mLinking C shared library rosidl_generator_py/qt_ros/libqt_ros__rosidl_generator_py.so[0m
[23.484s] [ 83%] Built target qt_ros__rosidl_generator_py
[23.529s] [ 85%] [32mBuilding C object CMakeFiles/qt_ros__rosidl_typesupport_fastrtps_c__pyext.dir/rosidl_generator_py/qt_ros/_qt_ros_s.ep.rosidl_typesupport_fastrtps_c.c.o[0m
[23.533s] [ 88%] [32mBuilding C object CMakeFiles/qt_ros__rosidl_typesupport_introspection_c__pyext.dir/rosidl_generator_py/qt_ros/_qt_ros_s.ep.rosidl_typesupport_introspection_c.c.o[0m
[23.535s] [ 90%] [32mBuilding C object CMakeFiles/qt_ros__rosidl_typesupport_c__pyext.dir/rosidl_generator_py/qt_ros/_qt_ros_s.ep.rosidl_typesupport_c.c.o[0m
[23.854s] [ 92%] [32m[1mLinking C shared library rosidl_generator_py/qt_ros/qt_ros_s__rosidl_typesupport_fastrtps_c.cpython-310-x86_64-linux-gnu.so[0m
[23.859s] [ 95%] [32m[1mLinking C shared library rosidl_generator_py/qt_ros/qt_ros_s__rosidl_typesupport_c.cpython-310-x86_64-linux-gnu.so[0m
[23.863s] [ 97%] [32m[1mLinking C shared library rosidl_generator_py/qt_ros/qt_ros_s__rosidl_typesupport_introspection_c.cpython-310-x86_64-linux-gnu.so[0m
[24.083s] [ 97%] Built target qt_ros__rosidl_typesupport_c__pyext
[24.088s] [ 97%] Built target qt_ros__rosidl_typesupport_fastrtps_c__pyext
[24.142s] [ 97%] Built target qt_ros__rosidl_typesupport_introspection_c__pyext
[28.149s] [01m[K/home/maddy/qt_ros_workspace/src/qt_ros/src/my_window.cpp:[m[K In constructor ‘[01m[KMyWindow::MyWindow(rclcpp::Node::SharedPtr, QWidget*)[m[K’:
[28.150s] [01m[K/home/maddy/qt_ros_workspace/src/qt_ros/src/my_window.cpp:25:75:[m[K [01;31m[Kerror: [m[Kno matching function for call to ‘[01m[Kcreate_server<qt_ros::action::Fibonacci>(MyWindow*, const char [13], std::_Bind_helper<false, rclcpp_action::GoalResponse (MyWindow::*)(const std::array<unsigned char, 16>&, std::shared_ptr<const qt_ros::action::Fibonacci>&), MyWindow*, const std::_Placeholder<1>&, const std::_Placeholder<2>&>::type, std::_Bind_helper<false, rclcpp_action::CancelResponse (MyWindow::*)(const std::shared_ptr<rclcpp_action::ServerGoalHandle<qt_ros::action::Fibonacci> >&), MyWindow*, const std::_Placeholder<1>&>::type, std::_Bind_helper<false, void (MyWindow::*)(const std::shared_ptr<qt_ros::action::Fibonacci>&), MyWindow*, const std::_Placeholder<1>&>::type)[m[K’
[28.150s]    25 |     action_server =[01;31m[Krclcpp_action::create_server<qt_ros::action::Fibonacci>([m[K
[28.150s]       |                    [01;31m[K~~~~~~~~~~~~~~~~~~~~~~~~~~~~~~~~~~~~~~~~~~~~~~~~~~~~~~~^[m[K
[28.150s]    26 | [01;31m[K      this,[m[K
[28.150s]       |       [01;31m[K~~~~~[m[K                                                                
[28.150s]    27 | [01;31m[K      "qt_fibonacci",[m[K
[28.151s]       |       [01;31m[K~~~~~~~~~~~~~~~[m[K                                                      
[28.151s]    28 | [01;31m[K      std::bind(&MyWindow::handle_goal, this, _1, _2),[m[K
[28.151s]       |       [01;31m[K~~~~~~~~~~~~~~~~~~~~~~~~~~~~~~~~~~~~~~~~~~~~~~~~[m[K                     
[28.151s]    29 | [01;31m[K      std::bind(&MyWindow::handle_cancel, this, _1),[m[K
[28.151s]       |       [01;31m[K~~~~~~~~~~~~~~~~~~~~~~~~~~~~~~~~~~~~~~~~~~~~~~[m[K                       
[28.152s]    30 | [01;31m[K      std::bind(&MyWindow::handle_accepted, this, _1))[m[K;
[28.152s]       |       [01;31m[K~~~~~~~~~~~~~~~~~~~~~~~~~~~~~~~~~~~~~~~~~~~~~~~~[m[K                     
[28.152s] In file included from [01m[K/opt/ros/humble/include/rclcpp_action/rclcpp_action/rclcpp_action.hpp:39[m[K,
[28.152s]                  from [01m[K/home/maddy/qt_ros_workspace/src/qt_ros/include/qt_ros/my_window.hpp:13[m[K,
[28.152s]                  from [01m[K/home/maddy/qt_ros_workspace/src/qt_ros/src/my_window.cpp:2[m[K:
[28.153s] [01m[K/opt/ros/humble/include/rclcpp_action/rclcpp_action/create_server.hpp:58:1:[m[K [01;36m[Knote: [m[Kcandidate: ‘[01m[Ktypename rclcpp_action::Server<ActionT>::SharedPtr rclcpp_action::create_server(rclcpp::node_interfaces::NodeBaseInterface::SharedPtr, rclcpp::node_interfaces::NodeClockInterface::SharedPtr, rclcpp::node_interfaces::NodeLoggingInterface::SharedPtr, rclcpp::node_interfaces::NodeWaitablesInterface::SharedPtr, const string&, typename rclcpp_action::Server<ActionT>::GoalCallback, typename rclcpp_action::Server<ActionT>::CancelCallback, typename rclcpp_action::Server<ActionT>::AcceptedCallback, const rcl_action_server_options_t&, rclcpp::CallbackGroup::SharedPtr) [with ActionT = qt_ros::action::Fibonacci; typename rclcpp_action::Server<ActionT>::SharedPtr = std::shared_ptr<rclcpp_action::Server<qt_ros::action::Fibonacci> >; rclcpp::node_interfaces::NodeBaseInterface::SharedPtr = std::shared_ptr<rclcpp::node_interfaces::NodeBaseInterface>; rclcpp::node_interfaces::NodeClockInterface::SharedPtr = std::shared_ptr<rclcpp::node_interfaces::NodeClockInterface>; rclcpp::node_interfaces::NodeLoggingInterface::SharedPtr = std::shared_ptr<rclcpp::node_interfaces::NodeLoggingInterface>; rclcpp::node_interfaces::NodeWaitablesInterface::SharedPtr = std::shared_ptr<rclcpp::node_interfaces::NodeWaitablesInterface>; std::string = std::__cxx11::basic_string<char>; typename rclcpp_action::Server<ActionT>::GoalCallback = std::function<rclcpp_action::GoalResponse(const std::array<unsigned char, 16>&, std::shared_ptr<const qt_ros::action::Fibonacci_Goal_<std::allocator<void> > >)>; typename rclcpp_action::Server<ActionT>::CancelCallback = std::function<rclcpp_action::CancelResponse(std::shared_ptr<rclcpp_action::ServerGoalHandle<qt_ros::action::Fibonacci> >)>; typename rclcpp_action::Server<ActionT>::AcceptedCallback = std::function<void(std::shared_ptr<rclcpp_action::ServerGoalHandle<qt_ros::action::Fibonacci> >)>; rcl_action_server_options_t = rcl_action_server_options_s; rclcpp::CallbackGroup::SharedPtr = std::shared_ptr<rclcpp::CallbackGroup>][m[K’
[28.153s]    58 | [01;36m[Kcreate_server[m[K(
[28.153s]       | [01;36m[K^~~~~~~~~~~~~[m[K
[28.153s] [01m[K/opt/ros/humble/include/rclcpp_action/rclcpp_action/create_server.hpp:58:1:[m[K [01;36m[Knote: [m[K  candidate expects 10 arguments, 5 provided
[28.153s] [01m[K/opt/ros/humble/include/rclcpp_action/rclcpp_action/create_server.hpp:132:1:[m[K [01;36m[Knote: [m[Kcandidate: ‘[01m[Ktemplate<class ActionT, class NodeT> typename rclcpp_action::Server<ActionT>::SharedPtr rclcpp_action::create_server(NodeT, const string&, typename rclcpp_action::Server<ActionT>::GoalCallback, typename rclcpp_action::Server<ActionT>::CancelCallback, typename rclcpp_action::Server<ActionT>::AcceptedCallback, const rcl_action_server_options_t&, rclcpp::CallbackGroup::SharedPtr)[m[K’
[28.154s]   132 | [01;36m[Kcreate_server[m[K(
[28.154s]       | [01;36m[K^~~~~~~~~~~~~[m[K
[28.154s] [01m[K/opt/ros/humble/include/rclcpp_action/rclcpp_action/create_server.hpp:132:1:[m[K [01;36m[Knote: [m[K  template argument deduction/substitution failed:
[28.154s] [01m[K/home/maddy/qt_ros_workspace/src/qt_ros/src/my_window.cpp:28:16:[m[K [01;36m[Knote: [m[K  cannot convert ‘[01m[Kstd::bind(_Func&&, _BoundArgs&& ...) [with _Func = rclcpp_action::GoalResponse (MyWindow::*)(const std::array<unsigned char, 16>&, std::shared_ptr<const qt_ros::action::Fibonacci>&); _BoundArgs = {MyWindow*, const std::_Placeholder<1>&, const std::_Placeholder<2>&}; typename std::_Bind_helper<std::__is_socketlike<_Func>::value, _Func, _BoundArgs ...>::type = std::_Bind_helper<false, rclcpp_action::GoalResponse (MyWindow::*)(const std::array<unsigned char, 16>&, std::shared_ptr<const qt_ros::action::Fibonacci>&), MyWindow*, const std::_Placeholder<1>&, const std::_Placeholder<2>&>::type; std::__is_socketlike<_Func> = std::__is_socketlike<rclcpp_action::GoalResponse (MyWindow::*)(const std::array<unsigned char, 16>&, std::shared_ptr<const qt_ros::action::Fibonacci>&), rclcpp_action::GoalResponse (MyWindow::*)(const std::array<unsigned char, 16>&, std::shared_ptr<const qt_ros::action::Fibonacci>&)>; typename std::decay<_Tp>::type = rclcpp_action::GoalResponse (MyWindow::*)(const std::array<unsigned char, 16>&, std::shared_ptr<const qt_ros::action::Fibonacci>&)](((MyWindow*)this), std::placeholders::_1, std::placeholders::_2)[m[K’ (type ‘[01m[Kstd::_Bind_helper<false, rclcpp_action::GoalResponse (MyWindow::*)(const std::array<unsigned char, 16>&, std::shared_ptr<const qt_ros::action::Fibonacci>&), MyWindow*, const std::_Placeholder<1>&, const std::_Placeholder<2>&>::type[m[K’) to type ‘[01m[Krclcpp_action::Server<qt_ros::action::Fibonacci>::GoalCallback[m[K’ {aka ‘[01m[Kstd::function<rclcpp_action::GoalResponse(const std::array<unsigned char, 16>&, std::shared_ptr<const qt_ros::action::Fibonacci_Goal_<std::allocator<void> > >)>[m[K’}
[28.155s]    28 |       [01;36m[Kstd::bind(&MyWindow::handle_goal, this, _1, _2)[m[K,
[28.155s]       |       [01;36m[K~~~~~~~~~^~~~~~~~~~~~~~~~~~~~~~~~~~~~~~~~~~~~~~[m[K
[28.275s] In file included from [01m[K/opt/ros/humble/include/rclcpp/rclcpp/client.hpp:40[m[K,
[28.275s]                  from [01m[K/opt/ros/humble/include/rclcpp/rclcpp/callback_group.hpp:24[m[K,
[28.275s]                  from [01m[K/opt/ros/humble/include/rclcpp/rclcpp/any_executable.hpp:20[m[K,
[28.275s]                  from [01m[K/opt/ros/humble/include/rclcpp/rclcpp/memory_strategy.hpp:25[m[K,
[28.276s]                  from [01m[K/opt/ros/humble/include/rclcpp/rclcpp/memory_strategies.hpp:18[m[K,
[28.276s]                  from [01m[K/opt/ros/humble/include/rclcpp/rclcpp/executor_options.hpp:20[m[K,
[28.276s]                  from [01m[K/opt/ros/humble/include/rclcpp/rclcpp/executor.hpp:37[m[K,
[28.276s]                  from [01m[K/opt/ros/humble/include/rclcpp/rclcpp/executors/multi_threaded_executor.hpp:25[m[K,
[28.276s]                  from [01m[K/opt/ros/humble/include/rclcpp/rclcpp/executors.hpp:21[m[K,
[28.277s]                  from [01m[K/opt/ros/humble/include/rclcpp/rclcpp/rclcpp.hpp:155[m[K,
[28.277s]                  from [01m[K/home/maddy/qt_ros_workspace/src/qt_ros/include/qt_ros/my_window.hpp:11[m[K,
[28.277s]                  from [01m[K/home/maddy/qt_ros_workspace/src/qt_ros/src/my_window.cpp:2[m[K:
[28.277s] [01m[K/home/maddy/qt_ros_workspace/src/qt_ros/src/my_window.cpp:[m[K In function ‘[01m[Krclcpp_action::GoalResponse handle_goal(const GoalUUID&, std::shared_ptr<const qt_ros::action::Fibonacci_Goal_<std::allocator<void> > >&)[m[K’:
[28.277s] [01m[K/home/maddy/qt_ros_workspace/src/qt_ros/src/my_window.cpp:211:17:[m[K [01;31m[Kerror: [m[K‘[01m[Knode_[m[K’ was not declared in this scope; did you mean ‘[01m[Kmode_t[m[K’?
[28.278s]   211 |     RCLCPP_INFO([01;31m[Knode_[m[K-> get_logger(),"received goal request with order %d",goal-> order);
[28.278s]       |                 [01;31m[K^~~~~[m[K
[28.278s] [01m[K/home/maddy/qt_ros_workspace/src/qt_ros/src/my_window.cpp:211:5:[m[K [01;31m[Kerror: [m[Ktemplate argument 1 is invalid
[28.278s]   211 |     [01;31m[KRCLCPP_INFO[m[K(node_-> get_logger(),"received goal request with order %d",goal-> order);
[28.278s]       |     [01;31m[K^~~~~~~~~~~[m[K
[28.282s] [01m[K/home/maddy/qt_ros_workspace/src/qt_ros/src/my_window.cpp:[m[K In function ‘[01m[Krclcpp_action::CancelResponse handle_cancel(const std::shared_ptr<rclcpp_action::ServerGoalHandle<qt_ros::action::Fibonacci> >&)[m[K’:
[28.282s] [01m[K/home/maddy/qt_ros_workspace/src/qt_ros/src/my_window.cpp:218:17:[m[K [01;31m[Kerror: [m[K‘[01m[Knode_[m[K’ was not declared in this scope; did you mean ‘[01m[Kmode_t[m[K’?
[28.282s]   218 |     RCLCPP_INFO([01;31m[Knode_[m[K-> get_logger(), "Received request to cancel goal");
[28.283s]       |                 [01;31m[K^~~~~[m[K
[28.283s] [01m[K/home/maddy/qt_ros_workspace/src/qt_ros/src/my_window.cpp:218:5:[m[K [01;31m[Kerror: [m[Ktemplate argument 1 is invalid
[28.283s]   218 |     [01;31m[KRCLCPP_INFO[m[K(node_-> get_logger(), "Received request to cancel goal");
[28.283s]       |     [01;31m[K^~~~~~~~~~~[m[K
[28.611s] In file included from [01m[K/opt/ros/humble/include/rclcpp_action/rclcpp_action/rclcpp_action.hpp:38[m[K,
[28.611s]                  from [01m[K/home/maddy/qt_ros_workspace/src/qt_ros/include/qt_ros/my_window.hpp:13[m[K,
[28.612s]                  from [01m[K/home/maddy/qt_ros_workspace/src/qt_ros/src/my_window.cpp:2[m[K:
[28.612s] /opt/ros/humble/include/rclcpp_action/rclcpp_action/create_client.hpp: In instantiation of ‘[01m[Ktypename rclcpp_action::Client<ActionT>::SharedPtr rclcpp_action::create_client(NodeT, const string&, rclcpp::CallbackGroup::SharedPtr, const rcl_action_client_options_t&) [with ActionT = qt_ros::action::Fibonacci; NodeT = MyWindow*; typename rclcpp_action::Client<ActionT>::SharedPtr = std::shared_ptr<rclcpp_action::Client<qt_ros::action::Fibonacci> >; std::string = std::__cxx11::basic_string<char>; rclcpp::CallbackGroup::SharedPtr = std::shared_ptr<rclcpp::CallbackGroup>; rcl_action_client_options_t = rcl_action_client_options_s][m[K’:
[28.612s] [01m[K/home/maddy/qt_ros_workspace/src/qt_ros/src/my_window.cpp:24:73:[m[K   required from here
[28.612s] [01m[K/opt/ros/humble/include/rclcpp_action/rclcpp_action/create_client.hpp:112:11:[m[K [01;31m[Kerror: [m[K‘[01m[Kclass MyWindow[m[K’ has no member named ‘[01m[Kget_node_base_interface[m[K’
[28.612s]   112 |     [01;31m[Knode->get_node_base_interface[m[K(),
[28.613s]       |     [01;31m[K~~~~~~^~~~~~~~~~~~~~~~~~~~~~~[m[K
[28.613s] [01m[K/opt/ros/humble/include/rclcpp_action/rclcpp_action/create_client.hpp:113:11:[m[K [01;31m[Kerror: [m[K‘[01m[Kclass MyWindow[m[K’ has no member named ‘[01m[Kget_node_graph_interface[m[K’
[28.613s]   113 |     [01;31m[Knode->get_node_graph_interface[m[K(),
[28.613s]       |     [01;31m[K~~~~~~^~~~~~~~~~~~~~~~~~~~~~~~[m[K
[28.614s] [01m[K/opt/ros/humble/include/rclcpp_action/rclcpp_action/create_client.hpp:114:11:[m[K [01;31m[Kerror: [m[K‘[01m[Kclass MyWindow[m[K’ has no member named ‘[01m[Kget_node_logging_interface[m[K’
[28.614s]   114 |     [01;31m[Knode->get_node_logging_interface[m[K(),
[28.614s]       |     [01;31m[K~~~~~~^~~~~~~~~~~~~~~~~~~~~~~~~~[m[K
[28.614s] [01m[K/opt/ros/humble/include/rclcpp_action/rclcpp_action/create_client.hpp:115:11:[m[K [01;31m[Kerror: [m[K‘[01m[Kclass MyWindow[m[K’ has no member named ‘[01m[Kget_node_waitables_interface[m[K’
[28.614s]   115 |     [01;31m[Knode->get_node_waitables_interface[m[K(),
[28.614s]       |     [01;31m[K~~~~~~^~~~~~~~~~~~~~~~~~~~~~~~~~~~[m[K
[28.703s] In file included from [01m[K/usr/include/c++/11/thread:43[m[K,
[28.703s]                  from [01m[K/home/maddy/qt_ros_workspace/src/qt_ros/include/qt_ros/my_window.hpp:6[m[K,
[28.703s]                  from [01m[K/home/maddy/qt_ros_workspace/src/qt_ros/src/my_window.cpp:2[m[K:
[28.703s] /usr/include/c++/11/bits/std_thread.h: In instantiation of ‘[01m[Kstd::thread::thread(_Callable&&, _Args&& ...) [with _Callable = std::_Bind<void (MyWindow::*(MyWindow*, std::shared_ptr<qt_ros::action::Fibonacci>))(std::shared_ptr<rclcpp_action::ServerGoalHandle<qt_ros::action::Fibonacci> >)>; _Args = {}; <template-parameter-1-3> = void][m[K’:
[28.703s] [01m[K/home/maddy/qt_ros_workspace/src/qt_ros/src/my_window.cpp:226:65:[m[K   required from here
[28.704s] [01m[K/usr/include/c++/11/bits/std_thread.h:130:72:[m[K [01;31m[Kerror: [m[Kstatic assertion failed: std::thread arguments must be invocable after conversion to rvalues
[28.704s]   130 |                                       typename decay<_Args>::type...>::[01;31m[Kvalue[m[K,
[28.704s]       |                                                                        [01;31m[K^~~~~[m[K
[28.704s] [01m[K/usr/include/c++/11/bits/std_thread.h:130:72:[m[K [01;36m[Knote: [m[K‘[01m[Kstd::integral_constant<bool, false>::value[m[K’ evaluates to false
[28.707s] /usr/include/c++/11/bits/std_thread.h: In instantiation of ‘[01m[Kstruct std::thread::_Invoker<std::tuple<std::_Bind<void (MyWindow::*(MyWindow*, std::shared_ptr<qt_ros::action::Fibonacci>))(std::shared_ptr<rclcpp_action::ServerGoalHandle<qt_ros::action::Fibonacci> >)> > >[m[K’:
[28.707s] [01m[K/usr/include/c++/11/bits/std_thread.h:203:13:[m[K   required from ‘[01m[Kstruct std::thread::_State_impl<std::thread::_Invoker<std::tuple<std::_Bind<void (MyWindow::*(MyWindow*, std::shared_ptr<qt_ros::action::Fibonacci>))(std::shared_ptr<rclcpp_action::ServerGoalHandle<qt_ros::action::Fibonacci> >)> > > >[m[K’
[28.707s] [01m[K/usr/include/c++/11/bits/std_thread.h:143:29:[m[K   required from ‘[01m[Kstd::thread::thread(_Callable&&, _Args&& ...) [with _Callable = std::_Bind<void (MyWindow::*(MyWindow*, std::shared_ptr<qt_ros::action::Fibonacci>))(std::shared_ptr<rclcpp_action::ServerGoalHandle<qt_ros::action::Fibonacci> >)>; _Args = {}; <template-parameter-1-3> = void][m[K’
[28.707s] [01m[K/home/maddy/qt_ros_workspace/src/qt_ros/src/my_window.cpp:226:65:[m[K   required from here
[28.707s] [01m[K/usr/include/c++/11/bits/std_thread.h:258:11:[m[K [01;31m[Kerror: [m[Kno type named ‘[01m[Ktype[m[K’ in ‘[01m[Kstruct std::thread::_Invoker<std::tuple<std::_Bind<void (MyWindow::*(MyWindow*, std::shared_ptr<qt_ros::action::Fibonacci>))(std::shared_ptr<rclcpp_action::ServerGoalHandle<qt_ros::action::Fibonacci> >)> > >::__result<std::tuple<std::_Bind<void (MyWindow::*(MyWindow*, std::shared_ptr<qt_ros::action::Fibonacci>))(std::shared_ptr<rclcpp_action::ServerGoalHandle<qt_ros::action::Fibonacci> >)> > >[m[K’
[28.707s]   258 |           [01;31m[K_M_invoke[m[K(_Index_tuple<_Ind...>)
[28.707s]       |           [01;31m[K^~~~~~~~~[m[K
[28.707s] [01m[K/usr/include/c++/11/bits/std_thread.h:262:9:[m[K [01;31m[Kerror: [m[Kno type named ‘[01m[Ktype[m[K’ in ‘[01m[Kstruct std::thread::_Invoker<std::tuple<std::_Bind<void (MyWindow::*(MyWindow*, std::shared_ptr<qt_ros::action::Fibonacci>))(std::shared_ptr<rclcpp_action::ServerGoalHandle<qt_ros::action::Fibonacci> >)> > >::__result<std::tuple<std::_Bind<void (MyWindow::*(MyWindow*, std::shared_ptr<qt_ros::action::Fibonacci>))(std::shared_ptr<rclcpp_action::ServerGoalHandle<qt_ros::action::Fibonacci> >)> > >[m[K’
[28.707s]   262 |         [01;31m[Koperator[m[K()()
[28.708s]       |         [01;31m[K^~~~~~~~[m[K
[31.476s] gmake[2]: *** [CMakeFiles/qt_node.dir/build.make:90: CMakeFiles/qt_node.dir/src/my_window.cpp.o] Error 1
[31.477s] gmake[1]: *** [CMakeFiles/Makefile2:594: CMakeFiles/qt_node.dir/all] Error 2
[31.477s] gmake: *** [Makefile:146: all] Error 2
[31.481s] Invoked command in '/home/maddy/qt_ros_workspace/build/qt_ros' returned '2': CMAKE_PREFIX_PATH=/opt/ros/humble /usr/bin/cmake --build /home/maddy/qt_ros_workspace/build/qt_ros -- -j8 -l8
