[0.020s] Invoking command in '/home/maddy/qt_ros_workspace/build/qt_ros': CMAKE_PREFIX_PATH=/opt/ros/humble /usr/bin/cmake --build /home/maddy/qt_ros_workspace/build/qt_ros -- -j8 -l8
[0.104s] [  2%] Built target qt_ros__cpp
[0.105s] [ 11%] Built target qt_ros__rosidl_generator_c
[0.143s] [ 11%] Built target ament_cmake_python_copy_qt_ros
[0.152s] [ 21%] Built target qt_ros__rosidl_typesupport_introspection_cpp
[0.155s] [ 30%] Built target qt_ros__rosidl_typesupport_introspection_c
[0.155s] [ 50%] Built target qt_ros__rosidl_typesupport_fastrtps_cpp
[0.155s] [ 50%] Built target qt_ros__rosidl_typesupport_cpp
[0.158s] [ 59%] Built target qt_ros__rosidl_typesupport_c
[0.159s] [ 69%] Built target qt_ros__rosidl_typesupport_fastrtps_c
[0.186s] [ 69%] Built target qt_ros
[0.212s] [35m[1mConsolidate compiler generated dependencies of target qt_node[0m
[0.225s] [ 71%] Built target qt_ros__py
[0.252s] [ 73%] [32mBuilding CXX object CMakeFiles/qt_node.dir/src/main.cpp.o[0m
[0.253s] [ 76%] [32mBuilding CXX object CMakeFiles/qt_node.dir/src/my_window.cpp.o[0m
[0.267s] [ 83%] Built target qt_ros__rosidl_generator_py
[0.318s] [ 88%] Built target qt_ros__rosidl_typesupport_introspection_c__pyext
[0.320s] [ 92%] Built target qt_ros__rosidl_typesupport_fastrtps_c__pyext
[0.321s] [ 97%] Built target qt_ros__rosidl_typesupport_c__pyext
[0.613s] running egg_info
[0.614s] writing qt_ros.egg-info/PKG-INFO
[0.615s] writing dependency_links to qt_ros.egg-info/dependency_links.txt
[0.615s] writing top-level names to qt_ros.egg-info/top_level.txt
[0.618s] reading manifest file 'qt_ros.egg-info/SOURCES.txt'
[0.619s] writing manifest file 'qt_ros.egg-info/SOURCES.txt'
[0.660s] [ 97%] Built target ament_cmake_python_build_qt_ros_egg
[6.881s] [01m[K/home/maddy/qt_ros_workspace/src/qt_ros/src/my_window.cpp:[m[K In constructor ‘[01m[KMyWindow::MyWindow(rclcpp::Node::SharedPtr, QWidget*)[m[K’:
[6.881s] [01m[K/home/maddy/qt_ros_workspace/src/qt_ros/src/my_window.cpp:25:77:[m[K [01;31m[Kerror: [m[Kno matching function for call to ‘[01m[Kcreate_server<qt_ros::action::Fibonacci>(std::__shared_ptr<rclcpp::Node, __gnu_cxx::_S_atomic>::element_type*, const char [10], std::_Bind_helper<false, rclcpp_action::GoalResponse (MyWindow::*)(const std::array<unsigned char, 16>&, std::shared_ptr<const qt_ros::action::Fibonacci>&), MyWindow*, const std::_Placeholder<1>&, const std::_Placeholder<2>&>::type, std::_Bind_helper<false, rclcpp_action::CancelResponse (MyWindow::*)(const std::shared_ptr<rclcpp_action::ServerGoalHandle<qt_ros::action::Fibonacci> >&), MyWindow*, const std::_Placeholder<1>&>::type, std::_Bind_helper<false, void (MyWindow::*)(const std::shared_ptr<rclcpp_action::ServerGoalHandle<qt_ros::action::Fibonacci> >&), MyWindow*, const std::_Placeholder<1>&>::type)[m[K’
[6.881s]    25 |     action_server_ = [01;31m[Krclcpp_action::create_server<qt_ros::action::Fibonacci>([m[K
[6.882s]       |                      [01;31m[K~~~~~~~~~~~~~~~~~~~~~~~~~~~~~~~~~~~~~~~~~~~~~~~~~~~~~~~^[m[K
[6.882s]    26 | [01;31m[K        node_.get(),[m[K
[6.882s]       |         [01;31m[K~~~~~~~~~~~~[m[K                                                         
[6.882s]    27 | [01;31m[K        "fibonacci",[m[K
[6.882s]       |         [01;31m[K~~~~~~~~~~~~[m[K                                                         
[6.882s]    28 | [01;31m[K        std::bind(&MyWindow::handle_goal, this, std::placeholders::_1, std::placeholders::_2),[m[K
[6.883s]       |         [01;31m[K~~~~~~~~~~~~~~~~~~~~~~~~~~~~~~~~~~~~~~~~~~~~~~~~~~~~~~~~~~~~~~~~~~~~~~~~~~~~~~~~~~~~~~[m[K
[6.883s]    29 | [01;31m[K        std::bind(&MyWindow::handle_cancel, this, std::placeholders::_1),[m[K
[6.883s]       |         [01;31m[K~~~~~~~~~~~~~~~~~~~~~~~~~~~~~~~~~~~~~~~~~~~~~~~~~~~~~~~~~~~~~~~~~[m[K    
[6.883s]    30 | [01;31m[K        std::bind(&MyWindow::handle_accepted, this, std::placeholders::_1)[m[K
[6.883s]       |         [01;31m[K~~~~~~~~~~~~~~~~~~~~~~~~~~~~~~~~~~~~~~~~~~~~~~~~~~~~~~~~~~~~~~~~~~[m[K   
[6.883s]    31 | [01;31m[K    )[m[K;
[6.883s]       |     [01;31m[K~[m[K                                                                        
[6.883s] In file included from [01m[K/opt/ros/humble/include/rclcpp_action/rclcpp_action/rclcpp_action.hpp:39[m[K,
[6.884s]                  from [01m[K/home/maddy/qt_ros_workspace/src/qt_ros/include/qt_ros/my_window.hpp:13[m[K,
[6.884s]                  from [01m[K/home/maddy/qt_ros_workspace/src/qt_ros/src/my_window.cpp:2[m[K:
[6.884s] [01m[K/opt/ros/humble/include/rclcpp_action/rclcpp_action/create_server.hpp:58:1:[m[K [01;36m[Knote: [m[Kcandidate: ‘[01m[Ktypename rclcpp_action::Server<ActionT>::SharedPtr rclcpp_action::create_server(rclcpp::node_interfaces::NodeBaseInterface::SharedPtr, rclcpp::node_interfaces::NodeClockInterface::SharedPtr, rclcpp::node_interfaces::NodeLoggingInterface::SharedPtr, rclcpp::node_interfaces::NodeWaitablesInterface::SharedPtr, const string&, typename rclcpp_action::Server<ActionT>::GoalCallback, typename rclcpp_action::Server<ActionT>::CancelCallback, typename rclcpp_action::Server<ActionT>::AcceptedCallback, const rcl_action_server_options_t&, rclcpp::CallbackGroup::SharedPtr) [with ActionT = qt_ros::action::Fibonacci; typename rclcpp_action::Server<ActionT>::SharedPtr = std::shared_ptr<rclcpp_action::Server<qt_ros::action::Fibonacci> >; rclcpp::node_interfaces::NodeBaseInterface::SharedPtr = std::shared_ptr<rclcpp::node_interfaces::NodeBaseInterface>; rclcpp::node_interfaces::NodeClockInterface::SharedPtr = std::shared_ptr<rclcpp::node_interfaces::NodeClockInterface>; rclcpp::node_interfaces::NodeLoggingInterface::SharedPtr = std::shared_ptr<rclcpp::node_interfaces::NodeLoggingInterface>; rclcpp::node_interfaces::NodeWaitablesInterface::SharedPtr = std::shared_ptr<rclcpp::node_interfaces::NodeWaitablesInterface>; std::string = std::__cxx11::basic_string<char>; typename rclcpp_action::Server<ActionT>::GoalCallback = std::function<rclcpp_action::GoalResponse(const std::array<unsigned char, 16>&, std::shared_ptr<const qt_ros::action::Fibonacci_Goal_<std::allocator<void> > >)>; typename rclcpp_action::Server<ActionT>::CancelCallback = std::function<rclcpp_action::CancelResponse(std::shared_ptr<rclcpp_action::ServerGoalHandle<qt_ros::action::Fibonacci> >)>; typename rclcpp_action::Server<ActionT>::AcceptedCallback = std::function<void(std::shared_ptr<rclcpp_action::ServerGoalHandle<qt_ros::action::Fibonacci> >)>; rcl_action_server_options_t = rcl_action_server_options_s; rclcpp::CallbackGroup::SharedPtr = std::shared_ptr<rclcpp::CallbackGroup>][m[K’
[6.884s]    58 | [01;36m[Kcreate_server[m[K(
[6.884s]       | [01;36m[K^~~~~~~~~~~~~[m[K
[6.884s] [01m[K/opt/ros/humble/include/rclcpp_action/rclcpp_action/create_server.hpp:58:1:[m[K [01;36m[Knote: [m[K  candidate expects 10 arguments, 5 provided
[6.884s] [01m[K/opt/ros/humble/include/rclcpp_action/rclcpp_action/create_server.hpp:132:1:[m[K [01;36m[Knote: [m[Kcandidate: ‘[01m[Ktemplate<class ActionT, class NodeT> typename rclcpp_action::Server<ActionT>::SharedPtr rclcpp_action::create_server(NodeT, const string&, typename rclcpp_action::Server<ActionT>::GoalCallback, typename rclcpp_action::Server<ActionT>::CancelCallback, typename rclcpp_action::Server<ActionT>::AcceptedCallback, const rcl_action_server_options_t&, rclcpp::CallbackGroup::SharedPtr)[m[K’
[6.884s]   132 | [01;36m[Kcreate_server[m[K(
[6.884s]       | [01;36m[K^~~~~~~~~~~~~[m[K
[6.885s] [01m[K/opt/ros/humble/include/rclcpp_action/rclcpp_action/create_server.hpp:132:1:[m[K [01;36m[Knote: [m[K  template argument deduction/substitution failed:
[6.885s] [01m[K/home/maddy/qt_ros_workspace/src/qt_ros/src/my_window.cpp:28:18:[m[K [01;36m[Knote: [m[K  cannot convert ‘[01m[Kstd::bind(_Func&&, _BoundArgs&& ...) [with _Func = rclcpp_action::GoalResponse (MyWindow::*)(const std::array<unsigned char, 16>&, std::shared_ptr<const qt_ros::action::Fibonacci>&); _BoundArgs = {MyWindow*, const std::_Placeholder<1>&, const std::_Placeholder<2>&}; typename std::_Bind_helper<std::__is_socketlike<_Func>::value, _Func, _BoundArgs ...>::type = std::_Bind_helper<false, rclcpp_action::GoalResponse (MyWindow::*)(const std::array<unsigned char, 16>&, std::shared_ptr<const qt_ros::action::Fibonacci>&), MyWindow*, const std::_Placeholder<1>&, const std::_Placeholder<2>&>::type; std::__is_socketlike<_Func> = std::__is_socketlike<rclcpp_action::GoalResponse (MyWindow::*)(const std::array<unsigned char, 16>&, std::shared_ptr<const qt_ros::action::Fibonacci>&), rclcpp_action::GoalResponse (MyWindow::*)(const std::array<unsigned char, 16>&, std::shared_ptr<const qt_ros::action::Fibonacci>&)>; typename std::decay<_Tp>::type = rclcpp_action::GoalResponse (MyWindow::*)(const std::array<unsigned char, 16>&, std::shared_ptr<const qt_ros::action::Fibonacci>&)](((MyWindow*)this), std::placeholders::_1, std::placeholders::_2)[m[K’ (type ‘[01m[Kstd::_Bind_helper<false, rclcpp_action::GoalResponse (MyWindow::*)(const std::array<unsigned char, 16>&, std::shared_ptr<const qt_ros::action::Fibonacci>&), MyWindow*, const std::_Placeholder<1>&, const std::_Placeholder<2>&>::type[m[K’) to type ‘[01m[Krclcpp_action::Server<qt_ros::action::Fibonacci>::GoalCallback[m[K’ {aka ‘[01m[Kstd::function<rclcpp_action::GoalResponse(const std::array<unsigned char, 16>&, std::shared_ptr<const qt_ros::action::Fibonacci_Goal_<std::allocator<void> > >)>[m[K’}
[6.885s]    28 |         [01;36m[Kstd::bind(&MyWindow::handle_goal, this, std::placeholders::_1, std::placeholders::_2)[m[K,
[6.885s]       |         [01;36m[K~~~~~~~~~^~~~~~~~~~~~~~~~~~~~~~~~~~~~~~~~~~~~~~~~~~~~~~~~~~~~~~~~~~~~~~~~~~~~~~~~~~~~[m[K
[6.983s] In file included from [01m[K/opt/ros/humble/include/rclcpp/rclcpp/client.hpp:40[m[K,
[6.983s]                  from [01m[K/opt/ros/humble/include/rclcpp/rclcpp/callback_group.hpp:24[m[K,
[6.983s]                  from [01m[K/opt/ros/humble/include/rclcpp/rclcpp/any_executable.hpp:20[m[K,
[6.983s]                  from [01m[K/opt/ros/humble/include/rclcpp/rclcpp/memory_strategy.hpp:25[m[K,
[6.983s]                  from [01m[K/opt/ros/humble/include/rclcpp/rclcpp/memory_strategies.hpp:18[m[K,
[6.983s]                  from [01m[K/opt/ros/humble/include/rclcpp/rclcpp/executor_options.hpp:20[m[K,
[6.983s]                  from [01m[K/opt/ros/humble/include/rclcpp/rclcpp/executor.hpp:37[m[K,
[6.984s]                  from [01m[K/opt/ros/humble/include/rclcpp/rclcpp/executors/multi_threaded_executor.hpp:25[m[K,
[6.984s]                  from [01m[K/opt/ros/humble/include/rclcpp/rclcpp/executors.hpp:21[m[K,
[6.984s]                  from [01m[K/opt/ros/humble/include/rclcpp/rclcpp/rclcpp.hpp:155[m[K,
[6.984s]                  from [01m[K/home/maddy/qt_ros_workspace/src/qt_ros/include/qt_ros/my_window.hpp:11[m[K,
[6.984s]                  from [01m[K/home/maddy/qt_ros_workspace/src/qt_ros/src/my_window.cpp:2[m[K:
[6.984s] [01m[K/home/maddy/qt_ros_workspace/src/qt_ros/src/my_window.cpp:[m[K In function ‘[01m[Krclcpp_action::GoalResponse handle_goal(const GoalUUID&, std::shared_ptr<const qt_ros::action::Fibonacci_Goal_<std::allocator<void> > >&)[m[K’:
[6.984s] [01m[K/home/maddy/qt_ros_workspace/src/qt_ros/src/my_window.cpp:212:17:[m[K [01;31m[Kerror: [m[K‘[01m[Knode_[m[K’ was not declared in this scope; did you mean ‘[01m[Kmode_t[m[K’?
[6.984s]   212 |     RCLCPP_INFO([01;31m[Knode_[m[K-> get_logger(),"received goal request with order %d",goal-> order);
[6.984s]       |                 [01;31m[K^~~~~[m[K
[6.985s] [01m[K/home/maddy/qt_ros_workspace/src/qt_ros/src/my_window.cpp:212:5:[m[K [01;31m[Kerror: [m[Ktemplate argument 1 is invalid
[6.985s]   212 |     [01;31m[KRCLCPP_INFO[m[K(node_-> get_logger(),"received goal request with order %d",goal-> order);
[6.985s]       |     [01;31m[K^~~~~~~~~~~[m[K
[6.988s] [01m[K/home/maddy/qt_ros_workspace/src/qt_ros/src/my_window.cpp:[m[K In function ‘[01m[Krclcpp_action::CancelResponse handle_cancel(const std::shared_ptr<rclcpp_action::ServerGoalHandle<qt_ros::action::Fibonacci> >&)[m[K’:
[6.989s] [01m[K/home/maddy/qt_ros_workspace/src/qt_ros/src/my_window.cpp:219:17:[m[K [01;31m[Kerror: [m[K‘[01m[Knode_[m[K’ was not declared in this scope; did you mean ‘[01m[Kmode_t[m[K’?
[6.989s]   219 |     RCLCPP_INFO([01;31m[Knode_[m[K-> get_logger(), "Received request to cancel goal");
[6.989s]       |                 [01;31m[K^~~~~[m[K
[6.989s] [01m[K/home/maddy/qt_ros_workspace/src/qt_ros/src/my_window.cpp:219:5:[m[K [01;31m[Kerror: [m[Ktemplate argument 1 is invalid
[6.989s]   219 |     [01;31m[KRCLCPP_INFO[m[K(node_-> get_logger(), "Received request to cancel goal");
[6.989s]       |     [01;31m[K^~~~~~~~~~~[m[K
[7.311s] In file included from [01m[K/opt/ros/humble/include/rclcpp_action/rclcpp_action/rclcpp_action.hpp:38[m[K,
[7.311s]                  from [01m[K/home/maddy/qt_ros_workspace/src/qt_ros/include/qt_ros/my_window.hpp:13[m[K,
[7.311s]                  from [01m[K/home/maddy/qt_ros_workspace/src/qt_ros/src/my_window.cpp:2[m[K:
[7.312s] /opt/ros/humble/include/rclcpp_action/rclcpp_action/create_client.hpp: In instantiation of ‘[01m[Ktypename rclcpp_action::Client<ActionT>::SharedPtr rclcpp_action::create_client(NodeT, const string&, rclcpp::CallbackGroup::SharedPtr, const rcl_action_client_options_t&) [with ActionT = qt_ros::action::Fibonacci; NodeT = MyWindow*; typename rclcpp_action::Client<ActionT>::SharedPtr = std::shared_ptr<rclcpp_action::Client<qt_ros::action::Fibonacci> >; std::string = std::__cxx11::basic_string<char>; rclcpp::CallbackGroup::SharedPtr = std::shared_ptr<rclcpp::CallbackGroup>; rcl_action_client_options_t = rcl_action_client_options_s][m[K’:
[7.312s] [01m[K/home/maddy/qt_ros_workspace/src/qt_ros/src/my_window.cpp:24:73:[m[K   required from here
[7.312s] [01m[K/opt/ros/humble/include/rclcpp_action/rclcpp_action/create_client.hpp:112:11:[m[K [01;31m[Kerror: [m[K‘[01m[Kclass MyWindow[m[K’ has no member named ‘[01m[Kget_node_base_interface[m[K’
[7.312s]   112 |     [01;31m[Knode->get_node_base_interface[m[K(),
[7.312s]       |     [01;31m[K~~~~~~^~~~~~~~~~~~~~~~~~~~~~~[m[K
[7.313s] [01m[K/opt/ros/humble/include/rclcpp_action/rclcpp_action/create_client.hpp:113:11:[m[K [01;31m[Kerror: [m[K‘[01m[Kclass MyWindow[m[K’ has no member named ‘[01m[Kget_node_graph_interface[m[K’
[7.313s]   113 |     [01;31m[Knode->get_node_graph_interface[m[K(),
[7.313s]       |     [01;31m[K~~~~~~^~~~~~~~~~~~~~~~~~~~~~~~[m[K
[7.313s] [01m[K/opt/ros/humble/include/rclcpp_action/rclcpp_action/create_client.hpp:114:11:[m[K [01;31m[Kerror: [m[K‘[01m[Kclass MyWindow[m[K’ has no member named ‘[01m[Kget_node_logging_interface[m[K’
[7.313s]   114 |     [01;31m[Knode->get_node_logging_interface[m[K(),
[7.314s]       |     [01;31m[K~~~~~~^~~~~~~~~~~~~~~~~~~~~~~~~~[m[K
[7.314s] [01m[K/opt/ros/humble/include/rclcpp_action/rclcpp_action/create_client.hpp:115:11:[m[K [01;31m[Kerror: [m[K‘[01m[Kclass MyWindow[m[K’ has no member named ‘[01m[Kget_node_waitables_interface[m[K’
[7.314s]   115 |     [01;31m[Knode->get_node_waitables_interface[m[K(),
[7.314s]       |     [01;31m[K~~~~~~^~~~~~~~~~~~~~~~~~~~~~~~~~~~[m[K
[10.197s] gmake[2]: *** [CMakeFiles/qt_node.dir/build.make:90: CMakeFiles/qt_node.dir/src/my_window.cpp.o] Error 1
[10.197s] gmake[1]: *** [CMakeFiles/Makefile2:594: CMakeFiles/qt_node.dir/all] Error 2
[10.198s] gmake: *** [Makefile:146: all] Error 2
[10.203s] Invoked command in '/home/maddy/qt_ros_workspace/build/qt_ros' returned '2': CMAKE_PREFIX_PATH=/opt/ros/humble /usr/bin/cmake --build /home/maddy/qt_ros_workspace/build/qt_ros -- -j8 -l8
