[0.258s] DEBUG:colcon:Command line arguments: ['/usr/bin/colcon', 'build', '--packages-select', 'qt_ros']
[0.258s] DEBUG:colcon:Parsed command line arguments: Namespace(log_base=None, log_level=None, verb_name='build', build_base='build', install_base='install', merge_install=False, symlink_install=False, test_result_base=None, continue_on_error=False, executor='parallel', parallel_workers=8, event_handlers=None, ignore_user_meta=False, metas=['./colcon.meta'], base_paths=['.'], packages_ignore=None, packages_ignore_regex=None, paths=None, packages_up_to=None, packages_up_to_regex=None, packages_above=None, packages_above_and_dependencies=None, packages_above_depth=None, packages_select_by_dep=None, packages_skip_by_dep=None, packages_skip_up_to=None, packages_select_build_failed=False, packages_skip_build_finished=False, packages_select_test_failures=False, packages_skip_test_passed=False, packages_select=['qt_ros'], packages_skip=None, packages_select_regex=None, packages_skip_regex=None, packages_start=None, packages_end=None, allow_overriding=[], cmake_args=None, cmake_target=None, cmake_target_skip_unavailable=False, cmake_clean_cache=False, cmake_clean_first=False, cmake_force_configure=False, ament_cmake_args=None, catkin_cmake_args=None, catkin_skip_building_tests=False, verb_parser=<colcon_defaults.argument_parser.defaults.DefaultArgumentsDecorator object at 0x7256fd4c7ac0>, verb_extension=<colcon_core.verb.build.BuildVerb object at 0x7256fd668dc0>, main=<bound method BuildVerb.main of <colcon_core.verb.build.BuildVerb object at 0x7256fd668dc0>>)
[0.501s] Level 1:colcon.colcon_core.package_discovery:discover_packages(colcon_meta) check parameters
[0.501s] Level 1:colcon.colcon_core.package_discovery:discover_packages(recursive) check parameters
[0.501s] Level 1:colcon.colcon_core.package_discovery:discover_packages(ignore) check parameters
[0.502s] Level 1:colcon.colcon_core.package_discovery:discover_packages(path) check parameters
[0.502s] Level 1:colcon.colcon_core.package_discovery:discover_packages(colcon_meta) discover
[0.502s] Level 1:colcon.colcon_core.package_discovery:discover_packages(recursive) discover
[0.502s] INFO:colcon.colcon_core.package_discovery:Crawling recursively for packages in '/home/maddy/qt_ros_workspace'
[0.502s] Level 1:colcon.colcon_core.package_identification:_identify(.) by extensions ['ignore', 'ignore_ament_install']
[0.502s] Level 1:colcon.colcon_core.package_identification:_identify(.) by extension 'ignore'
[0.502s] Level 1:colcon.colcon_core.package_identification:_identify(.) by extension 'ignore_ament_install'
[0.502s] Level 1:colcon.colcon_core.package_identification:_identify(.) by extensions ['colcon_pkg']
[0.502s] Level 1:colcon.colcon_core.package_identification:_identify(.) by extension 'colcon_pkg'
[0.502s] Level 1:colcon.colcon_core.package_identification:_identify(.) by extensions ['colcon_meta']
[0.502s] Level 1:colcon.colcon_core.package_identification:_identify(.) by extension 'colcon_meta'
[0.502s] Level 1:colcon.colcon_core.package_identification:_identify(.) by extensions ['ros']
[0.502s] Level 1:colcon.colcon_core.package_identification:_identify(.) by extension 'ros'
[0.518s] Level 1:colcon.colcon_core.package_identification:_identify(.) by extensions ['cmake', 'python']
[0.518s] Level 1:colcon.colcon_core.package_identification:_identify(.) by extension 'cmake'
[0.519s] Level 1:colcon.colcon_core.package_identification:_identify(.) by extension 'python'
[0.519s] Level 1:colcon.colcon_core.package_identification:_identify(.) by extensions ['python_setup_py']
[0.519s] Level 1:colcon.colcon_core.package_identification:_identify(.) by extension 'python_setup_py'
[0.519s] Level 1:colcon.colcon_core.package_identification:_identify(build) by extensions ['ignore', 'ignore_ament_install']
[0.519s] Level 1:colcon.colcon_core.package_identification:_identify(build) by extension 'ignore'
[0.519s] Level 1:colcon.colcon_core.package_identification:_identify(build) ignored
[0.519s] Level 1:colcon.colcon_core.package_identification:_identify(install) by extensions ['ignore', 'ignore_ament_install']
[0.520s] Level 1:colcon.colcon_core.package_identification:_identify(install) by extension 'ignore'
[0.520s] Level 1:colcon.colcon_core.package_identification:_identify(install) ignored
[0.520s] Level 1:colcon.colcon_core.package_identification:_identify(log) by extensions ['ignore', 'ignore_ament_install']
[0.520s] Level 1:colcon.colcon_core.package_identification:_identify(log) by extension 'ignore'
[0.520s] Level 1:colcon.colcon_core.package_identification:_identify(log) ignored
[0.520s] Level 1:colcon.colcon_core.package_identification:_identify(src) by extensions ['ignore', 'ignore_ament_install']
[0.520s] Level 1:colcon.colcon_core.package_identification:_identify(src) by extension 'ignore'
[0.520s] Level 1:colcon.colcon_core.package_identification:_identify(src) by extension 'ignore_ament_install'
[0.521s] Level 1:colcon.colcon_core.package_identification:_identify(src) by extensions ['colcon_pkg']
[0.521s] Level 1:colcon.colcon_core.package_identification:_identify(src) by extension 'colcon_pkg'
[0.521s] Level 1:colcon.colcon_core.package_identification:_identify(src) by extensions ['colcon_meta']
[0.521s] Level 1:colcon.colcon_core.package_identification:_identify(src) by extension 'colcon_meta'
[0.521s] Level 1:colcon.colcon_core.package_identification:_identify(src) by extensions ['ros']
[0.521s] Level 1:colcon.colcon_core.package_identification:_identify(src) by extension 'ros'
[0.521s] Level 1:colcon.colcon_core.package_identification:_identify(src) by extensions ['cmake', 'python']
[0.521s] Level 1:colcon.colcon_core.package_identification:_identify(src) by extension 'cmake'
[0.521s] Level 1:colcon.colcon_core.package_identification:_identify(src) by extension 'python'
[0.521s] Level 1:colcon.colcon_core.package_identification:_identify(src) by extensions ['python_setup_py']
[0.521s] Level 1:colcon.colcon_core.package_identification:_identify(src) by extension 'python_setup_py'
[0.521s] Level 1:colcon.colcon_core.package_identification:_identify(src/action_tutorials_cpp) by extensions ['ignore', 'ignore_ament_install']
[0.522s] Level 1:colcon.colcon_core.package_identification:_identify(src/action_tutorials_cpp) by extension 'ignore'
[0.522s] Level 1:colcon.colcon_core.package_identification:_identify(src/action_tutorials_cpp) by extension 'ignore_ament_install'
[0.522s] Level 1:colcon.colcon_core.package_identification:_identify(src/action_tutorials_cpp) by extensions ['colcon_pkg']
[0.522s] Level 1:colcon.colcon_core.package_identification:_identify(src/action_tutorials_cpp) by extension 'colcon_pkg'
[0.522s] Level 1:colcon.colcon_core.package_identification:_identify(src/action_tutorials_cpp) by extensions ['colcon_meta']
[0.522s] Level 1:colcon.colcon_core.package_identification:_identify(src/action_tutorials_cpp) by extension 'colcon_meta'
[0.522s] Level 1:colcon.colcon_core.package_identification:_identify(src/action_tutorials_cpp) by extensions ['ros']
[0.522s] Level 1:colcon.colcon_core.package_identification:_identify(src/action_tutorials_cpp) by extension 'ros'
[0.525s] DEBUG:colcon.colcon_core.package_identification:Package 'src/action_tutorials_cpp' with type 'ros.ament_cmake' and name 'action_tutorials_cpp'
[0.526s] Level 1:colcon.colcon_core.package_identification:_identify(src/action_tutorials_interfaces) by extensions ['ignore', 'ignore_ament_install']
[0.526s] Level 1:colcon.colcon_core.package_identification:_identify(src/action_tutorials_interfaces) by extension 'ignore'
[0.526s] Level 1:colcon.colcon_core.package_identification:_identify(src/action_tutorials_interfaces) by extension 'ignore_ament_install'
[0.526s] Level 1:colcon.colcon_core.package_identification:_identify(src/action_tutorials_interfaces) by extensions ['colcon_pkg']
[0.526s] Level 1:colcon.colcon_core.package_identification:_identify(src/action_tutorials_interfaces) by extension 'colcon_pkg'
[0.526s] Level 1:colcon.colcon_core.package_identification:_identify(src/action_tutorials_interfaces) by extensions ['colcon_meta']
[0.526s] Level 1:colcon.colcon_core.package_identification:_identify(src/action_tutorials_interfaces) by extension 'colcon_meta'
[0.526s] Level 1:colcon.colcon_core.package_identification:_identify(src/action_tutorials_interfaces) by extensions ['ros']
[0.526s] Level 1:colcon.colcon_core.package_identification:_identify(src/action_tutorials_interfaces) by extension 'ros'
[0.527s] DEBUG:colcon.colcon_core.package_identification:Package 'src/action_tutorials_interfaces' with type 'ros.ament_cmake' and name 'action_tutorials_interfaces'
[0.527s] Level 1:colcon.colcon_core.package_identification:_identify(src/qt_ros) by extensions ['ignore', 'ignore_ament_install']
[0.528s] Level 1:colcon.colcon_core.package_identification:_identify(src/qt_ros) by extension 'ignore'
[0.528s] Level 1:colcon.colcon_core.package_identification:_identify(src/qt_ros) by extension 'ignore_ament_install'
[0.528s] Level 1:colcon.colcon_core.package_identification:_identify(src/qt_ros) by extensions ['colcon_pkg']
[0.528s] Level 1:colcon.colcon_core.package_identification:_identify(src/qt_ros) by extension 'colcon_pkg'
[0.528s] Level 1:colcon.colcon_core.package_identification:_identify(src/qt_ros) by extensions ['colcon_meta']
[0.528s] Level 1:colcon.colcon_core.package_identification:_identify(src/qt_ros) by extension 'colcon_meta'
[0.528s] Level 1:colcon.colcon_core.package_identification:_identify(src/qt_ros) by extensions ['ros']
[0.528s] Level 1:colcon.colcon_core.package_identification:_identify(src/qt_ros) by extension 'ros'
[0.529s] DEBUG:colcon.colcon_core.package_identification:Package 'src/qt_ros' with type 'ros.ament_cmake' and name 'qt_ros'
[0.529s] Level 1:colcon.colcon_core.package_discovery:discover_packages(recursive) using defaults
[0.530s] Level 1:colcon.colcon_core.package_discovery:discover_packages(ignore) discover
[0.530s] Level 1:colcon.colcon_core.package_discovery:discover_packages(ignore) using defaults
[0.530s] Level 1:colcon.colcon_core.package_discovery:discover_packages(path) discover
[0.530s] Level 1:colcon.colcon_core.package_discovery:discover_packages(path) using defaults
[0.556s] INFO:colcon.colcon_core.package_selection:Skipping not selected package 'action_tutorials_interfaces' in 'src/action_tutorials_interfaces'
[0.556s] INFO:colcon.colcon_core.package_selection:Skipping not selected package 'action_tutorials_cpp' in 'src/action_tutorials_cpp'
[0.557s] Level 1:colcon.colcon_core.package_discovery:discover_packages(prefix_path) check parameters
[0.557s] Level 1:colcon.colcon_core.package_discovery:discover_packages(prefix_path) discover
[0.559s] DEBUG:colcon.colcon_installed_package_information.package_discovery:Found 1 installed packages in /home/maddy/qt_ros_workspace/install
[0.561s] DEBUG:colcon.colcon_installed_package_information.package_discovery:Found 272 installed packages in /opt/ros/humble
[0.578s] Level 1:colcon.colcon_core.package_discovery:discover_packages(prefix_path) using defaults
[0.647s] Level 5:colcon.colcon_core.verb:set package 'qt_ros' build argument 'cmake_args' from command line to 'None'
[0.647s] Level 5:colcon.colcon_core.verb:set package 'qt_ros' build argument 'cmake_target' from command line to 'None'
[0.647s] Level 5:colcon.colcon_core.verb:set package 'qt_ros' build argument 'cmake_target_skip_unavailable' from command line to 'False'
[0.647s] Level 5:colcon.colcon_core.verb:set package 'qt_ros' build argument 'cmake_clean_cache' from command line to 'False'
[0.647s] Level 5:colcon.colcon_core.verb:set package 'qt_ros' build argument 'cmake_clean_first' from command line to 'False'
[0.647s] Level 5:colcon.colcon_core.verb:set package 'qt_ros' build argument 'cmake_force_configure' from command line to 'False'
[0.647s] Level 5:colcon.colcon_core.verb:set package 'qt_ros' build argument 'ament_cmake_args' from command line to 'None'
[0.647s] Level 5:colcon.colcon_core.verb:set package 'qt_ros' build argument 'catkin_cmake_args' from command line to 'None'
[0.648s] Level 5:colcon.colcon_core.verb:set package 'qt_ros' build argument 'catkin_skip_building_tests' from command line to 'False'
[0.648s] DEBUG:colcon.colcon_core.verb:Building package 'qt_ros' with the following arguments: {'ament_cmake_args': None, 'build_base': '/home/maddy/qt_ros_workspace/build/qt_ros', 'catkin_cmake_args': None, 'catkin_skip_building_tests': False, 'cmake_args': None, 'cmake_clean_cache': False, 'cmake_clean_first': False, 'cmake_force_configure': False, 'cmake_target': None, 'cmake_target_skip_unavailable': False, 'install_base': '/home/maddy/qt_ros_workspace/install/qt_ros', 'merge_install': False, 'path': '/home/maddy/qt_ros_workspace/src/qt_ros', 'symlink_install': False, 'test_result_base': None}
[0.648s] INFO:colcon.colcon_core.executor:Executing jobs using 'parallel' executor
[0.650s] DEBUG:colcon.colcon_parallel_executor.executor.parallel:run_until_complete
[0.650s] INFO:colcon.colcon_ros.task.ament_cmake.build:Building ROS package in '/home/maddy/qt_ros_workspace/src/qt_ros' with build type 'ament_cmake'
[0.651s] INFO:colcon.colcon_cmake.task.cmake.build:Building CMake package in '/home/maddy/qt_ros_workspace/src/qt_ros'
[0.655s] INFO:colcon.colcon_core.plugin_system:Skipping extension 'colcon_core.shell.bat': Not used on non-Windows systems
[0.656s] INFO:colcon.colcon_core.shell:Skip shell extension 'powershell' for command environment: Not usable outside of PowerShell
[0.656s] DEBUG:colcon.colcon_core.shell:Skip shell extension 'dsv' for command environment
[0.673s] DEBUG:colcon.colcon_core.event_handler.log_command:Invoking command in '/home/maddy/qt_ros_workspace/build/qt_ros': CMAKE_PREFIX_PATH=${CMAKE_PREFIX_PATH}:/opt/ros/humble /usr/bin/cmake --build /home/maddy/qt_ros_workspace/build/qt_ros -- -j8 -l8
[1.423s] DEBUG:colcon.colcon_core.event_handler.log_command:Invoked command in '/home/maddy/qt_ros_workspace/build/qt_ros' returned '0': CMAKE_PREFIX_PATH=${CMAKE_PREFIX_PATH}:/opt/ros/humble /usr/bin/cmake --build /home/maddy/qt_ros_workspace/build/qt_ros -- -j8 -l8
[1.440s] DEBUG:colcon.colcon_core.event_handler.log_command:Invoking command in '/home/maddy/qt_ros_workspace/build/qt_ros': CMAKE_PREFIX_PATH=${CMAKE_PREFIX_PATH}:/opt/ros/humble /usr/bin/cmake --install /home/maddy/qt_ros_workspace/build/qt_ros
[1.546s] Level 1:colcon.colcon_core.environment:create_environment_scripts_only(qt_ros)
[1.547s] DEBUG:colcon.colcon_core.event_handler.log_command:Invoked command in '/home/maddy/qt_ros_workspace/build/qt_ros' returned '0': CMAKE_PREFIX_PATH=${CMAKE_PREFIX_PATH}:/opt/ros/humble /usr/bin/cmake --install /home/maddy/qt_ros_workspace/build/qt_ros
[1.550s] Level 1:colcon.colcon_core.environment:checking '/home/maddy/qt_ros_workspace/install/qt_ros' for CMake module files
[1.551s] Level 1:colcon.colcon_core.environment:checking '/home/maddy/qt_ros_workspace/install/qt_ros' for CMake config files
[1.553s] Level 1:colcon.colcon_core.shell:create_environment_hook('qt_ros', 'cmake_prefix_path')
[1.553s] INFO:colcon.colcon_core.shell:Creating environment hook '/home/maddy/qt_ros_workspace/install/qt_ros/share/qt_ros/hook/cmake_prefix_path.ps1'
[1.554s] INFO:colcon.colcon_core.shell:Creating environment descriptor '/home/maddy/qt_ros_workspace/install/qt_ros/share/qt_ros/hook/cmake_prefix_path.dsv'
[1.555s] INFO:colcon.colcon_core.shell:Creating environment hook '/home/maddy/qt_ros_workspace/install/qt_ros/share/qt_ros/hook/cmake_prefix_path.sh'
[1.557s] Level 1:colcon.colcon_core.environment:checking '/home/maddy/qt_ros_workspace/install/qt_ros/lib'
[1.557s] Level 1:colcon.colcon_core.shell:create_environment_hook('qt_ros', 'ld_library_path_lib')
[1.557s] INFO:colcon.colcon_core.shell:Creating environment hook '/home/maddy/qt_ros_workspace/install/qt_ros/share/qt_ros/hook/ld_library_path_lib.ps1'
[1.558s] INFO:colcon.colcon_core.shell:Creating environment descriptor '/home/maddy/qt_ros_workspace/install/qt_ros/share/qt_ros/hook/ld_library_path_lib.dsv'
[1.558s] INFO:colcon.colcon_core.shell:Creating environment hook '/home/maddy/qt_ros_workspace/install/qt_ros/share/qt_ros/hook/ld_library_path_lib.sh'
[1.559s] Level 1:colcon.colcon_core.environment:checking '/home/maddy/qt_ros_workspace/install/qt_ros/bin'
[1.559s] Level 1:colcon.colcon_core.environment:checking '/home/maddy/qt_ros_workspace/install/qt_ros/lib/pkgconfig/qt_ros.pc'
[1.560s] Level 1:colcon.colcon_core.environment:checking '/home/maddy/qt_ros_workspace/install/qt_ros/lib/python3.10/site-packages'
[1.560s] Level 1:colcon.colcon_core.environment:checking '/home/maddy/qt_ros_workspace/install/qt_ros/bin'
[1.561s] INFO:colcon.colcon_core.shell:Creating package script '/home/maddy/qt_ros_workspace/install/qt_ros/share/qt_ros/package.ps1'
[1.562s] INFO:colcon.colcon_core.shell:Creating package descriptor '/home/maddy/qt_ros_workspace/install/qt_ros/share/qt_ros/package.dsv'
[1.563s] INFO:colcon.colcon_core.shell:Creating package script '/home/maddy/qt_ros_workspace/install/qt_ros/share/qt_ros/package.sh'
[1.564s] INFO:colcon.colcon_core.shell:Creating package script '/home/maddy/qt_ros_workspace/install/qt_ros/share/qt_ros/package.bash'
[1.565s] INFO:colcon.colcon_core.shell:Creating package script '/home/maddy/qt_ros_workspace/install/qt_ros/share/qt_ros/package.zsh'
[1.566s] Level 1:colcon.colcon_core.environment:create_file_with_runtime_dependencies(/home/maddy/qt_ros_workspace/install/qt_ros/share/colcon-core/packages/qt_ros)
[1.567s] Level 1:colcon.colcon_core.environment:create_environment_scripts_only(qt_ros)
[1.568s] Level 1:colcon.colcon_core.environment:checking '/home/maddy/qt_ros_workspace/install/qt_ros' for CMake module files
[1.569s] Level 1:colcon.colcon_core.environment:checking '/home/maddy/qt_ros_workspace/install/qt_ros' for CMake config files
[1.571s] Level 1:colcon.colcon_core.shell:create_environment_hook('qt_ros', 'cmake_prefix_path')
[1.571s] INFO:colcon.colcon_core.shell:Creating environment hook '/home/maddy/qt_ros_workspace/install/qt_ros/share/qt_ros/hook/cmake_prefix_path.ps1'
[1.572s] INFO:colcon.colcon_core.shell:Creating environment descriptor '/home/maddy/qt_ros_workspace/install/qt_ros/share/qt_ros/hook/cmake_prefix_path.dsv'
[1.572s] INFO:colcon.colcon_core.shell:Creating environment hook '/home/maddy/qt_ros_workspace/install/qt_ros/share/qt_ros/hook/cmake_prefix_path.sh'
[1.573s] Level 1:colcon.colcon_core.environment:checking '/home/maddy/qt_ros_workspace/install/qt_ros/lib'
[1.573s] Level 1:colcon.colcon_core.shell:create_environment_hook('qt_ros', 'ld_library_path_lib')
[1.574s] INFO:colcon.colcon_core.shell:Creating environment hook '/home/maddy/qt_ros_workspace/install/qt_ros/share/qt_ros/hook/ld_library_path_lib.ps1'
[1.574s] INFO:colcon.colcon_core.shell:Creating environment descriptor '/home/maddy/qt_ros_workspace/install/qt_ros/share/qt_ros/hook/ld_library_path_lib.dsv'
[1.575s] INFO:colcon.colcon_core.shell:Creating environment hook '/home/maddy/qt_ros_workspace/install/qt_ros/share/qt_ros/hook/ld_library_path_lib.sh'
[1.576s] Level 1:colcon.colcon_core.environment:checking '/home/maddy/qt_ros_workspace/install/qt_ros/bin'
[1.576s] Level 1:colcon.colcon_core.environment:checking '/home/maddy/qt_ros_workspace/install/qt_ros/lib/pkgconfig/qt_ros.pc'
[1.576s] Level 1:colcon.colcon_core.environment:checking '/home/maddy/qt_ros_workspace/install/qt_ros/lib/python3.10/site-packages'
[1.577s] Level 1:colcon.colcon_core.environment:checking '/home/maddy/qt_ros_workspace/install/qt_ros/bin'
[1.578s] INFO:colcon.colcon_core.shell:Creating package script '/home/maddy/qt_ros_workspace/install/qt_ros/share/qt_ros/package.ps1'
[1.579s] INFO:colcon.colcon_core.shell:Creating package descriptor '/home/maddy/qt_ros_workspace/install/qt_ros/share/qt_ros/package.dsv'
[1.580s] INFO:colcon.colcon_core.shell:Creating package script '/home/maddy/qt_ros_workspace/install/qt_ros/share/qt_ros/package.sh'
[1.581s] INFO:colcon.colcon_core.shell:Creating package script '/home/maddy/qt_ros_workspace/install/qt_ros/share/qt_ros/package.bash'
[1.582s] INFO:colcon.colcon_core.shell:Creating package script '/home/maddy/qt_ros_workspace/install/qt_ros/share/qt_ros/package.zsh'
[1.584s] Level 1:colcon.colcon_core.environment:create_file_with_runtime_dependencies(/home/maddy/qt_ros_workspace/install/qt_ros/share/colcon-core/packages/qt_ros)
[1.584s] DEBUG:colcon.colcon_parallel_executor.executor.parallel:closing loop
[1.586s] DEBUG:colcon.colcon_parallel_executor.executor.parallel:loop closed
[1.586s] DEBUG:colcon.colcon_parallel_executor.executor.parallel:run_until_complete finished with '0'
[1.586s] DEBUG:colcon.colcon_core.event_reactor:joining thread
[1.672s] INFO:colcon.colcon_core.plugin_system:Skipping extension 'colcon_notification.desktop_notification.notify_send': Could not find 'notify-send'
[1.672s] INFO:colcon.colcon_core.plugin_system:Skipping extension 'colcon_notification.desktop_notification.terminal_notifier': Not used on non-Darwin systems
[1.672s] INFO:colcon.colcon_core.plugin_system:Skipping extension 'colcon_notification.desktop_notification.win32': Not used on non-Windows systems
[1.672s] INFO:colcon.colcon_notification.desktop_notification:Sending desktop notification using 'notify2'
[1.672s] DEBUG:colcon.colcon_notification.desktop_notification.notify2:Failed to initialize notify2: org.freedesktop.DBus.Error.FileNotFound: Failed to connect to socket /run/user/1000/bus: No such file or directory
[1.673s] DEBUG:colcon.colcon_core.event_reactor:joined thread
[1.673s] INFO:colcon.colcon_core.shell:Creating prefix script '/home/maddy/qt_ros_workspace/install/local_setup.ps1'
[1.675s] INFO:colcon.colcon_core.shell:Creating prefix util module '/home/maddy/qt_ros_workspace/install/_local_setup_util_ps1.py'
[1.678s] INFO:colcon.colcon_core.shell:Creating prefix chain script '/home/maddy/qt_ros_workspace/install/setup.ps1'
[1.680s] INFO:colcon.colcon_core.shell:Creating prefix script '/home/maddy/qt_ros_workspace/install/local_setup.sh'
[1.681s] INFO:colcon.colcon_core.shell:Creating prefix util module '/home/maddy/qt_ros_workspace/install/_local_setup_util_sh.py'
[1.682s] INFO:colcon.colcon_core.shell:Creating prefix chain script '/home/maddy/qt_ros_workspace/install/setup.sh'
[1.684s] INFO:colcon.colcon_core.shell:Creating prefix script '/home/maddy/qt_ros_workspace/install/local_setup.bash'
[1.685s] INFO:colcon.colcon_core.shell:Creating prefix chain script '/home/maddy/qt_ros_workspace/install/setup.bash'
[1.686s] INFO:colcon.colcon_core.shell:Creating prefix script '/home/maddy/qt_ros_workspace/install/local_setup.zsh'
[1.688s] INFO:colcon.colcon_core.shell:Creating prefix chain script '/home/maddy/qt_ros_workspace/install/setup.zsh'
