[0mCMake Deprecation Warning at /opt/ros/humble/share/rosidl_cmake/cmake/rosidl_target_interfaces.cmake:32 (message):
  Use rosidl_get_typesupport_target() and target_link_libraries() instead of
  rosidl_target_interfaces()
Call Stack (most recent call first):
  CMakeLists.txt:45 (rosidl_target_interfaces)

[0m
In file included from [01m[K/home/maddy/qt_ros_workspace/qt_ros/src/main.cpp:4[m[K:
[01m[K/home/maddy/qt_ros_workspace/qt_ros/include/qt_ros/my_window.hpp:37:39:[m[K [01;31m[Kerror: [m[K‘[01m[KGoalHandleFibonacci[m[K’ does not name a type
   37 |     void goal_response_callback(const [01;31m[KGoalHandleFibonacci[m[K::SharedPrt & goalhandle);
      |                                       [01;31m[K^~~~~~~~~~~~~~~~~~~[m[K
[01m[K/home/maddy/qt_ros_workspace/qt_ros/include/qt_ros/my_window.hpp:37:70:[m[K [01;31m[Kerror: [m[Kexpected unqualified-id before ‘[01m[K&[m[K’ token
   37 |     void goal_response_callback(const GoalHandleFibonacci::SharedPrt [01;31m[K&[m[K goalhandle);
      |                                                                      [01;31m[K^[m[K
[01m[K/home/maddy/qt_ros_workspace/qt_ros/include/qt_ros/my_window.hpp:37:69:[m[K [01;31m[Kerror: [m[Kexpected ‘[01m[K)[m[K’ before ‘[01m[K&[m[K’ token
   37 |     void goal_response_callback[34m[K([m[Kconst GoalHandleFibonacci::SharedPrt[01;31m[K [m[K[32m[K&[m[K goalhandle);
      |                                [34m[K~[m[K                                    [01;31m[K^[m[K[32m[K~[m[K
      |                                                                     [32m[K)[m[K
[01m[K/home/maddy/qt_ros_workspace/qt_ros/include/qt_ros/my_window.hpp:37:70:[m[K [01;31m[Kerror: [m[Kexpected ‘[01m[K;[m[K’ at end of member declaration
   37 |     void goal_response_callback(const GoalHandleFibonacci::SharedPrt [01;31m[K&[m[K goalhandle);
      |                                                                      [01;31m[K^[m[K
      |                                                                       [32m[K;[m[K
[01m[K/home/maddy/qt_ros_workspace/qt_ros/include/qt_ros/my_window.hpp:37:72:[m[K [01;31m[Kerror: [m[K‘[01m[Kgoalhandle[m[K’ does not name a type
   37 |     void goal_response_callback(const GoalHandleFibonacci::SharedPrt & [01;31m[Kgoalhandle[m[K);
      |                                                                        [01;31m[K^~~~~~~~~~[m[K
[01m[K/home/maddy/qt_ros_workspace/qt_ros/include/qt_ros/my_window.hpp:38:28:[m[K [01;31m[Kerror: [m[K‘[01m[KGoalHandleFibonacci[m[K’ has not been declared
   38 |     void feedback_callback([01;31m[KGoalHandleFibonacci[m[K::SharedPrt,const srd::shared_prt<const Fibonacci::Feedback> feedback);
      |                            [01;31m[K^~~~~~~~~~~~~~~~~~~[m[K
[01m[K/home/maddy/qt_ros_workspace/qt_ros/include/qt_ros/my_window.hpp:38:65:[m[K [01;31m[Kerror: [m[K‘[01m[Ksrd[m[K’ does not name a type
   38 |     void feedback_callback(GoalHandleFibonacci::SharedPrt,const [01;31m[Ksrd[m[K::shared_prt<const Fibonacci::Feedback> feedback);
      |                                                                 [01;31m[K^~~[m[K
[01m[K/home/maddy/qt_ros_workspace/qt_ros/include/qt_ros/my_window.hpp:38:80:[m[K [01;31m[Kerror: [m[Kexpected unqualified-id before ‘[01m[K<[m[K’ token
   38 |     void feedback_callback(GoalHandleFibonacci::SharedPrt,const srd::shared_prt[01;31m[K<[m[Kconst Fibonacci::Feedback> feedback);
      |                                                                                [01;31m[K^[m[K
[01m[K/home/maddy/qt_ros_workspace/qt_ros/include/qt_ros/my_window.hpp:38:80:[m[K [01;31m[Kerror: [m[Kexpected ‘[01m[K)[m[K’ before ‘[01m[K<[m[K’ token
   38 |     void feedback_callback[34m[K([m[KGoalHandleFibonacci::SharedPrt,const srd::shared_prt[01;31m[K<[m[Kconst Fibonacci::Feedback> feedback);
      |                           [34m[K~[m[K                                                    [01;31m[K^[m[K
      |                                                                                [32m[K)[m[K
[01m[K/home/maddy/qt_ros_workspace/qt_ros/include/qt_ros/my_window.hpp:38:70:[m[K [01;31m[Kerror: [m[Kexpected ‘[01m[K;[m[K’ at end of member declaration
   38 |     void feedback_callback(GoalHandleFibonacci::SharedPrt,const srd::[01;31m[Kshared_prt[m[K<const Fibonacci::Feedback> feedback);
      |                                                                      [01;31m[K^~~~~~~~~~[m[K
      |                                                                                [32m[K;[m[K
[01m[K/home/maddy/qt_ros_workspace/qt_ros/include/qt_ros/my_window.hpp:38:80:[m[K [01;31m[Kerror: [m[Kexpected unqualified-id before ‘[01m[K<[m[K’ token
   38 |     void feedback_callback(GoalHandleFibonacci::SharedPrt,const srd::shared_prt[01;31m[K<[m[Kconst Fibonacci::Feedback> feedback);
      |                                                                                [01;31m[K^[m[K
[01m[K/home/maddy/qt_ros_workspace/qt_ros/include/qt_ros/my_window.hpp:39:32:[m[K [01;31m[Kerror: [m[K‘[01m[KGoalHandleFibonacci[m[K’ does not name a type
   39 |     void result_callback(const [01;31m[KGoalHandleFibonacci[m[K::WrappedResult & result);
      |                                [01;31m[K^~~~~~~~~~~~~~~~~~~[m[K
[01m[K/home/maddy/qt_ros_workspace/qt_ros/include/qt_ros/my_window.hpp:39:67:[m[K [01;31m[Kerror: [m[Kexpected unqualified-id before ‘[01m[K&[m[K’ token
   39 |     void result_callback(const GoalHandleFibonacci::WrappedResult [01;31m[K&[m[K result);
      |                                                                   [01;31m[K^[m[K
[01m[K/home/maddy/qt_ros_workspace/qt_ros/include/qt_ros/my_window.hpp:39:66:[m[K [01;31m[Kerror: [m[Kexpected ‘[01m[K)[m[K’ before ‘[01m[K&[m[K’ token
   39 |     void result_callback[34m[K([m[Kconst GoalHandleFibonacci::WrappedResult[01;31m[K [m[K[32m[K&[m[K result);
      |                         [34m[K~[m[K                                        [01;31m[K^[m[K[32m[K~[m[K
      |                                                                  [32m[K)[m[K
[01m[K/home/maddy/qt_ros_workspace/qt_ros/include/qt_ros/my_window.hpp:39:67:[m[K [01;31m[Kerror: [m[Kexpected ‘[01m[K;[m[K’ at end of member declaration
   39 |     void result_callback(const GoalHandleFibonacci::WrappedResult [01;31m[K&[m[K result);
      |                                                                   [01;31m[K^[m[K
      |                                                                    [32m[K;[m[K
[01m[K/home/maddy/qt_ros_workspace/qt_ros/include/qt_ros/my_window.hpp:39:69:[m[K [01;31m[Kerror: [m[K‘[01m[Kresult[m[K’ does not name a type
   39 |     void result_callback(const GoalHandleFibonacci::WrappedResult & [01;31m[Kresult[m[K);
      |                                                                     [01;31m[K^~~~~~[m[K
[01m[K/home/maddy/qt_ros_workspace/qt_ros/include/qt_ros/my_window.hpp:47:40:[m[K [01;31m[Kerror: [m[K‘[01m[KGoalHandleFibonacci[m[K’ was not declared in this scope
   47 |     void execute(const std::shared_ptr<[01;31m[KGoalHandleFibonacci[m[K> goal_handle);
      |                                        [01;31m[K^~~~~~~~~~~~~~~~~~~[m[K
[01m[K/home/maddy/qt_ros_workspace/qt_ros/include/qt_ros/my_window.hpp:47:59:[m[K [01;31m[Kerror: [m[Ktemplate argument 1 is invalid
   47 |     void execute(const std::shared_ptr<GoalHandleFibonacci[01;31m[K>[m[K goal_handle);
      |                                                           [01;31m[K^[m[K
[01m[K/home/maddy/qt_ros_workspace/qt_ros/include/qt_ros/my_window.hpp:51:23:[m[K [01;31m[Kerror: [m[K‘[01m[Kstd_msgs[m[K’ was not declared in this scope
   51 |     rclcpp::Publisher<[01;31m[Kstd_msgs[m[K::msg::String>::SharedPtr publisher_;
      |                       [01;31m[K^~~~~~~~[m[K
[01m[K/home/maddy/qt_ros_workspace/qt_ros/include/qt_ros/my_window.hpp:51:44:[m[K [01;31m[Kerror: [m[Ktemplate argument 1 is invalid
   51 |     rclcpp::Publisher<std_msgs::msg::String[01;31m[K>[m[K::SharedPtr publisher_;
      |                                            [01;31m[K^[m[K
[01m[K/home/maddy/qt_ros_workspace/qt_ros/include/qt_ros/my_window.hpp:51:47:[m[K [01;31m[Kerror: [m[Kexpected ‘[01m[K;[m[K’ at end of member declaration
   51 |     rclcpp::Publisher<std_msgs::msg::String>::[01;31m[KSharedPtr[m[K publisher_;
      |                                               [01;31m[K^~~~~~~~~[m[K
      |                                                        [32m[K;[m[K
[01m[K/home/maddy/qt_ros_workspace/qt_ros/include/qt_ros/my_window.hpp:51:57:[m[K [01;31m[Kerror: [m[K‘[01m[Kpublisher_[m[K’ does not name a type; did you mean ‘[01m[Krmw_publisher_t[m[K’?
   51 |     rclcpp::Publisher<std_msgs::msg::String>::SharedPtr [01;31m[Kpublisher_[m[K;
      |                                                         [01;31m[K^~~~~~~~~~[m[K
      |                                                         [32m[Krmw_publisher_t[m[K
In file included from [01m[K/home/maddy/qt_ros_workspace/qt_ros/src/my_window.cpp:1[m[K:
[01m[K/home/maddy/qt_ros_workspace/qt_ros/include/qt_ros/my_window.hpp:37:39:[m[K [01;31m[Kerror: [m[K‘[01m[KGoalHandleFibonacci[m[K’ does not name a type
   37 |     void goal_response_callback(const [01;31m[KGoalHandleFibonacci[m[K::SharedPrt & goalhandle);
      |                                       [01;31m[K^~~~~~~~~~~~~~~~~~~[m[K
[01m[K/home/maddy/qt_ros_workspace/qt_ros/include/qt_ros/my_window.hpp:37:70:[m[K [01;31m[Kerror: [m[Kexpected unqualified-id before ‘[01m[K&[m[K’ token
   37 |     void goal_response_callback(const GoalHandleFibonacci::SharedPrt [01;31m[K&[m[K goalhandle);
      |                                                                      [01;31m[K^[m[K
[01m[K/home/maddy/qt_ros_workspace/qt_ros/include/qt_ros/my_window.hpp:37:69:[m[K [01;31m[Kerror: [m[Kexpected ‘[01m[K)[m[K’ before ‘[01m[K&[m[K’ token
   37 |     void goal_response_callback[34m[K([m[Kconst GoalHandleFibonacci::SharedPrt[01;31m[K [m[K[32m[K&[m[K goalhandle);
      |                                [34m[K~[m[K                                    [01;31m[K^[m[K[32m[K~[m[K
      |                                                                     [32m[K)[m[K
[01m[K/home/maddy/qt_ros_workspace/qt_ros/include/qt_ros/my_window.hpp:37:70:[m[K [01;31m[Kerror: [m[Kexpected ‘[01m[K;[m[K’ at end of member declaration
   37 |     void goal_response_callback(const GoalHandleFibonacci::SharedPrt [01;31m[K&[m[K goalhandle);
      |                                                                      [01;31m[K^[m[K
      |                                                                       [32m[K;[m[K
[01m[K/home/maddy/qt_ros_workspace/qt_ros/include/qt_ros/my_window.hpp:37:72:[m[K [01;31m[Kerror: [m[K‘[01m[Kgoalhandle[m[K’ does not name a type
   37 |     void goal_response_callback(const GoalHandleFibonacci::SharedPrt & [01;31m[Kgoalhandle[m[K);
      |                                                                        [01;31m[K^~~~~~~~~~[m[K
[01m[K/home/maddy/qt_ros_workspace/qt_ros/include/qt_ros/my_window.hpp:38:28:[m[K [01;31m[Kerror: [m[K‘[01m[KGoalHandleFibonacci[m[K’ has not been declared
   38 |     void feedback_callback([01;31m[KGoalHandleFibonacci[m[K::SharedPrt,const srd::shared_prt<const Fibonacci::Feedback> feedback);
      |                            [01;31m[K^~~~~~~~~~~~~~~~~~~[m[K
[01m[K/home/maddy/qt_ros_workspace/qt_ros/include/qt_ros/my_window.hpp:38:65:[m[K [01;31m[Kerror: [m[K‘[01m[Ksrd[m[K’ does not name a type
   38 |     void feedback_callback(GoalHandleFibonacci::SharedPrt,const [01;31m[Ksrd[m[K::shared_prt<const Fibonacci::Feedback> feedback);
      |                                                                 [01;31m[K^~~[m[K
[01m[K/home/maddy/qt_ros_workspace/qt_ros/include/qt_ros/my_window.hpp:38:80:[m[K [01;31m[Kerror: [m[Kexpected unqualified-id before ‘[01m[K<[m[K’ token
   38 |     void feedback_callback(GoalHandleFibonacci::SharedPrt,const srd::shared_prt[01;31m[K<[m[Kconst Fibonacci::Feedback> feedback);
      |                                                                                [01;31m[K^[m[K
[01m[K/home/maddy/qt_ros_workspace/qt_ros/include/qt_ros/my_window.hpp:38:80:[m[K [01;31m[Kerror: [m[Kexpected ‘[01m[K)[m[K’ before ‘[01m[K<[m[K’ token
   38 |     void feedback_callback[34m[K([m[KGoalHandleFibonacci::SharedPrt,const srd::shared_prt[01;31m[K<[m[Kconst Fibonacci::Feedback> feedback);
      |                           [34m[K~[m[K                                                    [01;31m[K^[m[K
      |                                                                                [32m[K)[m[K
[01m[K/home/maddy/qt_ros_workspace/qt_ros/include/qt_ros/my_window.hpp:38:70:[m[K [01;31m[Kerror: [m[Kexpected ‘[01m[K;[m[K’ at end of member declaration
   38 |     void feedback_callback(GoalHandleFibonacci::SharedPrt,const srd::[01;31m[Kshared_prt[m[K<const Fibonacci::Feedback> feedback);
      |                                                                      [01;31m[K^~~~~~~~~~[m[K
      |                                                                                [32m[K;[m[K
[01m[K/home/maddy/qt_ros_workspace/qt_ros/include/qt_ros/my_window.hpp:38:80:[m[K [01;31m[Kerror: [m[Kexpected unqualified-id before ‘[01m[K<[m[K’ token
   38 |     void feedback_callback(GoalHandleFibonacci::SharedPrt,const srd::shared_prt[01;31m[K<[m[Kconst Fibonacci::Feedback> feedback);
      |                                                                                [01;31m[K^[m[K
[01m[K/home/maddy/qt_ros_workspace/qt_ros/include/qt_ros/my_window.hpp:39:32:[m[K [01;31m[Kerror: [m[K‘[01m[KGoalHandleFibonacci[m[K’ does not name a type
   39 |     void result_callback(const [01;31m[KGoalHandleFibonacci[m[K::WrappedResult & result);
      |                                [01;31m[K^~~~~~~~~~~~~~~~~~~[m[K
[01m[K/home/maddy/qt_ros_workspace/qt_ros/include/qt_ros/my_window.hpp:39:67:[m[K [01;31m[Kerror: [m[Kexpected unqualified-id before ‘[01m[K&[m[K’ token
   39 |     void result_callback(const GoalHandleFibonacci::WrappedResult [01;31m[K&[m[K result);
      |                                                                   [01;31m[K^[m[K
[01m[K/home/maddy/qt_ros_workspace/qt_ros/include/qt_ros/my_window.hpp:39:66:[m[K [01;31m[Kerror: [m[Kexpected ‘[01m[K)[m[K’ before ‘[01m[K&[m[K’ token
   39 |     void result_callback[34m[K([m[Kconst GoalHandleFibonacci::WrappedResult[01;31m[K [m[K[32m[K&[m[K result);
      |                         [34m[K~[m[K                                        [01;31m[K^[m[K[32m[K~[m[K
      |                                                                  [32m[K)[m[K
[01m[K/home/maddy/qt_ros_workspace/qt_ros/include/qt_ros/my_window.hpp:39:67:[m[K [01;31m[Kerror: [m[Kexpected ‘[01m[K;[m[K’ at end of member declaration
   39 |     void result_callback(const GoalHandleFibonacci::WrappedResult [01;31m[K&[m[K result);
      |                                                                   [01;31m[K^[m[K
      |                                                                    [32m[K;[m[K
[01m[K/home/maddy/qt_ros_workspace/qt_ros/include/qt_ros/my_window.hpp:39:69:[m[K [01;31m[Kerror: [m[K‘[01m[Kresult[m[K’ does not name a type
   39 |     void result_callback(const GoalHandleFibonacci::WrappedResult & [01;31m[Kresult[m[K);
      |                                                                     [01;31m[K^~~~~~[m[K
[01m[K/home/maddy/qt_ros_workspace/qt_ros/include/qt_ros/my_window.hpp:47:40:[m[K [01;31m[Kerror: [m[K‘[01m[KGoalHandleFibonacci[m[K’ was not declared in this scope
   47 |     void execute(const std::shared_ptr<[01;31m[KGoalHandleFibonacci[m[K> goal_handle);
      |                                        [01;31m[K^~~~~~~~~~~~~~~~~~~[m[K
[01m[K/home/maddy/qt_ros_workspace/qt_ros/include/qt_ros/my_window.hpp:47:59:[m[K [01;31m[Kerror: [m[Ktemplate argument 1 is invalid
   47 |     void execute(const std::shared_ptr<GoalHandleFibonacci[01;31m[K>[m[K goal_handle);
      |                                                           [01;31m[K^[m[K
[01m[K/home/maddy/qt_ros_workspace/qt_ros/include/qt_ros/my_window.hpp:51:23:[m[K [01;31m[Kerror: [m[K‘[01m[Kstd_msgs[m[K’ was not declared in this scope
   51 |     rclcpp::Publisher<[01;31m[Kstd_msgs[m[K::msg::String>::SharedPtr publisher_;
      |                       [01;31m[K^~~~~~~~[m[K
[01m[K/home/maddy/qt_ros_workspace/qt_ros/include/qt_ros/my_window.hpp:51:44:[m[K [01;31m[Kerror: [m[Ktemplate argument 1 is invalid
   51 |     rclcpp::Publisher<std_msgs::msg::String[01;31m[K>[m[K::SharedPtr publisher_;
      |                                            [01;31m[K^[m[K
[01m[K/home/maddy/qt_ros_workspace/qt_ros/include/qt_ros/my_window.hpp:51:47:[m[K [01;31m[Kerror: [m[Kexpected ‘[01m[K;[m[K’ at end of member declaration
   51 |     rclcpp::Publisher<std_msgs::msg::String>::[01;31m[KSharedPtr[m[K publisher_;
      |                                               [01;31m[K^~~~~~~~~[m[K
      |                                                        [32m[K;[m[K
[01m[K/home/maddy/qt_ros_workspace/qt_ros/include/qt_ros/my_window.hpp:51:57:[m[K [01;31m[Kerror: [m[K‘[01m[Kpublisher_[m[K’ does not name a type; did you mean ‘[01m[Krmw_publisher_t[m[K’?
   51 |     rclcpp::Publisher<std_msgs::msg::String>::SharedPtr [01;31m[Kpublisher_[m[K;
      |                                                         [01;31m[K^~~~~~~~~~[m[K
      |                                                         [32m[Krmw_publisher_t[m[K
[01m[K/home/maddy/qt_ros_workspace/qt_ros/include/qt_ros/my_window.hpp:54:27:[m[K [01;31m[Kerror: [m[K‘[01m[KFibonacci[m[K’ was not declared in this scope
   54 |     rclcpp_action::Client<[01;31m[KFibonacci[m[K>::SharedPtr client_ptr_;
      |                           [01;31m[K^~~~~~~~~[m[K
[01m[K/home/maddy/qt_ros_workspace/qt_ros/include/qt_ros/my_window.hpp:54:36:[m[K [01;31m[Kerror: [m[Ktemplate argument 1 is invalid
   54 |     rclcpp_action::Client<Fibonacci[01;31m[K>[m[K::SharedPtr client_ptr_;
      |                                    [01;31m[K^[m[K
[01m[K/home/maddy/qt_ros_workspace/qt_ros/include/qt_ros/my_window.hpp:54:39:[m[K [01;31m[Kerror: [m[Kexpected ‘[01m[K;[m[K’ at end of member declaration
   54 |     rclcpp_action::Client<Fibonacci>::[01;31m[KSharedPtr[m[K client_ptr_;
      |                                       [01;31m[K^~~~~~~~~[m[K
      |                                                [32m[K;[m[K
[01m[K/home/maddy/qt_ros_workspace/qt_ros/include/qt_ros/my_window.hpp:54:39:[m[K [01;31m[Kerror: [m[Kredeclaration of ‘[01m[Kint MyWindow::SharedPtr[m[K’
[01m[K/home/maddy/qt_ros_workspace/qt_ros/include/qt_ros/my_window.hpp:51:47:[m[K [01;36m[Knote: [m[Kprevious declaration ‘[01m[Kint MyWindow::SharedPtr[m[K’
   51 |     rclcpp::Publisher<std_msgs::msg::String>::[01;36m[KSharedPtr[m[K publisher_;
      |                                               [01;36m[K^~~~~~~~~[m[K
[01m[K/home/maddy/qt_ros_workspace/qt_ros/include/qt_ros/my_window.hpp:54:49:[m[K [01;31m[Kerror: [m[K‘[01m[Kclient_ptr_[m[K’ does not name a type
   54 |     rclcpp_action::Client<Fibonacci>::SharedPtr [01;31m[Kclient_ptr_[m[K;
      |                                                 [01;31m[K^~~~~~~~~~~[m[K
[01m[K/home/maddy/qt_ros_workspace/qt_ros/include/qt_ros/my_window.hpp:55:27:[m[K [01;31m[Kerror: [m[K‘[01m[KFibonacci[m[K’ was not declared in this scope
   55 |     rclcpp_action::Server<[01;31m[KFibonacci[m[K>::SharedPtr action_server_
      |                           [01;31m[K^~~~~~~~~[m[K
[01m[K/home/maddy/qt_ros_workspace/qt_ros/include/qt_ros/my_window.hpp:55:36:[m[K [01;31m[Kerror: [m[Ktemplate argument 1 is invalid
   55 |     rclcpp_action::Server<Fibonacci[01;31m[K>[m[K::SharedPtr action_server_
      |                                    [01;31m[K^[m[K
[01m[K/home/maddy/qt_ros_workspace/qt_ros/include/qt_ros/my_window.hpp:55:39:[m[K [01;31m[Kerror: [m[Kexpected ‘[01m[K;[m[K’ at end of member declaration
   55 |     rclcpp_action::Server<Fibonacci>::[01;31m[KSharedPtr[m[K action_server_
      |                                       [01;31m[K^~~~~~~~~[m[K
      |                                                [32m[K;[m[K
[01m[K/home/maddy/qt_ros_workspace/qt_ros/include/qt_ros/my_window.hpp:55:39:[m[K [01;31m[Kerror: [m[Kredeclaration of ‘[01m[Kint MyWindow::SharedPtr[m[K’
[01m[K/home/maddy/qt_ros_workspace/qt_ros/include/qt_ros/my_window.hpp:51:47:[m[K [01;36m[Knote: [m[Kprevious declaration ‘[01m[Kint MyWindow::SharedPtr[m[K’
   51 |     rclcpp::Publisher<std_msgs::msg::String>::[01;36m[KSharedPtr[m[K publisher_;
      |                                               [01;36m[K^~~~~~~~~[m[K
[01m[K/home/maddy/qt_ros_workspace/qt_ros/include/qt_ros/my_window.hpp:55:49:[m[K [01;31m[Kerror: [m[K‘[01m[Kaction_server_[m[K’ does not name a type; did you mean ‘[01m[Krcl_action_server_t[m[K’?
   55 |     rclcpp_action::Server<Fibonacci>::SharedPtr [01;31m[Kaction_server_[m[K
      |                                                 [01;31m[K^~~~~~~~~~~~~~[m[K
      |                                                 [32m[Krcl_action_server_t[m[K
[01m[K/home/maddy/qt_ros_workspace/qt_ros/include/qt_ros/my_window.hpp:54:27:[m[K [01;31m[Kerror: [m[K‘[01m[KFibonacci[m[K’ was not declared in this scope
   54 |     rclcpp_action::Client<[01;31m[KFibonacci[m[K>::SharedPtr client_ptr_;
      |                           [01;31m[K^~~~~~~~~[m[K
[01m[K/home/maddy/qt_ros_workspace/qt_ros/include/qt_ros/my_window.hpp:54:36:[m[K [01;31m[Kerror: [m[Ktemplate argument 1 is invalid
   54 |     rclcpp_action::Client<Fibonacci[01;31m[K>[m[K::SharedPtr client_ptr_;
      |                                    [01;31m[K^[m[K
[01m[K/home/maddy/qt_ros_workspace/qt_ros/include/qt_ros/my_window.hpp:54:39:[m[K [01;31m[Kerror: [m[Kexpected ‘[01m[K;[m[K’ at end of member declaration
   54 |     rclcpp_action::Client<Fibonacci>::[01;31m[KSharedPtr[m[K client_ptr_;
      |                                       [01;31m[K^~~~~~~~~[m[K
      |                                                [32m[K;[m[K
[01m[K/home/maddy/qt_ros_workspace/qt_ros/include/qt_ros/my_window.hpp:54:39:[m[K [01;31m[Kerror: [m[Kredeclaration of ‘[01m[Kint MyWindow::SharedPtr[m[K’
[01m[K/home/maddy/qt_ros_workspace/qt_ros/include/qt_ros/my_window.hpp:51:47:[m[K [01;36m[Knote: [m[Kprevious declaration ‘[01m[Kint MyWindow::SharedPtr[m[K’
   51 |     rclcpp::Publisher<std_msgs::msg::String>::[01;36m[KSharedPtr[m[K publisher_;
      |                                               [01;36m[K^~~~~~~~~[m[K
[01m[K/home/maddy/qt_ros_workspace/qt_ros/include/qt_ros/my_window.hpp:54:49:[m[K [01;31m[Kerror: [m[K‘[01m[Kclient_ptr_[m[K’ does not name a type
   54 |     rclcpp_action::Client<Fibonacci>::SharedPtr [01;31m[Kclient_ptr_[m[K;
      |                                                 [01;31m[K^~~~~~~~~~~[m[K
[01m[K/home/maddy/qt_ros_workspace/qt_ros/include/qt_ros/my_window.hpp:55:27:[m[K [01;31m[Kerror: [m[K‘[01m[KFibonacci[m[K’ was not declared in this scope
   55 |     rclcpp_action::Server<[01;31m[KFibonacci[m[K>::SharedPtr action_server_
      |                           [01;31m[K^~~~~~~~~[m[K
[01m[K/home/maddy/qt_ros_workspace/qt_ros/include/qt_ros/my_window.hpp:55:36:[m[K [01;31m[Kerror: [m[Ktemplate argument 1 is invalid
   55 |     rclcpp_action::Server<Fibonacci[01;31m[K>[m[K::SharedPtr action_server_
      |                                    [01;31m[K^[m[K
[01m[K/home/maddy/qt_ros_workspace/qt_ros/include/qt_ros/my_window.hpp:55:39:[m[K [01;31m[Kerror: [m[Kexpected ‘[01m[K;[m[K’ at end of member declaration
   55 |     rclcpp_action::Server<Fibonacci>::[01;31m[KSharedPtr[m[K action_server_
      |                                       [01;31m[K^~~~~~~~~[m[K
      |                                                [32m[K;[m[K
[01m[K/home/maddy/qt_ros_workspace/qt_ros/include/qt_ros/my_window.hpp:55:39:[m[K [01;31m[Kerror: [m[Kredeclaration of ‘[01m[Kint MyWindow::SharedPtr[m[K’
[01m[K/home/maddy/qt_ros_workspace/qt_ros/include/qt_ros/my_window.hpp:51:47:[m[K [01;36m[Knote: [m[Kprevious declaration ‘[01m[Kint MyWindow::SharedPtr[m[K’
   51 |     rclcpp::Publisher<std_msgs::msg::String>::[01;36m[KSharedPtr[m[K publisher_;
      |                                               [01;36m[K^~~~~~~~~[m[K
[01m[K/home/maddy/qt_ros_workspace/qt_ros/include/qt_ros/my_window.hpp:55:49:[m[K [01;31m[Kerror: [m[K‘[01m[Kaction_server_[m[K’ does not name a type; did you mean ‘[01m[Krcl_action_server_t[m[K’?
   55 |     rclcpp_action::Server<Fibonacci>::SharedPtr [01;31m[Kaction_server_[m[K
      |                                                 [01;31m[K^~~~~~~~~~~~~~[m[K
      |                                                 [32m[Krcl_action_server_t[m[K
[01m[K/home/maddy/qt_ros_workspace/qt_ros/src/my_window.cpp:[m[K In constructor ‘[01m[KMyWindow::MyWindow(rclcpp::Node::SharedPtr, QWidget*)[m[K’:
[01m[K/home/maddy/qt_ros_workspace/qt_ros/src/my_window.cpp:16:5:[m[K [01;31m[Kerror: [m[K‘[01m[Kpublisher_[m[K’ was not declared in this scope; did you mean ‘[01m[Kpublishing_[m[K’?
   16 |     [01;31m[Kpublisher_[m[K = node_->create_publisher<std_msgs::msg::String>("chatter", 10);
      |     [01;31m[K^~~~~~~~~~[m[K
      |     [32m[Kpublishing_[m[K
[01m[K/home/maddy/qt_ros_workspace/qt_ros/src/my_window.cpp:16:42:[m[K [01;31m[Kerror: [m[K‘[01m[Kstd_msgs[m[K’ was not declared in this scope
   16 |     publisher_ = node_->create_publisher<[01;31m[Kstd_msgs[m[K::msg::String>("chatter", 10);
      |                                          [01;31m[K^~~~~~~~[m[K
[01m[K/home/maddy/qt_ros_workspace/qt_ros/src/my_window.cpp:16:25:[m[K [01;31m[Kerror: [m[Kparse error in template argument list
   16 |     publisher_ = node_->[01;31m[Kcreate_publisher<std_msgs::msg::String>[m[K("chatter", 10);
      |                         [01;31m[K^~~~~~~~~~~~~~~~~~~~~~~~~~~~~~~~~~~~~~~[m[K
[01m[K/home/maddy/qt_ros_workspace/qt_ros/src/my_window.cpp:16:64:[m[K [01;31m[Kerror: [m[Kno matching function for call to ‘[01m[Krclcpp::Node::create_publisher<<expression error> >(const char [8], int)[m[K’
   16 |     publisher_ = [01;31m[Knode_->create_publisher<std_msgs::msg::String>("chatter", 10)[m[K;
      |                  [01;31m[K~~~~~~~~~~~~~~~~~~~~~~~~~~~~~~~~~~~~~~~~~~~~~~^~~~~~~~~~~~~~~[m[K
In file included from [01m[K/opt/ros/humble/include/rclcpp/rclcpp/executors/single_threaded_executor.hpp:28[m[K,
                 from [01m[K/opt/ros/humble/include/rclcpp/rclcpp/executors.hpp:22[m[K,
                 from [01m[K/opt/ros/humble/include/rclcpp/rclcpp/rclcpp.hpp:155[m[K,
                 from [01m[K/home/maddy/qt_ros_workspace/qt_ros/include/qt_ros/my_window.hpp:11[m[K,
                 from [01m[K/home/maddy/qt_ros_workspace/qt_ros/src/my_window.cpp:1[m[K:
[01m[K/opt/ros/humble/include/rclcpp/rclcpp/node.hpp:195:3:[m[K [01;36m[Knote: [m[Kcandidate: ‘[01m[Ktemplate<class MessageT, class AllocatorT, class PublisherT> std::shared_ptr<PublisherT> rclcpp::Node::create_publisher(const string&, const rclcpp::QoS&, const rclcpp::PublisherOptionsWithAllocator<AllocatorT>&)[m[K’
  195 |   [01;36m[Kcreate_publisher[m[K(
      |   [01;36m[K^~~~~~~~~~~~~~~~[m[K
[01m[K/opt/ros/humble/include/rclcpp/rclcpp/node.hpp:195:3:[m[K [01;36m[Knote: [m[K  template argument deduction/substitution failed:
[01m[K/home/maddy/qt_ros_workspace/qt_ros/src/my_window.cpp:16:64:[m[K [01;31m[Kerror: [m[Ktemplate argument 1 is invalid
   16 |     publisher_ = [01;31m[Knode_->create_publisher<std_msgs::msg::String>("chatter", 10)[m[K;
      |                  [01;31m[K~~~~~~~~~~~~~~~~~~~~~~~~~~~~~~~~~~~~~~~~~~~~~~^~~~~~~~~~~~~~~[m[K
[01m[K/home/maddy/qt_ros_workspace/qt_ros/src/my_window.cpp:20:5:[m[K [01;31m[Kerror: [m[K‘[01m[Kclient_ptr_[m[K’ was not declared in this scope
   20 |     [01;31m[Kclient_ptr_[m[K =node->create_client<qt_ros::action::Fibonacci>(this,"qt_fibonacci");
      |     [01;31m[K^~~~~~~~~~~[m[K
[01m[K/home/maddy/qt_ros_workspace/qt_ros/src/my_window.cpp:20:46:[m[K [01;31m[Kerror: [m[K‘[01m[Kaction[m[K’ is not a member of ‘[01m[Kqt_ros[m[K’
   20 |     client_ptr_ =node->create_client<qt_ros::[01;31m[Kaction[m[K::Fibonacci>(this,"qt_fibonacci");
      |                                              [01;31m[K^~~~~~[m[K
[01m[K/home/maddy/qt_ros_workspace/qt_ros/src/my_window.cpp:20:24:[m[K [01;31m[Kerror: [m[Kparse error in template argument list
   20 |     client_ptr_ =node->[01;31m[Kcreate_client<qt_ros::action::Fibonacci>[m[K(this,"qt_fibonacci");
      |                        [01;31m[K^~~~~~~~~~~~~~~~~~~~~~~~~~~~~~~~~~~~~~~~[m[K
[01m[K/home/maddy/qt_ros_workspace/qt_ros/src/my_window.cpp:20:64:[m[K [01;31m[Kerror: [m[Kno matching function for call to ‘[01m[Krclcpp::Node::create_client<<expression error> >(MyWindow*, const char [13])[m[K’
   20 |     client_ptr_ =[01;31m[Knode->create_client<qt_ros::action::Fibonacci>(this,"qt_fibonacci")[m[K;
      |                  [01;31m[K~~~~~~~~~~~~~~~~~~~~~~~~~~~~~~~~~~~~~~~~~~~~~~^~~~~~~~~~~~~~~~~~~~~[m[K
In file included from [01m[K/opt/ros/humble/include/rclcpp/rclcpp/node.hpp:1321[m[K,
                 from [01m[K/opt/ros/humble/include/rclcpp/rclcpp/executors/single_threaded_executor.hpp:28[m[K,
                 from [01m[K/opt/ros/humble/include/rclcpp/rclcpp/executors.hpp:22[m[K,
                 from [01m[K/opt/ros/humble/include/rclcpp/rclcpp/rclcpp.hpp:155[m[K,
                 from [01m[K/home/maddy/qt_ros_workspace/qt_ros/include/qt_ros/my_window.hpp:11[m[K,
                 from [01m[K/home/maddy/qt_ros_workspace/qt_ros/src/my_window.cpp:1[m[K:
[01m[K/opt/ros/humble/include/rclcpp/rclcpp/node_impl.hpp:125:1:[m[K [01;36m[Knote: [m[Kcandidate: ‘[01m[Ktemplate<class ServiceT> typename rclcpp::Client<ServiceT>::SharedPtr rclcpp::Node::create_client(const string&, const rmw_qos_profile_t&, rclcpp::CallbackGroup::SharedPtr)[m[K’
  125 | [01;36m[KNode[m[K::create_client(
      | [01;36m[K^~~~[m[K
[01m[K/opt/ros/humble/include/rclcpp/rclcpp/node_impl.hpp:125:1:[m[K [01;36m[Knote: [m[K  template argument deduction/substitution failed:
[01m[K/home/maddy/qt_ros_workspace/qt_ros/src/my_window.cpp:20:64:[m[K [01;31m[Kerror: [m[Ktemplate argument 1 is invalid
   20 |     client_ptr_ =[01;31m[Knode->create_client<qt_ros::action::Fibonacci>(this,"qt_fibonacci")[m[K;
      |                  [01;31m[K~~~~~~~~~~~~~~~~~~~~~~~~~~~~~~~~~~~~~~~~~~~~~~^~~~~~~~~~~~~~~~~~~~~[m[K
[01m[K/home/maddy/qt_ros_workspace/qt_ros/src/my_window.cpp:21:5:[m[K [01;31m[Kerror: [m[K‘[01m[Kaction_server[m[K’ was not declared in this scope; did you mean ‘[01m[Krcl_action_server_t[m[K’?
   21 |     [01;31m[Kaction_server[m[K = node->rclcpp_action::create_server<Fibonacci>(
      |     [01;31m[K^~~~~~~~~~~~~[m[K
      |     [32m[Krcl_action_server_t[m[K
[01m[K/home/maddy/qt_ros_workspace/qt_ros/src/my_window.cpp:21:56:[m[K [01;31m[Kerror: [m[K‘[01m[KFibonacci[m[K’ was not declared in this scope
   21 |     action_server = node->rclcpp_action::create_server<[01;31m[KFibonacci[m[K>(
      |                                                        [01;31m[K^~~~~~~~~[m[K
[01m[K/home/maddy/qt_ros_workspace/qt_ros/src/my_window.cpp:21:27:[m[K [01;31m[Kerror: [m[K‘[01m[Krclcpp_action::create_server<<expression error> >[m[K’ is not a class member
   21 |     action_server = node->[01;31m[Krclcpp_action[m[K::create_server<Fibonacci>(
      |                           [01;31m[K^~~~~~~~~~~~~[m[K
[01m[K/home/maddy/qt_ros_workspace/qt_ros/src/my_window.cpp:24:18:[m[K [01;31m[Kerror: [m[K‘[01m[KFibonacciActionServer[m[K’ has not been declared
   24 |       std::bind(&[01;31m[KFibonacciActionServer[m[K::handle_goal, this, _1, _2),
      |                  [01;31m[K^~~~~~~~~~~~~~~~~~~~~[m[K
[01m[K/home/maddy/qt_ros_workspace/qt_ros/src/my_window.cpp:24:60:[m[K [01;31m[Kerror: [m[K‘[01m[K_1[m[K’ was not declared in this scope; did you mean ‘[01m[Kstd::placeholders::_1[m[K’?
   24 |       std::bind(&FibonacciActionServer::handle_goal, this, [01;31m[K_1[m[K, _2),
      |                                                            [01;31m[K^~[m[K
      |                                                            [32m[Kstd::placeholders::_1[m[K
In file included from [01m[K/usr/include/c++/11/pstl/glue_algorithm_defs.h:13[m[K,
                 from [01m[K/usr/include/c++/11/algorithm:74[m[K,
                 from [01m[K/usr/include/x86_64-linux-gnu/qt5/QtCore/qglobal.h:142[m[K,
                 from [01m[K/usr/include/x86_64-linux-gnu/qt5/QtGui/qtguiglobal.h:43[m[K,
                 from [01m[K/usr/include/x86_64-linux-gnu/qt5/QtWidgets/qtwidgetsglobal.h:43[m[K,
                 from [01m[K/usr/include/x86_64-linux-gnu/qt5/QtWidgets/qwidget.h:43[m[K,
                 from [01m[K/usr/include/x86_64-linux-gnu/qt5/QtWidgets/QWidget:1[m[K,
                 from [01m[K/home/maddy/qt_ros_workspace/qt_ros/include/qt_ros/my_window.hpp:8[m[K,
                 from [01m[K/home/maddy/qt_ros_workspace/qt_ros/src/my_window.cpp:1[m[K:
[01m[K/usr/include/c++/11/functional:225:34:[m[K [01;36m[Knote: [m[K‘[01m[Kstd::placeholders::_1[m[K’ declared here
  225 |     extern const _Placeholder<1> [01;36m[K_1[m[K;
      |                                  [01;36m[K^~[m[K
[01m[K/home/maddy/qt_ros_workspace/qt_ros/src/my_window.cpp:24:64:[m[K [01;31m[Kerror: [m[K‘[01m[K_2[m[K’ was not declared in this scope; did you mean ‘[01m[Kstd::placeholders::_2[m[K’?
   24 |       std::bind(&FibonacciActionServer::handle_goal, this, _1, [01;31m[K_2[m[K),
      |                                                                [01;31m[K^~[m[K
      |                                                                [32m[Kstd::placeholders::_2[m[K
In file included from [01m[K/usr/include/c++/11/pstl/glue_algorithm_defs.h:13[m[K,
                 from [01m[K/usr/include/c++/11/algorithm:74[m[K,
                 from [01m[K/usr/include/x86_64-linux-gnu/qt5/QtCore/qglobal.h:142[m[K,
                 from [01m[K/usr/include/x86_64-linux-gnu/qt5/QtGui/qtguiglobal.h:43[m[K,
                 from [01m[K/usr/include/x86_64-linux-gnu/qt5/QtWidgets/qtwidgetsglobal.h:43[m[K,
                 from [01m[K/usr/include/x86_64-linux-gnu/qt5/QtWidgets/qwidget.h:43[m[K,
                 from [01m[K/usr/include/x86_64-linux-gnu/qt5/QtWidgets/QWidget:1[m[K,
                 from [01m[K/home/maddy/qt_ros_workspace/qt_ros/include/qt_ros/my_window.hpp:8[m[K,
                 from [01m[K/home/maddy/qt_ros_workspace/qt_ros/src/my_window.cpp:1[m[K:
[01m[K/usr/include/c++/11/functional:226:34:[m[K [01;36m[Knote: [m[K‘[01m[Kstd::placeholders::_2[m[K’ declared here
  226 |     extern const _Placeholder<2> [01;36m[K_2[m[K;
      |                                  [01;36m[K^~[m[K
[01m[K/home/maddy/qt_ros_workspace/qt_ros/src/my_window.cpp:25:18:[m[K [01;31m[Kerror: [m[K‘[01m[KFibonacciActionServer[m[K’ has not been declared
   25 |       std::bind(&[01;31m[KFibonacciActionServer[m[K::handle_cancel, this, _1),
      |                  [01;31m[K^~~~~~~~~~~~~~~~~~~~~[m[K
[01m[K/home/maddy/qt_ros_workspace/qt_ros/src/my_window.cpp:26:18:[m[K [01;31m[Kerror: [m[K‘[01m[KFibonacciActionServer[m[K’ has not been declared
   26 |       std::bind(&[01;31m[KFibonacciActionServer[m[K::handle_accepted, this, _1));
      |                  [01;31m[K^~~~~~~~~~~~~~~~~~~~~[m[K
[01m[K/home/maddy/qt_ros_workspace/qt_ros/src/my_window.cpp:35:13:[m[K [01;31m[Kerror: [m[K‘[01m[Kclass QVBoxLayout[m[K’ has no member named ‘[01m[Kaddwidget[m[K’; did you mean ‘[01m[KaddWidget[m[K’?
   35 |     layout->[01;31m[Kaddwidget[m[K(button_3);
      |             [01;31m[K^~~~~~~~~[m[K
      |             [32m[KaddWidget[m[K
[01m[K/home/maddy/qt_ros_workspace/qt_ros/src/my_window.cpp:37:5:[m[K [01;31m[Kerror: [m[K‘[01m[Ktimer_[m[K’ was not declared in this scope; did you mean ‘[01m[Ktimer_t[m[K’?
   37 |     [01;31m[Ktimer_[m[K = node_->create_wall_timer(
      |     [01;31m[K^~~~~~[m[K
      |     [32m[Ktimer_t[m[K
[01m[K/home/maddy/qt_ros_workspace/qt_ros/src/my_window.cpp:43:20:[m[K [01;31m[Kerror: [m[K‘[01m[Kclass MyWindow[m[K’ has no member named ‘[01m[Kcreate_wall_timer[m[K’
   43 |     timer_ = this->[01;31m[Kcreate_wall_timer[m[K(
      |                    [01;31m[K^~~~~~~~~~~~~~~~~[m[K
[01m[K/home/maddy/qt_ros_workspace/qt_ros/src/my_window.cpp:45:20:[m[K [01;31m[Kerror: [m[K‘[01m[KFibonacciActionClient[m[K’ has not been declared
   45 |         std::bind(&[01;31m[KFibonacciActionClient[m[K::send_goal, this));
      |                    [01;31m[K^~~~~~~~~~~~~~~~~~~~~[m[K
[01m[K/home/maddy/qt_ros_workspace/qt_ros/src/my_window.cpp:[m[K In member function ‘[01m[Kvoid MyWindow::toggle_timer()[m[K’:
[01m[K/home/maddy/qt_ros_workspace/qt_ros/src/my_window.cpp:68:9:[m[K [01;31m[Kerror: [m[K‘[01m[Ktimer_[m[K’ was not declared in this scope; did you mean ‘[01m[Ktimer_t[m[K’?
   68 |         [01;31m[Ktimer_[m[K->reset();                     // start
      |         [01;31m[K^~~~~~[m[K
      |         [32m[Ktimer_t[m[K
[01m[K/home/maddy/qt_ros_workspace/qt_ros/src/my_window.cpp:74:9:[m[K [01;31m[Kerror: [m[K‘[01m[Ktimer_[m[K’ was not declared in this scope; did you mean ‘[01m[Ktimer_t[m[K’?
   74 |         [01;31m[Ktimer_[m[K->cancel();                    // stop
      |         [01;31m[K^~~~~~[m[K
      |         [32m[Ktimer_t[m[K
[01m[K/home/maddy/qt_ros_workspace/qt_ros/src/my_window.cpp:[m[K In member function ‘[01m[Kvoid MyWindow::handleButtonClick_callback()[m[K’:
[01m[K/home/maddy/qt_ros_workspace/qt_ros/src/my_window.cpp:83:5:[m[K [01;31m[Kerror: [m[K‘[01m[Ktimer_[m[K’ was not declared in this scope; did you mean ‘[01m[Ktimer_t[m[K’?
   83 |     [01;31m[Ktimer_[m[K->reset();
      |     [01;31m[K^~~~~~[m[K
      |     [32m[Ktimer_t[m[K
[01m[K/home/maddy/qt_ros_workspace/qt_ros/src/my_window.cpp:85:5:[m[K [01;31m[Kerror: [m[K‘[01m[Kstd_msgs[m[K’ has not been declared
   85 |     [01;31m[Kstd_msgs[m[K::msg::String message;
      |     [01;31m[K^~~~~~~~[m[K
[01m[K/home/maddy/qt_ros_workspace/qt_ros/src/my_window.cpp:86:5:[m[K [01;31m[Kerror: [m[K‘[01m[Kmessage[m[K’ was not declared in this scope
   86 |     [01;31m[Kmessage[m[K.data = "Hello from Qt Button!";
      |     [01;31m[K^~~~~~~[m[K
[01m[K/home/maddy/qt_ros_workspace/qt_ros/src/my_window.cpp:88:5:[m[K [01;31m[Kerror: [m[K‘[01m[Kpublisher_[m[K’ was not declared in this scope; did you mean ‘[01m[Kpublishing_[m[K’?
   88 |     [01;31m[Kpublisher_[m[K->publish(message);
      |     [01;31m[K^~~~~~~~~~[m[K
      |     [32m[Kpublishing_[m[K
[01m[K/home/maddy/qt_ros_workspace/qt_ros/src/my_window.cpp:[m[K In member function ‘[01m[Kvoid MyWindow::send_goal()[m[K’:
[01m[K/home/maddy/qt_ros_workspace/qt_ros/src/my_window.cpp:143:11:[m[K [01;31m[Kerror: [m[K‘[01m[Kclass MyWindow[m[K’ has no member named ‘[01m[Ktimer_[m[K’
  143 |     this->[01;31m[Ktimer_[m[K->cancel();
      |           [01;31m[K^~~~~~[m[K
[01m[K/home/maddy/qt_ros_workspace/qt_ros/src/my_window.cpp:144:15:[m[K [01;31m[Kerror: [m[K‘[01m[Kclass MyWindow[m[K’ has no member named ‘[01m[Kclient_prt_[m[K’; did you mean ‘[01m[Kclient_req[m[K’?
  144 |     if (this->[01;31m[Kclient_prt_[m[K->wait_for_action_server()){
      |               [01;31m[K^~~~~~~~~~~[m[K
      |               [32m[Kclient_req[m[K
In file included from [01m[K/opt/ros/humble/include/rclcpp/rclcpp/client.hpp:40[m[K,
                 from [01m[K/opt/ros/humble/include/rclcpp/rclcpp/callback_group.hpp:24[m[K,
                 from [01m[K/opt/ros/humble/include/rclcpp/rclcpp/any_executable.hpp:20[m[K,
                 from [01m[K/opt/ros/humble/include/rclcpp/rclcpp/memory_strategy.hpp:25[m[K,
                 from [01m[K/opt/ros/humble/include/rclcpp/rclcpp/memory_strategies.hpp:18[m[K,
                 from [01m[K/opt/ros/humble/include/rclcpp/rclcpp/executor_options.hpp:20[m[K,
                 from [01m[K/opt/ros/humble/include/rclcpp/rclcpp/executor.hpp:37[m[K,
                 from [01m[K/opt/ros/humble/include/rclcpp/rclcpp/executors/multi_threaded_executor.hpp:25[m[K,
                 from [01m[K/opt/ros/humble/include/rclcpp/rclcpp/executors.hpp:21[m[K,
                 from [01m[K/opt/ros/humble/include/rclcpp/rclcpp/rclcpp.hpp:155[m[K,
                 from [01m[K/home/maddy/qt_ros_workspace/qt_ros/include/qt_ros/my_window.hpp:11[m[K,
                 from [01m[K/home/maddy/qt_ros_workspace/qt_ros/src/my_window.cpp:1[m[K:
[01m[K/home/maddy/qt_ros_workspace/qt_ros/src/my_window.cpp:145:28:[m[K [01;31m[Kerror: [m[K‘[01m[Kclass MyWindow[m[K’ has no member named ‘[01m[Kget_logger[m[K’
  145 |         RCLCPP_ERROR(this->[01;31m[Kget_logger[m[K(),"Action server not available after waiting");
      |                            [01;31m[K^~~~~~~~~~[m[K
[01m[K/home/maddy/qt_ros_workspace/qt_ros/src/my_window.cpp:145:28:[m[K [01;31m[Kerror: [m[K‘[01m[Kclass MyWindow[m[K’ has no member named ‘[01m[Kget_logger[m[K’
[01m[K/home/maddy/qt_ros_workspace/qt_ros/src/my_window.cpp:145:9:[m[K [01;31m[Kerror: [m[Ktemplate argument 1 is invalid
  145 |         [01;31m[KRCLCPP_ERROR[m[K(this->get_logger(),"Action server not available after waiting");
      |         [01;31m[K^~~~~~~~~~~~[m[K
In file included from [01m[K/opt/ros/humble/include/rclcpp/rclcpp/logging.hpp:24[m[K,
                 from [01m[K/opt/ros/humble/include/rclcpp/rclcpp/client.hpp:40[m[K,
                 from [01m[K/opt/ros/humble/include/rclcpp/rclcpp/callback_group.hpp:24[m[K,
                 from [01m[K/opt/ros/humble/include/rclcpp/rclcpp/any_executable.hpp:20[m[K,
                 from [01m[K/opt/ros/humble/include/rclcpp/rclcpp/memory_strategy.hpp:25[m[K,
                 from [01m[K/opt/ros/humble/include/rclcpp/rclcpp/memory_strategies.hpp:18[m[K,
                 from [01m[K/opt/ros/humble/include/rclcpp/rclcpp/executor_options.hpp:20[m[K,
                 from [01m[K/opt/ros/humble/include/rclcpp/rclcpp/executor.hpp:37[m[K,
                 from [01m[K/opt/ros/humble/include/rclcpp/rclcpp/executors/multi_threaded_executor.hpp:25[m[K,
                 from [01m[K/opt/ros/humble/include/rclcpp/rclcpp/executors.hpp:21[m[K,
                 from [01m[K/opt/ros/humble/include/rclcpp/rclcpp/rclcpp.hpp:155[m[K,
                 from [01m[K/home/maddy/qt_ros_workspace/qt_ros/include/qt_ros/my_window.hpp:11[m[K,
                 from [01m[K/home/maddy/qt_ros_workspace/qt_ros/src/my_window.cpp:1[m[K:
[01m[K/home/maddy/qt_ros_workspace/qt_ros/src/my_window.cpp:145:28:[m[K [01;31m[Kerror: [m[K‘[01m[Kclass MyWindow[m[K’ has no member named ‘[01m[Kget_logger[m[K’
  145 |         RCLCPP_ERROR(this->[01;31m[Kget_logger[m[K(),"Action server not available after waiting");
      |                            [01;31m[K^~~~~~~~~~[m[K
[01m[K/home/maddy/qt_ros_workspace/qt_ros/src/my_window.cpp:145:28:[m[K [01;31m[Kerror: [m[K‘[01m[Kclass MyWindow[m[K’ has no member named ‘[01m[Kget_logger[m[K’
  145 |         RCLCPP_ERROR(this->[01;31m[Kget_logger[m[K(),"Action server not available after waiting");
      |                            [01;31m[K^~~~~~~~~~[m[K
[01m[K/home/maddy/qt_ros_workspace/qt_ros/src/my_window.cpp:149:5:[m[K [01;31m[Kerror: [m[K‘[01m[KFibonacci[m[K’ has not been declared
  149 |     [01;31m[KFibonacci[m[K::Goal goal_msg ;
      |     [01;31m[K^~~~~~~~~[m[K
[01m[K/home/maddy/qt_ros_workspace/qt_ros/src/my_window.cpp:150:5:[m[K [01;31m[Kerror: [m[K‘[01m[Kgoal_msg[m[K’ was not declared in this scope
  150 |     [01;31m[Kgoal_msg[m[K.order =10 ;
      |     [01;31m[K^~~~~~~~[m[K
In file included from [01m[K/opt/ros/humble/include/rclcpp/rclcpp/client.hpp:40[m[K,
                 from [01m[K/opt/ros/humble/include/rclcpp/rclcpp/callback_group.hpp:24[m[K,
                 from [01m[K/opt/ros/humble/include/rclcpp/rclcpp/any_executable.hpp:20[m[K,
                 from [01m[K/opt/ros/humble/include/rclcpp/rclcpp/memory_strategy.hpp:25[m[K,
                 from [01m[K/opt/ros/humble/include/rclcpp/rclcpp/memory_strategies.hpp:18[m[K,
                 from [01m[K/opt/ros/humble/include/rclcpp/rclcpp/executor_options.hpp:20[m[K,
                 from [01m[K/opt/ros/humble/include/rclcpp/rclcpp/executor.hpp:37[m[K,
                 from [01m[K/opt/ros/humble/include/rclcpp/rclcpp/executors/multi_threaded_executor.hpp:25[m[K,
                 from [01m[K/opt/ros/humble/include/rclcpp/rclcpp/executors.hpp:21[m[K,
                 from [01m[K/opt/ros/humble/include/rclcpp/rclcpp/rclcpp.hpp:155[m[K,
                 from [01m[K/home/maddy/qt_ros_workspace/qt_ros/include/qt_ros/my_window.hpp:11[m[K,
                 from [01m[K/home/maddy/qt_ros_workspace/qt_ros/src/my_window.cpp:1[m[K:
[01m[K/home/maddy/qt_ros_workspace/qt_ros/src/my_window.cpp:152:23:[m[K [01;31m[Kerror: [m[K‘[01m[Kclass MyWindow[m[K’ has no member named ‘[01m[Kget_logger[m[K’
  152 |     RCLCPP_INFO(this->[01;31m[Kget_logger[m[K(),"sending goal");
      |                       [01;31m[K^~~~~~~~~~[m[K
[01m[K/home/maddy/qt_ros_workspace/qt_ros/src/my_window.cpp:152:23:[m[K [01;31m[Kerror: [m[K‘[01m[Kclass MyWindow[m[K’ has no member named ‘[01m[Kget_logger[m[K’
[01m[K/home/maddy/qt_ros_workspace/qt_ros/src/my_window.cpp:152:5:[m[K [01;31m[Kerror: [m[Ktemplate argument 1 is invalid
  152 |     [01;31m[KRCLCPP_INFO[m[K(this->get_logger(),"sending goal");
      |     [01;31m[K^~~~~~~~~~~[m[K
In file included from [01m[K/opt/ros/humble/include/rclcpp/rclcpp/logging.hpp:24[m[K,
                 from [01m[K/opt/ros/humble/include/rclcpp/rclcpp/client.hpp:40[m[K,
                 from [01m[K/opt/ros/humble/include/rclcpp/rclcpp/callback_group.hpp:24[m[K,
                 from [01m[K/opt/ros/humble/include/rclcpp/rclcpp/any_executable.hpp:20[m[K,
                 from [01m[K/opt/ros/humble/include/rclcpp/rclcpp/memory_strategy.hpp:25[m[K,
                 from [01m[K/opt/ros/humble/include/rclcpp/rclcpp/memory_strategies.hpp:18[m[K,
                 from [01m[K/opt/ros/humble/include/rclcpp/rclcpp/executor_options.hpp:20[m[K,
                 from [01m[K/opt/ros/humble/include/rclcpp/rclcpp/executor.hpp:37[m[K,
                 from [01m[K/opt/ros/humble/include/rclcpp/rclcpp/executors/multi_threaded_executor.hpp:25[m[K,
                 from [01m[K/opt/ros/humble/include/rclcpp/rclcpp/executors.hpp:21[m[K,
                 from [01m[K/opt/ros/humble/include/rclcpp/rclcpp/rclcpp.hpp:155[m[K,
                 from [01m[K/home/maddy/qt_ros_workspace/qt_ros/include/qt_ros/my_window.hpp:11[m[K,
                 from [01m[K/home/maddy/qt_ros_workspace/qt_ros/src/my_window.cpp:1[m[K:
[01m[K/home/maddy/qt_ros_workspace/qt_ros/src/my_window.cpp:152:23:[m[K [01;31m[Kerror: [m[K‘[01m[Kclass MyWindow[m[K’ has no member named ‘[01m[Kget_logger[m[K’
  152 |     RCLCPP_INFO(this->[01;31m[Kget_logger[m[K(),"sending goal");
      |                       [01;31m[K^~~~~~~~~~[m[K
[01m[K/home/maddy/qt_ros_workspace/qt_ros/src/my_window.cpp:152:23:[m[K [01;31m[Kerror: [m[K‘[01m[Kclass MyWindow[m[K’ has no member named ‘[01m[Kget_logger[m[K’
  152 |     RCLCPP_INFO(this->[01;31m[Kget_logger[m[K(),"sending goal");
      |                       [01;31m[K^~~~~~~~~~[m[K
[01m[K/home/maddy/qt_ros_workspace/qt_ros/src/my_window.cpp:154:27:[m[K [01;31m[Kerror: [m[K‘[01m[KFibonacci[m[K’ was not declared in this scope
  154 |     rclcpp_action::Client<[01;31m[KFibonacci[m[K>::SendGoalOption() send_goal_option ;
      |                           [01;31m[K^~~~~~~~~[m[K
[01m[K/home/maddy/qt_ros_workspace/qt_ros/src/my_window.cpp:154:36:[m[K [01;31m[Kerror: [m[Ktemplate argument 1 is invalid
  154 |     rclcpp_action::Client<Fibonacci[01;31m[K>[m[K::SendGoalOption() send_goal_option ;
      |                                    [01;31m[K^[m[K
[01m[K/home/maddy/qt_ros_workspace/qt_ros/src/my_window.cpp:154:53:[m[K [01;35m[Kwarning: [m[Kempty parentheses were disambiguated as a function declaration [[01;35m[K]8;;https://gcc.gnu.org/onlinedocs/gcc/Warning-Options.html#index-Wvexing-parse-Wvexing-parse]8;;[m[K]
  154 |     rclcpp_action::Client<Fibonacci>::SendGoalOption[01;35m[K()[m[K send_goal_option ;
      |                                                     [01;35m[K^~[m[K
[01m[K/home/maddy/qt_ros_workspace/qt_ros/src/my_window.cpp:154:53:[m[K [01;36m[Knote: [m[Kremove parentheses to default-initialize a variable
  154 |     rclcpp_action::Client<Fibonacci>::SendGoalOption[01;36m[K()[m[K send_goal_option ;
      |                                                     [01;36m[K^~[m[K
      |                                                     [31m[K--[m[K
[01m[K/home/maddy/qt_ros_workspace/qt_ros/src/my_window.cpp:154:53:[m[K [01;36m[Knote: [m[Kor replace parentheses with braces to value-initialize a variable
[01m[K/home/maddy/qt_ros_workspace/qt_ros/src/my_window.cpp:154:56:[m[K [01;31m[Kerror: [m[Kexpected initializer before ‘[01m[Ksend_goal_option[m[K’
  154 |     rclcpp_action::Client<Fibonacci>::SendGoalOption() [01;31m[Ksend_goal_option[m[K ;
      |                                                        [01;31m[K^~~~~~~~~~~~~~~~[m[K
[01m[K/home/maddy/qt_ros_workspace/qt_ros/src/my_window.cpp:155:5:[m[K [01;31m[Kerror: [m[K‘[01m[Ksend_goal_options[m[K’ was not declared in this scope
  155 |     [01;31m[Ksend_goal_options[m[K.goal_response_callback=
      |     [01;31m[K^~~~~~~~~~~~~~~~~[m[K
[01m[K/home/maddy/qt_ros_workspace/qt_ros/src/my_window.cpp:161:11:[m[K [01;31m[Kerror: [m[K‘[01m[Kclass MyWindow[m[K’ has no member named ‘[01m[Kclient_prt_[m[K’; did you mean ‘[01m[Kclient_req[m[K’?
  161 |     this->[01;31m[Kclient_prt_[m[K->async_send_goal(goal_msg,send_goal_options);
      |           [01;31m[K^~~~~~~~~~~[m[K
      |           [32m[Kclient_req[m[K
[01m[K/home/maddy/qt_ros_workspace/qt_ros/src/my_window.cpp:[m[K At global scope:
[01m[K/home/maddy/qt_ros_workspace/qt_ros/src/my_window.cpp:164:45:[m[K [01;31m[Kerror: [m[K‘[01m[KGoalHandleFibonacci[m[K’ does not name a type
  164 | void MyWindow::goal_response_callback(const [01;31m[KGoalHandleFibonacci[m[K::SharedPrt & goalhandle)
      |                                             [01;31m[K^~~~~~~~~~~~~~~~~~~[m[K
[01m[K/home/maddy/qt_ros_workspace/qt_ros/src/my_window.cpp:164:76:[m[K [01;31m[Kerror: [m[Kexpected unqualified-id before ‘[01m[K&[m[K’ token
  164 | void MyWindow::goal_response_callback(const GoalHandleFibonacci::SharedPrt [01;31m[K&[m[K goalhandle)
      |                                                                            [01;31m[K^[m[K
[01m[K/home/maddy/qt_ros_workspace/qt_ros/src/my_window.cpp:164:75:[m[K [01;31m[Kerror: [m[Kexpected ‘[01m[K)[m[K’ before ‘[01m[K&[m[K’ token
  164 | void MyWindow::goal_response_callback[34m[K([m[Kconst GoalHandleFibonacci::SharedPrt[01;31m[K [m[K[32m[K&[m[K goalhandle)
      |                                      [34m[K~[m[K                                    [01;31m[K^[m[K[32m[K~[m[K
      |                                                                           [32m[K)[m[K
[01m[K/home/maddy/qt_ros_workspace/qt_ros/src/my_window.cpp:164:78:[m[K [01;31m[Kerror: [m[Kexpected initializer before ‘[01m[Kgoalhandle[m[K’
  164 | void MyWindow::goal_response_callback(const GoalHandleFibonacci::SharedPrt & [01;31m[Kgoalhandle[m[K)
      |                                                                              [01;31m[K^~~~~~~~~~[m[K
[01m[K/home/maddy/qt_ros_workspace/qt_ros/src/my_window.cpp:173:6:[m[K [01;31m[Kerror: [m[Kvariable or field ‘[01m[Kfeedback_callback[m[K’ declared void
  173 | void [01;31m[KMyWindow[m[K::feedback_callback(GoalHandleFibonacci::SharedPrt,
      |      [01;31m[K^~~~~~~~[m[K
[01m[K/home/maddy/qt_ros_workspace/qt_ros/src/my_window.cpp:173:34:[m[K [01;31m[Kerror: [m[K‘[01m[KGoalHandleFibonacci[m[K’ has not been declared
  173 | void MyWindow::feedback_callback([01;31m[KGoalHandleFibonacci[m[K::SharedPrt,
      |                                  [01;31m[K^~~~~~~~~~~~~~~~~~~[m[K
[01m[K/home/maddy/qt_ros_workspace/qt_ros/src/my_window.cpp:174:5:[m[K [01;31m[Kerror: [m[Kexpected primary-expression before ‘[01m[Kconst[m[K’
  174 |     [01;31m[Kconst[m[K srd::shared_prt<const Fibonacci::Feedback> feedback)
      |     [01;31m[K^~~~~[m[K
[01m[K/home/maddy/qt_ros_workspace/qt_ros/src/my_window.cpp:185:38:[m[K [01;31m[Kerror: [m[K‘[01m[KGoalHandleFibonacci[m[K’ does not name a type
  185 | void MyWindow::result_callback(const [01;31m[KGoalHandleFibonacci[m[K::WrappedResult & result)
      |                                      [01;31m[K^~~~~~~~~~~~~~~~~~~[m[K
[01m[K/home/maddy/qt_ros_workspace/qt_ros/src/my_window.cpp:185:73:[m[K [01;31m[Kerror: [m[Kexpected unqualified-id before ‘[01m[K&[m[K’ token
  185 | void MyWindow::result_callback(const GoalHandleFibonacci::WrappedResult [01;31m[K&[m[K result)
      |                                                                         [01;31m[K^[m[K
[01m[K/home/maddy/qt_ros_workspace/qt_ros/src/my_window.cpp:185:72:[m[K [01;31m[Kerror: [m[Kexpected ‘[01m[K)[m[K’ before ‘[01m[K&[m[K’ token
  185 | void MyWindow::result_callback[34m[K([m[Kconst GoalHandleFibonacci::WrappedResult[01;31m[K [m[K[32m[K&[m[K result)
      |                               [34m[K~[m[K                                        [01;31m[K^[m[K[32m[K~[m[K
      |                                                                        [32m[K)[m[K
[01m[K/home/maddy/qt_ros_workspace/qt_ros/src/my_window.cpp:185:75:[m[K [01;31m[Kerror: [m[Kexpected initializer before ‘[01m[Kresult[m[K’
  185 | void MyWindow::result_callback(const GoalHandleFibonacci::WrappedResult & [01;31m[Kresult[m[K)
      |                                                                           [01;31m[K^~~~~~[m[K
[01m[K/home/maddy/qt_ros_workspace/qt_ros/src/my_window.cpp:205:42:[m[K [01;31m[Kerror: [m[K‘[01m[Kstd::shared_prt[m[K’ has not been declared
  205 |     const rclcpp_action::GoalUUID & uuid,[01;31m[Kstd[m[K::shared_prt<const Fibonacci::Goal> goal)
      |                                          [01;31m[K^~~[m[K
[01m[K/home/maddy/qt_ros_workspace/qt_ros/src/my_window.cpp:205:57:[m[K [01;31m[Kerror: [m[Kexpected ‘[01m[K,[m[K’ or ‘[01m[K...[m[K’ before ‘[01m[K<[m[K’ token
  205 |     const rclcpp_action::GoalUUID & uuid,std::shared_prt[01;31m[K<[m[Kconst Fibonacci::Goal> goal)
      |                                                         [01;31m[K^[m[K
In file included from [01m[K/opt/ros/humble/include/rclcpp/rclcpp/client.hpp:40[m[K,
                 from [01m[K/opt/ros/humble/include/rclcpp/rclcpp/callback_group.hpp:24[m[K,
                 from [01m[K/opt/ros/humble/include/rclcpp/rclcpp/any_executable.hpp:20[m[K,
                 from [01m[K/opt/ros/humble/include/rclcpp/rclcpp/memory_strategy.hpp:25[m[K,
                 from [01m[K/opt/ros/humble/include/rclcpp/rclcpp/memory_strategies.hpp:18[m[K,
                 from [01m[K/opt/ros/humble/include/rclcpp/rclcpp/executor_options.hpp:20[m[K,
                 from [01m[K/opt/ros/humble/include/rclcpp/rclcpp/executor.hpp:37[m[K,
                 from [01m[K/opt/ros/humble/include/rclcpp/rclcpp/executors/multi_threaded_executor.hpp:25[m[K,
                 from [01m[K/opt/ros/humble/include/rclcpp/rclcpp/executors.hpp:21[m[K,
                 from [01m[K/opt/ros/humble/include/rclcpp/rclcpp/rclcpp.hpp:155[m[K,
                 from [01m[K/home/maddy/qt_ros_workspace/qt_ros/include/qt_ros/my_window.hpp:11[m[K,
                 from [01m[K/home/maddy/qt_ros_workspace/qt_ros/src/my_window.cpp:1[m[K:
[01m[K/home/maddy/qt_ros_workspace/qt_ros/src/my_window.cpp:[m[K In function ‘[01m[Krclcpp_action::GoalResponse handle_goal(const GoalUUID&, int)[m[K’:
[01m[K/home/maddy/qt_ros_workspace/qt_ros/src/my_window.cpp:207:17:[m[K [01;31m[Kerror: [m[Kinvalid use of ‘[01m[Kthis[m[K’ in non-member function
  207 |     RCLCPP_INFO([01;31m[Kthis[m[K->get_logger(),"received goal request with order %d",goal-> order);
      |                 [01;31m[K^~~~[m[K
[01m[K/home/maddy/qt_ros_workspace/qt_ros/src/my_window.cpp:207:17:[m[K [01;31m[Kerror: [m[Kinvalid use of ‘[01m[Kthis[m[K’ in non-member function
[01m[K/home/maddy/qt_ros_workspace/qt_ros/src/my_window.cpp:207:5:[m[K [01;31m[Kerror: [m[Ktemplate argument 1 is invalid
  207 |     [01;31m[KRCLCPP_INFO[m[K(this->get_logger(),"received goal request with order %d",goal-> order);
      |     [01;31m[K^~~~~~~~~~~[m[K
In file included from [01m[K/opt/ros/humble/include/rclcpp/rclcpp/logging.hpp:24[m[K,
                 from [01m[K/opt/ros/humble/include/rclcpp/rclcpp/client.hpp:40[m[K,
                 from [01m[K/opt/ros/humble/include/rclcpp/rclcpp/callback_group.hpp:24[m[K,
                 from [01m[K/opt/ros/humble/include/rclcpp/rclcpp/any_executable.hpp:20[m[K,
                 from [01m[K/opt/ros/humble/include/rclcpp/rclcpp/memory_strategy.hpp:25[m[K,
                 from [01m[K/opt/ros/humble/include/rclcpp/rclcpp/memory_strategies.hpp:18[m[K,
                 from [01m[K/opt/ros/humble/include/rclcpp/rclcpp/executor_options.hpp:20[m[K,
                 from [01m[K/opt/ros/humble/include/rclcpp/rclcpp/executor.hpp:37[m[K,
                 from [01m[K/opt/ros/humble/include/rclcpp/rclcpp/executors/multi_threaded_executor.hpp:25[m[K,
                 from [01m[K/opt/ros/humble/include/rclcpp/rclcpp/executors.hpp:21[m[K,
                 from [01m[K/opt/ros/humble/include/rclcpp/rclcpp/rclcpp.hpp:155[m[K,
                 from [01m[K/home/maddy/qt_ros_workspace/qt_ros/include/qt_ros/my_window.hpp:11[m[K,
                 from [01m[K/home/maddy/qt_ros_workspace/qt_ros/src/my_window.cpp:1[m[K:
[01m[K/home/maddy/qt_ros_workspace/qt_ros/src/my_window.cpp:207:17:[m[K [01;31m[Kerror: [m[Kinvalid use of ‘[01m[Kthis[m[K’ in non-member function
  207 |     RCLCPP_INFO([01;31m[Kthis[m[K->get_logger(),"received goal request with order %d",goal-> order);
      |                 [01;31m[K^~~~[m[K
[01m[K/home/maddy/qt_ros_workspace/qt_ros/src/my_window.cpp:207:17:[m[K [01;31m[Kerror: [m[Kinvalid use of ‘[01m[Kthis[m[K’ in non-member function
  207 |     RCLCPP_INFO([01;31m[Kthis[m[K->get_logger(),"received goal request with order %d",goal-> order);
      |                 [01;31m[K^~~~[m[K
[01m[K/home/maddy/qt_ros_workspace/qt_ros/src/my_window.cpp:207:74:[m[K [01;31m[Kerror: [m[K‘[01m[Kgoal[m[K’ was not declared in this scope
  207 |     RCLCPP_INFO(this->get_logger(),"received goal request with order %d",[01;31m[Kgoal[m[K-> order);
      |                                                                          [01;31m[K^~~~[m[K
[01m[K/home/maddy/qt_ros_workspace/qt_ros/src/my_window.cpp:208:12:[m[K [01;31m[Kerror: [m[K‘[01m[Krclpp_action[m[K’ has not been declared
  208 |     return [01;31m[Krclpp_action[m[K::GoalResponse::ACCEPT_AND_EXECUTE;
      |            [01;31m[K^~~~~~~~~~~~[m[K
[01m[K/home/maddy/qt_ros_workspace/qt_ros/src/my_window.cpp:[m[K At global scope:
[01m[K/home/maddy/qt_ros_workspace/qt_ros/src/my_window.cpp:212:27:[m[K [01;31m[Kerror: [m[K‘[01m[KGoalHandleFibonacci[m[K’ was not declared in this scope
  212 |     const std::shared_ptr<[01;31m[KGoalHandleFibonacci[m[K> goal_handle)
      |                           [01;31m[K^~~~~~~~~~~~~~~~~~~[m[K
[01m[K/home/maddy/qt_ros_workspace/qt_ros/src/my_window.cpp:212:46:[m[K [01;31m[Kerror: [m[Ktemplate argument 1 is invalid
  212 |     const std::shared_ptr<GoalHandleFibonacci[01;31m[K>[m[K goal_handle)
      |                                              [01;31m[K^[m[K
In file included from [01m[K/opt/ros/humble/include/rclcpp/rclcpp/client.hpp:40[m[K,
                 from [01m[K/opt/ros/humble/include/rclcpp/rclcpp/callback_group.hpp:24[m[K,
                 from [01m[K/opt/ros/humble/include/rclcpp/rclcpp/any_executable.hpp:20[m[K,
                 from [01m[K/opt/ros/humble/include/rclcpp/rclcpp/memory_strategy.hpp:25[m[K,
                 from [01m[K/opt/ros/humble/include/rclcpp/rclcpp/memory_strategies.hpp:18[m[K,
                 from [01m[K/opt/ros/humble/include/rclcpp/rclcpp/executor_options.hpp:20[m[K,
                 from [01m[K/opt/ros/humble/include/rclcpp/rclcpp/executor.hpp:37[m[K,
                 from [01m[K/opt/ros/humble/include/rclcpp/rclcpp/executors/multi_threaded_executor.hpp:25[m[K,
                 from [01m[K/opt/ros/humble/include/rclcpp/rclcpp/executors.hpp:21[m[K,
                 from [01m[K/opt/ros/humble/include/rclcpp/rclcpp/rclcpp.hpp:155[m[K,
                 from [01m[K/home/maddy/qt_ros_workspace/qt_ros/include/qt_ros/my_window.hpp:11[m[K,
                 from [01m[K/home/maddy/qt_ros_workspace/qt_ros/src/my_window.cpp:1[m[K:
[01m[K/home/maddy/qt_ros_workspace/qt_ros/src/my_window.cpp:[m[K In function ‘[01m[Krclcpp_action::CancelResponse handle_cancel(int)[m[K’:
[01m[K/home/maddy/qt_ros_workspace/qt_ros/src/my_window.cpp:214:17:[m[K [01;31m[Kerror: [m[Kinvalid use of ‘[01m[Kthis[m[K’ in non-member function
  214 |     RCLCPP_INFO([01;31m[Kthis[m[K->get_logger(), "Received request to cancel goal");
      |                 [01;31m[K^~~~[m[K
[01m[K/home/maddy/qt_ros_workspace/qt_ros/src/my_window.cpp:214:17:[m[K [01;31m[Kerror: [m[Kinvalid use of ‘[01m[Kthis[m[K’ in non-member function
[01m[K/home/maddy/qt_ros_workspace/qt_ros/src/my_window.cpp:214:5:[m[K [01;31m[Kerror: [m[Ktemplate argument 1 is invalid
  214 |     [01;31m[KRCLCPP_INFO[m[K(this->get_logger(), "Received request to cancel goal");
      |     [01;31m[K^~~~~~~~~~~[m[K
In file included from [01m[K/opt/ros/humble/include/rclcpp/rclcpp/logging.hpp:24[m[K,
                 from [01m[K/opt/ros/humble/include/rclcpp/rclcpp/client.hpp:40[m[K,
                 from [01m[K/opt/ros/humble/include/rclcpp/rclcpp/callback_group.hpp:24[m[K,
                 from [01m[K/opt/ros/humble/include/rclcpp/rclcpp/any_executable.hpp:20[m[K,
                 from [01m[K/opt/ros/humble/include/rclcpp/rclcpp/memory_strategy.hpp:25[m[K,
                 from [01m[K/opt/ros/humble/include/rclcpp/rclcpp/memory_strategies.hpp:18[m[K,
                 from [01m[K/opt/ros/humble/include/rclcpp/rclcpp/executor_options.hpp:20[m[K,
                 from [01m[K/opt/ros/humble/include/rclcpp/rclcpp/executor.hpp:37[m[K,
                 from [01m[K/opt/ros/humble/include/rclcpp/rclcpp/executors/multi_threaded_executor.hpp:25[m[K,
                 from [01m[K/opt/ros/humble/include/rclcpp/rclcpp/executors.hpp:21[m[K,
                 from [01m[K/opt/ros/humble/include/rclcpp/rclcpp/rclcpp.hpp:155[m[K,
                 from [01m[K/home/maddy/qt_ros_workspace/qt_ros/include/qt_ros/my_window.hpp:11[m[K,
                 from [01m[K/home/maddy/qt_ros_workspace/qt_ros/src/my_window.cpp:1[m[K:
[01m[K/home/maddy/qt_ros_workspace/qt_ros/src/my_window.cpp:214:17:[m[K [01;31m[Kerror: [m[Kinvalid use of ‘[01m[Kthis[m[K’ in non-member function
  214 |     RCLCPP_INFO([01;31m[Kthis[m[K->get_logger(), "Received request to cancel goal");
      |                 [01;31m[K^~~~[m[K
[01m[K/home/maddy/qt_ros_workspace/qt_ros/src/my_window.cpp:214:17:[m[K [01;31m[Kerror: [m[Kinvalid use of ‘[01m[Kthis[m[K’ in non-member function
  214 |     RCLCPP_INFO([01;31m[Kthis[m[K->get_logger(), "Received request to cancel goal");
      |                 [01;31m[K^~~~[m[K
[01m[K/home/maddy/qt_ros_workspace/qt_ros/src/my_window.cpp:[m[K At global scope:
[01m[K/home/maddy/qt_ros_workspace/qt_ros/src/my_window.cpp:219:69:[m[K [01;31m[Kerror: [m[K‘[01m[KGoalHandleFibonacci[m[K’ was not declared in this scope
  219 | rclcpp_action::CancelResponse handle_accepted(const std::shared_ptr<[01;31m[KGoalHandleFibonacci[m[K> goal_handle)
      |                                                                     [01;31m[K^~~~~~~~~~~~~~~~~~~[m[K
[01m[K/home/maddy/qt_ros_workspace/qt_ros/src/my_window.cpp:219:88:[m[K [01;31m[Kerror: [m[Ktemplate argument 1 is invalid
  219 | rclcpp_action::CancelResponse handle_accepted(const std::shared_ptr<GoalHandleFibonacci[01;31m[K>[m[K goal_handle)
      |                                                                                        [01;31m[K^[m[K
[01m[K/home/maddy/qt_ros_workspace/qt_ros/src/my_window.cpp:[m[K In function ‘[01m[Krclcpp_action::CancelResponse handle_accepted(int)[m[K’:
[01m[K/home/maddy/qt_ros_workspace/qt_ros/src/my_window.cpp:221:26:[m[K [01;31m[Kerror: [m[K‘[01m[Kplaceholder[m[K’ is not a namespace-name; did you mean ‘[01m[Kplaceholders[m[K’?
  221 |     using namespace std::[01;31m[Kplaceholder[m[K;
      |                          [01;31m[K^~~~~~~~~~~[m[K
      |                          [32m[Kplaceholders[m[K
[01m[K/home/maddy/qt_ros_workspace/qt_ros/src/my_window.cpp:222:46:[m[K [01;31m[Kerror: [m[Kinvalid use of ‘[01m[Kthis[m[K’ in non-member function
  222 |     std::thread{std::bind(&MyWindow::execute,[01;31m[Kthis[m[K,_1),goal_handle}.detach();
      |                                              [01;31m[K^~~~[m[K
[01m[K/home/maddy/qt_ros_workspace/qt_ros/src/my_window.cpp:222:51:[m[K [01;31m[Kerror: [m[K‘[01m[K_1[m[K’ was not declared in this scope; did you mean ‘[01m[Kstd::placeholders::_1[m[K’?
  222 |     std::thread{std::bind(&MyWindow::execute,this,[01;31m[K_1[m[K),goal_handle}.detach();
      |                                                   [01;31m[K^~[m[K
      |                                                   [32m[Kstd::placeholders::_1[m[K
In file included from [01m[K/usr/include/c++/11/pstl/glue_algorithm_defs.h:13[m[K,
                 from [01m[K/usr/include/c++/11/algorithm:74[m[K,
                 from [01m[K/usr/include/x86_64-linux-gnu/qt5/QtCore/qglobal.h:142[m[K,
                 from [01m[K/usr/include/x86_64-linux-gnu/qt5/QtGui/qtguiglobal.h:43[m[K,
                 from [01m[K/usr/include/x86_64-linux-gnu/qt5/QtWidgets/qtwidgetsglobal.h:43[m[K,
                 from [01m[K/usr/include/x86_64-linux-gnu/qt5/QtWidgets/qwidget.h:43[m[K,
                 from [01m[K/usr/include/x86_64-linux-gnu/qt5/QtWidgets/QWidget:1[m[K,
                 from [01m[K/home/maddy/qt_ros_workspace/qt_ros/include/qt_ros/my_window.hpp:8[m[K,
                 from [01m[K/home/maddy/qt_ros_workspace/qt_ros/src/my_window.cpp:1[m[K:
[01m[K/usr/include/c++/11/functional:225:34:[m[K [01;36m[Knote: [m[K‘[01m[Kstd::placeholders::_1[m[K’ declared here
  225 |     extern const _Placeholder<1> [01;36m[K_1[m[K;
      |                                  [01;36m[K^~[m[K
[01m[K/home/maddy/qt_ros_workspace/qt_ros/src/my_window.cpp:222:66:[m[K [01;31m[Kerror: [m[Kno matching function for call to ‘[01m[Kstd::thread::thread(<brace-enclosed initializer list>)[m[K’
  222 |     std::thread{std::bind(&MyWindow::execute,this,_1),goal_handle[01;31m[K}[m[K.detach();
      |                                                                  [01;31m[K^[m[K
In file included from [01m[K/usr/include/c++/11/thread:43[m[K,
                 from [01m[K/home/maddy/qt_ros_workspace/qt_ros/include/qt_ros/my_window.hpp:6[m[K,
                 from [01m[K/home/maddy/qt_ros_workspace/qt_ros/src/my_window.cpp:1[m[K:
[01m[K/usr/include/c++/11/bits/std_thread.h:127:7:[m[K [01;36m[Knote: [m[Kcandidate: ‘[01m[Ktemplate<class _Callable, class ... _Args, class> std::thread::thread(_Callable&&, _Args&& ...)[m[K’
  127 |       [01;36m[Kthread[m[K(_Callable&& __f, _Args&&... __args)
      |       [01;36m[K^~~~~~[m[K
[01m[K/usr/include/c++/11/bits/std_thread.h:127:7:[m[K [01;36m[Knote: [m[K  template argument deduction/substitution failed:
[01m[K/usr/include/c++/11/bits/std_thread.h:157:5:[m[K [01;36m[Knote: [m[Kcandidate: ‘[01m[Kstd::thread::thread(std::thread&&)[m[K’
  157 |     [01;36m[Kthread[m[K(thread&& __t) noexcept
      |     [01;36m[K^~~~~~[m[K
[01m[K/usr/include/c++/11/bits/std_thread.h:157:5:[m[K [01;36m[Knote: [m[K  candidate expects 1 argument, 2 provided
[01m[K/usr/include/c++/11/bits/std_thread.h:121:5:[m[K [01;36m[Knote: [m[Kcandidate: ‘[01m[Kstd::thread::thread()[m[K’
  121 |     [01;36m[Kthread[m[K() noexcept = default;
      |     [01;36m[K^~~~~~[m[K
[01m[K/usr/include/c++/11/bits/std_thread.h:121:5:[m[K [01;36m[Knote: [m[K  candidate expects 0 arguments, 2 provided
[01m[K/home/maddy/qt_ros_workspace/qt_ros/src/my_window.cpp:222:38:[m[K [01;31m[Kerror: [m[K‘[01m[Kvoid MyWindow::execute(int)[m[K’ is private within this context
  222 |     std::thread{std::bind(&MyWindow::[01;31m[Kexecute[m[K,this,_1),goal_handle}.detach();
      |                                      [01;31m[K^~~~~~~[m[K
In file included from [01m[K/home/maddy/qt_ros_workspace/qt_ros/src/my_window.cpp:1[m[K:
[01m[K/home/maddy/qt_ros_workspace/qt_ros/include/qt_ros/my_window.hpp:47:10:[m[K [01;36m[Knote: [m[Kdeclared private here
   47 |     void [01;36m[Kexecute[m[K(const std::shared_ptr<GoalHandleFibonacci> goal_handle);
      |          [01;36m[K^~~~~~~[m[K
[01m[K/home/maddy/qt_ros_workspace/qt_ros/src/my_window.cpp:223:1:[m[K [01;35m[Kwarning: [m[Kno return statement in function returning non-void [[01;35m[K]8;;https://gcc.gnu.org/onlinedocs/gcc/Warning-Options.html#index-Wreturn-type-Wreturn-type]8;;[m[K]
  223 | [01;35m[K}[m[K
      | [01;35m[K^[m[K
[01m[K/home/maddy/qt_ros_workspace/qt_ros/src/my_window.cpp:[m[K At global scope:
[01m[K/home/maddy/qt_ros_workspace/qt_ros/src/my_window.cpp:225:46:[m[K [01;31m[Kerror: [m[K‘[01m[KGoalHandleFibonacci[m[K’ was not declared in this scope
  225 | void MyWindow::execute(const std::shared_ptr<[01;31m[KGoalHandleFibonacci[m[K> goal_handle)
      |                                              [01;31m[K^~~~~~~~~~~~~~~~~~~[m[K
[01m[K/home/maddy/qt_ros_workspace/qt_ros/src/my_window.cpp:225:65:[m[K [01;31m[Kerror: [m[Ktemplate argument 1 is invalid
  225 | void MyWindow::execute(const std::shared_ptr<GoalHandleFibonacci[01;31m[K>[m[K goal_handle)
      |                                                                 [01;31m[K^[m[K
In file included from [01m[K/opt/ros/humble/include/rclcpp/rclcpp/client.hpp:40[m[K,
                 from [01m[K/opt/ros/humble/include/rclcpp/rclcpp/callback_group.hpp:24[m[K,
                 from [01m[K/opt/ros/humble/include/rclcpp/rclcpp/any_executable.hpp:20[m[K,
                 from [01m[K/opt/ros/humble/include/rclcpp/rclcpp/memory_strategy.hpp:25[m[K,
                 from [01m[K/opt/ros/humble/include/rclcpp/rclcpp/memory_strategies.hpp:18[m[K,
                 from [01m[K/opt/ros/humble/include/rclcpp/rclcpp/executor_options.hpp:20[m[K,
                 from [01m[K/opt/ros/humble/include/rclcpp/rclcpp/executor.hpp:37[m[K,
                 from [01m[K/opt/ros/humble/include/rclcpp/rclcpp/executors/multi_threaded_executor.hpp:25[m[K,
                 from [01m[K/opt/ros/humble/include/rclcpp/rclcpp/executors.hpp:21[m[K,
                 from [01m[K/opt/ros/humble/include/rclcpp/rclcpp/rclcpp.hpp:155[m[K,
                 from [01m[K/home/maddy/qt_ros_workspace/qt_ros/include/qt_ros/my_window.hpp:11[m[K,
                 from [01m[K/home/maddy/qt_ros_workspace/qt_ros/src/my_window.cpp:1[m[K:
[01m[K/home/maddy/qt_ros_workspace/qt_ros/src/my_window.cpp:[m[K In member function ‘[01m[Kvoid MyWindow::execute(int)[m[K’:
[01m[K/home/maddy/qt_ros_workspace/qt_ros/src/my_window.cpp:227:23:[m[K [01;31m[Kerror: [m[K‘[01m[Kclass MyWindow[m[K’ has no member named ‘[01m[Kget_logger[m[K’
  227 |     RCLCPP_INFO(this->[01;31m[Kget_logger[m[K(),"Executing goal");
      |                       [01;31m[K^~~~~~~~~~[m[K
[01m[K/home/maddy/qt_ros_workspace/qt_ros/src/my_window.cpp:227:23:[m[K [01;31m[Kerror: [m[K‘[01m[Kclass MyWindow[m[K’ has no member named ‘[01m[Kget_logger[m[K’
[01m[K/home/maddy/qt_ros_workspace/qt_ros/src/my_window.cpp:227:5:[m[K [01;31m[Kerror: [m[Ktemplate argument 1 is invalid
  227 |     [01;31m[KRCLCPP_INFO[m[K(this->get_logger(),"Executing goal");
      |     [01;31m[K^~~~~~~~~~~[m[K
In file included from [01m[K/opt/ros/humble/include/rclcpp/rclcpp/logging.hpp:24[m[K,
                 from [01m[K/opt/ros/humble/include/rclcpp/rclcpp/client.hpp:40[m[K,
                 from [01m[K/opt/ros/humble/include/rclcpp/rclcpp/callback_group.hpp:24[m[K,
                 from [01m[K/opt/ros/humble/include/rclcpp/rclcpp/any_executable.hpp:20[m[K,
                 from [01m[K/opt/ros/humble/include/rclcpp/rclcpp/memory_strategy.hpp:25[m[K,
                 from [01m[K/opt/ros/humble/include/rclcpp/rclcpp/memory_strategies.hpp:18[m[K,
                 from [01m[K/opt/ros/humble/include/rclcpp/rclcpp/executor_options.hpp:20[m[K,
                 from [01m[K/opt/ros/humble/include/rclcpp/rclcpp/executor.hpp:37[m[K,
                 from [01m[K/opt/ros/humble/include/rclcpp/rclcpp/executors/multi_threaded_executor.hpp:25[m[K,
                 from [01m[K/opt/ros/humble/include/rclcpp/rclcpp/executors.hpp:21[m[K,
                 from [01m[K/opt/ros/humble/include/rclcpp/rclcpp/rclcpp.hpp:155[m[K,
                 from [01m[K/home/maddy/qt_ros_workspace/qt_ros/include/qt_ros/my_window.hpp:11[m[K,
                 from [01m[K/home/maddy/qt_ros_workspace/qt_ros/src/my_window.cpp:1[m[K:
[01m[K/home/maddy/qt_ros_workspace/qt_ros/src/my_window.cpp:227:23:[m[K [01;31m[Kerror: [m[K‘[01m[Kclass MyWindow[m[K’ has no member named ‘[01m[Kget_logger[m[K’
  227 |     RCLCPP_INFO(this->[01;31m[Kget_logger[m[K(),"Executing goal");
      |                       [01;31m[K^~~~~~~~~~[m[K
[01m[K/home/maddy/qt_ros_workspace/qt_ros/src/my_window.cpp:227:23:[m[K [01;31m[Kerror: [m[K‘[01m[Kclass MyWindow[m[K’ has no member named ‘[01m[Kget_logger[m[K’
  227 |     RCLCPP_INFO(this->[01;31m[Kget_logger[m[K(),"Executing goal");
      |                       [01;31m[K^~~~~~~~~~[m[K
[01m[K/home/maddy/qt_ros_workspace/qt_ros/src/my_window.cpp:229:33:[m[K [01;31m[Kerror: [m[Kbase operand of ‘[01m[K->[m[K’ is not a pointer
  229 |     const auto goal= goal_handle[01;31m[K->[m[Kget_goal();
      |                                 [01;31m[K^~[m[K
[01m[K/home/maddy/qt_ros_workspace/qt_ros/src/my_window.cpp:230:38:[m[K [01;31m[Kerror: [m[K‘[01m[KFibonacci[m[K’ was not declared in this scope
  230 |     auto feedback = std::make_shared<[01;31m[KFibonacci[m[K::Feedback>();
      |                                      [01;31m[K^~~~~~~~~[m[K
[01m[K/home/maddy/qt_ros_workspace/qt_ros/src/my_window.cpp:230:26:[m[K [01;31m[Kerror: [m[Kparse error in template argument list
  230 |     auto feedback = std::[01;31m[Kmake_shared<Fibonacci::Feedback>[m[K();
      |                          [01;31m[K^~~~~~~~~~~~~~~~~~~~~~~~~~~~~~~~[m[K
[01m[K/home/maddy/qt_ros_workspace/qt_ros/src/my_window.cpp:230:58:[m[K [01;31m[Kerror: [m[Kno matching function for call to ‘[01m[Kmake_shared<<expression error> >()[m[K’
  230 |     auto feedback = [01;31m[Kstd::make_shared<Fibonacci::Feedback>()[m[K;
      |                     [01;31m[K~~~~~~~~~~~~~~~~~~~~~~~~~~~~~~~~~~~~~^~[m[K
In file included from [01m[K/usr/include/c++/11/memory:77[m[K,
                 from [01m[K/home/maddy/qt_ros_workspace/qt_ros/include/qt_ros/my_window.hpp:4[m[K,
                 from [01m[K/home/maddy/qt_ros_workspace/qt_ros/src/my_window.cpp:1[m[K:
[01m[K/usr/include/c++/11/bits/shared_ptr.h:875:5:[m[K [01;36m[Knote: [m[Kcandidate: ‘[01m[Ktemplate<class _Tp, class ... _Args> std::shared_ptr<_Tp> std::make_shared(_Args&& ...)[m[K’
  875 |     [01;36m[Kmake_shared[m[K(_Args&&... __args)
      |     [01;36m[K^~~~~~~~~~~[m[K
[01m[K/usr/include/c++/11/bits/shared_ptr.h:875:5:[m[K [01;36m[Knote: [m[K  template argument deduction/substitution failed:
[01m[K/home/maddy/qt_ros_workspace/qt_ros/src/my_window.cpp:230:58:[m[K [01;31m[Kerror: [m[Ktemplate argument 1 is invalid
  230 |     auto feedback = [01;31m[Kstd::make_shared<Fibonacci::Feedback>()[m[K;
      |                     [01;31m[K~~~~~~~~~~~~~~~~~~~~~~~~~~~~~~~~~~~~~^~[m[K
[01m[K/home/maddy/qt_ros_workspace/qt_ros/src/my_window.cpp:234:24:[m[K [01;31m[Kerror: [m[Kparse error in template argument list
  234 |     auto result = std::[01;31m[Kmake_shared<Fibonacci::result>[m[K();
      |                        [01;31m[K^~~~~~~~~~~~~~~~~~~~~~~~~~~~~~[m[K
[01m[K/home/maddy/qt_ros_workspace/qt_ros/src/my_window.cpp:234:54:[m[K [01;31m[Kerror: [m[Kno matching function for call to ‘[01m[Kmake_shared<Fibonacci>()[m[K’
  234 |     auto result = [01;31m[Kstd::make_shared<Fibonacci::result>()[m[K;
      |                   [01;31m[K~~~~~~~~~~~~~~~~~~~~~~~~~~~~~~~~~~~^~[m[K
In file included from [01m[K/usr/include/c++/11/memory:77[m[K,
                 from [01m[K/home/maddy/qt_ros_workspace/qt_ros/include/qt_ros/my_window.hpp:4[m[K,
                 from [01m[K/home/maddy/qt_ros_workspace/qt_ros/src/my_window.cpp:1[m[K:
[01m[K/usr/include/c++/11/bits/shared_ptr.h:875:5:[m[K [01;36m[Knote: [m[Kcandidate: ‘[01m[Ktemplate<class _Tp, class ... _Args> std::shared_ptr<_Tp> std::make_shared(_Args&& ...)[m[K’
  875 |     [01;36m[Kmake_shared[m[K(_Args&&... __args)
      |     [01;36m[K^~~~~~~~~~~[m[K
[01m[K/usr/include/c++/11/bits/shared_ptr.h:875:5:[m[K [01;36m[Knote: [m[K  template argument deduction/substitution failed:
[01m[K/home/maddy/qt_ros_workspace/qt_ros/src/my_window.cpp:238:23:[m[K [01;31m[Kerror: [m[Kbase operand of ‘[01m[K->[m[K’ is not a pointer
  238 |         if(goal_handle[01;31m[K->[m[Kis_canceling())
      |                       [01;31m[K^~[m[K
[01m[K/home/maddy/qt_ros_workspace/qt_ros/src/my_window.cpp:241:24:[m[K [01;31m[Kerror: [m[Kbase operand of ‘[01m[K->[m[K’ is not a pointer
  241 |             goal_handle[01;31m[K->[m[Kcanceled(result)
      |                        [01;31m[K^~[m[K
[01m[K/home/maddy/qt_ros_workspace/qt_ros/src/my_window.cpp:247:20:[m[K [01;31m[Kerror: [m[Kbase operand of ‘[01m[K->[m[K’ is not a pointer
  247 |         goal_handle[01;31m[K->[m[Kpublish_feedback(feedback);
      |                    [01;31m[K^~[m[K
In file included from [01m[K/opt/ros/humble/include/rclcpp/rclcpp/client.hpp:40[m[K,
                 from [01m[K/opt/ros/humble/include/rclcpp/rclcpp/callback_group.hpp:24[m[K,
                 from [01m[K/opt/ros/humble/include/rclcpp/rclcpp/any_executable.hpp:20[m[K,
                 from [01m[K/opt/ros/humble/include/rclcpp/rclcpp/memory_strategy.hpp:25[m[K,
                 from [01m[K/opt/ros/humble/include/rclcpp/rclcpp/memory_strategies.hpp:18[m[K,
                 from [01m[K/opt/ros/humble/include/rclcpp/rclcpp/executor_options.hpp:20[m[K,
                 from [01m[K/opt/ros/humble/include/rclcpp/rclcpp/executor.hpp:37[m[K,
                 from [01m[K/opt/ros/humble/include/rclcpp/rclcpp/executors/multi_threaded_executor.hpp:25[m[K,
                 from [01m[K/opt/ros/humble/include/rclcpp/rclcpp/executors.hpp:21[m[K,
                 from [01m[K/opt/ros/humble/include/rclcpp/rclcpp/rclcpp.hpp:155[m[K,
                 from [01m[K/home/maddy/qt_ros_workspace/qt_ros/include/qt_ros/my_window.hpp:11[m[K,
                 from [01m[K/home/maddy/qt_ros_workspace/qt_ros/src/my_window.cpp:1[m[K:
[01m[K/home/maddy/qt_ros_workspace/qt_ros/src/my_window.cpp:248:27:[m[K [01;31m[Kerror: [m[K‘[01m[Kclass MyWindow[m[K’ has no member named ‘[01m[Kget_logger[m[K’
  248 |         RCLCPP_INFO(this->[01;31m[Kget_logger[m[K(), "Publish feedback");
      |                           [01;31m[K^~~~~~~~~~[m[K
[01m[K/home/maddy/qt_ros_workspace/qt_ros/src/my_window.cpp:248:27:[m[K [01;31m[Kerror: [m[K‘[01m[Kclass MyWindow[m[K’ has no member named ‘[01m[Kget_logger[m[K’
[01m[K/home/maddy/qt_ros_workspace/qt_ros/src/my_window.cpp:248:9:[m[K [01;31m[Kerror: [m[Ktemplate argument 1 is invalid
  248 |         [01;31m[KRCLCPP_INFO[m[K(this->get_logger(), "Publish feedback");
      |         [01;31m[K^~~~~~~~~~~[m[K
In file included from [01m[K/opt/ros/humble/include/rclcpp/rclcpp/logging.hpp:24[m[K,
                 from [01m[K/opt/ros/humble/include/rclcpp/rclcpp/client.hpp:40[m[K,
                 from [01m[K/opt/ros/humble/include/rclcpp/rclcpp/callback_group.hpp:24[m[K,
                 from [01m[K/opt/ros/humble/include/rclcpp/rclcpp/any_executable.hpp:20[m[K,
                 from [01m[K/opt/ros/humble/include/rclcpp/rclcpp/memory_strategy.hpp:25[m[K,
                 from [01m[K/opt/ros/humble/include/rclcpp/rclcpp/memory_strategies.hpp:18[m[K,
                 from [01m[K/opt/ros/humble/include/rclcpp/rclcpp/executor_options.hpp:20[m[K,
                 from [01m[K/opt/ros/humble/include/rclcpp/rclcpp/executor.hpp:37[m[K,
                 from [01m[K/opt/ros/humble/include/rclcpp/rclcpp/executors/multi_threaded_executor.hpp:25[m[K,
                 from [01m[K/opt/ros/humble/include/rclcpp/rclcpp/executors.hpp:21[m[K,
                 from [01m[K/opt/ros/humble/include/rclcpp/rclcpp/rclcpp.hpp:155[m[K,
                 from [01m[K/home/maddy/qt_ros_workspace/qt_ros/include/qt_ros/my_window.hpp:11[m[K,
                 from [01m[K/home/maddy/qt_ros_workspace/qt_ros/src/my_window.cpp:1[m[K:
[01m[K/home/maddy/qt_ros_workspace/qt_ros/src/my_window.cpp:248:27:[m[K [01;31m[Kerror: [m[K‘[01m[Kclass MyWindow[m[K’ has no member named ‘[01m[Kget_logger[m[K’
  248 |         RCLCPP_INFO(this->[01;31m[Kget_logger[m[K(), "Publish feedback");
      |                           [01;31m[K^~~~~~~~~~[m[K
[01m[K/home/maddy/qt_ros_workspace/qt_ros/src/my_window.cpp:248:27:[m[K [01;31m[Kerror: [m[K‘[01m[Kclass MyWindow[m[K’ has no member named ‘[01m[Kget_logger[m[K’
  248 |         RCLCPP_INFO(this->[01;31m[Kget_logger[m[K(), "Publish feedback");
      |                           [01;31m[K^~~~~~~~~~[m[K
[01m[K/home/maddy/qt_ros_workspace/qt_ros/src/my_window.cpp:256:20:[m[K [01;31m[Kerror: [m[Kbase operand of ‘[01m[K->[m[K’ is not a pointer
  256 |         goal_handle[01;31m[K->[m[Ksucceed(result);
      |                    [01;31m[K^~[m[K
In file included from [01m[K/opt/ros/humble/include/rclcpp/rclcpp/client.hpp:40[m[K,
                 from [01m[K/opt/ros/humble/include/rclcpp/rclcpp/callback_group.hpp:24[m[K,
                 from [01m[K/opt/ros/humble/include/rclcpp/rclcpp/any_executable.hpp:20[m[K,
                 from [01m[K/opt/ros/humble/include/rclcpp/rclcpp/memory_strategy.hpp:25[m[K,
                 from [01m[K/opt/ros/humble/include/rclcpp/rclcpp/memory_strategies.hpp:18[m[K,
                 from [01m[K/opt/ros/humble/include/rclcpp/rclcpp/executor_options.hpp:20[m[K,
                 from [01m[K/opt/ros/humble/include/rclcpp/rclcpp/executor.hpp:37[m[K,
                 from [01m[K/opt/ros/humble/include/rclcpp/rclcpp/executors/multi_threaded_executor.hpp:25[m[K,
                 from [01m[K/opt/ros/humble/include/rclcpp/rclcpp/executors.hpp:21[m[K,
                 from [01m[K/opt/ros/humble/include/rclcpp/rclcpp/rclcpp.hpp:155[m[K,
                 from [01m[K/home/maddy/qt_ros_workspace/qt_ros/include/qt_ros/my_window.hpp:11[m[K,
                 from [01m[K/home/maddy/qt_ros_workspace/qt_ros/src/my_window.cpp:1[m[K:
[01m[K/home/maddy/qt_ros_workspace/qt_ros/src/my_window.cpp:257:27:[m[K [01;31m[Kerror: [m[K‘[01m[Kclass MyWindow[m[K’ has no member named ‘[01m[Kget_logger[m[K’
  257 |         RCLCPP_INFO(this->[01;31m[Kget_logger[m[K(), "Goal succeeded");
      |                           [01;31m[K^~~~~~~~~~[m[K
[01m[K/home/maddy/qt_ros_workspace/qt_ros/src/my_window.cpp:257:27:[m[K [01;31m[Kerror: [m[K‘[01m[Kclass MyWindow[m[K’ has no member named ‘[01m[Kget_logger[m[K’
[01m[K/home/maddy/qt_ros_workspace/qt_ros/src/my_window.cpp:257:9:[m[K [01;31m[Kerror: [m[Ktemplate argument 1 is invalid
  257 |         [01;31m[KRCLCPP_INFO[m[K(this->get_logger(), "Goal succeeded");
      |         [01;31m[K^~~~~~~~~~~[m[K
In file included from [01m[K/opt/ros/humble/include/rclcpp/rclcpp/logging.hpp:24[m[K,
                 from [01m[K/opt/ros/humble/include/rclcpp/rclcpp/client.hpp:40[m[K,
                 from [01m[K/opt/ros/humble/include/rclcpp/rclcpp/callback_group.hpp:24[m[K,
                 from [01m[K/opt/ros/humble/include/rclcpp/rclcpp/any_executable.hpp:20[m[K,
                 from [01m[K/opt/ros/humble/include/rclcpp/rclcpp/memory_strategy.hpp:25[m[K,
                 from [01m[K/opt/ros/humble/include/rclcpp/rclcpp/memory_strategies.hpp:18[m[K,
                 from [01m[K/opt/ros/humble/include/rclcpp/rclcpp/executor_options.hpp:20[m[K,
                 from [01m[K/opt/ros/humble/include/rclcpp/rclcpp/executor.hpp:37[m[K,
                 from [01m[K/opt/ros/humble/include/rclcpp/rclcpp/executors/multi_threaded_executor.hpp:25[m[K,
                 from [01m[K/opt/ros/humble/include/rclcpp/rclcpp/executors.hpp:21[m[K,
                 from [01m[K/opt/ros/humble/include/rclcpp/rclcpp/rclcpp.hpp:155[m[K,
                 from [01m[K/home/maddy/qt_ros_workspace/qt_ros/include/qt_ros/my_window.hpp:11[m[K,
                 from [01m[K/home/maddy/qt_ros_workspace/qt_ros/src/my_window.cpp:1[m[K:
[01m[K/home/maddy/qt_ros_workspace/qt_ros/src/my_window.cpp:257:27:[m[K [01;31m[Kerror: [m[K‘[01m[Kclass MyWindow[m[K’ has no member named ‘[01m[Kget_logger[m[K’
  257 |         RCLCPP_INFO(this->[01;31m[Kget_logger[m[K(), "Goal succeeded");
      |                           [01;31m[K^~~~~~~~~~[m[K
[01m[K/home/maddy/qt_ros_workspace/qt_ros/src/my_window.cpp:257:27:[m[K [01;31m[Kerror: [m[K‘[01m[Kclass MyWindow[m[K’ has no member named ‘[01m[Kget_logger[m[K’
  257 |         RCLCPP_INFO(this->[01;31m[Kget_logger[m[K(), "Goal succeeded");
      |                           [01;31m[K^~~~~~~~~~[m[K
gmake[2]: *** [CMakeFiles/qt_node.dir/build.make:76: CMakeFiles/qt_node.dir/src/main.cpp.o] Error 1
gmake[2]: *** Waiting for unfinished jobs....
gmake[2]: *** [CMakeFiles/qt_node.dir/build.make:90: CMakeFiles/qt_node.dir/src/my_window.cpp.o] Error 1
gmake[1]: *** [CMakeFiles/Makefile2:594: CMakeFiles/qt_node.dir/all] Error 2
gmake: *** [Makefile:146: all] Error 2
