-- Found ament_cmake: 1.3.12 (/opt/ros/humble/share/ament_cmake/cmake)
-- Found rclcpp: 16.0.17 (/opt/ros/humble/share/rclcpp/cmake)
-- Found rosidl_generator_c: 3.1.8 (/opt/ros/humble/share/rosidl_generator_c/cmake)
-- Found rosidl_adapter: 3.1.8 (/opt/ros/humble/share/rosidl_adapter/cmake)
-- Found rosidl_generator_cpp: 3.1.8 (/opt/ros/humble/share/rosidl_generator_cpp/cmake)
-- Using all available rosidl_typesupport_c: rosidl_typesupport_fastrtps_c;rosidl_typesupport_introspection_c
-- Using all available rosidl_typesupport_cpp: rosidl_typesupport_fastrtps_cpp;rosidl_typesupport_introspection_cpp
-- Found rmw_implementation_cmake: 6.1.2 (/opt/ros/humble/share/rmw_implementation_cmake/cmake)
-- Found rmw_fastrtps_cpp: 6.2.9 (/opt/ros/humble/share/rmw_fastrtps_cpp/cmake)
-- Using RMW implementation 'rmw_fastrtps_cpp' as default
-- Found rosidl_default_generators: 1.2.0 (/opt/ros/humble/share/rosidl_default_generators/cmake)
-- Found rclcpp_action: 16.0.17 (/opt/ros/humble/share/rclcpp_action/cmake)
-- Found ament_cmake_ros: 0.10.0 (/opt/ros/humble/share/ament_cmake_ros/cmake)
-- Using all available rosidl_typesupport_c: rosidl_typesupport_fastrtps_c;rosidl_typesupport_introspection_c
-- Using all available rosidl_typesupport_cpp: rosidl_typesupport_fastrtps_cpp;rosidl_typesupport_introspection_cpp
-- Found python_cmake_module: 0.10.0 (/opt/ros/humble/share/python_cmake_module/cmake)
-- Using PYTHON_EXECUTABLE: /usr/bin/python3
-- Using PYTHON_INCLUDE_DIRS: /usr/include/python3.10
-- Using PYTHON_LIBRARIES: /usr/lib/x86_64-linux-gnu/libpython3.10.so
-- Configuring done
-- Generating done
-- Build files have been written to: /home/maddy/qt_ros_workspace/build/qt_ros
[35m[1mConsolidate compiler generated dependencies of target qt_ros__rosidl_generator_c[0m
[  2%] Built target qt_ros__cpp
[  4%] [32mBuilding C object CMakeFiles/qt_ros__rosidl_generator_c.dir/rosidl_generator_c/qt_ros/action/detail/fibonacci__functions.c.o[0m
[  7%] [32mBuilding C object CMakeFiles/qt_ros__rosidl_generator_c.dir/rosidl_generator_c/qt_ros/srv/detail/qt_string__functions.c.o[0m
[  7%] Built target ament_cmake_python_copy_qt_ros
[35m[1mConsolidate compiler generated dependencies of target qt_ros__rosidl_typesupport_cpp[0m
[35m[1mConsolidate compiler generated dependencies of target qt_ros__rosidl_typesupport_introspection_cpp[0m
[35m[1mConsolidate compiler generated dependencies of target qt_ros__rosidl_typesupport_fastrtps_cpp[0m
[  9%] [32mBuilding CXX object CMakeFiles/qt_ros__rosidl_typesupport_introspection_cpp.dir/rosidl_typesupport_introspection_cpp/qt_ros/srv/detail/qt_string__type_support.cpp.o[0m
[ 11%] [32mBuilding CXX object CMakeFiles/qt_ros__rosidl_typesupport_cpp.dir/rosidl_typesupport_cpp/qt_ros/srv/qt_string__type_support.cpp.o[0m
[ 16%] [32mBuilding CXX object CMakeFiles/qt_ros__rosidl_typesupport_introspection_cpp.dir/rosidl_typesupport_introspection_cpp/qt_ros/action/detail/fibonacci__type_support.cpp.o[0m
[ 16%] [32mBuilding CXX object CMakeFiles/qt_ros__rosidl_typesupport_cpp.dir/rosidl_typesupport_cpp/qt_ros/action/fibonacci__type_support.cpp.o[0m
[ 19%] [32mBuilding CXX object CMakeFiles/qt_ros__rosidl_typesupport_fastrtps_cpp.dir/rosidl_typesupport_fastrtps_cpp/qt_ros/srv/detail/dds_fastrtps/qt_string__type_support.cpp.o[0m
[ 21%] [32mBuilding CXX object CMakeFiles/qt_ros__rosidl_typesupport_fastrtps_cpp.dir/rosidl_typesupport_fastrtps_cpp/qt_ros/action/detail/dds_fastrtps/fibonacci__type_support.cpp.o[0m
[ 23%] [32m[1mLinking C shared library libqt_ros__rosidl_generator_c.so[0m
running egg_info
writing qt_ros.egg-info/PKG-INFO
writing dependency_links to qt_ros.egg-info/dependency_links.txt
writing top-level names to qt_ros.egg-info/top_level.txt
reading manifest file 'qt_ros.egg-info/SOURCES.txt'
writing manifest file 'qt_ros.egg-info/SOURCES.txt'
[ 23%] Built target ament_cmake_python_build_qt_ros_egg
[ 26%] Built target qt_ros__rosidl_generator_c
[35m[1mConsolidate compiler generated dependencies of target qt_ros__rosidl_typesupport_fastrtps_c[0m
[35m[1mConsolidate compiler generated dependencies of target qt_ros__rosidl_typesupport_introspection_c[0m
[ 28%] [32mBuilding CXX object CMakeFiles/qt_ros__rosidl_typesupport_fastrtps_c.dir/rosidl_typesupport_fastrtps_c/qt_ros/srv/detail/qt_string__type_support_c.cpp.o[0m
[ 30%] [32mBuilding C object CMakeFiles/qt_ros__rosidl_typesupport_introspection_c.dir/rosidl_typesupport_introspection_c/qt_ros/srv/detail/qt_string__type_support.c.o[0m
[35m[1mConsolidate compiler generated dependencies of target qt_ros__rosidl_typesupport_c[0m
[ 33%] [32mBuilding CXX object CMakeFiles/qt_ros__rosidl_typesupport_c.dir/rosidl_typesupport_c/qt_ros/srv/qt_string__type_support.cpp.o[0m
[ 35%] [32mBuilding C object CMakeFiles/qt_ros__rosidl_typesupport_introspection_c.dir/rosidl_typesupport_introspection_c/qt_ros/action/detail/fibonacci__type_support.c.o[0m
[ 38%] [32mBuilding CXX object CMakeFiles/qt_ros__rosidl_typesupport_c.dir/rosidl_typesupport_c/qt_ros/action/fibonacci__type_support.cpp.o[0m
[ 40%] [32m[1mLinking C shared library libqt_ros__rosidl_typesupport_introspection_c.so[0m
[ 42%] [32mBuilding CXX object CMakeFiles/qt_ros__rosidl_typesupport_fastrtps_c.dir/rosidl_typesupport_fastrtps_c/qt_ros/action/detail/fibonacci__type_support_c.cpp.o[0m
[ 45%] [32m[1mLinking CXX shared library libqt_ros__rosidl_typesupport_c.so[0m
[ 47%] [32m[1mLinking CXX shared library libqt_ros__rosidl_typesupport_cpp.so[0m
[ 50%] Built target qt_ros__rosidl_typesupport_introspection_c
[ 52%] Built target qt_ros__rosidl_typesupport_c
[ 54%] Built target qt_ros__rosidl_typesupport_cpp
[ 57%] [32m[1mLinking CXX shared library libqt_ros__rosidl_typesupport_introspection_cpp.so[0m
[ 59%] [32m[1mLinking CXX shared library libqt_ros__rosidl_typesupport_fastrtps_cpp.so[0m
[ 64%] [32m[1mLinking CXX shared library libqt_ros__rosidl_typesupport_fastrtps_c.so[0m
[ 64%] Built target qt_ros__rosidl_typesupport_introspection_cpp
[ 66%] Built target qt_ros__rosidl_typesupport_fastrtps_cpp
[ 69%] Built target qt_ros__rosidl_typesupport_fastrtps_c
[ 69%] Built target qt_ros
[ 76%] [32mBuilding CXX object CMakeFiles/qt_node.dir/src/main.cpp.o[0m
[ 76%] [34m[1mGenerating Python code for ROS interfaces[0m
[ 76%] [32mBuilding CXX object CMakeFiles/qt_node.dir/src/my_window.cpp.o[0m
[ 76%] Built target qt_ros__py
[ 78%] [32mBuilding C object CMakeFiles/qt_ros__rosidl_generator_py.dir/rosidl_generator_py/qt_ros/srv/_qt_string_s.c.o[0m
[ 80%] [32mBuilding C object CMakeFiles/qt_ros__rosidl_generator_py.dir/rosidl_generator_py/qt_ros/action/_fibonacci_s.c.o[0m
[ 83%] [32m[1mLinking C shared library rosidl_generator_py/qt_ros/libqt_ros__rosidl_generator_py.so[0m
[ 83%] Built target qt_ros__rosidl_generator_py
[ 85%] [32mBuilding C object CMakeFiles/qt_ros__rosidl_typesupport_c__pyext.dir/rosidl_generator_py/qt_ros/_qt_ros_s.ep.rosidl_typesupport_c.c.o[0m
[ 88%] [32mBuilding C object CMakeFiles/qt_ros__rosidl_typesupport_introspection_c__pyext.dir/rosidl_generator_py/qt_ros/_qt_ros_s.ep.rosidl_typesupport_introspection_c.c.o[0m
[ 90%] [32mBuilding C object CMakeFiles/qt_ros__rosidl_typesupport_fastrtps_c__pyext.dir/rosidl_generator_py/qt_ros/_qt_ros_s.ep.rosidl_typesupport_fastrtps_c.c.o[0m
[ 95%] [32m[1mLinking C shared library rosidl_generator_py/qt_ros/qt_ros_s__rosidl_typesupport_c.cpython-310-x86_64-linux-gnu.so[0m
[ 95%] [32m[1mLinking C shared library rosidl_generator_py/qt_ros/qt_ros_s__rosidl_typesupport_fastrtps_c.cpython-310-x86_64-linux-gnu.so[0m
[ 97%] [32m[1mLinking C shared library rosidl_generator_py/qt_ros/qt_ros_s__rosidl_typesupport_introspection_c.cpython-310-x86_64-linux-gnu.so[0m
[ 97%] Built target qt_ros__rosidl_typesupport_c__pyext
[ 97%] Built target qt_ros__rosidl_typesupport_fastrtps_c__pyext
[ 97%] Built target qt_ros__rosidl_typesupport_introspection_c__pyext
