[0.027s] Invoking command in '/home/maddy/qt_ros_workspace/build/qt_ros': CMAKE_PREFIX_PATH=${CMAKE_PREFIX_PATH}:/opt/ros/humble /usr/bin/cmake --build /home/maddy/qt_ros_workspace/build/qt_ros -- -j8 -l8
[0.315s] [  2%] Built target qt_ros__cpp
[0.320s] [ 11%] Built target qt_ros__rosidl_generator_c
[0.361s] [ 11%] Built target ament_cmake_python_copy_qt_ros
[0.374s] [ 21%] Built target qt_ros__rosidl_typesupport_introspection_c
[0.376s] [ 30%] Built target qt_ros__rosidl_typesupport_c
[0.378s] [ 40%] Built target qt_ros__rosidl_typesupport_cpp
[0.379s] [ 59%] Built target qt_ros__rosidl_typesupport_introspection_cpp
[0.379s] [ 59%] Built target qt_ros__rosidl_typesupport_fastrtps_cpp
[0.380s] [ 69%] Built target qt_ros__rosidl_typesupport_fastrtps_c
[0.409s] [ 69%] Built target qt_ros
[0.446s] [ 71%] Built target qt_ros__py
[0.455s] [ 73%] [32mBuilding CXX object CMakeFiles/qt_node.dir/src/my_window.cpp.o[0m
[0.485s] [ 80%] Built target qt_ros__rosidl_generator_py
[0.528s] [ 85%] Built target qt_ros__rosidl_typesupport_introspection_c__pyext
[0.531s] [ 90%] Built target qt_ros__rosidl_typesupport_c__pyext
[0.531s] [ 95%] Built target qt_ros__rosidl_typesupport_fastrtps_c__pyext
[0.786s] running egg_info
[0.787s] writing qt_ros.egg-info/PKG-INFO
[0.787s] writing dependency_links to qt_ros.egg-info/dependency_links.txt
[0.788s] writing top-level names to qt_ros.egg-info/top_level.txt
[0.793s] reading manifest file 'qt_ros.egg-info/SOURCES.txt'
[0.795s] writing manifest file 'qt_ros.egg-info/SOURCES.txt'
[0.841s] [ 95%] Built target ament_cmake_python_build_qt_ros_egg
[7.143s] [01m[K/home/maddy/qt_ros_workspace/src/qt_ros/src/my_window.cpp:[m[K In constructor ‘[01m[KMyWindow::MyWindow(rclcpp::Node::SharedPtr, QWidget*)[m[K’:
[7.143s] [01m[K/home/maddy/qt_ros_workspace/src/qt_ros/src/my_window.cpp:55:42:[m[K [01;31m[Kerror: [m[Kno match for ‘[01m[Koperator=[m[K’ (operand types are ‘[01m[Krclcpp::TimerBase::SharedPtr[m[K’ {aka ‘[01m[Kstd::shared_ptr<rclcpp::TimerBase>[m[K’} and ‘[01m[KQMetaObject::Connection[m[K’)
[7.143s]    55 |             this, &MyWindow::toggle_timer[01;31m[K)[m[K;
[7.143s]       |                                          [01;31m[K^[m[K
[7.145s] In file included from [01m[K/usr/include/c++/11/memory:77[m[K,
[7.145s]                  from [01m[K/home/maddy/qt_ros_workspace/src/qt_ros/include/qt_ros/my_window.hpp:4[m[K,
[7.145s]                  from [01m[K/home/maddy/qt_ros_workspace/src/qt_ros/src/my_window.cpp:2[m[K:
[7.145s] [01m[K/usr/include/c++/11/bits/shared_ptr.h:363:9:[m[K [01;36m[Knote: [m[Kcandidate: ‘[01m[Ktemplate<class _Yp> std::shared_ptr<_Tp>::_Assignable<const std::shared_ptr<_Yp>&> std::shared_ptr<_Tp>::operator=(const std::shared_ptr<_Yp>&) [with _Yp = _Yp; _Tp = rclcpp::TimerBase][m[K’
[7.145s]   363 |         [01;36m[Koperator[m[K=(const shared_ptr<_Yp>& __r) noexcept
[7.145s]       |         [01;36m[K^~~~~~~~[m[K
[7.146s] [01m[K/usr/include/c++/11/bits/shared_ptr.h:363:9:[m[K [01;36m[Knote: [m[K  template argument deduction/substitution failed:
[7.146s] [01m[K/home/maddy/qt_ros_workspace/src/qt_ros/src/my_window.cpp:55:42:[m[K [01;36m[Knote: [m[K  ‘[01m[KQMetaObject::Connection[m[K’ is not derived from ‘[01m[Kconst std::shared_ptr<_Tp>[m[K’
[7.146s]    55 |             this, &MyWindow::toggle_timer[01;36m[K)[m[K;
[7.146s]       |                                          [01;36m[K^[m[K
[7.146s] In file included from [01m[K/usr/include/c++/11/memory:77[m[K,
[7.146s]                  from [01m[K/home/maddy/qt_ros_workspace/src/qt_ros/include/qt_ros/my_window.hpp:4[m[K,
[7.146s]                  from [01m[K/home/maddy/qt_ros_workspace/src/qt_ros/src/my_window.cpp:2[m[K:
[7.146s] [01m[K/usr/include/c++/11/bits/shared_ptr.h:374:9:[m[K [01;36m[Knote: [m[Kcandidate: ‘[01m[Ktemplate<class _Yp> std::shared_ptr<_Tp>::_Assignable<std::auto_ptr<_Up> > std::shared_ptr<_Tp>::operator=(std::auto_ptr<_Up>&&) [with _Yp = _Yp; _Tp = rclcpp::TimerBase][m[K’
[7.146s]   374 |         [01;36m[Koperator[m[K=(auto_ptr<_Yp>&& __r)
[7.146s]       |         [01;36m[K^~~~~~~~[m[K
[7.147s] [01m[K/usr/include/c++/11/bits/shared_ptr.h:374:9:[m[K [01;36m[Knote: [m[K  template argument deduction/substitution failed:
[7.147s] [01m[K/home/maddy/qt_ros_workspace/src/qt_ros/src/my_window.cpp:55:42:[m[K [01;36m[Knote: [m[K  ‘[01m[KQMetaObject::Connection[m[K’ is not derived from ‘[01m[Kstd::auto_ptr<_Up>[m[K’
[7.147s]    55 |             this, &MyWindow::toggle_timer[01;36m[K)[m[K;
[7.147s]       |                                          [01;36m[K^[m[K
[7.147s] In file included from [01m[K/usr/include/c++/11/memory:77[m[K,
[7.147s]                  from [01m[K/home/maddy/qt_ros_workspace/src/qt_ros/include/qt_ros/my_window.hpp:4[m[K,
[7.147s]                  from [01m[K/home/maddy/qt_ros_workspace/src/qt_ros/src/my_window.cpp:2[m[K:
[7.148s] [01m[K/usr/include/c++/11/bits/shared_ptr.h:391:9:[m[K [01;36m[Knote: [m[Kcandidate: ‘[01m[Ktemplate<class _Yp> std::shared_ptr<_Tp>::_Assignable<std::shared_ptr<_Yp> > std::shared_ptr<_Tp>::operator=(std::shared_ptr<_Yp>&&) [with _Yp = _Yp; _Tp = rclcpp::TimerBase][m[K’
[7.148s]   391 |         [01;36m[Koperator[m[K=(shared_ptr<_Yp>&& __r) noexcept
[7.148s]       |         [01;36m[K^~~~~~~~[m[K
[7.148s] [01m[K/usr/include/c++/11/bits/shared_ptr.h:391:9:[m[K [01;36m[Knote: [m[K  template argument deduction/substitution failed:
[7.148s] [01m[K/home/maddy/qt_ros_workspace/src/qt_ros/src/my_window.cpp:55:42:[m[K [01;36m[Knote: [m[K  ‘[01m[KQMetaObject::Connection[m[K’ is not derived from ‘[01m[Kstd::shared_ptr<_Tp>[m[K’
[7.148s]    55 |             this, &MyWindow::toggle_timer[01;36m[K)[m[K;
[7.148s]       |                                          [01;36m[K^[m[K
[7.148s] In file included from [01m[K/usr/include/c++/11/memory:77[m[K,
[7.148s]                  from [01m[K/home/maddy/qt_ros_workspace/src/qt_ros/include/qt_ros/my_window.hpp:4[m[K,
[7.149s]                  from [01m[K/home/maddy/qt_ros_workspace/src/qt_ros/src/my_window.cpp:2[m[K:
[7.149s] [01m[K/usr/include/c++/11/bits/shared_ptr.h:399:9:[m[K [01;36m[Knote: [m[Kcandidate: ‘[01m[Ktemplate<class _Yp, class _Del> std::shared_ptr<_Tp>::_Assignable<std::unique_ptr<_Up, _Ep> > std::shared_ptr<_Tp>::operator=(std::unique_ptr<_Up, _Ep>&&) [with _Yp = _Yp; _Del = _Del; _Tp = rclcpp::TimerBase][m[K’
[7.149s]   399 |         [01;36m[Koperator[m[K=(unique_ptr<_Yp, _Del>&& __r)
[7.149s]       |         [01;36m[K^~~~~~~~[m[K
[7.149s] [01m[K/usr/include/c++/11/bits/shared_ptr.h:399:9:[m[K [01;36m[Knote: [m[K  template argument deduction/substitution failed:
[7.149s] [01m[K/home/maddy/qt_ros_workspace/src/qt_ros/src/my_window.cpp:55:42:[m[K [01;36m[Knote: [m[K  ‘[01m[KQMetaObject::Connection[m[K’ is not derived from ‘[01m[Kstd::unique_ptr<_Tp, _Dp>[m[K’
[7.149s]    55 |             this, &MyWindow::toggle_timer[01;36m[K)[m[K;
[7.149s]       |                                          [01;36m[K^[m[K
[7.149s] In file included from [01m[K/usr/include/c++/11/memory:77[m[K,
[7.150s]                  from [01m[K/home/maddy/qt_ros_workspace/src/qt_ros/include/qt_ros/my_window.hpp:4[m[K,
[7.150s]                  from [01m[K/home/maddy/qt_ros_workspace/src/qt_ros/src/my_window.cpp:2[m[K:
[7.150s] [01m[K/usr/include/c++/11/bits/shared_ptr.h:359:19:[m[K [01;36m[Knote: [m[Kcandidate: ‘[01m[Kstd::shared_ptr<_Tp>& std::shared_ptr<_Tp>::operator=(const std::shared_ptr<_Tp>&) [with _Tp = rclcpp::TimerBase][m[K’
[7.150s]   359 |       shared_ptr& [01;36m[Koperator[m[K=(const shared_ptr&) noexcept = default;
[7.150s]       |                   [01;36m[K^~~~~~~~[m[K
[7.150s] [01m[K/usr/include/c++/11/bits/shared_ptr.h:359:29:[m[K [01;36m[Knote: [m[K  no known conversion for argument 1 from ‘[01m[KQMetaObject::Connection[m[K’ to ‘[01m[Kconst std::shared_ptr<rclcpp::TimerBase>&[m[K’
[7.150s]   359 |       shared_ptr& operator=([01;36m[Kconst shared_ptr&[m[K) noexcept = default;
[7.150s]       |                             [01;36m[K^~~~~~~~~~~~~~~~~[m[K
[7.150s] [01m[K/usr/include/c++/11/bits/shared_ptr.h:383:7:[m[K [01;36m[Knote: [m[Kcandidate: ‘[01m[Kstd::shared_ptr<_Tp>& std::shared_ptr<_Tp>::operator=(std::shared_ptr<_Tp>&&) [with _Tp = rclcpp::TimerBase][m[K’
[7.150s]   383 |       [01;36m[Koperator[m[K=(shared_ptr&& __r) noexcept
[7.151s]       |       [01;36m[K^~~~~~~~[m[K
[7.151s] [01m[K/usr/include/c++/11/bits/shared_ptr.h:383:30:[m[K [01;36m[Knote: [m[K  no known conversion for argument 1 from ‘[01m[KQMetaObject::Connection[m[K’ to ‘[01m[Kstd::shared_ptr<rclcpp::TimerBase>&&[m[K’
[7.151s]   383 |       operator=([01;36m[Kshared_ptr&& __r[m[K) noexcept
[7.151s]       |                 [01;36m[K~~~~~~~~~~~~~^~~[m[K
[9.904s] gmake[2]: *** [CMakeFiles/qt_node.dir/build.make:90: CMakeFiles/qt_node.dir/src/my_window.cpp.o] Error 1
[9.904s] gmake[1]: *** [CMakeFiles/Makefile2:594: CMakeFiles/qt_node.dir/all] Error 2
[9.904s] gmake: *** [Makefile:146: all] Error 2
[9.908s] Invoked command in '/home/maddy/qt_ros_workspace/build/qt_ros' returned '2': CMAKE_PREFIX_PATH=${CMAKE_PREFIX_PATH}:/opt/ros/humble /usr/bin/cmake --build /home/maddy/qt_ros_workspace/build/qt_ros -- -j8 -l8
