[  2%] Built target qt_ros__cpp
[ 11%] Built target qt_ros__rosidl_generator_c
[ 11%] Built target ament_cmake_python_copy_qt_ros
[ 21%] Built target qt_ros__rosidl_typesupport_introspection_cpp
[ 30%] Built target qt_ros__rosidl_typesupport_cpp
[ 42%] Built target qt_ros__rosidl_typesupport_fastrtps_cpp
[ 50%] Built target qt_ros__rosidl_typesupport_introspection_c
[ 59%] Built target qt_ros__rosidl_typesupport_fastrtps_c
[ 69%] Built target qt_ros__rosidl_typesupport_c
[ 69%] Built target qt_ros
[35m[1mConsolidate compiler generated dependencies of target qt_node[0m
[ 71%] Built target qt_ros__py
[ 73%] [32mBuilding CXX object CMakeFiles/qt_node.dir/src/my_window.cpp.o[0m
[ 80%] Built target qt_ros__rosidl_generator_py
[ 90%] Built target qt_ros__rosidl_typesupport_fastrtps_c__pyext
[ 90%] Built target qt_ros__rosidl_typesupport_c__pyext
[ 95%] Built target qt_ros__rosidl_typesupport_introspection_c__pyext
running egg_info
writing qt_ros.egg-info/PKG-INFO
writing dependency_links to qt_ros.egg-info/dependency_links.txt
writing top-level names to qt_ros.egg-info/top_level.txt
reading manifest file 'qt_ros.egg-info/SOURCES.txt'
writing manifest file 'qt_ros.egg-info/SOURCES.txt'
[ 95%] Built target ament_cmake_python_build_qt_ros_egg
[ 97%] [32m[1mLinking CXX executable qt_node[0m
[100%] Built target qt_node
-- Install configuration: ""
-- Up-to-date: /home/maddy/qt_ros_workspace/install/qt_ros/share/ament_index/resource_index/rosidl_interfaces/qt_ros
-- Up-to-date: /home/maddy/qt_ros_workspace/install/qt_ros/include/qt_ros/qt_ros
-- Up-to-date: /home/maddy/qt_ros_workspace/install/qt_ros/include/qt_ros/qt_ros/srv
-- Up-to-date: /home/maddy/qt_ros_workspace/install/qt_ros/include/qt_ros/qt_ros/srv/qt_string.h
-- Up-to-date: /home/maddy/qt_ros_workspace/install/qt_ros/include/qt_ros/qt_ros/srv/detail
-- Up-to-date: /home/maddy/qt_ros_workspace/install/qt_ros/include/qt_ros/qt_ros/srv/detail/qt_string__functions.h
-- Up-to-date: /home/maddy/qt_ros_workspace/install/qt_ros/include/qt_ros/qt_ros/srv/detail/qt_string__type_support.h
-- Up-to-date: /home/maddy/qt_ros_workspace/install/qt_ros/include/qt_ros/qt_ros/srv/detail/qt_string__struct.h
-- Up-to-date: /home/maddy/qt_ros_workspace/install/qt_ros/include/qt_ros/qt_ros/srv/detail/qt_string__functions.c
-- Up-to-date: /home/maddy/qt_ros_workspace/install/qt_ros/include/qt_ros/qt_ros/action
-- Up-to-date: /home/maddy/qt_ros_workspace/install/qt_ros/include/qt_ros/qt_ros/action/detail
-- Up-to-date: /home/maddy/qt_ros_workspace/install/qt_ros/include/qt_ros/qt_ros/action/detail/fibonacci__struct.h
-- Up-to-date: /home/maddy/qt_ros_workspace/install/qt_ros/include/qt_ros/qt_ros/action/detail/fibonacci__functions.c
-- Up-to-date: /home/maddy/qt_ros_workspace/install/qt_ros/include/qt_ros/qt_ros/action/detail/fibonacci__type_support.h
-- Up-to-date: /home/maddy/qt_ros_workspace/install/qt_ros/include/qt_ros/qt_ros/action/detail/fibonacci__functions.h
-- Up-to-date: /home/maddy/qt_ros_workspace/install/qt_ros/include/qt_ros/qt_ros/action/fibonacci.h
-- Up-to-date: /home/maddy/qt_ros_workspace/install/qt_ros/include/qt_ros/qt_ros/msg
-- Up-to-date: /home/maddy/qt_ros_workspace/install/qt_ros/include/qt_ros/qt_ros/msg/rosidl_generator_c__visibility_control.h
-- Up-to-date: /home/maddy/qt_ros_workspace/install/qt_ros/share/qt_ros/environment/library_path.sh
-- Up-to-date: /home/maddy/qt_ros_workspace/install/qt_ros/share/qt_ros/environment/library_path.dsv
-- Up-to-date: /home/maddy/qt_ros_workspace/install/qt_ros/lib/libqt_ros__rosidl_generator_c.so
-- Up-to-date: /home/maddy/qt_ros_workspace/install/qt_ros/include/qt_ros/qt_ros
-- Up-to-date: /home/maddy/qt_ros_workspace/install/qt_ros/include/qt_ros/qt_ros/srv
-- Up-to-date: /home/maddy/qt_ros_workspace/install/qt_ros/include/qt_ros/qt_ros/srv/detail
-- Up-to-date: /home/maddy/qt_ros_workspace/install/qt_ros/include/qt_ros/qt_ros/srv/detail/qt_string__rosidl_typesupport_fastrtps_c.h
-- Up-to-date: /home/maddy/qt_ros_workspace/install/qt_ros/include/qt_ros/qt_ros/action
-- Up-to-date: /home/maddy/qt_ros_workspace/install/qt_ros/include/qt_ros/qt_ros/action/detail
-- Up-to-date: /home/maddy/qt_ros_workspace/install/qt_ros/include/qt_ros/qt_ros/action/detail/fibonacci__rosidl_typesupport_fastrtps_c.h
-- Up-to-date: /home/maddy/qt_ros_workspace/install/qt_ros/include/qt_ros/qt_ros/msg
-- Up-to-date: /home/maddy/qt_ros_workspace/install/qt_ros/include/qt_ros/qt_ros/msg/rosidl_typesupport_fastrtps_c__visibility_control.h
-- Up-to-date: /home/maddy/qt_ros_workspace/install/qt_ros/lib/libqt_ros__rosidl_typesupport_fastrtps_c.so
-- Up-to-date: /home/maddy/qt_ros_workspace/install/qt_ros/include/qt_ros/qt_ros
-- Up-to-date: /home/maddy/qt_ros_workspace/install/qt_ros/include/qt_ros/qt_ros/srv
-- Up-to-date: /home/maddy/qt_ros_workspace/install/qt_ros/include/qt_ros/qt_ros/srv/qt_string.hpp
-- Up-to-date: /home/maddy/qt_ros_workspace/install/qt_ros/include/qt_ros/qt_ros/srv/detail
-- Up-to-date: /home/maddy/qt_ros_workspace/install/qt_ros/include/qt_ros/qt_ros/srv/detail/qt_string__builder.hpp
-- Up-to-date: /home/maddy/qt_ros_workspace/install/qt_ros/include/qt_ros/qt_ros/srv/detail/qt_string__struct.hpp
-- Up-to-date: /home/maddy/qt_ros_workspace/install/qt_ros/include/qt_ros/qt_ros/srv/detail/qt_string__type_support.hpp
-- Up-to-date: /home/maddy/qt_ros_workspace/install/qt_ros/include/qt_ros/qt_ros/srv/detail/qt_string__traits.hpp
-- Up-to-date: /home/maddy/qt_ros_workspace/install/qt_ros/include/qt_ros/qt_ros/action
-- Up-to-date: /home/maddy/qt_ros_workspace/install/qt_ros/include/qt_ros/qt_ros/action/detail
-- Up-to-date: /home/maddy/qt_ros_workspace/install/qt_ros/include/qt_ros/qt_ros/action/detail/fibonacci__traits.hpp
-- Up-to-date: /home/maddy/qt_ros_workspace/install/qt_ros/include/qt_ros/qt_ros/action/detail/fibonacci__builder.hpp
-- Up-to-date: /home/maddy/qt_ros_workspace/install/qt_ros/include/qt_ros/qt_ros/action/detail/fibonacci__type_support.hpp
-- Up-to-date: /home/maddy/qt_ros_workspace/install/qt_ros/include/qt_ros/qt_ros/action/detail/fibonacci__struct.hpp
-- Up-to-date: /home/maddy/qt_ros_workspace/install/qt_ros/include/qt_ros/qt_ros/action/fibonacci.hpp
-- Up-to-date: /home/maddy/qt_ros_workspace/install/qt_ros/include/qt_ros/qt_ros/msg
-- Up-to-date: /home/maddy/qt_ros_workspace/install/qt_ros/include/qt_ros/qt_ros/msg/rosidl_generator_cpp__visibility_control.hpp
-- Up-to-date: /home/maddy/qt_ros_workspace/install/qt_ros/include/qt_ros/qt_ros
-- Up-to-date: /home/maddy/qt_ros_workspace/install/qt_ros/include/qt_ros/qt_ros/srv
-- Up-to-date: /home/maddy/qt_ros_workspace/install/qt_ros/include/qt_ros/qt_ros/srv/detail
-- Up-to-date: /home/maddy/qt_ros_workspace/install/qt_ros/include/qt_ros/qt_ros/srv/detail/dds_fastrtps
-- Up-to-date: /home/maddy/qt_ros_workspace/install/qt_ros/include/qt_ros/qt_ros/srv/detail/qt_string__rosidl_typesupport_fastrtps_cpp.hpp
-- Up-to-date: /home/maddy/qt_ros_workspace/install/qt_ros/include/qt_ros/qt_ros/action
-- Up-to-date: /home/maddy/qt_ros_workspace/install/qt_ros/include/qt_ros/qt_ros/action/detail
-- Up-to-date: /home/maddy/qt_ros_workspace/install/qt_ros/include/qt_ros/qt_ros/action/detail/dds_fastrtps
-- Up-to-date: /home/maddy/qt_ros_workspace/install/qt_ros/include/qt_ros/qt_ros/action/detail/fibonacci__rosidl_typesupport_fastrtps_cpp.hpp
-- Up-to-date: /home/maddy/qt_ros_workspace/install/qt_ros/include/qt_ros/qt_ros/msg
-- Up-to-date: /home/maddy/qt_ros_workspace/install/qt_ros/include/qt_ros/qt_ros/msg/rosidl_typesupport_fastrtps_cpp__visibility_control.h
-- Up-to-date: /home/maddy/qt_ros_workspace/install/qt_ros/lib/libqt_ros__rosidl_typesupport_fastrtps_cpp.so
-- Up-to-date: /home/maddy/qt_ros_workspace/install/qt_ros/include/qt_ros/qt_ros
-- Up-to-date: /home/maddy/qt_ros_workspace/install/qt_ros/include/qt_ros/qt_ros/srv
-- Up-to-date: /home/maddy/qt_ros_workspace/install/qt_ros/include/qt_ros/qt_ros/srv/detail
-- Up-to-date: /home/maddy/qt_ros_workspace/install/qt_ros/include/qt_ros/qt_ros/srv/detail/qt_string__rosidl_typesupport_introspection_c.h
-- Up-to-date: /home/maddy/qt_ros_workspace/install/qt_ros/include/qt_ros/qt_ros/srv/detail/qt_string__type_support.c
-- Up-to-date: /home/maddy/qt_ros_workspace/install/qt_ros/include/qt_ros/qt_ros/action
-- Up-to-date: /home/maddy/qt_ros_workspace/install/qt_ros/include/qt_ros/qt_ros/action/detail
-- Up-to-date: /home/maddy/qt_ros_workspace/install/qt_ros/include/qt_ros/qt_ros/action/detail/fibonacci__rosidl_typesupport_introspection_c.h
-- Up-to-date: /home/maddy/qt_ros_workspace/install/qt_ros/include/qt_ros/qt_ros/action/detail/fibonacci__type_support.c
-- Up-to-date: /home/maddy/qt_ros_workspace/install/qt_ros/include/qt_ros/qt_ros/msg
-- Up-to-date: /home/maddy/qt_ros_workspace/install/qt_ros/include/qt_ros/qt_ros/msg/rosidl_typesupport_introspection_c__visibility_control.h
-- Up-to-date: /home/maddy/qt_ros_workspace/install/qt_ros/lib/libqt_ros__rosidl_typesupport_introspection_c.so
-- Up-to-date: /home/maddy/qt_ros_workspace/install/qt_ros/lib/libqt_ros__rosidl_typesupport_c.so
-- Up-to-date: /home/maddy/qt_ros_workspace/install/qt_ros/include/qt_ros/qt_ros
-- Up-to-date: /home/maddy/qt_ros_workspace/install/qt_ros/include/qt_ros/qt_ros/srv
-- Up-to-date: /home/maddy/qt_ros_workspace/install/qt_ros/include/qt_ros/qt_ros/srv/detail
-- Up-to-date: /home/maddy/qt_ros_workspace/install/qt_ros/include/qt_ros/qt_ros/srv/detail/qt_string__rosidl_typesupport_introspection_cpp.hpp
-- Up-to-date: /home/maddy/qt_ros_workspace/install/qt_ros/include/qt_ros/qt_ros/srv/detail/qt_string__type_support.cpp
-- Up-to-date: /home/maddy/qt_ros_workspace/install/qt_ros/include/qt_ros/qt_ros/action
-- Up-to-date: /home/maddy/qt_ros_workspace/install/qt_ros/include/qt_ros/qt_ros/action/detail
-- Up-to-date: /home/maddy/qt_ros_workspace/install/qt_ros/include/qt_ros/qt_ros/action/detail/fibonacci__rosidl_typesupport_introspection_cpp.hpp
-- Up-to-date: /home/maddy/qt_ros_workspace/install/qt_ros/include/qt_ros/qt_ros/action/detail/fibonacci__type_support.cpp
-- Up-to-date: /home/maddy/qt_ros_workspace/install/qt_ros/lib/libqt_ros__rosidl_typesupport_introspection_cpp.so
-- Up-to-date: /home/maddy/qt_ros_workspace/install/qt_ros/lib/libqt_ros__rosidl_typesupport_cpp.so
-- Up-to-date: /home/maddy/qt_ros_workspace/install/qt_ros/share/qt_ros/environment/pythonpath.sh
-- Up-to-date: /home/maddy/qt_ros_workspace/install/qt_ros/share/qt_ros/environment/pythonpath.dsv
-- Up-to-date: /home/maddy/qt_ros_workspace/install/qt_ros/local/lib/python3.10/dist-packages/qt_ros-0.0.0-py3.10.egg-info
-- Installing: /home/maddy/qt_ros_workspace/install/qt_ros/local/lib/python3.10/dist-packages/qt_ros-0.0.0-py3.10.egg-info/top_level.txt
-- Installing: /home/maddy/qt_ros_workspace/install/qt_ros/local/lib/python3.10/dist-packages/qt_ros-0.0.0-py3.10.egg-info/dependency_links.txt
-- Installing: /home/maddy/qt_ros_workspace/install/qt_ros/local/lib/python3.10/dist-packages/qt_ros-0.0.0-py3.10.egg-info/PKG-INFO
-- Installing: /home/maddy/qt_ros_workspace/install/qt_ros/local/lib/python3.10/dist-packages/qt_ros-0.0.0-py3.10.egg-info/SOURCES.txt
-- Up-to-date: /home/maddy/qt_ros_workspace/install/qt_ros/local/lib/python3.10/dist-packages/qt_ros
-- Up-to-date: /home/maddy/qt_ros_workspace/install/qt_ros/local/lib/python3.10/dist-packages/qt_ros/qt_ros_s__rosidl_typesupport_c.cpython-310-x86_64-linux-gnu.so
-- Up-to-date: /home/maddy/qt_ros_workspace/install/qt_ros/local/lib/python3.10/dist-packages/qt_ros/qt_ros_s__rosidl_typesupport_fastrtps_c.cpython-310-x86_64-linux-gnu.so
-- Up-to-date: /home/maddy/qt_ros_workspace/install/qt_ros/local/lib/python3.10/dist-packages/qt_ros/libqt_ros__rosidl_generator_py.so
-- Up-to-date: /home/maddy/qt_ros_workspace/install/qt_ros/local/lib/python3.10/dist-packages/qt_ros/srv
-- Up-to-date: /home/maddy/qt_ros_workspace/install/qt_ros/local/lib/python3.10/dist-packages/qt_ros/srv/_qt_string.py
-- Up-to-date: /home/maddy/qt_ros_workspace/install/qt_ros/local/lib/python3.10/dist-packages/qt_ros/srv/_qt_string_s.c
-- Up-to-date: /home/maddy/qt_ros_workspace/install/qt_ros/local/lib/python3.10/dist-packages/qt_ros/srv/__init__.py
-- Up-to-date: /home/maddy/qt_ros_workspace/install/qt_ros/local/lib/python3.10/dist-packages/qt_ros/_qt_ros_s.ep.rosidl_typesupport_fastrtps_c.c
-- Up-to-date: /home/maddy/qt_ros_workspace/install/qt_ros/local/lib/python3.10/dist-packages/qt_ros/_qt_ros_s.ep.rosidl_typesupport_introspection_c.c
-- Up-to-date: /home/maddy/qt_ros_workspace/install/qt_ros/local/lib/python3.10/dist-packages/qt_ros/_qt_ros_s.ep.rosidl_typesupport_c.c
-- Up-to-date: /home/maddy/qt_ros_workspace/install/qt_ros/local/lib/python3.10/dist-packages/qt_ros/action
-- Up-to-date: /home/maddy/qt_ros_workspace/install/qt_ros/local/lib/python3.10/dist-packages/qt_ros/action/_fibonacci.py
-- Up-to-date: /home/maddy/qt_ros_workspace/install/qt_ros/local/lib/python3.10/dist-packages/qt_ros/action/__init__.py
-- Up-to-date: /home/maddy/qt_ros_workspace/install/qt_ros/local/lib/python3.10/dist-packages/qt_ros/action/_fibonacci_s.c
-- Up-to-date: /home/maddy/qt_ros_workspace/install/qt_ros/local/lib/python3.10/dist-packages/qt_ros/__init__.py
-- Up-to-date: /home/maddy/qt_ros_workspace/install/qt_ros/local/lib/python3.10/dist-packages/qt_ros/qt_ros_s__rosidl_typesupport_introspection_c.cpython-310-x86_64-linux-gnu.so
Listing '/home/maddy/qt_ros_workspace/install/qt_ros/local/lib/python3.10/dist-packages/qt_ros'...
Listing '/home/maddy/qt_ros_workspace/install/qt_ros/local/lib/python3.10/dist-packages/qt_ros/action'...
Listing '/home/maddy/qt_ros_workspace/install/qt_ros/local/lib/python3.10/dist-packages/qt_ros/srv'...
-- Up-to-date: /home/maddy/qt_ros_workspace/install/qt_ros/local/lib/python3.10/dist-packages/qt_ros/qt_ros_s__rosidl_typesupport_fastrtps_c.cpython-310-x86_64-linux-gnu.so
-- Up-to-date: /home/maddy/qt_ros_workspace/install/qt_ros/local/lib/python3.10/dist-packages/qt_ros/qt_ros_s__rosidl_typesupport_introspection_c.cpython-310-x86_64-linux-gnu.so
-- Up-to-date: /home/maddy/qt_ros_workspace/install/qt_ros/local/lib/python3.10/dist-packages/qt_ros/qt_ros_s__rosidl_typesupport_c.cpython-310-x86_64-linux-gnu.so
-- Up-to-date: /home/maddy/qt_ros_workspace/install/qt_ros/lib/libqt_ros__rosidl_generator_py.so
-- Up-to-date: /home/maddy/qt_ros_workspace/install/qt_ros/share/qt_ros/srv/QtString.idl
-- Up-to-date: /home/maddy/qt_ros_workspace/install/qt_ros/share/qt_ros/action/Fibonacci.idl
-- Up-to-date: /home/maddy/qt_ros_workspace/install/qt_ros/share/qt_ros/srv/QtString.srv
-- Up-to-date: /home/maddy/qt_ros_workspace/install/qt_ros/share/qt_ros/srv/QtString_Request.msg
-- Up-to-date: /home/maddy/qt_ros_workspace/install/qt_ros/share/qt_ros/srv/QtString_Response.msg
-- Up-to-date: /home/maddy/qt_ros_workspace/install/qt_ros/share/qt_ros/actions/Fibonacci.action
-- Installing: /home/maddy/qt_ros_workspace/install/qt_ros/lib/qt_ros/qt_node
-- Set runtime path of "/home/maddy/qt_ros_workspace/install/qt_ros/lib/qt_ros/qt_node" to ""
-- Up-to-date: /home/maddy/qt_ros_workspace/install/qt_ros/share/ament_index/resource_index/package_run_dependencies/qt_ros
-- Up-to-date: /home/maddy/qt_ros_workspace/install/qt_ros/share/ament_index/resource_index/parent_prefix_path/qt_ros
-- Up-to-date: /home/maddy/qt_ros_workspace/install/qt_ros/share/qt_ros/environment/ament_prefix_path.sh
-- Up-to-date: /home/maddy/qt_ros_workspace/install/qt_ros/share/qt_ros/environment/ament_prefix_path.dsv
-- Up-to-date: /home/maddy/qt_ros_workspace/install/qt_ros/share/qt_ros/environment/path.sh
-- Up-to-date: /home/maddy/qt_ros_workspace/install/qt_ros/share/qt_ros/environment/path.dsv
-- Up-to-date: /home/maddy/qt_ros_workspace/install/qt_ros/share/qt_ros/local_setup.bash
-- Up-to-date: /home/maddy/qt_ros_workspace/install/qt_ros/share/qt_ros/local_setup.sh
-- Up-to-date: /home/maddy/qt_ros_workspace/install/qt_ros/share/qt_ros/local_setup.zsh
-- Up-to-date: /home/maddy/qt_ros_workspace/install/qt_ros/share/qt_ros/local_setup.dsv
-- Installing: /home/maddy/qt_ros_workspace/install/qt_ros/share/qt_ros/package.dsv
-- Up-to-date: /home/maddy/qt_ros_workspace/install/qt_ros/share/ament_index/resource_index/packages/qt_ros
-- Up-to-date: /home/maddy/qt_ros_workspace/install/qt_ros/share/qt_ros/cmake/export_qt_ros__rosidl_generator_cExport.cmake
-- Up-to-date: /home/maddy/qt_ros_workspace/install/qt_ros/share/qt_ros/cmake/export_qt_ros__rosidl_generator_cExport-noconfig.cmake
-- Up-to-date: /home/maddy/qt_ros_workspace/install/qt_ros/share/qt_ros/cmake/export_qt_ros__rosidl_typesupport_fastrtps_cExport.cmake
-- Up-to-date: /home/maddy/qt_ros_workspace/install/qt_ros/share/qt_ros/cmake/export_qt_ros__rosidl_typesupport_fastrtps_cExport-noconfig.cmake
-- Up-to-date: /home/maddy/qt_ros_workspace/install/qt_ros/share/qt_ros/cmake/export_qt_ros__rosidl_generator_cppExport.cmake
-- Up-to-date: /home/maddy/qt_ros_workspace/install/qt_ros/share/qt_ros/cmake/export_qt_ros__rosidl_typesupport_fastrtps_cppExport.cmake
-- Up-to-date: /home/maddy/qt_ros_workspace/install/qt_ros/share/qt_ros/cmake/export_qt_ros__rosidl_typesupport_fastrtps_cppExport-noconfig.cmake
-- Up-to-date: /home/maddy/qt_ros_workspace/install/qt_ros/share/qt_ros/cmake/qt_ros__rosidl_typesupport_introspection_cExport.cmake
-- Up-to-date: /home/maddy/qt_ros_workspace/install/qt_ros/share/qt_ros/cmake/qt_ros__rosidl_typesupport_introspection_cExport-noconfig.cmake
-- Up-to-date: /home/maddy/qt_ros_workspace/install/qt_ros/share/qt_ros/cmake/qt_ros__rosidl_typesupport_cExport.cmake
-- Up-to-date: /home/maddy/qt_ros_workspace/install/qt_ros/share/qt_ros/cmake/qt_ros__rosidl_typesupport_cExport-noconfig.cmake
-- Up-to-date: /home/maddy/qt_ros_workspace/install/qt_ros/share/qt_ros/cmake/qt_ros__rosidl_typesupport_introspection_cppExport.cmake
-- Up-to-date: /home/maddy/qt_ros_workspace/install/qt_ros/share/qt_ros/cmake/qt_ros__rosidl_typesupport_introspection_cppExport-noconfig.cmake
-- Up-to-date: /home/maddy/qt_ros_workspace/install/qt_ros/share/qt_ros/cmake/qt_ros__rosidl_typesupport_cppExport.cmake
-- Up-to-date: /home/maddy/qt_ros_workspace/install/qt_ros/share/qt_ros/cmake/qt_ros__rosidl_typesupport_cppExport-noconfig.cmake
-- Up-to-date: /home/maddy/qt_ros_workspace/install/qt_ros/share/qt_ros/cmake/export_qt_ros__rosidl_generator_pyExport.cmake
-- Up-to-date: /home/maddy/qt_ros_workspace/install/qt_ros/share/qt_ros/cmake/export_qt_ros__rosidl_generator_pyExport-noconfig.cmake
-- Up-to-date: /home/maddy/qt_ros_workspace/install/qt_ros/share/qt_ros/cmake/rosidl_cmake-extras.cmake
-- Up-to-date: /home/maddy/qt_ros_workspace/install/qt_ros/share/qt_ros/cmake/ament_cmake_export_dependencies-extras.cmake
-- Up-to-date: /home/maddy/qt_ros_workspace/install/qt_ros/share/qt_ros/cmake/ament_cmake_export_include_directories-extras.cmake
-- Up-to-date: /home/maddy/qt_ros_workspace/install/qt_ros/share/qt_ros/cmake/ament_cmake_export_libraries-extras.cmake
-- Up-to-date: /home/maddy/qt_ros_workspace/install/qt_ros/share/qt_ros/cmake/ament_cmake_export_targets-extras.cmake
-- Up-to-date: /home/maddy/qt_ros_workspace/install/qt_ros/share/qt_ros/cmake/rosidl_cmake_export_typesupport_targets-extras.cmake
-- Up-to-date: /home/maddy/qt_ros_workspace/install/qt_ros/share/qt_ros/cmake/rosidl_cmake_export_typesupport_libraries-extras.cmake
-- Up-to-date: /home/maddy/qt_ros_workspace/install/qt_ros/share/qt_ros/cmake/qt_rosConfig.cmake
-- Up-to-date: /home/maddy/qt_ros_workspace/install/qt_ros/share/qt_ros/cmake/qt_rosConfig-version.cmake
-- Up-to-date: /home/maddy/qt_ros_workspace/install/qt_ros/share/qt_ros/package.xml
