[0.016s] Invoking command in '/home/maddy/qt_ros_workspace/build/qt_ros': CMAKE_PREFIX_PATH=/opt/ros/humble /usr/bin/cmake --build /home/maddy/qt_ros_workspace/build/qt_ros -- -j8 -l8
[0.048s] -- Found ament_cmake: 1.3.12 (/opt/ros/humble/share/ament_cmake/cmake)
[0.191s] -- Found rclcpp: 16.0.17 (/opt/ros/humble/share/rclcpp/cmake)
[0.428s] -- Found rosidl_generator_c: 3.1.8 (/opt/ros/humble/share/rosidl_generator_c/cmake)
[0.431s] -- Found rosidl_adapter: 3.1.8 (/opt/ros/humble/share/rosidl_adapter/cmake)
[0.439s] -- Found rosidl_generator_cpp: 3.1.8 (/opt/ros/humble/share/rosidl_generator_cpp/cmake)
[0.451s] -- Using all available rosidl_typesupport_c: rosidl_typesupport_fastrtps_c;rosidl_typesupport_introspection_c
[0.467s] -- Using all available rosidl_typesupport_cpp: rosidl_typesupport_fastrtps_cpp;rosidl_typesupport_introspection_cpp
[0.508s] -- Found rmw_implementation_cmake: 6.1.2 (/opt/ros/humble/share/rmw_implementation_cmake/cmake)
[0.509s] -- Found rmw_fastrtps_cpp: 6.2.9 (/opt/ros/humble/share/rmw_fastrtps_cpp/cmake)
[7.807s] -- Using RMW implementation 'rmw_fastrtps_cpp' as default
[7.865s] -- Found rosidl_default_generators: 1.2.0 (/opt/ros/humble/share/rosidl_default_generators/cmake)
[7.996s] -- Found rclcpp_action: 16.0.17 (/opt/ros/humble/share/rclcpp_action/cmake)
[8.334s] -- Found ament_cmake_ros: 0.10.0 (/opt/ros/humble/share/ament_cmake_ros/cmake)
[8.695s] -- Using all available rosidl_typesupport_c: rosidl_typesupport_fastrtps_c;rosidl_typesupport_introspection_c
[8.833s] -- Using all available rosidl_typesupport_cpp: rosidl_typesupport_fastrtps_cpp;rosidl_typesupport_introspection_cpp
[8.859s] -- Found python_cmake_module: 0.10.0 (/opt/ros/humble/share/python_cmake_module/cmake)
[8.885s] -- Using PYTHON_EXECUTABLE: /usr/bin/python3
[8.885s] -- Using PYTHON_INCLUDE_DIRS: /usr/include/python3.10
[8.885s] -- Using PYTHON_LIBRARIES: /usr/lib/x86_64-linux-gnu/libpython3.10.so
[8.914s] -- Configuring done
[8.964s] -- Generating done
[8.982s] -- Build files have been written to: /home/maddy/qt_ros_workspace/build/qt_ros
[9.019s] [35m[1mConsolidate compiler generated dependencies of target qt_ros__rosidl_generator_c[0m
[9.035s] [ 10%] Built target qt_ros__rosidl_generator_c
[9.035s] [ 12%] Built target qt_ros__cpp
[9.050s] [35m[1mConsolidate compiler generated dependencies of target qt_ros__rosidl_typesupport_introspection_c[0m
[9.050s] [35m[1mConsolidate compiler generated dependencies of target qt_ros__rosidl_typesupport_fastrtps_c[0m
[9.051s] [35m[1mConsolidate compiler generated dependencies of target qt_ros__rosidl_typesupport_introspection_cpp[0m
[9.054s] [35m[1mConsolidate compiler generated dependencies of target qt_ros__rosidl_typesupport_c[0m
[9.054s] [ 12%] Built target ament_cmake_python_copy_qt_ros
[9.075s] [ 23%] Built target qt_ros__rosidl_typesupport_introspection_c
[9.075s] [35m[1mConsolidate compiler generated dependencies of target qt_ros__rosidl_typesupport_fastrtps_cpp[0m
[9.075s] [35m[1mConsolidate compiler generated dependencies of target qt_ros__rosidl_typesupport_cpp[0m
[9.075s] [ 33%] Built target qt_ros__rosidl_typesupport_introspection_cpp
[9.077s] [ 43%] Built target qt_ros__rosidl_typesupport_c
[9.081s] [ 53%] Built target qt_ros__rosidl_typesupport_fastrtps_c
[9.094s] [ 64%] Built target qt_ros__rosidl_typesupport_fastrtps_cpp
[9.095s] [ 74%] Built target qt_ros__rosidl_typesupport_cpp
[9.119s] [ 74%] Built target qt_ros
[9.146s] [ 76%] Built target qt_ros__py
[9.160s] [35m[1mConsolidate compiler generated dependencies of target qt_ros__rosidl_generator_py[0m
[9.185s] [ 84%] Built target qt_ros__rosidl_generator_py
[9.204s] [35m[1mConsolidate compiler generated dependencies of target qt_ros__rosidl_typesupport_c__pyext[0m
[9.204s] [35m[1mConsolidate compiler generated dependencies of target qt_ros__rosidl_typesupport_fastrtps_c__pyext[0m
[9.205s] [35m[1mConsolidate compiler generated dependencies of target qt_ros__rosidl_typesupport_introspection_c__pyext[0m
[9.229s] [ 89%] Built target qt_ros__rosidl_typesupport_c__pyext
[9.230s] [100%] Built target qt_ros__rosidl_typesupport_introspection_c__pyext
[9.230s] [100%] Built target qt_ros__rosidl_typesupport_fastrtps_c__pyext
[9.464s] running egg_info
[9.465s] writing qt_ros.egg-info/PKG-INFO
[9.466s] writing dependency_links to qt_ros.egg-info/dependency_links.txt
[9.466s] writing top-level names to qt_ros.egg-info/top_level.txt
[9.468s] reading manifest file 'qt_ros.egg-info/SOURCES.txt'
[9.469s] writing manifest file 'qt_ros.egg-info/SOURCES.txt'
[9.500s] [100%] Built target ament_cmake_python_build_qt_ros_egg
[9.515s] Invoked command in '/home/maddy/qt_ros_workspace/build/qt_ros' returned '0': CMAKE_PREFIX_PATH=/opt/ros/humble /usr/bin/cmake --build /home/maddy/qt_ros_workspace/build/qt_ros -- -j8 -l8
[9.528s] Invoking command in '/home/maddy/qt_ros_workspace/build/qt_ros': CMAKE_PREFIX_PATH=/opt/ros/humble /usr/bin/cmake --install /home/maddy/qt_ros_workspace/build/qt_ros
[9.539s] -- Install configuration: ""
[9.540s] -- Installing: /home/maddy/qt_ros_workspace/install/qt_ros/share/ament_index/resource_index/rosidl_interfaces/qt_ros
[9.540s] -- Installing: /home/maddy/qt_ros_workspace/install/qt_ros/include/qt_ros/qt_ros
[9.541s] -- Installing: /home/maddy/qt_ros_workspace/install/qt_ros/include/qt_ros/qt_ros/srv
[9.541s] -- Installing: /home/maddy/qt_ros_workspace/install/qt_ros/include/qt_ros/qt_ros/srv/qt_string.h
[9.541s] -- Installing: /home/maddy/qt_ros_workspace/install/qt_ros/include/qt_ros/qt_ros/srv/detail
[9.542s] -- Installing: /home/maddy/qt_ros_workspace/install/qt_ros/include/qt_ros/qt_ros/srv/detail/qt_string__functions.h
[9.542s] -- Installing: /home/maddy/qt_ros_workspace/install/qt_ros/include/qt_ros/qt_ros/srv/detail/qt_string__type_support.h
[9.542s] -- Installing: /home/maddy/qt_ros_workspace/install/qt_ros/include/qt_ros/qt_ros/srv/detail/qt_string__struct.h
[9.542s] -- Installing: /home/maddy/qt_ros_workspace/install/qt_ros/include/qt_ros/qt_ros/srv/detail/qt_string__functions.c
[9.543s] -- Installing: /home/maddy/qt_ros_workspace/install/qt_ros/include/qt_ros/qt_ros/action
[9.543s] -- Installing: /home/maddy/qt_ros_workspace/install/qt_ros/include/qt_ros/qt_ros/action/detail
[9.543s] -- Installing: /home/maddy/qt_ros_workspace/install/qt_ros/include/qt_ros/qt_ros/action/detail/fibonacci__struct.h
[9.544s] -- Installing: /home/maddy/qt_ros_workspace/install/qt_ros/include/qt_ros/qt_ros/action/detail/fibonacci__functions.c
[9.544s] -- Installing: /home/maddy/qt_ros_workspace/install/qt_ros/include/qt_ros/qt_ros/action/detail/fibonacci__type_support.h
[9.544s] -- Installing: /home/maddy/qt_ros_workspace/install/qt_ros/include/qt_ros/qt_ros/action/detail/fibonacci__functions.h
[9.544s] -- Installing: /home/maddy/qt_ros_workspace/install/qt_ros/include/qt_ros/qt_ros/action/fibonacci.h
[9.544s] -- Installing: /home/maddy/qt_ros_workspace/install/qt_ros/include/qt_ros/qt_ros/msg
[9.544s] -- Installing: /home/maddy/qt_ros_workspace/install/qt_ros/include/qt_ros/qt_ros/msg/rosidl_generator_c__visibility_control.h
[9.545s] -- Installing: /home/maddy/qt_ros_workspace/install/qt_ros/share/qt_ros/environment/library_path.sh
[9.545s] -- Installing: /home/maddy/qt_ros_workspace/install/qt_ros/share/qt_ros/environment/library_path.dsv
[9.545s] -- Installing: /home/maddy/qt_ros_workspace/install/qt_ros/lib/libqt_ros__rosidl_generator_c.so
[9.546s] -- Set runtime path of "/home/maddy/qt_ros_workspace/install/qt_ros/lib/libqt_ros__rosidl_generator_c.so" to ""
[9.546s] -- Up-to-date: /home/maddy/qt_ros_workspace/install/qt_ros/include/qt_ros/qt_ros
[9.547s] -- Up-to-date: /home/maddy/qt_ros_workspace/install/qt_ros/include/qt_ros/qt_ros/srv
[9.547s] -- Up-to-date: /home/maddy/qt_ros_workspace/install/qt_ros/include/qt_ros/qt_ros/srv/detail
[9.547s] -- Installing: /home/maddy/qt_ros_workspace/install/qt_ros/include/qt_ros/qt_ros/srv/detail/qt_string__rosidl_typesupport_fastrtps_c.h
[9.547s] -- Up-to-date: /home/maddy/qt_ros_workspace/install/qt_ros/include/qt_ros/qt_ros/action
[9.548s] -- Up-to-date: /home/maddy/qt_ros_workspace/install/qt_ros/include/qt_ros/qt_ros/action/detail
[9.548s] -- Installing: /home/maddy/qt_ros_workspace/install/qt_ros/include/qt_ros/qt_ros/action/detail/fibonacci__rosidl_typesupport_fastrtps_c.h
[9.548s] -- Up-to-date: /home/maddy/qt_ros_workspace/install/qt_ros/include/qt_ros/qt_ros/msg
[9.548s] -- Installing: /home/maddy/qt_ros_workspace/install/qt_ros/include/qt_ros/qt_ros/msg/rosidl_typesupport_fastrtps_c__visibility_control.h
[9.548s] -- Installing: /home/maddy/qt_ros_workspace/install/qt_ros/lib/libqt_ros__rosidl_typesupport_fastrtps_c.so
[9.549s] -- Set runtime path of "/home/maddy/qt_ros_workspace/install/qt_ros/lib/libqt_ros__rosidl_typesupport_fastrtps_c.so" to ""
[9.549s] -- Up-to-date: /home/maddy/qt_ros_workspace/install/qt_ros/include/qt_ros/qt_ros
[9.549s] -- Up-to-date: /home/maddy/qt_ros_workspace/install/qt_ros/include/qt_ros/qt_ros/srv
[9.550s] -- Installing: /home/maddy/qt_ros_workspace/install/qt_ros/include/qt_ros/qt_ros/srv/qt_string.hpp
[9.550s] -- Up-to-date: /home/maddy/qt_ros_workspace/install/qt_ros/include/qt_ros/qt_ros/srv/detail
[9.550s] -- Installing: /home/maddy/qt_ros_workspace/install/qt_ros/include/qt_ros/qt_ros/srv/detail/qt_string__builder.hpp
[9.551s] -- Installing: /home/maddy/qt_ros_workspace/install/qt_ros/include/qt_ros/qt_ros/srv/detail/qt_string__struct.hpp
[9.551s] -- Installing: /home/maddy/qt_ros_workspace/install/qt_ros/include/qt_ros/qt_ros/srv/detail/qt_string__type_support.hpp
[9.551s] -- Installing: /home/maddy/qt_ros_workspace/install/qt_ros/include/qt_ros/qt_ros/srv/detail/qt_string__traits.hpp
[9.551s] -- Up-to-date: /home/maddy/qt_ros_workspace/install/qt_ros/include/qt_ros/qt_ros/action
[9.551s] -- Up-to-date: /home/maddy/qt_ros_workspace/install/qt_ros/include/qt_ros/qt_ros/action/detail
[9.551s] -- Installing: /home/maddy/qt_ros_workspace/install/qt_ros/include/qt_ros/qt_ros/action/detail/fibonacci__traits.hpp
[9.552s] -- Installing: /home/maddy/qt_ros_workspace/install/qt_ros/include/qt_ros/qt_ros/action/detail/fibonacci__builder.hpp
[9.552s] -- Installing: /home/maddy/qt_ros_workspace/install/qt_ros/include/qt_ros/qt_ros/action/detail/fibonacci__type_support.hpp
[9.552s] -- Installing: /home/maddy/qt_ros_workspace/install/qt_ros/include/qt_ros/qt_ros/action/detail/fibonacci__struct.hpp
[9.552s] -- Installing: /home/maddy/qt_ros_workspace/install/qt_ros/include/qt_ros/qt_ros/action/fibonacci.hpp
[9.552s] -- Up-to-date: /home/maddy/qt_ros_workspace/install/qt_ros/include/qt_ros/qt_ros/msg
[9.553s] -- Installing: /home/maddy/qt_ros_workspace/install/qt_ros/include/qt_ros/qt_ros/msg/rosidl_generator_cpp__visibility_control.hpp
[9.553s] -- Up-to-date: /home/maddy/qt_ros_workspace/install/qt_ros/include/qt_ros/qt_ros
[9.553s] -- Up-to-date: /home/maddy/qt_ros_workspace/install/qt_ros/include/qt_ros/qt_ros/srv
[9.553s] -- Up-to-date: /home/maddy/qt_ros_workspace/install/qt_ros/include/qt_ros/qt_ros/srv/detail
[9.554s] -- Installing: /home/maddy/qt_ros_workspace/install/qt_ros/include/qt_ros/qt_ros/srv/detail/dds_fastrtps
[9.554s] -- Installing: /home/maddy/qt_ros_workspace/install/qt_ros/include/qt_ros/qt_ros/srv/detail/qt_string__rosidl_typesupport_fastrtps_cpp.hpp
[9.554s] -- Up-to-date: /home/maddy/qt_ros_workspace/install/qt_ros/include/qt_ros/qt_ros/action
[9.555s] -- Up-to-date: /home/maddy/qt_ros_workspace/install/qt_ros/include/qt_ros/qt_ros/action/detail
[9.555s] -- Installing: /home/maddy/qt_ros_workspace/install/qt_ros/include/qt_ros/qt_ros/action/detail/dds_fastrtps
[9.555s] -- Installing: /home/maddy/qt_ros_workspace/install/qt_ros/include/qt_ros/qt_ros/action/detail/fibonacci__rosidl_typesupport_fastrtps_cpp.hpp
[9.555s] -- Up-to-date: /home/maddy/qt_ros_workspace/install/qt_ros/include/qt_ros/qt_ros/msg
[9.556s] -- Installing: /home/maddy/qt_ros_workspace/install/qt_ros/include/qt_ros/qt_ros/msg/rosidl_typesupport_fastrtps_cpp__visibility_control.h
[9.556s] -- Installing: /home/maddy/qt_ros_workspace/install/qt_ros/lib/libqt_ros__rosidl_typesupport_fastrtps_cpp.so
[9.556s] -- Set runtime path of "/home/maddy/qt_ros_workspace/install/qt_ros/lib/libqt_ros__rosidl_typesupport_fastrtps_cpp.so" to ""
[9.556s] -- Up-to-date: /home/maddy/qt_ros_workspace/install/qt_ros/include/qt_ros/qt_ros
[9.557s] -- Up-to-date: /home/maddy/qt_ros_workspace/install/qt_ros/include/qt_ros/qt_ros/srv
[9.557s] -- Up-to-date: /home/maddy/qt_ros_workspace/install/qt_ros/include/qt_ros/qt_ros/srv/detail
[9.557s] -- Installing: /home/maddy/qt_ros_workspace/install/qt_ros/include/qt_ros/qt_ros/srv/detail/qt_string__rosidl_typesupport_introspection_c.h
[9.557s] -- Installing: /home/maddy/qt_ros_workspace/install/qt_ros/include/qt_ros/qt_ros/srv/detail/qt_string__type_support.c
[9.557s] -- Up-to-date: /home/maddy/qt_ros_workspace/install/qt_ros/include/qt_ros/qt_ros/action
[9.558s] -- Up-to-date: /home/maddy/qt_ros_workspace/install/qt_ros/include/qt_ros/qt_ros/action/detail
[9.558s] -- Installing: /home/maddy/qt_ros_workspace/install/qt_ros/include/qt_ros/qt_ros/action/detail/fibonacci__rosidl_typesupport_introspection_c.h
[9.558s] -- Installing: /home/maddy/qt_ros_workspace/install/qt_ros/include/qt_ros/qt_ros/action/detail/fibonacci__type_support.c
[9.559s] -- Up-to-date: /home/maddy/qt_ros_workspace/install/qt_ros/include/qt_ros/qt_ros/msg
[9.559s] -- Installing: /home/maddy/qt_ros_workspace/install/qt_ros/include/qt_ros/qt_ros/msg/rosidl_typesupport_introspection_c__visibility_control.h
[9.559s] -- Installing: /home/maddy/qt_ros_workspace/install/qt_ros/lib/libqt_ros__rosidl_typesupport_introspection_c.so
[9.559s] -- Set runtime path of "/home/maddy/qt_ros_workspace/install/qt_ros/lib/libqt_ros__rosidl_typesupport_introspection_c.so" to ""
[9.559s] -- Installing: /home/maddy/qt_ros_workspace/install/qt_ros/lib/libqt_ros__rosidl_typesupport_c.so
[9.559s] -- Set runtime path of "/home/maddy/qt_ros_workspace/install/qt_ros/lib/libqt_ros__rosidl_typesupport_c.so" to ""
[9.560s] -- Up-to-date: /home/maddy/qt_ros_workspace/install/qt_ros/include/qt_ros/qt_ros
[9.560s] -- Up-to-date: /home/maddy/qt_ros_workspace/install/qt_ros/include/qt_ros/qt_ros/srv
[9.560s] -- Up-to-date: /home/maddy/qt_ros_workspace/install/qt_ros/include/qt_ros/qt_ros/srv/detail
[9.560s] -- Installing: /home/maddy/qt_ros_workspace/install/qt_ros/include/qt_ros/qt_ros/srv/detail/qt_string__rosidl_typesupport_introspection_cpp.hpp
[9.561s] -- Installing: /home/maddy/qt_ros_workspace/install/qt_ros/include/qt_ros/qt_ros/srv/detail/qt_string__type_support.cpp
[9.561s] -- Up-to-date: /home/maddy/qt_ros_workspace/install/qt_ros/include/qt_ros/qt_ros/action
[9.561s] -- Up-to-date: /home/maddy/qt_ros_workspace/install/qt_ros/include/qt_ros/qt_ros/action/detail
[9.561s] -- Installing: /home/maddy/qt_ros_workspace/install/qt_ros/include/qt_ros/qt_ros/action/detail/fibonacci__rosidl_typesupport_introspection_cpp.hpp
[9.562s] -- Installing: /home/maddy/qt_ros_workspace/install/qt_ros/include/qt_ros/qt_ros/action/detail/fibonacci__type_support.cpp
[9.562s] -- Installing: /home/maddy/qt_ros_workspace/install/qt_ros/lib/libqt_ros__rosidl_typesupport_introspection_cpp.so
[9.562s] -- Set runtime path of "/home/maddy/qt_ros_workspace/install/qt_ros/lib/libqt_ros__rosidl_typesupport_introspection_cpp.so" to ""
[9.562s] -- Installing: /home/maddy/qt_ros_workspace/install/qt_ros/lib/libqt_ros__rosidl_typesupport_cpp.so
[9.563s] -- Set runtime path of "/home/maddy/qt_ros_workspace/install/qt_ros/lib/libqt_ros__rosidl_typesupport_cpp.so" to ""
[9.563s] -- Installing: /home/maddy/qt_ros_workspace/install/qt_ros/share/qt_ros/environment/pythonpath.sh
[9.563s] -- Installing: /home/maddy/qt_ros_workspace/install/qt_ros/share/qt_ros/environment/pythonpath.dsv
[9.563s] -- Installing: /home/maddy/qt_ros_workspace/install/qt_ros/local/lib/python3.10/dist-packages/qt_ros-0.0.0-py3.10.egg-info
[9.563s] -- Installing: /home/maddy/qt_ros_workspace/install/qt_ros/local/lib/python3.10/dist-packages/qt_ros-0.0.0-py3.10.egg-info/top_level.txt
[9.563s] -- Installing: /home/maddy/qt_ros_workspace/install/qt_ros/local/lib/python3.10/dist-packages/qt_ros-0.0.0-py3.10.egg-info/dependency_links.txt
[9.564s] -- Installing: /home/maddy/qt_ros_workspace/install/qt_ros/local/lib/python3.10/dist-packages/qt_ros-0.0.0-py3.10.egg-info/PKG-INFO
[9.564s] -- Installing: /home/maddy/qt_ros_workspace/install/qt_ros/local/lib/python3.10/dist-packages/qt_ros-0.0.0-py3.10.egg-info/SOURCES.txt
[9.564s] -- Installing: /home/maddy/qt_ros_workspace/install/qt_ros/local/lib/python3.10/dist-packages/qt_ros
[9.565s] -- Installing: /home/maddy/qt_ros_workspace/install/qt_ros/local/lib/python3.10/dist-packages/qt_ros/qt_ros_s__rosidl_typesupport_c.cpython-310-x86_64-linux-gnu.so
[9.565s] -- Installing: /home/maddy/qt_ros_workspace/install/qt_ros/local/lib/python3.10/dist-packages/qt_ros/qt_ros_s__rosidl_typesupport_fastrtps_c.cpython-310-x86_64-linux-gnu.so
[9.565s] -- Installing: /home/maddy/qt_ros_workspace/install/qt_ros/local/lib/python3.10/dist-packages/qt_ros/libqt_ros__rosidl_generator_py.so
[9.565s] -- Installing: /home/maddy/qt_ros_workspace/install/qt_ros/local/lib/python3.10/dist-packages/qt_ros/srv
[9.566s] -- Installing: /home/maddy/qt_ros_workspace/install/qt_ros/local/lib/python3.10/dist-packages/qt_ros/srv/_qt_string.py
[9.566s] -- Installing: /home/maddy/qt_ros_workspace/install/qt_ros/local/lib/python3.10/dist-packages/qt_ros/srv/_qt_string_s.c
[9.566s] -- Installing: /home/maddy/qt_ros_workspace/install/qt_ros/local/lib/python3.10/dist-packages/qt_ros/srv/__init__.py
[9.567s] -- Installing: /home/maddy/qt_ros_workspace/install/qt_ros/local/lib/python3.10/dist-packages/qt_ros/_qt_ros_s.ep.rosidl_typesupport_fastrtps_c.c
[9.567s] -- Installing: /home/maddy/qt_ros_workspace/install/qt_ros/local/lib/python3.10/dist-packages/qt_ros/_qt_ros_s.ep.rosidl_typesupport_introspection_c.c
[9.567s] -- Installing: /home/maddy/qt_ros_workspace/install/qt_ros/local/lib/python3.10/dist-packages/qt_ros/_qt_ros_s.ep.rosidl_typesupport_c.c
[9.568s] -- Installing: /home/maddy/qt_ros_workspace/install/qt_ros/local/lib/python3.10/dist-packages/qt_ros/action
[9.568s] -- Installing: /home/maddy/qt_ros_workspace/install/qt_ros/local/lib/python3.10/dist-packages/qt_ros/action/_fibonacci.py
[9.568s] -- Installing: /home/maddy/qt_ros_workspace/install/qt_ros/local/lib/python3.10/dist-packages/qt_ros/action/__init__.py
[9.569s] -- Installing: /home/maddy/qt_ros_workspace/install/qt_ros/local/lib/python3.10/dist-packages/qt_ros/action/_fibonacci_s.c
[9.569s] -- Installing: /home/maddy/qt_ros_workspace/install/qt_ros/local/lib/python3.10/dist-packages/qt_ros/__init__.py
[9.569s] -- Installing: /home/maddy/qt_ros_workspace/install/qt_ros/local/lib/python3.10/dist-packages/qt_ros/qt_ros_s__rosidl_typesupport_introspection_c.cpython-310-x86_64-linux-gnu.so
[9.622s] Listing '/home/maddy/qt_ros_workspace/install/qt_ros/local/lib/python3.10/dist-packages/qt_ros'...
[9.622s] Compiling '/home/maddy/qt_ros_workspace/install/qt_ros/local/lib/python3.10/dist-packages/qt_ros/__init__.py'...
[9.623s] Listing '/home/maddy/qt_ros_workspace/install/qt_ros/local/lib/python3.10/dist-packages/qt_ros/action'...
[9.623s] Compiling '/home/maddy/qt_ros_workspace/install/qt_ros/local/lib/python3.10/dist-packages/qt_ros/action/__init__.py'...
[9.623s] Compiling '/home/maddy/qt_ros_workspace/install/qt_ros/local/lib/python3.10/dist-packages/qt_ros/action/_fibonacci.py'...
[9.623s] Listing '/home/maddy/qt_ros_workspace/install/qt_ros/local/lib/python3.10/dist-packages/qt_ros/srv'...
[9.623s] Compiling '/home/maddy/qt_ros_workspace/install/qt_ros/local/lib/python3.10/dist-packages/qt_ros/srv/__init__.py'...
[9.623s] Compiling '/home/maddy/qt_ros_workspace/install/qt_ros/local/lib/python3.10/dist-packages/qt_ros/srv/_qt_string.py'...
[9.628s] -- Installing: /home/maddy/qt_ros_workspace/install/qt_ros/local/lib/python3.10/dist-packages/qt_ros/qt_ros_s__rosidl_typesupport_fastrtps_c.cpython-310-x86_64-linux-gnu.so
[9.628s] -- Set runtime path of "/home/maddy/qt_ros_workspace/install/qt_ros/local/lib/python3.10/dist-packages/qt_ros/qt_ros_s__rosidl_typesupport_fastrtps_c.cpython-310-x86_64-linux-gnu.so" to ""
[9.629s] -- Installing: /home/maddy/qt_ros_workspace/install/qt_ros/local/lib/python3.10/dist-packages/qt_ros/qt_ros_s__rosidl_typesupport_introspection_c.cpython-310-x86_64-linux-gnu.so
[9.629s] -- Set runtime path of "/home/maddy/qt_ros_workspace/install/qt_ros/local/lib/python3.10/dist-packages/qt_ros/qt_ros_s__rosidl_typesupport_introspection_c.cpython-310-x86_64-linux-gnu.so" to ""
[9.630s] -- Installing: /home/maddy/qt_ros_workspace/install/qt_ros/local/lib/python3.10/dist-packages/qt_ros/qt_ros_s__rosidl_typesupport_c.cpython-310-x86_64-linux-gnu.so
[9.631s] -- Set runtime path of "/home/maddy/qt_ros_workspace/install/qt_ros/local/lib/python3.10/dist-packages/qt_ros/qt_ros_s__rosidl_typesupport_c.cpython-310-x86_64-linux-gnu.so" to ""
[9.631s] -- Installing: /home/maddy/qt_ros_workspace/install/qt_ros/lib/libqt_ros__rosidl_generator_py.so
[9.631s] -- Set runtime path of "/home/maddy/qt_ros_workspace/install/qt_ros/lib/libqt_ros__rosidl_generator_py.so" to ""
[9.632s] -- Installing: /home/maddy/qt_ros_workspace/install/qt_ros/share/qt_ros/srv/QtString.idl
[9.632s] -- Installing: /home/maddy/qt_ros_workspace/install/qt_ros/share/qt_ros/action/Fibonacci.idl
[9.633s] -- Installing: /home/maddy/qt_ros_workspace/install/qt_ros/share/qt_ros/srv/QtString.srv
[9.633s] -- Installing: /home/maddy/qt_ros_workspace/install/qt_ros/share/qt_ros/srv/QtString_Request.msg
[9.633s] -- Installing: /home/maddy/qt_ros_workspace/install/qt_ros/share/qt_ros/srv/QtString_Response.msg
[9.634s] -- Installing: /home/maddy/qt_ros_workspace/install/qt_ros/share/qt_ros/actions/Fibonacci.action
[9.634s] -- Installing: /home/maddy/qt_ros_workspace/install/qt_ros/share/ament_index/resource_index/package_run_dependencies/qt_ros
[9.635s] -- Installing: /home/maddy/qt_ros_workspace/install/qt_ros/share/ament_index/resource_index/parent_prefix_path/qt_ros
[9.635s] -- Installing: /home/maddy/qt_ros_workspace/install/qt_ros/share/qt_ros/environment/ament_prefix_path.sh
[9.636s] -- Installing: /home/maddy/qt_ros_workspace/install/qt_ros/share/qt_ros/environment/ament_prefix_path.dsv
[9.636s] -- Installing: /home/maddy/qt_ros_workspace/install/qt_ros/share/qt_ros/environment/path.sh
[9.636s] -- Installing: /home/maddy/qt_ros_workspace/install/qt_ros/share/qt_ros/environment/path.dsv
[9.637s] -- Installing: /home/maddy/qt_ros_workspace/install/qt_ros/share/qt_ros/local_setup.bash
[9.637s] -- Installing: /home/maddy/qt_ros_workspace/install/qt_ros/share/qt_ros/local_setup.sh
[9.637s] -- Installing: /home/maddy/qt_ros_workspace/install/qt_ros/share/qt_ros/local_setup.zsh
[9.638s] -- Installing: /home/maddy/qt_ros_workspace/install/qt_ros/share/qt_ros/local_setup.dsv
[9.638s] -- Installing: /home/maddy/qt_ros_workspace/install/qt_ros/share/qt_ros/package.dsv
[9.638s] -- Installing: /home/maddy/qt_ros_workspace/install/qt_ros/share/ament_index/resource_index/packages/qt_ros
[9.639s] -- Installing: /home/maddy/qt_ros_workspace/install/qt_ros/share/qt_ros/cmake/export_qt_ros__rosidl_generator_cExport.cmake
[9.639s] -- Installing: /home/maddy/qt_ros_workspace/install/qt_ros/share/qt_ros/cmake/export_qt_ros__rosidl_generator_cExport-noconfig.cmake
[9.639s] -- Installing: /home/maddy/qt_ros_workspace/install/qt_ros/share/qt_ros/cmake/export_qt_ros__rosidl_typesupport_fastrtps_cExport.cmake
[9.640s] -- Installing: /home/maddy/qt_ros_workspace/install/qt_ros/share/qt_ros/cmake/export_qt_ros__rosidl_typesupport_fastrtps_cExport-noconfig.cmake
[9.640s] -- Installing: /home/maddy/qt_ros_workspace/install/qt_ros/share/qt_ros/cmake/export_qt_ros__rosidl_generator_cppExport.cmake
[9.640s] -- Installing: /home/maddy/qt_ros_workspace/install/qt_ros/share/qt_ros/cmake/export_qt_ros__rosidl_typesupport_fastrtps_cppExport.cmake
[9.641s] -- Installing: /home/maddy/qt_ros_workspace/install/qt_ros/share/qt_ros/cmake/export_qt_ros__rosidl_typesupport_fastrtps_cppExport-noconfig.cmake
[9.641s] -- Installing: /home/maddy/qt_ros_workspace/install/qt_ros/share/qt_ros/cmake/qt_ros__rosidl_typesupport_introspection_cExport.cmake
[9.641s] -- Installing: /home/maddy/qt_ros_workspace/install/qt_ros/share/qt_ros/cmake/qt_ros__rosidl_typesupport_introspection_cExport-noconfig.cmake
[9.642s] -- Installing: /home/maddy/qt_ros_workspace/install/qt_ros/share/qt_ros/cmake/qt_ros__rosidl_typesupport_cExport.cmake
[9.642s] -- Installing: /home/maddy/qt_ros_workspace/install/qt_ros/share/qt_ros/cmake/qt_ros__rosidl_typesupport_cExport-noconfig.cmake
[9.642s] -- Installing: /home/maddy/qt_ros_workspace/install/qt_ros/share/qt_ros/cmake/qt_ros__rosidl_typesupport_introspection_cppExport.cmake
[9.643s] -- Installing: /home/maddy/qt_ros_workspace/install/qt_ros/share/qt_ros/cmake/qt_ros__rosidl_typesupport_introspection_cppExport-noconfig.cmake
[9.643s] -- Installing: /home/maddy/qt_ros_workspace/install/qt_ros/share/qt_ros/cmake/qt_ros__rosidl_typesupport_cppExport.cmake
[9.643s] -- Installing: /home/maddy/qt_ros_workspace/install/qt_ros/share/qt_ros/cmake/qt_ros__rosidl_typesupport_cppExport-noconfig.cmake
[9.643s] -- Installing: /home/maddy/qt_ros_workspace/install/qt_ros/share/qt_ros/cmake/export_qt_ros__rosidl_generator_pyExport.cmake
[9.644s] -- Installing: /home/maddy/qt_ros_workspace/install/qt_ros/share/qt_ros/cmake/export_qt_ros__rosidl_generator_pyExport-noconfig.cmake
[9.644s] -- Installing: /home/maddy/qt_ros_workspace/install/qt_ros/share/qt_ros/cmake/rosidl_cmake-extras.cmake
[9.644s] -- Installing: /home/maddy/qt_ros_workspace/install/qt_ros/share/qt_ros/cmake/ament_cmake_export_dependencies-extras.cmake
[9.644s] -- Installing: /home/maddy/qt_ros_workspace/install/qt_ros/share/qt_ros/cmake/ament_cmake_export_include_directories-extras.cmake
[9.645s] -- Installing: /home/maddy/qt_ros_workspace/install/qt_ros/share/qt_ros/cmake/ament_cmake_export_libraries-extras.cmake
[9.645s] -- Installing: /home/maddy/qt_ros_workspace/install/qt_ros/share/qt_ros/cmake/ament_cmake_export_targets-extras.cmake
[9.645s] -- Installing: /home/maddy/qt_ros_workspace/install/qt_ros/share/qt_ros/cmake/rosidl_cmake_export_typesupport_targets-extras.cmake
[9.645s] -- Installing: /home/maddy/qt_ros_workspace/install/qt_ros/share/qt_ros/cmake/rosidl_cmake_export_typesupport_libraries-extras.cmake
[9.646s] -- Installing: /home/maddy/qt_ros_workspace/install/qt_ros/share/qt_ros/cmake/qt_rosConfig.cmake
[9.646s] -- Installing: /home/maddy/qt_ros_workspace/install/qt_ros/share/qt_ros/cmake/qt_rosConfig-version.cmake
[9.646s] -- Installing: /home/maddy/qt_ros_workspace/install/qt_ros/share/qt_ros/package.xml
[9.650s] Invoked command in '/home/maddy/qt_ros_workspace/build/qt_ros' returned '0': CMAKE_PREFIX_PATH=/opt/ros/humble /usr/bin/cmake --install /home/maddy/qt_ros_workspace/build/qt_ros
