[0.022s] Invoking command in '/home/maddy/qt_ros_workspace/src/build/action_tutorials_interfaces': CMAKE_PREFIX_PATH=/opt/ros/humble /usr/bin/cmake /home/maddy/qt_ros_workspace/src/action_tutorials_interfaces -DCMAKE_INSTALL_PREFIX=/home/maddy/qt_ros_workspace/src/install/action_tutorials_interfaces
[0.454s] -- The C compiler identification is GNU 11.4.0
[1.386s] -- The CXX compiler identification is GNU 11.4.0
[1.961s] -- Detecting C compiler ABI info
[2.211s] -- Detecting C compiler ABI info - done
[2.222s] -- Check for working C compiler: /usr/bin/cc - skipped
[2.222s] -- Detecting C compile features
[2.224s] -- Detecting C compile features - done
[2.231s] -- Detecting CXX compiler ABI info
[2.456s] -- Detecting CXX compiler ABI info - done
[2.466s] -- Check for working CXX compiler: /usr/bin/c++ - skipped
[2.467s] -- Detecting CXX compile features
[2.467s] -- Detecting CXX compile features - done
[2.476s] -- Found ament_cmake: 1.3.12 (/opt/ros/humble/share/ament_cmake/cmake)
[2.688s] -- Found Python3: /usr/bin/python3 (found version "3.10.12") found components: Interpreter 
[2.868s] -- Found rosidl_default_generators: 1.2.0 (/opt/ros/humble/share/rosidl_default_generators/cmake)
[2.876s] -- Using all available rosidl_typesupport_c: rosidl_typesupport_fastrtps_c;rosidl_typesupport_introspection_c
[2.889s] -- Found rosidl_adapter: 3.1.8 (/opt/ros/humble/share/rosidl_adapter/cmake)
[3.174s] -- Using all available rosidl_typesupport_cpp: rosidl_typesupport_fastrtps_cpp;rosidl_typesupport_introspection_cpp
[3.725s] -- Found ament_cmake_ros: 0.10.0 (/opt/ros/humble/share/ament_cmake_ros/cmake)
[4.076s] -- Using all available rosidl_typesupport_c: rosidl_typesupport_fastrtps_c;rosidl_typesupport_introspection_c
[4.404s] -- Using all available rosidl_typesupport_cpp: rosidl_typesupport_fastrtps_cpp;rosidl_typesupport_introspection_cpp
[4.621s] -- Found PythonInterp: /usr/bin/python3 (found suitable version "3.10.12", minimum required is "3.6") 
[4.625s] -- Found python_cmake_module: 0.10.0 (/opt/ros/humble/share/python_cmake_module/cmake)
[5.296s] -- Found PythonLibs: /usr/lib/x86_64-linux-gnu/libpython3.10.so (found suitable version "3.10.12", minimum required is "3.5") 
[5.296s] -- Using PYTHON_EXECUTABLE: /usr/bin/python3
[5.297s] -- Using PYTHON_INCLUDE_DIRS: /usr/include/python3.10
[5.297s] -- Using PYTHON_LIBRARIES: /usr/lib/x86_64-linux-gnu/libpython3.10.so
[5.323s] -- Found PythonExtra: .so  
[5.440s] -- Found ament_lint_auto: 0.12.14 (/opt/ros/humble/share/ament_lint_auto/cmake)
[5.487s] -- Added test 'lint_cmake' to check CMake code style
[5.491s] -- Added test 'xmllint' to check XML markup files
[5.497s] -- Configuring done
[5.562s] -- Generating done
[5.579s] -- Build files have been written to: /home/maddy/qt_ros_workspace/src/build/action_tutorials_interfaces
[5.589s] Invoked command in '/home/maddy/qt_ros_workspace/src/build/action_tutorials_interfaces' returned '0': CMAKE_PREFIX_PATH=/opt/ros/humble /usr/bin/cmake /home/maddy/qt_ros_workspace/src/action_tutorials_interfaces -DCMAKE_INSTALL_PREFIX=/home/maddy/qt_ros_workspace/src/install/action_tutorials_interfaces
[5.592s] Invoking command in '/home/maddy/qt_ros_workspace/src/build/action_tutorials_interfaces': CMAKE_PREFIX_PATH=/opt/ros/humble /usr/bin/cmake --build /home/maddy/qt_ros_workspace/src/build/action_tutorials_interfaces -- -j8 -l8
[5.643s] [  3%] [34m[1mGenerating C code for ROS interfaces[0m
[5.666s] [  6%] [34m[1mGenerating C++ code for ROS interfaces[0m
[5.677s] [  6%] Built target ament_cmake_python_copy_action_tutorials_interfaces
[6.099s] running egg_info
[6.100s] creating action_tutorials_interfaces.egg-info
[6.101s] writing action_tutorials_interfaces.egg-info/PKG-INFO
[6.101s] writing dependency_links to action_tutorials_interfaces.egg-info/dependency_links.txt
[6.102s] writing top-level names to action_tutorials_interfaces.egg-info/top_level.txt
[6.102s] writing manifest file 'action_tutorials_interfaces.egg-info/SOURCES.txt'
[6.107s] reading manifest file 'action_tutorials_interfaces.egg-info/SOURCES.txt'
[6.107s] writing manifest file 'action_tutorials_interfaces.egg-info/SOURCES.txt'
[6.149s] [  6%] Built target ament_cmake_python_build_action_tutorials_interfaces_egg
[6.365s] [  9%] [32mBuilding C object CMakeFiles/action_tutorials_interfaces__rosidl_generator_c.dir/rosidl_generator_c/action_tutorials_interfaces/action/detail/fibonacci__functions.c.o[0m
[6.382s] [  9%] Built target action_tutorials_interfaces__cpp
[6.395s] [ 12%] [34m[1mGenerating C++ type support dispatch for ROS interfaces[0m
[6.399s] [ 16%] [34m[1mGenerating C++ introspection for ROS interfaces[0m
[6.401s] [ 19%] [34m[1mGenerating C++ type support for eProsima Fast-RTPS[0m
[6.601s] [ 22%] [32m[1mLinking C shared library libaction_tutorials_interfaces__rosidl_generator_c.so[0m
[6.812s] [ 22%] Built target action_tutorials_interfaces__rosidl_generator_c
[6.833s] [ 25%] [34m[1mGenerating C introspection for ROS interfaces[0m
[6.835s] [ 29%] [34m[1mGenerating C type support for eProsima Fast-RTPS[0m
[6.839s] [ 32%] [34m[1mGenerating C type support dispatch for ROS interfaces[0m
[7.011s] [ 35%] [32mBuilding CXX object CMakeFiles/action_tutorials_interfaces__rosidl_typesupport_cpp.dir/rosidl_typesupport_cpp/action_tutorials_interfaces/action/fibonacci__type_support.cpp.o[0m
[7.124s] [ 38%] [32mBuilding CXX object CMakeFiles/action_tutorials_interfaces__rosidl_typesupport_introspection_cpp.dir/rosidl_typesupport_introspection_cpp/action_tutorials_interfaces/action/detail/fibonacci__type_support.cpp.o[0m
[7.246s] [ 41%] [32mBuilding CXX object CMakeFiles/action_tutorials_interfaces__rosidl_typesupport_fastrtps_cpp.dir/rosidl_typesupport_fastrtps_cpp/action_tutorials_interfaces/action/detail/dds_fastrtps/fibonacci__type_support.cpp.o[0m
[7.471s] [ 45%] [32mBuilding CXX object CMakeFiles/action_tutorials_interfaces__rosidl_typesupport_c.dir/rosidl_typesupport_c/action_tutorials_interfaces/action/fibonacci__type_support.cpp.o[0m
[7.603s] [ 48%] [32m[1mLinking CXX shared library libaction_tutorials_interfaces__rosidl_typesupport_c.so[0m
[7.637s] [ 51%] [32mBuilding C object CMakeFiles/action_tutorials_interfaces__rosidl_typesupport_introspection_c.dir/rosidl_typesupport_introspection_c/action_tutorials_interfaces/action/detail/fibonacci__type_support.c.o[0m
[7.746s] [ 54%] [32mBuilding CXX object CMakeFiles/action_tutorials_interfaces__rosidl_typesupport_fastrtps_c.dir/rosidl_typesupport_fastrtps_c/action_tutorials_interfaces/action/detail/fibonacci__type_support_c.cpp.o[0m
[7.784s] [ 58%] [32m[1mLinking C shared library libaction_tutorials_interfaces__rosidl_typesupport_introspection_c.so[0m
[7.883s] [ 58%] Built target action_tutorials_interfaces__rosidl_typesupport_c
[8.004s] [ 58%] Built target action_tutorials_interfaces__rosidl_typesupport_introspection_c
[8.149s] [ 61%] [32m[1mLinking CXX shared library libaction_tutorials_interfaces__rosidl_typesupport_cpp.so[0m
[8.372s] [ 61%] Built target action_tutorials_interfaces__rosidl_typesupport_cpp
[8.557s] [ 64%] [32m[1mLinking CXX shared library libaction_tutorials_interfaces__rosidl_typesupport_introspection_cpp.so[0m
[8.568s] [ 67%] [32m[1mLinking CXX shared library libaction_tutorials_interfaces__rosidl_typesupport_fastrtps_c.so[0m
[8.605s] [ 70%] [32m[1mLinking CXX shared library libaction_tutorials_interfaces__rosidl_typesupport_fastrtps_cpp.so[0m
[8.849s] [ 70%] Built target action_tutorials_interfaces__rosidl_typesupport_introspection_cpp
[8.849s] [ 70%] Built target action_tutorials_interfaces__rosidl_typesupport_fastrtps_c
[8.887s] [ 70%] Built target action_tutorials_interfaces__rosidl_typesupport_fastrtps_cpp
[8.918s] [ 70%] Built target action_tutorials_interfaces
[8.944s] [ 74%] [34m[1mGenerating Python code for ROS interfaces[0m
[9.885s] [ 74%] Built target action_tutorials_interfaces__py
[9.910s] [ 77%] [32mBuilding C object CMakeFiles/action_tutorials_interfaces__rosidl_generator_py.dir/rosidl_generator_py/action_tutorials_interfaces/action/_fibonacci_s.c.o[0m
[10.181s] [ 80%] [32m[1mLinking C shared library rosidl_generator_py/action_tutorials_interfaces/libaction_tutorials_interfaces__rosidl_generator_py.so[0m
[10.375s] [ 80%] Built target action_tutorials_interfaces__rosidl_generator_py
[10.407s] [ 83%] [32mBuilding C object CMakeFiles/action_tutorials_interfaces__rosidl_typesupport_c__pyext.dir/rosidl_generator_py/action_tutorials_interfaces/_action_tutorials_interfaces_s.ep.rosidl_typesupport_c.c.o[0m
[10.407s] [ 90%] [32mBuilding C object CMakeFiles/action_tutorials_interfaces__rosidl_typesupport_introspection_c__pyext.dir/rosidl_generator_py/action_tutorials_interfaces/_action_tutorials_interfaces_s.ep.rosidl_typesupport_introspection_c.c.o[0m
[10.407s] [ 90%] [32mBuilding C object CMakeFiles/action_tutorials_interfaces__rosidl_typesupport_fastrtps_c__pyext.dir/rosidl_generator_py/action_tutorials_interfaces/_action_tutorials_interfaces_s.ep.rosidl_typesupport_fastrtps_c.c.o[0m
[10.615s] [ 93%] [32m[1mLinking C shared library rosidl_generator_py/action_tutorials_interfaces/action_tutorials_interfaces_s__rosidl_typesupport_introspection_c.cpython-310-x86_64-linux-gnu.so[0m
[10.625s] [ 96%] [32m[1mLinking C shared library rosidl_generator_py/action_tutorials_interfaces/action_tutorials_interfaces_s__rosidl_typesupport_fastrtps_c.cpython-310-x86_64-linux-gnu.so[0m
[10.631s] [100%] [32m[1mLinking C shared library rosidl_generator_py/action_tutorials_interfaces/action_tutorials_interfaces_s__rosidl_typesupport_c.cpython-310-x86_64-linux-gnu.so[0m
[10.788s] [100%] Built target action_tutorials_interfaces__rosidl_typesupport_fastrtps_c__pyext
[10.794s] [100%] Built target action_tutorials_interfaces__rosidl_typesupport_introspection_c__pyext
[10.821s] [100%] Built target action_tutorials_interfaces__rosidl_typesupport_c__pyext
[10.849s] Invoked command in '/home/maddy/qt_ros_workspace/src/build/action_tutorials_interfaces' returned '0': CMAKE_PREFIX_PATH=/opt/ros/humble /usr/bin/cmake --build /home/maddy/qt_ros_workspace/src/build/action_tutorials_interfaces -- -j8 -l8
[10.869s] Invoking command in '/home/maddy/qt_ros_workspace/src/build/action_tutorials_interfaces': CMAKE_PREFIX_PATH=/opt/ros/humble /usr/bin/cmake --install /home/maddy/qt_ros_workspace/src/build/action_tutorials_interfaces
[10.879s] -- Install configuration: ""
[10.881s] -- Installing: /home/maddy/qt_ros_workspace/src/install/action_tutorials_interfaces/share/ament_index/resource_index/rosidl_interfaces/action_tutorials_interfaces
[10.882s] -- Installing: /home/maddy/qt_ros_workspace/src/install/action_tutorials_interfaces/include/action_tutorials_interfaces/action_tutorials_interfaces
[10.883s] -- Installing: /home/maddy/qt_ros_workspace/src/install/action_tutorials_interfaces/include/action_tutorials_interfaces/action_tutorials_interfaces/action
[10.883s] -- Installing: /home/maddy/qt_ros_workspace/src/install/action_tutorials_interfaces/include/action_tutorials_interfaces/action_tutorials_interfaces/action/detail
[10.884s] -- Installing: /home/maddy/qt_ros_workspace/src/install/action_tutorials_interfaces/include/action_tutorials_interfaces/action_tutorials_interfaces/action/detail/fibonacci__struct.h
[10.884s] -- Installing: /home/maddy/qt_ros_workspace/src/install/action_tutorials_interfaces/include/action_tutorials_interfaces/action_tutorials_interfaces/action/detail/fibonacci__functions.c
[10.885s] -- Installing: /home/maddy/qt_ros_workspace/src/install/action_tutorials_interfaces/include/action_tutorials_interfaces/action_tutorials_interfaces/action/detail/fibonacci__type_support.h
[10.885s] -- Installing: /home/maddy/qt_ros_workspace/src/install/action_tutorials_interfaces/include/action_tutorials_interfaces/action_tutorials_interfaces/action/detail/fibonacci__functions.h
[10.885s] -- Installing: /home/maddy/qt_ros_workspace/src/install/action_tutorials_interfaces/include/action_tutorials_interfaces/action_tutorials_interfaces/action/fibonacci.h
[10.886s] -- Installing: /home/maddy/qt_ros_workspace/src/install/action_tutorials_interfaces/include/action_tutorials_interfaces/action_tutorials_interfaces/msg
[10.886s] -- Installing: /home/maddy/qt_ros_workspace/src/install/action_tutorials_interfaces/include/action_tutorials_interfaces/action_tutorials_interfaces/msg/rosidl_generator_c__visibility_control.h
[10.887s] -- Installing: /home/maddy/qt_ros_workspace/src/install/action_tutorials_interfaces/share/action_tutorials_interfaces/environment/library_path.sh
[10.887s] -- Installing: /home/maddy/qt_ros_workspace/src/install/action_tutorials_interfaces/share/action_tutorials_interfaces/environment/library_path.dsv
[10.888s] -- Installing: /home/maddy/qt_ros_workspace/src/install/action_tutorials_interfaces/lib/libaction_tutorials_interfaces__rosidl_generator_c.so
[10.889s] -- Set runtime path of "/home/maddy/qt_ros_workspace/src/install/action_tutorials_interfaces/lib/libaction_tutorials_interfaces__rosidl_generator_c.so" to ""
[10.889s] -- Up-to-date: /home/maddy/qt_ros_workspace/src/install/action_tutorials_interfaces/include/action_tutorials_interfaces/action_tutorials_interfaces
[10.889s] -- Up-to-date: /home/maddy/qt_ros_workspace/src/install/action_tutorials_interfaces/include/action_tutorials_interfaces/action_tutorials_interfaces/action
[10.890s] -- Up-to-date: /home/maddy/qt_ros_workspace/src/install/action_tutorials_interfaces/include/action_tutorials_interfaces/action_tutorials_interfaces/action/detail
[10.890s] -- Installing: /home/maddy/qt_ros_workspace/src/install/action_tutorials_interfaces/include/action_tutorials_interfaces/action_tutorials_interfaces/action/detail/fibonacci__rosidl_typesupport_fastrtps_c.h
[10.890s] -- Up-to-date: /home/maddy/qt_ros_workspace/src/install/action_tutorials_interfaces/include/action_tutorials_interfaces/action_tutorials_interfaces/msg
[10.891s] -- Installing: /home/maddy/qt_ros_workspace/src/install/action_tutorials_interfaces/include/action_tutorials_interfaces/action_tutorials_interfaces/msg/rosidl_typesupport_fastrtps_c__visibility_control.h
[10.891s] -- Installing: /home/maddy/qt_ros_workspace/src/install/action_tutorials_interfaces/lib/libaction_tutorials_interfaces__rosidl_typesupport_fastrtps_c.so
[10.892s] -- Set runtime path of "/home/maddy/qt_ros_workspace/src/install/action_tutorials_interfaces/lib/libaction_tutorials_interfaces__rosidl_typesupport_fastrtps_c.so" to ""
[10.893s] -- Up-to-date: /home/maddy/qt_ros_workspace/src/install/action_tutorials_interfaces/include/action_tutorials_interfaces/action_tutorials_interfaces
[10.893s] -- Up-to-date: /home/maddy/qt_ros_workspace/src/install/action_tutorials_interfaces/include/action_tutorials_interfaces/action_tutorials_interfaces/action
[10.893s] -- Up-to-date: /home/maddy/qt_ros_workspace/src/install/action_tutorials_interfaces/include/action_tutorials_interfaces/action_tutorials_interfaces/action/detail
[10.894s] -- Installing: /home/maddy/qt_ros_workspace/src/install/action_tutorials_interfaces/include/action_tutorials_interfaces/action_tutorials_interfaces/action/detail/fibonacci__rosidl_typesupport_introspection_c.h
[10.894s] -- Installing: /home/maddy/qt_ros_workspace/src/install/action_tutorials_interfaces/include/action_tutorials_interfaces/action_tutorials_interfaces/action/detail/fibonacci__type_support.c
[10.894s] -- Up-to-date: /home/maddy/qt_ros_workspace/src/install/action_tutorials_interfaces/include/action_tutorials_interfaces/action_tutorials_interfaces/msg
[10.894s] -- Installing: /home/maddy/qt_ros_workspace/src/install/action_tutorials_interfaces/include/action_tutorials_interfaces/action_tutorials_interfaces/msg/rosidl_typesupport_introspection_c__visibility_control.h
[10.894s] -- Installing: /home/maddy/qt_ros_workspace/src/install/action_tutorials_interfaces/lib/libaction_tutorials_interfaces__rosidl_typesupport_introspection_c.so
[10.895s] -- Set runtime path of "/home/maddy/qt_ros_workspace/src/install/action_tutorials_interfaces/lib/libaction_tutorials_interfaces__rosidl_typesupport_introspection_c.so" to ""
[10.895s] -- Installing: /home/maddy/qt_ros_workspace/src/install/action_tutorials_interfaces/lib/libaction_tutorials_interfaces__rosidl_typesupport_c.so
[10.896s] -- Set runtime path of "/home/maddy/qt_ros_workspace/src/install/action_tutorials_interfaces/lib/libaction_tutorials_interfaces__rosidl_typesupport_c.so" to ""
[10.896s] -- Up-to-date: /home/maddy/qt_ros_workspace/src/install/action_tutorials_interfaces/include/action_tutorials_interfaces/action_tutorials_interfaces
[10.897s] -- Up-to-date: /home/maddy/qt_ros_workspace/src/install/action_tutorials_interfaces/include/action_tutorials_interfaces/action_tutorials_interfaces/action
[10.897s] -- Up-to-date: /home/maddy/qt_ros_workspace/src/install/action_tutorials_interfaces/include/action_tutorials_interfaces/action_tutorials_interfaces/action/detail
[10.898s] -- Installing: /home/maddy/qt_ros_workspace/src/install/action_tutorials_interfaces/include/action_tutorials_interfaces/action_tutorials_interfaces/action/detail/fibonacci__traits.hpp
[10.898s] -- Installing: /home/maddy/qt_ros_workspace/src/install/action_tutorials_interfaces/include/action_tutorials_interfaces/action_tutorials_interfaces/action/detail/fibonacci__builder.hpp
[10.898s] -- Installing: /home/maddy/qt_ros_workspace/src/install/action_tutorials_interfaces/include/action_tutorials_interfaces/action_tutorials_interfaces/action/detail/fibonacci__type_support.hpp
[10.899s] -- Installing: /home/maddy/qt_ros_workspace/src/install/action_tutorials_interfaces/include/action_tutorials_interfaces/action_tutorials_interfaces/action/detail/fibonacci__struct.hpp
[10.899s] -- Installing: /home/maddy/qt_ros_workspace/src/install/action_tutorials_interfaces/include/action_tutorials_interfaces/action_tutorials_interfaces/action/fibonacci.hpp
[10.900s] -- Up-to-date: /home/maddy/qt_ros_workspace/src/install/action_tutorials_interfaces/include/action_tutorials_interfaces/action_tutorials_interfaces/msg
[10.900s] -- Installing: /home/maddy/qt_ros_workspace/src/install/action_tutorials_interfaces/include/action_tutorials_interfaces/action_tutorials_interfaces/msg/rosidl_generator_cpp__visibility_control.hpp
[10.900s] -- Up-to-date: /home/maddy/qt_ros_workspace/src/install/action_tutorials_interfaces/include/action_tutorials_interfaces/action_tutorials_interfaces
[10.901s] -- Up-to-date: /home/maddy/qt_ros_workspace/src/install/action_tutorials_interfaces/include/action_tutorials_interfaces/action_tutorials_interfaces/action
[10.901s] -- Up-to-date: /home/maddy/qt_ros_workspace/src/install/action_tutorials_interfaces/include/action_tutorials_interfaces/action_tutorials_interfaces/action/detail
[10.901s] -- Installing: /home/maddy/qt_ros_workspace/src/install/action_tutorials_interfaces/include/action_tutorials_interfaces/action_tutorials_interfaces/action/detail/dds_fastrtps
[10.902s] -- Installing: /home/maddy/qt_ros_workspace/src/install/action_tutorials_interfaces/include/action_tutorials_interfaces/action_tutorials_interfaces/action/detail/fibonacci__rosidl_typesupport_fastrtps_cpp.hpp
[10.902s] -- Up-to-date: /home/maddy/qt_ros_workspace/src/install/action_tutorials_interfaces/include/action_tutorials_interfaces/action_tutorials_interfaces/msg
[10.902s] -- Installing: /home/maddy/qt_ros_workspace/src/install/action_tutorials_interfaces/include/action_tutorials_interfaces/action_tutorials_interfaces/msg/rosidl_typesupport_fastrtps_cpp__visibility_control.h
[10.902s] -- Installing: /home/maddy/qt_ros_workspace/src/install/action_tutorials_interfaces/lib/libaction_tutorials_interfaces__rosidl_typesupport_fastrtps_cpp.so
[10.903s] -- Set runtime path of "/home/maddy/qt_ros_workspace/src/install/action_tutorials_interfaces/lib/libaction_tutorials_interfaces__rosidl_typesupport_fastrtps_cpp.so" to ""
[10.903s] -- Up-to-date: /home/maddy/qt_ros_workspace/src/install/action_tutorials_interfaces/include/action_tutorials_interfaces/action_tutorials_interfaces
[10.904s] -- Up-to-date: /home/maddy/qt_ros_workspace/src/install/action_tutorials_interfaces/include/action_tutorials_interfaces/action_tutorials_interfaces/action
[10.904s] -- Up-to-date: /home/maddy/qt_ros_workspace/src/install/action_tutorials_interfaces/include/action_tutorials_interfaces/action_tutorials_interfaces/action/detail
[10.904s] -- Installing: /home/maddy/qt_ros_workspace/src/install/action_tutorials_interfaces/include/action_tutorials_interfaces/action_tutorials_interfaces/action/detail/fibonacci__rosidl_typesupport_introspection_cpp.hpp
[10.905s] -- Installing: /home/maddy/qt_ros_workspace/src/install/action_tutorials_interfaces/include/action_tutorials_interfaces/action_tutorials_interfaces/action/detail/fibonacci__type_support.cpp
[10.905s] -- Installing: /home/maddy/qt_ros_workspace/src/install/action_tutorials_interfaces/lib/libaction_tutorials_interfaces__rosidl_typesupport_introspection_cpp.so
[10.906s] -- Set runtime path of "/home/maddy/qt_ros_workspace/src/install/action_tutorials_interfaces/lib/libaction_tutorials_interfaces__rosidl_typesupport_introspection_cpp.so" to ""
[10.906s] -- Installing: /home/maddy/qt_ros_workspace/src/install/action_tutorials_interfaces/lib/libaction_tutorials_interfaces__rosidl_typesupport_cpp.so
[10.906s] -- Set runtime path of "/home/maddy/qt_ros_workspace/src/install/action_tutorials_interfaces/lib/libaction_tutorials_interfaces__rosidl_typesupport_cpp.so" to ""
[10.907s] -- Installing: /home/maddy/qt_ros_workspace/src/install/action_tutorials_interfaces/share/action_tutorials_interfaces/environment/pythonpath.sh
[10.907s] -- Installing: /home/maddy/qt_ros_workspace/src/install/action_tutorials_interfaces/share/action_tutorials_interfaces/environment/pythonpath.dsv
[10.907s] -- Installing: /home/maddy/qt_ros_workspace/src/install/action_tutorials_interfaces/local/lib/python3.10/dist-packages/action_tutorials_interfaces-0.0.0-py3.10.egg-info
[10.909s] -- Installing: /home/maddy/qt_ros_workspace/src/install/action_tutorials_interfaces/local/lib/python3.10/dist-packages/action_tutorials_interfaces-0.0.0-py3.10.egg-info/top_level.txt
[10.909s] -- Installing: /home/maddy/qt_ros_workspace/src/install/action_tutorials_interfaces/local/lib/python3.10/dist-packages/action_tutorials_interfaces-0.0.0-py3.10.egg-info/dependency_links.txt
[10.910s] -- Installing: /home/maddy/qt_ros_workspace/src/install/action_tutorials_interfaces/local/lib/python3.10/dist-packages/action_tutorials_interfaces-0.0.0-py3.10.egg-info/PKG-INFO
[10.910s] -- Installing: /home/maddy/qt_ros_workspace/src/install/action_tutorials_interfaces/local/lib/python3.10/dist-packages/action_tutorials_interfaces-0.0.0-py3.10.egg-info/SOURCES.txt
[10.910s] -- Installing: /home/maddy/qt_ros_workspace/src/install/action_tutorials_interfaces/local/lib/python3.10/dist-packages/action_tutorials_interfaces
[10.911s] -- Installing: /home/maddy/qt_ros_workspace/src/install/action_tutorials_interfaces/local/lib/python3.10/dist-packages/action_tutorials_interfaces/_action_tutorials_interfaces_s.ep.rosidl_typesupport_fastrtps_c.c
[10.912s] -- Installing: /home/maddy/qt_ros_workspace/src/install/action_tutorials_interfaces/local/lib/python3.10/dist-packages/action_tutorials_interfaces/_action_tutorials_interfaces_s.ep.rosidl_typesupport_c.c
[10.912s] -- Installing: /home/maddy/qt_ros_workspace/src/install/action_tutorials_interfaces/local/lib/python3.10/dist-packages/action_tutorials_interfaces/_action_tutorials_interfaces_s.ep.rosidl_typesupport_introspection_c.c
[10.913s] -- Installing: /home/maddy/qt_ros_workspace/src/install/action_tutorials_interfaces/local/lib/python3.10/dist-packages/action_tutorials_interfaces/action
[10.913s] -- Installing: /home/maddy/qt_ros_workspace/src/install/action_tutorials_interfaces/local/lib/python3.10/dist-packages/action_tutorials_interfaces/action/_fibonacci.py
[10.914s] -- Installing: /home/maddy/qt_ros_workspace/src/install/action_tutorials_interfaces/local/lib/python3.10/dist-packages/action_tutorials_interfaces/action/__init__.py
[10.914s] -- Installing: /home/maddy/qt_ros_workspace/src/install/action_tutorials_interfaces/local/lib/python3.10/dist-packages/action_tutorials_interfaces/action/_fibonacci_s.c
[10.914s] -- Installing: /home/maddy/qt_ros_workspace/src/install/action_tutorials_interfaces/local/lib/python3.10/dist-packages/action_tutorials_interfaces/__init__.py
[10.915s] -- Installing: /home/maddy/qt_ros_workspace/src/install/action_tutorials_interfaces/local/lib/python3.10/dist-packages/action_tutorials_interfaces/action_tutorials_interfaces_s__rosidl_typesupport_introspection_c.cpython-310-x86_64-linux-gnu.so
[10.915s] -- Installing: /home/maddy/qt_ros_workspace/src/install/action_tutorials_interfaces/local/lib/python3.10/dist-packages/action_tutorials_interfaces/action_tutorials_interfaces_s__rosidl_typesupport_c.cpython-310-x86_64-linux-gnu.so
[10.916s] -- Installing: /home/maddy/qt_ros_workspace/src/install/action_tutorials_interfaces/local/lib/python3.10/dist-packages/action_tutorials_interfaces/action_tutorials_interfaces_s__rosidl_typesupport_fastrtps_c.cpython-310-x86_64-linux-gnu.so
[10.916s] -- Installing: /home/maddy/qt_ros_workspace/src/install/action_tutorials_interfaces/local/lib/python3.10/dist-packages/action_tutorials_interfaces/libaction_tutorials_interfaces__rosidl_generator_py.so
[10.993s] Listing '/home/maddy/qt_ros_workspace/src/install/action_tutorials_interfaces/local/lib/python3.10/dist-packages/action_tutorials_interfaces'...
[10.993s] Compiling '/home/maddy/qt_ros_workspace/src/install/action_tutorials_interfaces/local/lib/python3.10/dist-packages/action_tutorials_interfaces/__init__.py'...
[10.993s] Listing '/home/maddy/qt_ros_workspace/src/install/action_tutorials_interfaces/local/lib/python3.10/dist-packages/action_tutorials_interfaces/action'...
[10.994s] Compiling '/home/maddy/qt_ros_workspace/src/install/action_tutorials_interfaces/local/lib/python3.10/dist-packages/action_tutorials_interfaces/action/__init__.py'...
[10.994s] Compiling '/home/maddy/qt_ros_workspace/src/install/action_tutorials_interfaces/local/lib/python3.10/dist-packages/action_tutorials_interfaces/action/_fibonacci.py'...
[11.003s] -- Installing: /home/maddy/qt_ros_workspace/src/install/action_tutorials_interfaces/local/lib/python3.10/dist-packages/action_tutorials_interfaces/action_tutorials_interfaces_s__rosidl_typesupport_fastrtps_c.cpython-310-x86_64-linux-gnu.so
[11.004s] -- Set runtime path of "/home/maddy/qt_ros_workspace/src/install/action_tutorials_interfaces/local/lib/python3.10/dist-packages/action_tutorials_interfaces/action_tutorials_interfaces_s__rosidl_typesupport_fastrtps_c.cpython-310-x86_64-linux-gnu.so" to ""
[11.004s] -- Installing: /home/maddy/qt_ros_workspace/src/install/action_tutorials_interfaces/local/lib/python3.10/dist-packages/action_tutorials_interfaces/action_tutorials_interfaces_s__rosidl_typesupport_introspection_c.cpython-310-x86_64-linux-gnu.so
[11.005s] -- Set runtime path of "/home/maddy/qt_ros_workspace/src/install/action_tutorials_interfaces/local/lib/python3.10/dist-packages/action_tutorials_interfaces/action_tutorials_interfaces_s__rosidl_typesupport_introspection_c.cpython-310-x86_64-linux-gnu.so" to ""
[11.006s] -- Installing: /home/maddy/qt_ros_workspace/src/install/action_tutorials_interfaces/local/lib/python3.10/dist-packages/action_tutorials_interfaces/action_tutorials_interfaces_s__rosidl_typesupport_c.cpython-310-x86_64-linux-gnu.so
[11.008s] -- Set runtime path of "/home/maddy/qt_ros_workspace/src/install/action_tutorials_interfaces/local/lib/python3.10/dist-packages/action_tutorials_interfaces/action_tutorials_interfaces_s__rosidl_typesupport_c.cpython-310-x86_64-linux-gnu.so" to ""
[11.009s] -- Installing: /home/maddy/qt_ros_workspace/src/install/action_tutorials_interfaces/lib/libaction_tutorials_interfaces__rosidl_generator_py.so
[11.010s] -- Set runtime path of "/home/maddy/qt_ros_workspace/src/install/action_tutorials_interfaces/lib/libaction_tutorials_interfaces__rosidl_generator_py.so" to ""
[11.010s] -- Installing: /home/maddy/qt_ros_workspace/src/install/action_tutorials_interfaces/share/action_tutorials_interfaces/action/Fibonacci.idl
[11.011s] -- Installing: /home/maddy/qt_ros_workspace/src/install/action_tutorials_interfaces/share/action_tutorials_interfaces/action/Fibonacci.action
[11.011s] -- Installing: /home/maddy/qt_ros_workspace/src/install/action_tutorials_interfaces/share/ament_index/resource_index/package_run_dependencies/action_tutorials_interfaces
[11.013s] -- Installing: /home/maddy/qt_ros_workspace/src/install/action_tutorials_interfaces/share/ament_index/resource_index/parent_prefix_path/action_tutorials_interfaces
[11.014s] -- Installing: /home/maddy/qt_ros_workspace/src/install/action_tutorials_interfaces/share/action_tutorials_interfaces/environment/ament_prefix_path.sh
[11.015s] -- Installing: /home/maddy/qt_ros_workspace/src/install/action_tutorials_interfaces/share/action_tutorials_interfaces/environment/ament_prefix_path.dsv
[11.016s] -- Installing: /home/maddy/qt_ros_workspace/src/install/action_tutorials_interfaces/share/action_tutorials_interfaces/environment/path.sh
[11.017s] -- Installing: /home/maddy/qt_ros_workspace/src/install/action_tutorials_interfaces/share/action_tutorials_interfaces/environment/path.dsv
[11.018s] -- Installing: /home/maddy/qt_ros_workspace/src/install/action_tutorials_interfaces/share/action_tutorials_interfaces/local_setup.bash
[11.021s] -- Installing: /home/maddy/qt_ros_workspace/src/install/action_tutorials_interfaces/share/action_tutorials_interfaces/local_setup.sh
[11.021s] -- Installing: /home/maddy/qt_ros_workspace/src/install/action_tutorials_interfaces/share/action_tutorials_interfaces/local_setup.zsh
[11.021s] -- Installing: /home/maddy/qt_ros_workspace/src/install/action_tutorials_interfaces/share/action_tutorials_interfaces/local_setup.dsv
[11.022s] -- Installing: /home/maddy/qt_ros_workspace/src/install/action_tutorials_interfaces/share/action_tutorials_interfaces/package.dsv
[11.023s] -- Installing: /home/maddy/qt_ros_workspace/src/install/action_tutorials_interfaces/share/ament_index/resource_index/packages/action_tutorials_interfaces
[11.025s] -- Installing: /home/maddy/qt_ros_workspace/src/install/action_tutorials_interfaces/share/action_tutorials_interfaces/cmake/export_action_tutorials_interfaces__rosidl_generator_cExport.cmake
[11.025s] -- Installing: /home/maddy/qt_ros_workspace/src/install/action_tutorials_interfaces/share/action_tutorials_interfaces/cmake/export_action_tutorials_interfaces__rosidl_generator_cExport-noconfig.cmake
[11.026s] -- Installing: /home/maddy/qt_ros_workspace/src/install/action_tutorials_interfaces/share/action_tutorials_interfaces/cmake/export_action_tutorials_interfaces__rosidl_typesupport_fastrtps_cExport.cmake
[11.026s] -- Installing: /home/maddy/qt_ros_workspace/src/install/action_tutorials_interfaces/share/action_tutorials_interfaces/cmake/export_action_tutorials_interfaces__rosidl_typesupport_fastrtps_cExport-noconfig.cmake
[11.026s] -- Installing: /home/maddy/qt_ros_workspace/src/install/action_tutorials_interfaces/share/action_tutorials_interfaces/cmake/action_tutorials_interfaces__rosidl_typesupport_introspection_cExport.cmake
[11.027s] -- Installing: /home/maddy/qt_ros_workspace/src/install/action_tutorials_interfaces/share/action_tutorials_interfaces/cmake/action_tutorials_interfaces__rosidl_typesupport_introspection_cExport-noconfig.cmake
[11.027s] -- Installing: /home/maddy/qt_ros_workspace/src/install/action_tutorials_interfaces/share/action_tutorials_interfaces/cmake/action_tutorials_interfaces__rosidl_typesupport_cExport.cmake
[11.028s] -- Installing: /home/maddy/qt_ros_workspace/src/install/action_tutorials_interfaces/share/action_tutorials_interfaces/cmake/action_tutorials_interfaces__rosidl_typesupport_cExport-noconfig.cmake
[11.028s] -- Installing: /home/maddy/qt_ros_workspace/src/install/action_tutorials_interfaces/share/action_tutorials_interfaces/cmake/export_action_tutorials_interfaces__rosidl_generator_cppExport.cmake
[11.028s] -- Installing: /home/maddy/qt_ros_workspace/src/install/action_tutorials_interfaces/share/action_tutorials_interfaces/cmake/export_action_tutorials_interfaces__rosidl_typesupport_fastrtps_cppExport.cmake
[11.029s] -- Installing: /home/maddy/qt_ros_workspace/src/install/action_tutorials_interfaces/share/action_tutorials_interfaces/cmake/export_action_tutorials_interfaces__rosidl_typesupport_fastrtps_cppExport-noconfig.cmake
[11.029s] -- Installing: /home/maddy/qt_ros_workspace/src/install/action_tutorials_interfaces/share/action_tutorials_interfaces/cmake/action_tutorials_interfaces__rosidl_typesupport_introspection_cppExport.cmake
[11.030s] -- Installing: /home/maddy/qt_ros_workspace/src/install/action_tutorials_interfaces/share/action_tutorials_interfaces/cmake/action_tutorials_interfaces__rosidl_typesupport_introspection_cppExport-noconfig.cmake
[11.030s] -- Installing: /home/maddy/qt_ros_workspace/src/install/action_tutorials_interfaces/share/action_tutorials_interfaces/cmake/action_tutorials_interfaces__rosidl_typesupport_cppExport.cmake
[11.031s] -- Installing: /home/maddy/qt_ros_workspace/src/install/action_tutorials_interfaces/share/action_tutorials_interfaces/cmake/action_tutorials_interfaces__rosidl_typesupport_cppExport-noconfig.cmake
[11.031s] -- Installing: /home/maddy/qt_ros_workspace/src/install/action_tutorials_interfaces/share/action_tutorials_interfaces/cmake/export_action_tutorials_interfaces__rosidl_generator_pyExport.cmake
[11.032s] -- Installing: /home/maddy/qt_ros_workspace/src/install/action_tutorials_interfaces/share/action_tutorials_interfaces/cmake/export_action_tutorials_interfaces__rosidl_generator_pyExport-noconfig.cmake
[11.032s] -- Installing: /home/maddy/qt_ros_workspace/src/install/action_tutorials_interfaces/share/action_tutorials_interfaces/cmake/rosidl_cmake-extras.cmake
[11.032s] -- Installing: /home/maddy/qt_ros_workspace/src/install/action_tutorials_interfaces/share/action_tutorials_interfaces/cmake/ament_cmake_export_dependencies-extras.cmake
[11.033s] -- Installing: /home/maddy/qt_ros_workspace/src/install/action_tutorials_interfaces/share/action_tutorials_interfaces/cmake/ament_cmake_export_include_directories-extras.cmake
[11.033s] -- Installing: /home/maddy/qt_ros_workspace/src/install/action_tutorials_interfaces/share/action_tutorials_interfaces/cmake/ament_cmake_export_libraries-extras.cmake
[11.034s] -- Installing: /home/maddy/qt_ros_workspace/src/install/action_tutorials_interfaces/share/action_tutorials_interfaces/cmake/ament_cmake_export_targets-extras.cmake
[11.034s] -- Installing: /home/maddy/qt_ros_workspace/src/install/action_tutorials_interfaces/share/action_tutorials_interfaces/cmake/rosidl_cmake_export_typesupport_targets-extras.cmake
[11.035s] -- Installing: /home/maddy/qt_ros_workspace/src/install/action_tutorials_interfaces/share/action_tutorials_interfaces/cmake/rosidl_cmake_export_typesupport_libraries-extras.cmake
[11.035s] -- Installing: /home/maddy/qt_ros_workspace/src/install/action_tutorials_interfaces/share/action_tutorials_interfaces/cmake/action_tutorials_interfacesConfig.cmake
[11.035s] -- Installing: /home/maddy/qt_ros_workspace/src/install/action_tutorials_interfaces/share/action_tutorials_interfaces/cmake/action_tutorials_interfacesConfig-version.cmake
[11.036s] -- Installing: /home/maddy/qt_ros_workspace/src/install/action_tutorials_interfaces/share/action_tutorials_interfaces/package.xml
[11.042s] Invoked command in '/home/maddy/qt_ros_workspace/src/build/action_tutorials_interfaces' returned '0': CMAKE_PREFIX_PATH=/opt/ros/humble /usr/bin/cmake --install /home/maddy/qt_ros_workspace/src/build/action_tutorials_interfaces
