[0.415s] DEBUG:colcon:Command line arguments: ['/usr/bin/colcon', 'build', '--packages-select', 'qt_ros']
[0.415s] DEBUG:colcon:Parsed command line arguments: Namespace(log_base=None, log_level=None, verb_name='build', build_base='build', install_base='install', merge_install=False, symlink_install=False, test_result_base=None, continue_on_error=False, executor='parallel', parallel_workers=8, event_handlers=None, ignore_user_meta=False, metas=['./colcon.meta'], base_paths=['.'], packages_ignore=None, packages_ignore_regex=None, paths=None, packages_up_to=None, packages_up_to_regex=None, packages_above=None, packages_above_and_dependencies=None, packages_above_depth=None, packages_select_by_dep=None, packages_skip_by_dep=None, packages_skip_up_to=None, packages_select_build_failed=False, packages_skip_build_finished=False, packages_select_test_failures=False, packages_skip_test_passed=False, packages_select=['qt_ros'], packages_skip=None, packages_select_regex=None, packages_skip_regex=None, packages_start=None, packages_end=None, allow_overriding=[], cmake_args=None, cmake_target=None, cmake_target_skip_unavailable=False, cmake_clean_cache=False, cmake_clean_first=False, cmake_force_configure=False, ament_cmake_args=None, catkin_cmake_args=None, catkin_skip_building_tests=False, verb_parser=<colcon_defaults.argument_parser.defaults.DefaultArgumentsDecorator object at 0x7d193491f880>, verb_extension=<colcon_core.verb.build.BuildVerb object at 0x7d1934a60b80>, main=<bound method BuildVerb.main of <colcon_core.verb.build.BuildVerb object at 0x7d1934a60b80>>)
[0.954s] Level 1:colcon.colcon_core.package_discovery:discover_packages(colcon_meta) check parameters
[0.954s] Level 1:colcon.colcon_core.package_discovery:discover_packages(recursive) check parameters
[0.954s] Level 1:colcon.colcon_core.package_discovery:discover_packages(ignore) check parameters
[0.954s] Level 1:colcon.colcon_core.package_discovery:discover_packages(path) check parameters
[0.954s] Level 1:colcon.colcon_core.package_discovery:discover_packages(colcon_meta) discover
[0.954s] Level 1:colcon.colcon_core.package_discovery:discover_packages(recursive) discover
[0.954s] INFO:colcon.colcon_core.package_discovery:Crawling recursively for packages in '/home/maddy/qt_ros_workspace'
[0.954s] Level 1:colcon.colcon_core.package_identification:_identify(.) by extensions ['ignore', 'ignore_ament_install']
[0.955s] Level 1:colcon.colcon_core.package_identification:_identify(.) by extension 'ignore'
[0.955s] Level 1:colcon.colcon_core.package_identification:_identify(.) by extension 'ignore_ament_install'
[0.955s] Level 1:colcon.colcon_core.package_identification:_identify(.) by extensions ['colcon_pkg']
[0.955s] Level 1:colcon.colcon_core.package_identification:_identify(.) by extension 'colcon_pkg'
[0.955s] Level 1:colcon.colcon_core.package_identification:_identify(.) by extensions ['colcon_meta']
[0.955s] Level 1:colcon.colcon_core.package_identification:_identify(.) by extension 'colcon_meta'
[0.955s] Level 1:colcon.colcon_core.package_identification:_identify(.) by extensions ['ros']
[0.955s] Level 1:colcon.colcon_core.package_identification:_identify(.) by extension 'ros'
[0.981s] Level 1:colcon.colcon_core.package_identification:_identify(.) by extensions ['cmake', 'python']
[0.981s] Level 1:colcon.colcon_core.package_identification:_identify(.) by extension 'cmake'
[0.981s] Level 1:colcon.colcon_core.package_identification:_identify(.) by extension 'python'
[0.981s] Level 1:colcon.colcon_core.package_identification:_identify(.) by extensions ['python_setup_py']
[0.981s] Level 1:colcon.colcon_core.package_identification:_identify(.) by extension 'python_setup_py'
[0.982s] Level 1:colcon.colcon_core.package_identification:_identify(build) by extensions ['ignore', 'ignore_ament_install']
[0.982s] Level 1:colcon.colcon_core.package_identification:_identify(build) by extension 'ignore'
[0.982s] Level 1:colcon.colcon_core.package_identification:_identify(build) ignored
[0.982s] Level 1:colcon.colcon_core.package_identification:_identify(install) by extensions ['ignore', 'ignore_ament_install']
[0.982s] Level 1:colcon.colcon_core.package_identification:_identify(install) by extension 'ignore'
[0.982s] Level 1:colcon.colcon_core.package_identification:_identify(install) ignored
[0.982s] Level 1:colcon.colcon_core.package_identification:_identify(log) by extensions ['ignore', 'ignore_ament_install']
[0.983s] Level 1:colcon.colcon_core.package_identification:_identify(log) by extension 'ignore'
[0.983s] Level 1:colcon.colcon_core.package_identification:_identify(log) ignored
[0.983s] Level 1:colcon.colcon_core.package_identification:_identify(src) by extensions ['ignore', 'ignore_ament_install']
[0.983s] Level 1:colcon.colcon_core.package_identification:_identify(src) by extension 'ignore'
[0.983s] Level 1:colcon.colcon_core.package_identification:_identify(src) by extension 'ignore_ament_install'
[0.983s] Level 1:colcon.colcon_core.package_identification:_identify(src) by extensions ['colcon_pkg']
[0.983s] Level 1:colcon.colcon_core.package_identification:_identify(src) by extension 'colcon_pkg'
[0.983s] Level 1:colcon.colcon_core.package_identification:_identify(src) by extensions ['colcon_meta']
[0.983s] Level 1:colcon.colcon_core.package_identification:_identify(src) by extension 'colcon_meta'
[0.983s] Level 1:colcon.colcon_core.package_identification:_identify(src) by extensions ['ros']
[0.984s] Level 1:colcon.colcon_core.package_identification:_identify(src) by extension 'ros'
[0.984s] Level 1:colcon.colcon_core.package_identification:_identify(src) by extensions ['cmake', 'python']
[0.984s] Level 1:colcon.colcon_core.package_identification:_identify(src) by extension 'cmake'
[0.984s] Level 1:colcon.colcon_core.package_identification:_identify(src) by extension 'python'
[0.984s] Level 1:colcon.colcon_core.package_identification:_identify(src) by extensions ['python_setup_py']
[0.984s] Level 1:colcon.colcon_core.package_identification:_identify(src) by extension 'python_setup_py'
[0.984s] Level 1:colcon.colcon_core.package_identification:_identify(src/action_tutorials_cpp) by extensions ['ignore', 'ignore_ament_install']
[0.984s] Level 1:colcon.colcon_core.package_identification:_identify(src/action_tutorials_cpp) by extension 'ignore'
[0.984s] Level 1:colcon.colcon_core.package_identification:_identify(src/action_tutorials_cpp) by extension 'ignore_ament_install'
[0.984s] Level 1:colcon.colcon_core.package_identification:_identify(src/action_tutorials_cpp) by extensions ['colcon_pkg']
[0.984s] Level 1:colcon.colcon_core.package_identification:_identify(src/action_tutorials_cpp) by extension 'colcon_pkg'
[0.984s] Level 1:colcon.colcon_core.package_identification:_identify(src/action_tutorials_cpp) by extensions ['colcon_meta']
[0.985s] Level 1:colcon.colcon_core.package_identification:_identify(src/action_tutorials_cpp) by extension 'colcon_meta'
[0.985s] Level 1:colcon.colcon_core.package_identification:_identify(src/action_tutorials_cpp) by extensions ['ros']
[0.985s] Level 1:colcon.colcon_core.package_identification:_identify(src/action_tutorials_cpp) by extension 'ros'
[0.990s] DEBUG:colcon.colcon_core.package_identification:Package 'src/action_tutorials_cpp' with type 'ros.ament_cmake' and name 'action_tutorials_cpp'
[0.991s] Level 1:colcon.colcon_core.package_identification:_identify(src/action_tutorials_interfaces) by extensions ['ignore', 'ignore_ament_install']
[0.991s] Level 1:colcon.colcon_core.package_identification:_identify(src/action_tutorials_interfaces) by extension 'ignore'
[0.991s] Level 1:colcon.colcon_core.package_identification:_identify(src/action_tutorials_interfaces) by extension 'ignore_ament_install'
[0.991s] Level 1:colcon.colcon_core.package_identification:_identify(src/action_tutorials_interfaces) by extensions ['colcon_pkg']
[0.991s] Level 1:colcon.colcon_core.package_identification:_identify(src/action_tutorials_interfaces) by extension 'colcon_pkg'
[0.991s] Level 1:colcon.colcon_core.package_identification:_identify(src/action_tutorials_interfaces) by extensions ['colcon_meta']
[0.991s] Level 1:colcon.colcon_core.package_identification:_identify(src/action_tutorials_interfaces) by extension 'colcon_meta'
[0.991s] Level 1:colcon.colcon_core.package_identification:_identify(src/action_tutorials_interfaces) by extensions ['ros']
[0.991s] Level 1:colcon.colcon_core.package_identification:_identify(src/action_tutorials_interfaces) by extension 'ros'
[0.993s] DEBUG:colcon.colcon_core.package_identification:Package 'src/action_tutorials_interfaces' with type 'ros.ament_cmake' and name 'action_tutorials_interfaces'
[0.993s] Level 1:colcon.colcon_core.package_identification:_identify(src/qt_ros) by extensions ['ignore', 'ignore_ament_install']
[0.993s] Level 1:colcon.colcon_core.package_identification:_identify(src/qt_ros) by extension 'ignore'
[0.993s] Level 1:colcon.colcon_core.package_identification:_identify(src/qt_ros) by extension 'ignore_ament_install'
[0.993s] Level 1:colcon.colcon_core.package_identification:_identify(src/qt_ros) by extensions ['colcon_pkg']
[0.993s] Level 1:colcon.colcon_core.package_identification:_identify(src/qt_ros) by extension 'colcon_pkg'
[0.993s] Level 1:colcon.colcon_core.package_identification:_identify(src/qt_ros) by extensions ['colcon_meta']
[0.993s] Level 1:colcon.colcon_core.package_identification:_identify(src/qt_ros) by extension 'colcon_meta'
[0.994s] Level 1:colcon.colcon_core.package_identification:_identify(src/qt_ros) by extensions ['ros']
[0.994s] Level 1:colcon.colcon_core.package_identification:_identify(src/qt_ros) by extension 'ros'
[0.996s] DEBUG:colcon.colcon_core.package_identification:Package 'src/qt_ros' with type 'ros.ament_cmake' and name 'qt_ros'
[0.996s] Level 1:colcon.colcon_core.package_discovery:discover_packages(recursive) using defaults
[0.996s] Level 1:colcon.colcon_core.package_discovery:discover_packages(ignore) discover
[0.996s] Level 1:colcon.colcon_core.package_discovery:discover_packages(ignore) using defaults
[0.996s] Level 1:colcon.colcon_core.package_discovery:discover_packages(path) discover
[0.996s] Level 1:colcon.colcon_core.package_discovery:discover_packages(path) using defaults
[1.039s] INFO:colcon.colcon_core.package_selection:Skipping not selected package 'action_tutorials_interfaces' in 'src/action_tutorials_interfaces'
[1.039s] INFO:colcon.colcon_core.package_selection:Skipping not selected package 'action_tutorials_cpp' in 'src/action_tutorials_cpp'
[1.040s] Level 1:colcon.colcon_core.package_discovery:discover_packages(prefix_path) check parameters
[1.041s] Level 1:colcon.colcon_core.package_discovery:discover_packages(prefix_path) discover
[1.052s] DEBUG:colcon.colcon_installed_package_information.package_discovery:Found 272 installed packages in /opt/ros/humble
[1.075s] Level 1:colcon.colcon_core.package_discovery:discover_packages(prefix_path) using defaults
[1.245s] Level 5:colcon.colcon_core.verb:set package 'qt_ros' build argument 'cmake_args' from command line to 'None'
[1.245s] Level 5:colcon.colcon_core.verb:set package 'qt_ros' build argument 'cmake_target' from command line to 'None'
[1.245s] Level 5:colcon.colcon_core.verb:set package 'qt_ros' build argument 'cmake_target_skip_unavailable' from command line to 'False'
[1.246s] Level 5:colcon.colcon_core.verb:set package 'qt_ros' build argument 'cmake_clean_cache' from command line to 'False'
[1.246s] Level 5:colcon.colcon_core.verb:set package 'qt_ros' build argument 'cmake_clean_first' from command line to 'False'
[1.246s] Level 5:colcon.colcon_core.verb:set package 'qt_ros' build argument 'cmake_force_configure' from command line to 'False'
[1.246s] Level 5:colcon.colcon_core.verb:set package 'qt_ros' build argument 'ament_cmake_args' from command line to 'None'
[1.246s] Level 5:colcon.colcon_core.verb:set package 'qt_ros' build argument 'catkin_cmake_args' from command line to 'None'
[1.246s] Level 5:colcon.colcon_core.verb:set package 'qt_ros' build argument 'catkin_skip_building_tests' from command line to 'False'
[1.246s] DEBUG:colcon.colcon_core.verb:Building package 'qt_ros' with the following arguments: {'ament_cmake_args': None, 'build_base': '/home/maddy/qt_ros_workspace/build/qt_ros', 'catkin_cmake_args': None, 'catkin_skip_building_tests': False, 'cmake_args': None, 'cmake_clean_cache': False, 'cmake_clean_first': False, 'cmake_force_configure': False, 'cmake_target': None, 'cmake_target_skip_unavailable': False, 'install_base': '/home/maddy/qt_ros_workspace/install/qt_ros', 'merge_install': False, 'path': '/home/maddy/qt_ros_workspace/src/qt_ros', 'symlink_install': False, 'test_result_base': None}
[1.246s] INFO:colcon.colcon_core.executor:Executing jobs using 'parallel' executor
[1.248s] DEBUG:colcon.colcon_parallel_executor.executor.parallel:run_until_complete
[1.248s] INFO:colcon.colcon_ros.task.ament_cmake.build:Building ROS package in '/home/maddy/qt_ros_workspace/src/qt_ros' with build type 'ament_cmake'
[1.249s] INFO:colcon.colcon_cmake.task.cmake.build:Building CMake package in '/home/maddy/qt_ros_workspace/src/qt_ros'
[1.257s] INFO:colcon.colcon_core.plugin_system:Skipping extension 'colcon_core.shell.bat': Not used on non-Windows systems
[1.257s] INFO:colcon.colcon_core.shell:Skip shell extension 'powershell' for command environment: Not usable outside of PowerShell
[1.258s] DEBUG:colcon.colcon_core.shell:Skip shell extension 'dsv' for command environment
[1.275s] DEBUG:colcon.colcon_core.event_handler.log_command:Invoking command in '/home/maddy/qt_ros_workspace/build/qt_ros': CMAKE_PREFIX_PATH=/opt/ros/humble /usr/bin/cmake --build /home/maddy/qt_ros_workspace/build/qt_ros -- -j8 -l8
[24.155s] DEBUG:colcon.colcon_core.event_handler.log_command:Invoked command in '/home/maddy/qt_ros_workspace/build/qt_ros' returned '2': CMAKE_PREFIX_PATH=/opt/ros/humble /usr/bin/cmake --build /home/maddy/qt_ros_workspace/build/qt_ros -- -j8 -l8
[24.156s] Level 1:colcon.colcon_core.environment:create_environment_scripts_only(qt_ros)
[24.165s] Level 1:colcon.colcon_core.environment:checking '/home/maddy/qt_ros_workspace/install/qt_ros' for CMake module files
[24.166s] Level 1:colcon.colcon_core.environment:checking '/home/maddy/qt_ros_workspace/install/qt_ros' for CMake config files
[24.167s] Level 1:colcon.colcon_core.environment:checking '/home/maddy/qt_ros_workspace/install/qt_ros/bin'
[24.167s] Level 1:colcon.colcon_core.environment:checking '/home/maddy/qt_ros_workspace/install/qt_ros/lib/pkgconfig/qt_ros.pc'
[24.167s] Level 1:colcon.colcon_core.environment:checking '/home/maddy/qt_ros_workspace/install/qt_ros/lib/python3.10/site-packages'
[24.168s] Level 1:colcon.colcon_core.environment:checking '/home/maddy/qt_ros_workspace/install/qt_ros/bin'
[24.169s] INFO:colcon.colcon_core.shell:Creating package script '/home/maddy/qt_ros_workspace/install/qt_ros/share/qt_ros/package.ps1'
[24.170s] INFO:colcon.colcon_core.shell:Creating package descriptor '/home/maddy/qt_ros_workspace/install/qt_ros/share/qt_ros/package.dsv'
[24.172s] INFO:colcon.colcon_core.shell:Creating package script '/home/maddy/qt_ros_workspace/install/qt_ros/share/qt_ros/package.sh'
[24.174s] INFO:colcon.colcon_core.shell:Creating package script '/home/maddy/qt_ros_workspace/install/qt_ros/share/qt_ros/package.bash'
[24.175s] INFO:colcon.colcon_core.shell:Creating package script '/home/maddy/qt_ros_workspace/install/qt_ros/share/qt_ros/package.zsh'
[24.177s] Level 1:colcon.colcon_core.environment:create_file_with_runtime_dependencies(/home/maddy/qt_ros_workspace/install/qt_ros/share/colcon-core/packages/qt_ros)
[24.187s] DEBUG:colcon.colcon_parallel_executor.executor.parallel:closing loop
[24.188s] DEBUG:colcon.colcon_parallel_executor.executor.parallel:loop closed
[24.188s] DEBUG:colcon.colcon_parallel_executor.executor.parallel:run_until_complete finished with '2'
[24.188s] DEBUG:colcon.colcon_core.event_reactor:joining thread
[24.273s] INFO:colcon.colcon_core.plugin_system:Skipping extension 'colcon_notification.desktop_notification.notify_send': Could not find 'notify-send'
[24.273s] INFO:colcon.colcon_core.plugin_system:Skipping extension 'colcon_notification.desktop_notification.terminal_notifier': Not used on non-Darwin systems
[24.274s] INFO:colcon.colcon_core.plugin_system:Skipping extension 'colcon_notification.desktop_notification.win32': Not used on non-Windows systems
[24.274s] INFO:colcon.colcon_notification.desktop_notification:Sending desktop notification using 'notify2'
[24.274s] DEBUG:colcon.colcon_notification.desktop_notification.notify2:Failed to initialize notify2: org.freedesktop.DBus.Error.FileNotFound: Failed to connect to socket /run/user/1000/bus: No such file or directory
[24.274s] DEBUG:colcon.colcon_core.event_reactor:joined thread
[24.274s] INFO:colcon.colcon_core.shell:Creating prefix script '/home/maddy/qt_ros_workspace/install/local_setup.ps1'
[24.277s] INFO:colcon.colcon_core.shell:Creating prefix util module '/home/maddy/qt_ros_workspace/install/_local_setup_util_ps1.py'
[24.281s] INFO:colcon.colcon_core.shell:Creating prefix chain script '/home/maddy/qt_ros_workspace/install/setup.ps1'
[24.282s] INFO:colcon.colcon_core.shell:Creating prefix script '/home/maddy/qt_ros_workspace/install/local_setup.sh'
[24.283s] INFO:colcon.colcon_core.shell:Creating prefix util module '/home/maddy/qt_ros_workspace/install/_local_setup_util_sh.py'
[24.284s] INFO:colcon.colcon_core.shell:Creating prefix chain script '/home/maddy/qt_ros_workspace/install/setup.sh'
[24.286s] INFO:colcon.colcon_core.shell:Creating prefix script '/home/maddy/qt_ros_workspace/install/local_setup.bash'
[24.288s] INFO:colcon.colcon_core.shell:Creating prefix chain script '/home/maddy/qt_ros_workspace/install/setup.bash'
[24.290s] INFO:colcon.colcon_core.shell:Creating prefix script '/home/maddy/qt_ros_workspace/install/local_setup.zsh'
[24.291s] INFO:colcon.colcon_core.shell:Creating prefix chain script '/home/maddy/qt_ros_workspace/install/setup.zsh'
