[0.016s] Invoking command in '/home/maddy/qt_ros_workspace/src/build/action_tutorials_cpp': CMAKE_PREFIX_PATH=/opt/ros/humble /usr/bin/cmake /home/maddy/qt_ros_workspace/src/action_tutorials_cpp -DCMAKE_INSTALL_PREFIX=/home/maddy/qt_ros_workspace/src/install/action_tutorials_cpp
[0.215s] -- The C compiler identification is GNU 11.4.0
[0.912s] -- The CXX compiler identification is GNU 11.4.0
[1.420s] -- Detecting C compiler ABI info
[1.624s] -- Detecting C compiler ABI info - done
[1.634s] -- Check for working C compiler: /usr/bin/cc - skipped
[1.634s] -- Detecting C compile features
[1.634s] -- Detecting C compile features - done
[1.639s] -- Detecting CXX compiler ABI info
[1.854s] -- Detecting CXX compiler ABI info - done
[1.864s] -- Check for working CXX compiler: /usr/bin/c++ - skipped
[1.865s] -- Detecting CXX compile features
[1.865s] -- Detecting CXX compile features - done
[1.868s] -- Found ament_cmake: 1.3.12 (/opt/ros/humble/share/ament_cmake/cmake)
[2.045s] -- Found Python3: /usr/bin/python3 (found version "3.10.12") found components: Interpreter 
[2.152s] -- Found action_tutorials_interfaces: 0.20.7 (/opt/ros/humble/share/action_tutorials_interfaces/cmake)
[2.361s] -- Found rosidl_generator_c: 3.1.8 (/opt/ros/humble/share/rosidl_generator_c/cmake)
[2.367s] -- Found rosidl_adapter: 3.1.8 (/opt/ros/humble/share/rosidl_adapter/cmake)
[2.377s] -- Found rosidl_generator_cpp: 3.1.8 (/opt/ros/humble/share/rosidl_generator_cpp/cmake)
[2.393s] -- Using all available rosidl_typesupport_c: rosidl_typesupport_fastrtps_c;rosidl_typesupport_introspection_c
[2.414s] -- Using all available rosidl_typesupport_cpp: rosidl_typesupport_fastrtps_cpp;rosidl_typesupport_introspection_cpp
[2.487s] -- Found rclcpp: 16.0.17 (/opt/ros/humble/share/rclcpp/cmake)
[2.529s] -- Found rmw_implementation_cmake: 6.1.2 (/opt/ros/humble/share/rmw_implementation_cmake/cmake)
[2.532s] -- Found rmw_fastrtps_cpp: 6.2.9 (/opt/ros/humble/share/rmw_fastrtps_cpp/cmake)
[4.389s] -- Found OpenSSL: /usr/lib/x86_64-linux-gnu/libcrypto.so (found version "3.0.2")  
[6.439s] -- Found FastRTPS: /opt/ros/humble/include  
[10.381s] -- Using RMW implementation 'rmw_fastrtps_cpp' as default
[10.391s] -- Looking for pthread.h
[10.628s] -- Looking for pthread.h - found
[10.628s] -- Performing Test CMAKE_HAVE_LIBC_PTHREAD
[10.884s] -- Performing Test CMAKE_HAVE_LIBC_PTHREAD - Success
[10.886s] -- Found Threads: TRUE  
[10.953s] -- Found rclcpp_action: 16.0.17 (/opt/ros/humble/share/rclcpp_action/cmake)
[10.965s] -- Found rclcpp_components: 16.0.17 (/opt/ros/humble/share/rclcpp_components/cmake)
[11.001s] -- Found ament_lint_auto: 0.12.14 (/opt/ros/humble/share/ament_lint_auto/cmake)
[11.109s] -- Added test 'cppcheck' to perform static code analysis on C / C++ code
[11.109s] -- Configured cppcheck include dirs: $<BUILD_INTERFACE:/home/maddy/qt_ros_workspace/src/action_tutorials_cpp/include>
[11.109s] -- Configured cppcheck exclude dirs and/or files: 
[11.112s] -- Added test 'lint_cmake' to check CMake code style
[11.115s] -- Added test 'uncrustify' to check C / C++ code style
[11.115s] -- Configured uncrustify additional arguments: 
[11.116s] -- Added test 'xmllint' to check XML markup files
[11.120s] -- Configuring done
[11.171s] -- Generating done
[11.189s] -- Build files have been written to: /home/maddy/qt_ros_workspace/src/build/action_tutorials_cpp
[11.209s] Invoked command in '/home/maddy/qt_ros_workspace/src/build/action_tutorials_cpp' returned '0': CMAKE_PREFIX_PATH=/opt/ros/humble /usr/bin/cmake /home/maddy/qt_ros_workspace/src/action_tutorials_cpp -DCMAKE_INSTALL_PREFIX=/home/maddy/qt_ros_workspace/src/install/action_tutorials_cpp
[11.212s] Invoking command in '/home/maddy/qt_ros_workspace/src/build/action_tutorials_cpp': CMAKE_PREFIX_PATH=/opt/ros/humble /usr/bin/cmake --build /home/maddy/qt_ros_workspace/src/build/action_tutorials_cpp -- -j8 -l8
[11.296s] [ 12%] [32mBuilding CXX object CMakeFiles/action_client.dir/src/fibonacci_action_client.cpp.o[0m
[11.300s] [ 37%] [32mBuilding CXX object CMakeFiles/fibonacci_action_client.dir/rclcpp_components/node_main_fibonacci_action_client.cpp.o[0m
[11.300s] [ 37%] [32mBuilding CXX object CMakeFiles/action_server.dir/src/fibonacci_action_server.cpp.o[0m
[11.302s] [ 50%] [32mBuilding CXX object CMakeFiles/fibonacci_action_server.dir/rclcpp_components/node_main_fibonacci_action_server.cpp.o[0m
[17.783s] [ 62%] [32m[1mLinking CXX executable fibonacci_action_client[0m
[17.881s] [ 75%] [32m[1mLinking CXX executable fibonacci_action_server[0m
[18.236s] [ 75%] Built target fibonacci_action_client
[18.265s] [ 75%] Built target fibonacci_action_server
[19.034s] [ 87%] [32m[1mLinking CXX shared library libaction_server.so[0m
[19.407s] [ 87%] Built target action_server
[19.574s] [100%] [32m[1mLinking CXX shared library libaction_client.so[0m
[19.919s] [100%] Built target action_client
[19.934s] Invoked command in '/home/maddy/qt_ros_workspace/src/build/action_tutorials_cpp' returned '0': CMAKE_PREFIX_PATH=/opt/ros/humble /usr/bin/cmake --build /home/maddy/qt_ros_workspace/src/build/action_tutorials_cpp -- -j8 -l8
[19.948s] Invoking command in '/home/maddy/qt_ros_workspace/src/build/action_tutorials_cpp': CMAKE_PREFIX_PATH=/opt/ros/humble /usr/bin/cmake --install /home/maddy/qt_ros_workspace/src/build/action_tutorials_cpp
[19.958s] -- Install configuration: ""
[19.959s] -- Installing: /home/maddy/qt_ros_workspace/src/install/action_tutorials_cpp/lib/action_tutorials_cpp/fibonacci_action_server
[19.960s] -- Set runtime path of "/home/maddy/qt_ros_workspace/src/install/action_tutorials_cpp/lib/action_tutorials_cpp/fibonacci_action_server" to ""
[19.960s] -- Installing: /home/maddy/qt_ros_workspace/src/install/action_tutorials_cpp/lib/libaction_server.so
[19.962s] -- Set runtime path of "/home/maddy/qt_ros_workspace/src/install/action_tutorials_cpp/lib/libaction_server.so" to ""
[19.962s] -- Installing: /home/maddy/qt_ros_workspace/src/install/action_tutorials_cpp/lib/action_tutorials_cpp/fibonacci_action_client
[19.963s] -- Set runtime path of "/home/maddy/qt_ros_workspace/src/install/action_tutorials_cpp/lib/action_tutorials_cpp/fibonacci_action_client" to ""
[19.963s] -- Installing: /home/maddy/qt_ros_workspace/src/install/action_tutorials_cpp/lib/libaction_client.so
[19.966s] -- Set runtime path of "/home/maddy/qt_ros_workspace/src/install/action_tutorials_cpp/lib/libaction_client.so" to ""
[19.967s] -- Installing: /home/maddy/qt_ros_workspace/src/install/action_tutorials_cpp/share/ament_index/resource_index/package_run_dependencies/action_tutorials_cpp
[19.967s] -- Installing: /home/maddy/qt_ros_workspace/src/install/action_tutorials_cpp/share/ament_index/resource_index/parent_prefix_path/action_tutorials_cpp
[19.968s] -- Installing: /home/maddy/qt_ros_workspace/src/install/action_tutorials_cpp/share/action_tutorials_cpp/environment/ament_prefix_path.sh
[19.968s] -- Installing: /home/maddy/qt_ros_workspace/src/install/action_tutorials_cpp/share/action_tutorials_cpp/environment/ament_prefix_path.dsv
[19.968s] -- Installing: /home/maddy/qt_ros_workspace/src/install/action_tutorials_cpp/share/action_tutorials_cpp/environment/path.sh
[19.969s] -- Installing: /home/maddy/qt_ros_workspace/src/install/action_tutorials_cpp/share/action_tutorials_cpp/environment/path.dsv
[19.969s] -- Installing: /home/maddy/qt_ros_workspace/src/install/action_tutorials_cpp/share/action_tutorials_cpp/local_setup.bash
[19.969s] -- Installing: /home/maddy/qt_ros_workspace/src/install/action_tutorials_cpp/share/action_tutorials_cpp/local_setup.sh
[19.970s] -- Installing: /home/maddy/qt_ros_workspace/src/install/action_tutorials_cpp/share/action_tutorials_cpp/local_setup.zsh
[19.970s] -- Installing: /home/maddy/qt_ros_workspace/src/install/action_tutorials_cpp/share/action_tutorials_cpp/local_setup.dsv
[19.970s] -- Installing: /home/maddy/qt_ros_workspace/src/install/action_tutorials_cpp/share/action_tutorials_cpp/package.dsv
[19.971s] -- Installing: /home/maddy/qt_ros_workspace/src/install/action_tutorials_cpp/share/ament_index/resource_index/packages/action_tutorials_cpp
[19.971s] -- Installing: /home/maddy/qt_ros_workspace/src/install/action_tutorials_cpp/share/ament_index/resource_index/rclcpp_components/action_tutorials_cpp
[19.972s] -- Installing: /home/maddy/qt_ros_workspace/src/install/action_tutorials_cpp/share/action_tutorials_cpp/cmake/action_tutorials_cppConfig.cmake
[19.972s] -- Installing: /home/maddy/qt_ros_workspace/src/install/action_tutorials_cpp/share/action_tutorials_cpp/cmake/action_tutorials_cppConfig-version.cmake
[19.972s] -- Installing: /home/maddy/qt_ros_workspace/src/install/action_tutorials_cpp/share/action_tutorials_cpp/package.xml
[19.976s] Invoked command in '/home/maddy/qt_ros_workspace/src/build/action_tutorials_cpp' returned '0': CMAKE_PREFIX_PATH=/opt/ros/humble /usr/bin/cmake --install /home/maddy/qt_ros_workspace/src/build/action_tutorials_cpp
