[0mCMake Deprecation Warning at /opt/ros/humble/share/rosidl_cmake/cmake/rosidl_target_interfaces.cmake:32 (message):
  Use rosidl_get_typesupport_target() and target_link_libraries() instead of
  rosidl_target_interfaces()
Call Stack (most recent call first):
  CMakeLists.txt:44 (rosidl_target_interfaces)

[0m
In file included from [01m[K/home/maddy/qt_ros_workspace/build/qt_ros/rosidl_typesupport_introspection_cpp/qt_ros/action/detail/fibonacci__type_support.cpp:12[m[K:
[01m[K/home/maddy/qt_ros_workspace/build/qt_ros/rosidl_generator_cpp/qt_ros/action/detail/fibonacci__struct.hpp:1007:10:[m[K [01;31m[Kfatal error: [m[Kaction_msgs/srv/cancel_goal.hpp: No such file or directory
 1007 | #include [01;31m[K"action_msgs/srv/cancel_goal.hpp"[m[K
      |          [01;31m[K^~~~~~~~~~~~~~~~~~~~~~~~~~~~~~~~~[m[K
compilation terminated.
gmake[2]: *** [CMakeFiles/qt_ros__rosidl_typesupport_introspection_cpp.dir/build.make:115: CMakeFiles/qt_ros__rosidl_typesupport_introspection_cpp.dir/rosidl_typesupport_introspection_cpp/qt_ros/action/detail/fibonacci__type_support.cpp.o] Error 1
gmake[2]: *** Waiting for unfinished jobs....
In file included from [01m[K/home/maddy/qt_ros_workspace/build/qt_ros/rosidl_typesupport_cpp/qt_ros/action/fibonacci__type_support.cpp:7[m[K:
[01m[K/home/maddy/qt_ros_workspace/build/qt_ros/rosidl_generator_cpp/qt_ros/action/detail/fibonacci__struct.hpp:1007:10:[m[K [01;31m[Kfatal error: [m[Kaction_msgs/srv/cancel_goal.hpp: No such file or directory
 1007 | #include [01;31m[K"action_msgs/srv/cancel_goal.hpp"[m[K
      |          [01;31m[K^~~~~~~~~~~~~~~~~~~~~~~~~~~~~~~~~[m[K
compilation terminated.
gmake[2]: *** [CMakeFiles/qt_ros__rosidl_typesupport_cpp.dir/build.make:107: CMakeFiles/qt_ros__rosidl_typesupport_cpp.dir/rosidl_typesupport_cpp/qt_ros/action/fibonacci__type_support.cpp.o] Error 1
gmake[2]: *** Waiting for unfinished jobs....
In file included from [01m[K/home/maddy/qt_ros_workspace/build/qt_ros/rosidl_typesupport_fastrtps_cpp/qt_ros/action/detail/fibonacci__rosidl_typesupport_fastrtps_cpp.hpp:11[m[K,
                 from [01m[K/home/maddy/qt_ros_workspace/build/qt_ros/rosidl_typesupport_fastrtps_cpp/qt_ros/action/detail/dds_fastrtps/fibonacci__type_support.cpp:4[m[K:
[01m[K/home/maddy/qt_ros_workspace/build/qt_ros/rosidl_generator_cpp/qt_ros/action/detail/fibonacci__struct.hpp:1007:10:[m[K [01;31m[Kfatal error: [m[Kaction_msgs/srv/cancel_goal.hpp: No such file or directory
 1007 | #include [01;31m[K"action_msgs/srv/cancel_goal.hpp"[m[K
      |          [01;31m[K^~~~~~~~~~~~~~~~~~~~~~~~~~~~~~~~~[m[K
compilation terminated.
gmake[2]: *** [CMakeFiles/qt_ros__rosidl_typesupport_fastrtps_cpp.dir/build.make:115: CMakeFiles/qt_ros__rosidl_typesupport_fastrtps_cpp.dir/rosidl_typesupport_fastrtps_cpp/qt_ros/action/detail/dds_fastrtps/fibonacci__type_support.cpp.o] Error 1
gmake[2]: *** Waiting for unfinished jobs....
[01m[K/home/maddy/qt_ros_workspace/build/qt_ros/rosidl_typesupport_c/qt_ros/action/fibonacci__type_support.cpp:996:10:[m[K [01;31m[Kfatal error: [m[Kaction_msgs/msg/goal_status_array.h: No such file or directory
  996 | #include [01;31m[K"action_msgs/msg/goal_status_array.h"[m[K
      |          [01;31m[K^~~~~~~~~~~~~~~~~~~~~~~~~~~~~~~~~~~~~[m[K
compilation terminated.
gmake[2]: *** [CMakeFiles/qt_ros__rosidl_typesupport_c.dir/build.make:107: CMakeFiles/qt_ros__rosidl_typesupport_c.dir/rosidl_typesupport_c/qt_ros/action/fibonacci__type_support.cpp.o] Error 1
gmake[2]: *** Waiting for unfinished jobs....
gmake[1]: *** [CMakeFiles/Makefile2:345: CMakeFiles/qt_ros__rosidl_typesupport_c.dir/all] Error 2
gmake[1]: *** Waiting for unfinished jobs....
gmake[1]: *** [CMakeFiles/Makefile2:397: CMakeFiles/qt_ros__rosidl_typesupport_cpp.dir/all] Error 2
gmake[1]: *** [CMakeFiles/Makefile2:371: CMakeFiles/qt_ros__rosidl_typesupport_introspection_cpp.dir/all] Error 2
gmake[1]: *** [CMakeFiles/Makefile2:293: CMakeFiles/qt_ros__rosidl_typesupport_fastrtps_cpp.dir/all] Error 2
gmake: *** [Makefile:146: all] Error 2
