-- The C compiler identification is GNU 11.4.0
-- The CXX compiler identification is GNU 11.4.0
-- Detecting C compiler ABI info
-- Detecting C compiler ABI info - done
-- Check for working C compiler: /usr/bin/cc - skipped
-- Detecting C compile features
-- Detecting C compile features - done
-- Detecting CXX compiler ABI info
-- Detecting CXX compiler ABI info - done
-- Check for working CXX compiler: /usr/bin/c++ - skipped
-- Detecting CXX compile features
-- Detecting CXX compile features - done
-- Found ament_cmake: 1.3.12 (/opt/ros/humble/share/ament_cmake/cmake)
-- Found Python3: /usr/bin/python3 (found version "3.10.12") found components: Interpreter 
-- Found rclcpp: 16.0.17 (/opt/ros/humble/share/rclcpp/cmake)
-- Found rosidl_generator_c: 3.1.8 (/opt/ros/humble/share/rosidl_generator_c/cmake)
-- Found rosidl_adapter: 3.1.8 (/opt/ros/humble/share/rosidl_adapter/cmake)
-- Found rosidl_generator_cpp: 3.1.8 (/opt/ros/humble/share/rosidl_generator_cpp/cmake)
-- Using all available rosidl_typesupport_c: rosidl_typesupport_fastrtps_c;rosidl_typesupport_introspection_c
-- Using all available rosidl_typesupport_cpp: rosidl_typesupport_fastrtps_cpp;rosidl_typesupport_introspection_cpp
-- Found rmw_implementation_cmake: 6.1.2 (/opt/ros/humble/share/rmw_implementation_cmake/cmake)
-- Found rmw_fastrtps_cpp: 6.2.9 (/opt/ros/humble/share/rmw_fastrtps_cpp/cmake)
-- Found OpenSSL: /usr/lib/x86_64-linux-gnu/libcrypto.so (found version "3.0.2")  
-- Found FastRTPS: /opt/ros/humble/include  
-- Using RMW implementation 'rmw_fastrtps_cpp' as default
-- Looking for pthread.h
-- Looking for pthread.h - found
-- Performing Test CMAKE_HAVE_LIBC_PTHREAD
-- Performing Test CMAKE_HAVE_LIBC_PTHREAD - Success
-- Found Threads: TRUE  
-- Found rosidl_default_generators: 1.2.0 (/opt/ros/humble/share/rosidl_default_generators/cmake)
-- Found rclcpp_action: 16.0.17 (/opt/ros/humble/share/rclcpp_action/cmake)
-- Found ament_cmake_ros: 0.10.0 (/opt/ros/humble/share/ament_cmake_ros/cmake)
-- Using all available rosidl_typesupport_c: rosidl_typesupport_fastrtps_c;rosidl_typesupport_introspection_c
-- Using all available rosidl_typesupport_cpp: rosidl_typesupport_fastrtps_cpp;rosidl_typesupport_introspection_cpp
-- Found PythonInterp: /usr/bin/python3 (found suitable version "3.10.12", minimum required is "3.6") 
-- Found python_cmake_module: 0.10.0 (/opt/ros/humble/share/python_cmake_module/cmake)
-- Found PythonLibs: /usr/lib/x86_64-linux-gnu/libpython3.10.so (found suitable version "3.10.12", minimum required is "3.5") 
-- Using PYTHON_EXECUTABLE: /usr/bin/python3
-- Using PYTHON_INCLUDE_DIRS: /usr/include/python3.10
-- Using PYTHON_LIBRARIES: /usr/lib/x86_64-linux-gnu/libpython3.10.so
-- Found PythonExtra: .so  
[0mCMake Deprecation Warning at /opt/ros/humble/share/rosidl_cmake/cmake/rosidl_target_interfaces.cmake:32 (message):
  Use rosidl_get_typesupport_target() and target_link_libraries() instead of
  rosidl_target_interfaces()
Call Stack (most recent call first):
  CMakeLists.txt:44 (rosidl_target_interfaces)

[0m
-- Configuring done
-- Generating done
-- Build files have been written to: /home/maddy/qt_ros_workspace/build/qt_ros
[  2%] [34m[1mGenerating C code for ROS interfaces[0m
[  4%] [34m[1mGenerating C++ code for ROS interfaces[0m
[  4%] Built target ament_cmake_python_copy_qt_ros
running egg_info
creating qt_ros.egg-info
writing qt_ros.egg-info/PKG-INFO
writing dependency_links to qt_ros.egg-info/dependency_links.txt
writing top-level names to qt_ros.egg-info/top_level.txt
writing manifest file 'qt_ros.egg-info/SOURCES.txt'
reading manifest file 'qt_ros.egg-info/SOURCES.txt'
writing manifest file 'qt_ros.egg-info/SOURCES.txt'
[  4%] Built target ament_cmake_python_build_qt_ros_egg
[  7%] [32mBuilding C object CMakeFiles/qt_ros__rosidl_generator_c.dir/rosidl_generator_c/qt_ros/srv/detail/qt_string__functions.c.o[0m
[  9%] [32mBuilding C object CMakeFiles/qt_ros__rosidl_generator_c.dir/rosidl_generator_c/qt_ros/action/detail/fibonacci__functions.c.o[0m
[  9%] Built target qt_ros__cpp
[ 14%] [34m[1mGenerating C++ type support for eProsima Fast-RTPS[0m
[ 14%] [34m[1mGenerating C++ type support dispatch for ROS interfaces[0m
[ 16%] [34m[1mGenerating C++ introspection for ROS interfaces[0m
[ 19%] [32m[1mLinking C shared library libqt_ros__rosidl_generator_c.so[0m
[ 19%] Built target qt_ros__rosidl_generator_c
[ 23%] [34m[1mGenerating C type support for eProsima Fast-RTPS[0m
[ 26%] [34m[1mGenerating C type support dispatch for ROS interfaces[0m
[ 23%] [34m[1mGenerating C introspection for ROS interfaces[0m
[ 28%] [32mBuilding CXX object CMakeFiles/qt_ros__rosidl_typesupport_cpp.dir/rosidl_typesupport_cpp/qt_ros/action/fibonacci__type_support.cpp.o[0m
[ 30%] [32mBuilding CXX object CMakeFiles/qt_ros__rosidl_typesupport_cpp.dir/rosidl_typesupport_cpp/qt_ros/srv/qt_string__type_support.cpp.o[0m
[ 33%] [32mBuilding CXX object CMakeFiles/qt_ros__rosidl_typesupport_introspection_cpp.dir/rosidl_typesupport_introspection_cpp/qt_ros/action/detail/fibonacci__type_support.cpp.o[0m
[ 35%] [32mBuilding CXX object CMakeFiles/qt_ros__rosidl_typesupport_introspection_cpp.dir/rosidl_typesupport_introspection_cpp/qt_ros/srv/detail/qt_string__type_support.cpp.o[0m
In file included from [01m[K/home/maddy/qt_ros_workspace/build/qt_ros/rosidl_typesupport_introspection_cpp/qt_ros/action/detail/fibonacci__type_support.cpp:12[m[K:
[01m[K/home/maddy/qt_ros_workspace/build/qt_ros/rosidl_generator_cpp/qt_ros/action/detail/fibonacci__struct.hpp:1007:10:[m[K [01;31m[Kfatal error: [m[Kaction_msgs/srv/cancel_goal.hpp: No such file or directory
 1007 | #include [01;31m[K"action_msgs/srv/cancel_goal.hpp"[m[K
      |          [01;31m[K^~~~~~~~~~~~~~~~~~~~~~~~~~~~~~~~~[m[K
compilation terminated.
gmake[2]: *** [CMakeFiles/qt_ros__rosidl_typesupport_introspection_cpp.dir/build.make:115: CMakeFiles/qt_ros__rosidl_typesupport_introspection_cpp.dir/rosidl_typesupport_introspection_cpp/qt_ros/action/detail/fibonacci__type_support.cpp.o] Error 1
gmake[2]: *** Waiting for unfinished jobs....
In file included from [01m[K/home/maddy/qt_ros_workspace/build/qt_ros/rosidl_typesupport_cpp/qt_ros/action/fibonacci__type_support.cpp:7[m[K:
[01m[K/home/maddy/qt_ros_workspace/build/qt_ros/rosidl_generator_cpp/qt_ros/action/detail/fibonacci__struct.hpp:1007:10:[m[K [01;31m[Kfatal error: [m[Kaction_msgs/srv/cancel_goal.hpp: No such file or directory
 1007 | #include [01;31m[K"action_msgs/srv/cancel_goal.hpp"[m[K
      |          [01;31m[K^~~~~~~~~~~~~~~~~~~~~~~~~~~~~~~~~[m[K
compilation terminated.
gmake[2]: *** [CMakeFiles/qt_ros__rosidl_typesupport_cpp.dir/build.make:107: CMakeFiles/qt_ros__rosidl_typesupport_cpp.dir/rosidl_typesupport_cpp/qt_ros/action/fibonacci__type_support.cpp.o] Error 1
gmake[2]: *** Waiting for unfinished jobs....
[ 38%] [32mBuilding CXX object CMakeFiles/qt_ros__rosidl_typesupport_fastrtps_cpp.dir/rosidl_typesupport_fastrtps_cpp/qt_ros/action/detail/dds_fastrtps/fibonacci__type_support.cpp.o[0m
[ 40%] [32mBuilding CXX object CMakeFiles/qt_ros__rosidl_typesupport_fastrtps_cpp.dir/rosidl_typesupport_fastrtps_cpp/qt_ros/srv/detail/dds_fastrtps/qt_string__type_support.cpp.o[0m
In file included from [01m[K/home/maddy/qt_ros_workspace/build/qt_ros/rosidl_typesupport_fastrtps_cpp/qt_ros/action/detail/fibonacci__rosidl_typesupport_fastrtps_cpp.hpp:11[m[K,
                 from [01m[K/home/maddy/qt_ros_workspace/build/qt_ros/rosidl_typesupport_fastrtps_cpp/qt_ros/action/detail/dds_fastrtps/fibonacci__type_support.cpp:4[m[K:
[01m[K/home/maddy/qt_ros_workspace/build/qt_ros/rosidl_generator_cpp/qt_ros/action/detail/fibonacci__struct.hpp:1007:10:[m[K [01;31m[Kfatal error: [m[Kaction_msgs/srv/cancel_goal.hpp: No such file or directory
 1007 | #include [01;31m[K"action_msgs/srv/cancel_goal.hpp"[m[K
      |          [01;31m[K^~~~~~~~~~~~~~~~~~~~~~~~~~~~~~~~~[m[K
compilation terminated.
gmake[2]: *** [CMakeFiles/qt_ros__rosidl_typesupport_fastrtps_cpp.dir/build.make:115: CMakeFiles/qt_ros__rosidl_typesupport_fastrtps_cpp.dir/rosidl_typesupport_fastrtps_cpp/qt_ros/action/detail/dds_fastrtps/fibonacci__type_support.cpp.o] Error 1
gmake[2]: *** Waiting for unfinished jobs....
[ 42%] [32mBuilding CXX object CMakeFiles/qt_ros__rosidl_typesupport_c.dir/rosidl_typesupport_c/qt_ros/srv/qt_string__type_support.cpp.o[0m
[ 45%] [32mBuilding CXX object CMakeFiles/qt_ros__rosidl_typesupport_c.dir/rosidl_typesupport_c/qt_ros/action/fibonacci__type_support.cpp.o[0m
[01m[K/home/maddy/qt_ros_workspace/build/qt_ros/rosidl_typesupport_c/qt_ros/action/fibonacci__type_support.cpp:996:10:[m[K [01;31m[Kfatal error: [m[Kaction_msgs/msg/goal_status_array.h: No such file or directory
  996 | #include [01;31m[K"action_msgs/msg/goal_status_array.h"[m[K
      |          [01;31m[K^~~~~~~~~~~~~~~~~~~~~~~~~~~~~~~~~~~~~[m[K
compilation terminated.
gmake[2]: *** [CMakeFiles/qt_ros__rosidl_typesupport_c.dir/build.make:107: CMakeFiles/qt_ros__rosidl_typesupport_c.dir/rosidl_typesupport_c/qt_ros/action/fibonacci__type_support.cpp.o] Error 1
gmake[2]: *** Waiting for unfinished jobs....
gmake[1]: *** [CMakeFiles/Makefile2:345: CMakeFiles/qt_ros__rosidl_typesupport_c.dir/all] Error 2
gmake[1]: *** Waiting for unfinished jobs....
[ 47%] [32mBuilding C object CMakeFiles/qt_ros__rosidl_typesupport_introspection_c.dir/rosidl_typesupport_introspection_c/qt_ros/srv/detail/qt_string__type_support.c.o[0m
[ 50%] [32mBuilding C object CMakeFiles/qt_ros__rosidl_typesupport_introspection_c.dir/rosidl_typesupport_introspection_c/qt_ros/action/detail/fibonacci__type_support.c.o[0m
[ 52%] [32mBuilding CXX object CMakeFiles/qt_ros__rosidl_typesupport_fastrtps_c.dir/rosidl_typesupport_fastrtps_c/qt_ros/action/detail/fibonacci__type_support_c.cpp.o[0m
[ 54%] [32mBuilding CXX object CMakeFiles/qt_ros__rosidl_typesupport_fastrtps_c.dir/rosidl_typesupport_fastrtps_c/qt_ros/srv/detail/qt_string__type_support_c.cpp.o[0m
gmake[1]: *** [CMakeFiles/Makefile2:397: CMakeFiles/qt_ros__rosidl_typesupport_cpp.dir/all] Error 2
[ 57%] [32m[1mLinking C shared library libqt_ros__rosidl_typesupport_introspection_c.so[0m
[ 57%] Built target qt_ros__rosidl_typesupport_introspection_c
gmake[1]: *** [CMakeFiles/Makefile2:371: CMakeFiles/qt_ros__rosidl_typesupport_introspection_cpp.dir/all] Error 2
gmake[1]: *** [CMakeFiles/Makefile2:293: CMakeFiles/qt_ros__rosidl_typesupport_fastrtps_cpp.dir/all] Error 2
[ 59%] [32m[1mLinking CXX shared library libqt_ros__rosidl_typesupport_fastrtps_c.so[0m
[ 59%] Built target qt_ros__rosidl_typesupport_fastrtps_c
gmake: *** [Makefile:146: all] Error 2
