[0.015s] Invoking command in '/home/maddy/qt_ros_workspace/build/qt_ros': CMAKE_PREFIX_PATH=/opt/ros/humble /usr/bin/cmake /home/maddy/qt_ros_workspace/qt_ros -DCMAKE_INSTALL_PREFIX=/home/maddy/qt_ros_workspace/install/qt_ros
[0.197s] -- The C compiler identification is GNU 11.4.0
[0.922s] -- The CXX compiler identification is GNU 11.4.0
[1.443s] -- Detecting C compiler ABI info
[1.643s] -- Detecting C compiler ABI info - done
[1.653s] -- Check for working C compiler: /usr/bin/cc - skipped
[1.653s] -- Detecting C compile features
[1.653s] -- Detecting C compile features - done
[1.657s] -- Detecting CXX compiler ABI info
[1.874s] -- Detecting CXX compiler ABI info - done
[1.883s] -- Check for working CXX compiler: /usr/bin/c++ - skipped
[1.884s] -- Detecting CXX compile features
[1.884s] -- Detecting CXX compile features - done
[1.887s] -- Found ament_cmake: 1.3.12 (/opt/ros/humble/share/ament_cmake/cmake)
[2.062s] -- Found Python3: /usr/bin/python3 (found version "3.10.12") found components: Interpreter 
[2.161s] -- Found rclcpp: 16.0.17 (/opt/ros/humble/share/rclcpp/cmake)
[2.378s] -- Found rosidl_generator_c: 3.1.8 (/opt/ros/humble/share/rosidl_generator_c/cmake)
[2.384s] -- Found rosidl_adapter: 3.1.8 (/opt/ros/humble/share/rosidl_adapter/cmake)
[2.394s] -- Found rosidl_generator_cpp: 3.1.8 (/opt/ros/humble/share/rosidl_generator_cpp/cmake)
[2.410s] -- Using all available rosidl_typesupport_c: rosidl_typesupport_fastrtps_c;rosidl_typesupport_introspection_c
[2.429s] -- Using all available rosidl_typesupport_cpp: rosidl_typesupport_fastrtps_cpp;rosidl_typesupport_introspection_cpp
[2.479s] -- Found rmw_implementation_cmake: 6.1.2 (/opt/ros/humble/share/rmw_implementation_cmake/cmake)
[2.482s] -- Found rmw_fastrtps_cpp: 6.2.9 (/opt/ros/humble/share/rmw_fastrtps_cpp/cmake)
[4.368s] -- Found OpenSSL: /usr/lib/x86_64-linux-gnu/libcrypto.so (found version "3.0.2")  
[6.483s] -- Found FastRTPS: /opt/ros/humble/include  
[10.251s] -- Using RMW implementation 'rmw_fastrtps_cpp' as default
[10.259s] -- Looking for pthread.h
[10.460s] -- Looking for pthread.h - found
[10.461s] -- Performing Test CMAKE_HAVE_LIBC_PTHREAD
[10.667s] -- Performing Test CMAKE_HAVE_LIBC_PTHREAD - Success
[10.668s] -- Found Threads: TRUE  
[10.730s] -- Found rosidl_default_generators: 1.2.0 (/opt/ros/humble/share/rosidl_default_generators/cmake)
[10.871s] -- Found rclcpp_action: 16.0.17 (/opt/ros/humble/share/rclcpp_action/cmake)
[11.219s] -- Found ament_cmake_ros: 0.10.0 (/opt/ros/humble/share/ament_cmake_ros/cmake)
[11.583s] -- Using all available rosidl_typesupport_c: rosidl_typesupport_fastrtps_c;rosidl_typesupport_introspection_c
[11.724s] -- Using all available rosidl_typesupport_cpp: rosidl_typesupport_fastrtps_cpp;rosidl_typesupport_introspection_cpp
[11.924s] -- Found PythonInterp: /usr/bin/python3 (found suitable version "3.10.12", minimum required is "3.6") 
[11.925s] -- Found python_cmake_module: 0.10.0 (/opt/ros/humble/share/python_cmake_module/cmake)
[12.533s] -- Found PythonLibs: /usr/lib/x86_64-linux-gnu/libpython3.10.so (found suitable version "3.10.12", minimum required is "3.5") 
[12.533s] -- Using PYTHON_EXECUTABLE: /usr/bin/python3
[12.533s] -- Using PYTHON_INCLUDE_DIRS: /usr/include/python3.10
[12.534s] -- Using PYTHON_LIBRARIES: /usr/lib/x86_64-linux-gnu/libpython3.10.so
[12.558s] -- Found PythonExtra: .so  
[12.664s] [0mCMake Deprecation Warning at /opt/ros/humble/share/rosidl_cmake/cmake/rosidl_target_interfaces.cmake:32 (message):
[12.664s]   Use rosidl_get_typesupport_target() and target_link_libraries() instead of
[12.664s]   rosidl_target_interfaces()
[12.664s] Call Stack (most recent call first):
[12.664s]   CMakeLists.txt:44 (rosidl_target_interfaces)
[12.665s] 
[12.665s] [0m
[12.674s] -- Configuring done
[12.745s] -- Generating done
[12.763s] -- Build files have been written to: /home/maddy/qt_ros_workspace/build/qt_ros
[12.777s] Invoked command in '/home/maddy/qt_ros_workspace/build/qt_ros' returned '0': CMAKE_PREFIX_PATH=/opt/ros/humble /usr/bin/cmake /home/maddy/qt_ros_workspace/qt_ros -DCMAKE_INSTALL_PREFIX=/home/maddy/qt_ros_workspace/install/qt_ros
[12.781s] Invoking command in '/home/maddy/qt_ros_workspace/build/qt_ros': CMAKE_PREFIX_PATH=/opt/ros/humble /usr/bin/cmake --build /home/maddy/qt_ros_workspace/build/qt_ros -- -j8 -l8
[12.835s] [  2%] [34m[1mGenerating C code for ROS interfaces[0m
[12.844s] [  4%] [34m[1mGenerating C++ code for ROS interfaces[0m
[12.859s] [  4%] Built target ament_cmake_python_copy_qt_ros
[13.226s] running egg_info
[13.227s] creating qt_ros.egg-info
[13.228s] writing qt_ros.egg-info/PKG-INFO
[13.228s] writing dependency_links to qt_ros.egg-info/dependency_links.txt
[13.229s] writing top-level names to qt_ros.egg-info/top_level.txt
[13.229s] writing manifest file 'qt_ros.egg-info/SOURCES.txt'
[13.231s] reading manifest file 'qt_ros.egg-info/SOURCES.txt'
[13.232s] writing manifest file 'qt_ros.egg-info/SOURCES.txt'
[13.266s] [  4%] Built target ament_cmake_python_build_qt_ros_egg
[13.617s] [  7%] [32mBuilding C object CMakeFiles/qt_ros__rosidl_generator_c.dir/rosidl_generator_c/qt_ros/srv/detail/qt_string__functions.c.o[0m
[13.619s] [  9%] [32mBuilding C object CMakeFiles/qt_ros__rosidl_generator_c.dir/rosidl_generator_c/qt_ros/action/detail/fibonacci__functions.c.o[0m
[13.648s] [  9%] Built target qt_ros__cpp
[13.670s] [ 14%] [34m[1mGenerating C++ type support for eProsima Fast-RTPS[0m
[13.670s] [ 14%] [34m[1mGenerating C++ type support dispatch for ROS interfaces[0m
[13.676s] [ 16%] [34m[1mGenerating C++ introspection for ROS interfaces[0m
[13.897s] [ 19%] [32m[1mLinking C shared library libqt_ros__rosidl_generator_c.so[0m
[14.145s] [ 19%] Built target qt_ros__rosidl_generator_c
[14.166s] [ 23%] [34m[1mGenerating C type support for eProsima Fast-RTPS[0m
[14.167s] [ 26%] [34m[1mGenerating C type support dispatch for ROS interfaces[0m
[14.171s] [ 23%] [34m[1mGenerating C introspection for ROS interfaces[0m
[14.590s] [ 28%] [32mBuilding CXX object CMakeFiles/qt_ros__rosidl_typesupport_cpp.dir/rosidl_typesupport_cpp/qt_ros/action/fibonacci__type_support.cpp.o[0m
[14.590s] [ 30%] [32mBuilding CXX object CMakeFiles/qt_ros__rosidl_typesupport_cpp.dir/rosidl_typesupport_cpp/qt_ros/srv/qt_string__type_support.cpp.o[0m
[14.733s] [ 33%] [32mBuilding CXX object CMakeFiles/qt_ros__rosidl_typesupport_introspection_cpp.dir/rosidl_typesupport_introspection_cpp/qt_ros/action/detail/fibonacci__type_support.cpp.o[0m
[14.767s] [ 35%] [32mBuilding CXX object CMakeFiles/qt_ros__rosidl_typesupport_introspection_cpp.dir/rosidl_typesupport_introspection_cpp/qt_ros/srv/detail/qt_string__type_support.cpp.o[0m
[14.949s] In file included from [01m[K/home/maddy/qt_ros_workspace/build/qt_ros/rosidl_typesupport_introspection_cpp/qt_ros/action/detail/fibonacci__type_support.cpp:12[m[K:
[14.950s] [01m[K/home/maddy/qt_ros_workspace/build/qt_ros/rosidl_generator_cpp/qt_ros/action/detail/fibonacci__struct.hpp:1007:10:[m[K [01;31m[Kfatal error: [m[Kaction_msgs/srv/cancel_goal.hpp: No such file or directory
[14.950s]  1007 | #include [01;31m[K"action_msgs/srv/cancel_goal.hpp"[m[K
[14.950s]       |          [01;31m[K^~~~~~~~~~~~~~~~~~~~~~~~~~~~~~~~~[m[K
[14.950s] compilation terminated.
[14.956s] gmake[2]: *** [CMakeFiles/qt_ros__rosidl_typesupport_introspection_cpp.dir/build.make:115: CMakeFiles/qt_ros__rosidl_typesupport_introspection_cpp.dir/rosidl_typesupport_introspection_cpp/qt_ros/action/detail/fibonacci__type_support.cpp.o] Error 1
[14.956s] gmake[2]: *** Waiting for unfinished jobs....
[14.964s] In file included from [01m[K/home/maddy/qt_ros_workspace/build/qt_ros/rosidl_typesupport_cpp/qt_ros/action/fibonacci__type_support.cpp:7[m[K:
[14.964s] [01m[K/home/maddy/qt_ros_workspace/build/qt_ros/rosidl_generator_cpp/qt_ros/action/detail/fibonacci__struct.hpp:1007:10:[m[K [01;31m[Kfatal error: [m[Kaction_msgs/srv/cancel_goal.hpp: No such file or directory
[14.964s]  1007 | #include [01;31m[K"action_msgs/srv/cancel_goal.hpp"[m[K
[14.965s]       |          [01;31m[K^~~~~~~~~~~~~~~~~~~~~~~~~~~~~~~~~[m[K
[14.970s] compilation terminated.
[14.974s] gmake[2]: *** [CMakeFiles/qt_ros__rosidl_typesupport_cpp.dir/build.make:107: CMakeFiles/qt_ros__rosidl_typesupport_cpp.dir/rosidl_typesupport_cpp/qt_ros/action/fibonacci__type_support.cpp.o] Error 1
[14.975s] gmake[2]: *** Waiting for unfinished jobs....
[15.080s] [ 38%] [32mBuilding CXX object CMakeFiles/qt_ros__rosidl_typesupport_fastrtps_cpp.dir/rosidl_typesupport_fastrtps_cpp/qt_ros/action/detail/dds_fastrtps/fibonacci__type_support.cpp.o[0m
[15.086s] [ 40%] [32mBuilding CXX object CMakeFiles/qt_ros__rosidl_typesupport_fastrtps_cpp.dir/rosidl_typesupport_fastrtps_cpp/qt_ros/srv/detail/dds_fastrtps/qt_string__type_support.cpp.o[0m
[15.272s] In file included from [01m[K/home/maddy/qt_ros_workspace/build/qt_ros/rosidl_typesupport_fastrtps_cpp/qt_ros/action/detail/fibonacci__rosidl_typesupport_fastrtps_cpp.hpp:11[m[K,
[15.273s]                  from [01m[K/home/maddy/qt_ros_workspace/build/qt_ros/rosidl_typesupport_fastrtps_cpp/qt_ros/action/detail/dds_fastrtps/fibonacci__type_support.cpp:4[m[K:
[15.273s] [01m[K/home/maddy/qt_ros_workspace/build/qt_ros/rosidl_generator_cpp/qt_ros/action/detail/fibonacci__struct.hpp:1007:10:[m[K [01;31m[Kfatal error: [m[Kaction_msgs/srv/cancel_goal.hpp: No such file or directory
[15.274s]  1007 | #include [01;31m[K"action_msgs/srv/cancel_goal.hpp"[m[K
[15.274s]       |          [01;31m[K^~~~~~~~~~~~~~~~~~~~~~~~~~~~~~~~~[m[K
[15.274s] compilation terminated.
[15.274s] gmake[2]: *** [CMakeFiles/qt_ros__rosidl_typesupport_fastrtps_cpp.dir/build.make:115: CMakeFiles/qt_ros__rosidl_typesupport_fastrtps_cpp.dir/rosidl_typesupport_fastrtps_cpp/qt_ros/action/detail/dds_fastrtps/fibonacci__type_support.cpp.o] Error 1
[15.274s] gmake[2]: *** Waiting for unfinished jobs....
[15.313s] [ 42%] [32mBuilding CXX object CMakeFiles/qt_ros__rosidl_typesupport_c.dir/rosidl_typesupport_c/qt_ros/srv/qt_string__type_support.cpp.o[0m
[15.326s] [ 45%] [32mBuilding CXX object CMakeFiles/qt_ros__rosidl_typesupport_c.dir/rosidl_typesupport_c/qt_ros/action/fibonacci__type_support.cpp.o[0m
[15.374s] [01m[K/home/maddy/qt_ros_workspace/build/qt_ros/rosidl_typesupport_c/qt_ros/action/fibonacci__type_support.cpp:996:10:[m[K [01;31m[Kfatal error: [m[Kaction_msgs/msg/goal_status_array.h: No such file or directory
[15.374s]   996 | #include [01;31m[K"action_msgs/msg/goal_status_array.h"[m[K
[15.374s]       |          [01;31m[K^~~~~~~~~~~~~~~~~~~~~~~~~~~~~~~~~~~~~[m[K
[15.375s] compilation terminated.
[15.379s] gmake[2]: *** [CMakeFiles/qt_ros__rosidl_typesupport_c.dir/build.make:107: CMakeFiles/qt_ros__rosidl_typesupport_c.dir/rosidl_typesupport_c/qt_ros/action/fibonacci__type_support.cpp.o] Error 1
[15.379s] gmake[2]: *** Waiting for unfinished jobs....
[15.379s] gmake[1]: *** [CMakeFiles/Makefile2:345: CMakeFiles/qt_ros__rosidl_typesupport_c.dir/all] Error 2
[15.380s] gmake[1]: *** Waiting for unfinished jobs....
[15.465s] [ 47%] [32mBuilding C object CMakeFiles/qt_ros__rosidl_typesupport_introspection_c.dir/rosidl_typesupport_introspection_c/qt_ros/srv/detail/qt_string__type_support.c.o[0m
[15.467s] [ 50%] [32mBuilding C object CMakeFiles/qt_ros__rosidl_typesupport_introspection_c.dir/rosidl_typesupport_introspection_c/qt_ros/action/detail/fibonacci__type_support.c.o[0m
[15.494s] [ 52%] [32mBuilding CXX object CMakeFiles/qt_ros__rosidl_typesupport_fastrtps_c.dir/rosidl_typesupport_fastrtps_c/qt_ros/action/detail/fibonacci__type_support_c.cpp.o[0m
[15.494s] [ 54%] [32mBuilding CXX object CMakeFiles/qt_ros__rosidl_typesupport_fastrtps_c.dir/rosidl_typesupport_fastrtps_c/qt_ros/srv/detail/qt_string__type_support_c.cpp.o[0m
[15.603s] gmake[1]: *** [CMakeFiles/Makefile2:397: CMakeFiles/qt_ros__rosidl_typesupport_cpp.dir/all] Error 2
[15.622s] [ 57%] [32m[1mLinking C shared library libqt_ros__rosidl_typesupport_introspection_c.so[0m
[15.888s] [ 57%] Built target qt_ros__rosidl_typesupport_introspection_c
[16.001s] gmake[1]: *** [CMakeFiles/Makefile2:371: CMakeFiles/qt_ros__rosidl_typesupport_introspection_cpp.dir/all] Error 2
[16.208s] gmake[1]: *** [CMakeFiles/Makefile2:293: CMakeFiles/qt_ros__rosidl_typesupport_fastrtps_cpp.dir/all] Error 2
[16.365s] [ 59%] [32m[1mLinking CXX shared library libqt_ros__rosidl_typesupport_fastrtps_c.so[0m
[16.583s] [ 59%] Built target qt_ros__rosidl_typesupport_fastrtps_c
[16.585s] gmake: *** [Makefile:146: all] Error 2
[16.590s] Invoked command in '/home/maddy/qt_ros_workspace/build/qt_ros' returned '2': CMAKE_PREFIX_PATH=/opt/ros/humble /usr/bin/cmake --build /home/maddy/qt_ros_workspace/build/qt_ros -- -j8 -l8
