[0.214s] Invoking command in '/home/maddy/qt_ros_workspace/src/build/action_tutorials_cpp': AMENT_PREFIX_PATH=/home/maddy/qt_ros_workspace/src/install/action_tutorials_interfaces CMAKE_PREFIX_PATH=/home/maddy/qt_ros_workspace/src/install/action_tutorials_interfaces LD_LIBRARY_PATH=/home/maddy/qt_ros_workspace/src/install/action_tutorials_interfaces/lib PYTHONPATH=/home/maddy/qt_ros_workspace/src/install/action_tutorials_interfaces/local/lib/python3.10/dist-packages /usr/bin/cmake --build /home/maddy/qt_ros_workspace/src/build/action_tutorials_cpp -- -j8 -l8
[0.304s] [35m[1mConsolidate compiler generated dependencies of target action_server[0m
[0.311s] [35m[1mConsolidate compiler generated dependencies of target action_client[0m
[0.329s] [ 25%] Built target fibonacci_action_client
[0.329s] [ 50%] Built target fibonacci_action_server
[0.341s] [ 75%] Built target action_server
[0.345s] [ 87%] [32mBuilding CXX object CMakeFiles/action_client.dir/src/fibonacci_action_client.cpp.o[0m
[7.313s] [100%] [32m[1mLinking CXX shared library libaction_client.so[0m
[7.762s] [100%] Built target action_client
[7.778s] Invoked command in '/home/maddy/qt_ros_workspace/src/build/action_tutorials_cpp' returned '0': AMENT_PREFIX_PATH=/home/maddy/qt_ros_workspace/src/install/action_tutorials_interfaces CMAKE_PREFIX_PATH=/home/maddy/qt_ros_workspace/src/install/action_tutorials_interfaces LD_LIBRARY_PATH=/home/maddy/qt_ros_workspace/src/install/action_tutorials_interfaces/lib PYTHONPATH=/home/maddy/qt_ros_workspace/src/install/action_tutorials_interfaces/local/lib/python3.10/dist-packages /usr/bin/cmake --build /home/maddy/qt_ros_workspace/src/build/action_tutorials_cpp -- -j8 -l8
[7.782s] Invoking command in '/home/maddy/qt_ros_workspace/src/build/action_tutorials_cpp': AMENT_PREFIX_PATH=/home/maddy/qt_ros_workspace/src/install/action_tutorials_interfaces CMAKE_PREFIX_PATH=/home/maddy/qt_ros_workspace/src/install/action_tutorials_interfaces LD_LIBRARY_PATH=/home/maddy/qt_ros_workspace/src/install/action_tutorials_interfaces/lib PYTHONPATH=/home/maddy/qt_ros_workspace/src/install/action_tutorials_interfaces/local/lib/python3.10/dist-packages /usr/bin/cmake --install /home/maddy/qt_ros_workspace/src/build/action_tutorials_cpp
[7.792s] -- Install configuration: ""
[7.793s] -- Up-to-date: /home/maddy/qt_ros_workspace/src/install/action_tutorials_cpp/lib/action_tutorials_cpp/fibonacci_action_server
[7.795s] -- Up-to-date: /home/maddy/qt_ros_workspace/src/install/action_tutorials_cpp/lib/libaction_server.so
[7.798s] -- Up-to-date: /home/maddy/qt_ros_workspace/src/install/action_tutorials_cpp/lib/action_tutorials_cpp/fibonacci_action_client
[7.799s] -- Installing: /home/maddy/qt_ros_workspace/src/install/action_tutorials_cpp/lib/libaction_client.so
[7.803s] -- Set runtime path of "/home/maddy/qt_ros_workspace/src/install/action_tutorials_cpp/lib/libaction_client.so" to ""
[7.803s] -- Up-to-date: /home/maddy/qt_ros_workspace/src/install/action_tutorials_cpp/share/ament_index/resource_index/package_run_dependencies/action_tutorials_cpp
[7.804s] -- Up-to-date: /home/maddy/qt_ros_workspace/src/install/action_tutorials_cpp/share/ament_index/resource_index/parent_prefix_path/action_tutorials_cpp
[7.804s] -- Up-to-date: /home/maddy/qt_ros_workspace/src/install/action_tutorials_cpp/share/action_tutorials_cpp/environment/ament_prefix_path.sh
[7.805s] -- Up-to-date: /home/maddy/qt_ros_workspace/src/install/action_tutorials_cpp/share/action_tutorials_cpp/environment/ament_prefix_path.dsv
[7.805s] -- Up-to-date: /home/maddy/qt_ros_workspace/src/install/action_tutorials_cpp/share/action_tutorials_cpp/environment/path.sh
[7.805s] -- Up-to-date: /home/maddy/qt_ros_workspace/src/install/action_tutorials_cpp/share/action_tutorials_cpp/environment/path.dsv
[7.805s] -- Up-to-date: /home/maddy/qt_ros_workspace/src/install/action_tutorials_cpp/share/action_tutorials_cpp/local_setup.bash
[7.805s] -- Up-to-date: /home/maddy/qt_ros_workspace/src/install/action_tutorials_cpp/share/action_tutorials_cpp/local_setup.sh
[7.805s] -- Up-to-date: /home/maddy/qt_ros_workspace/src/install/action_tutorials_cpp/share/action_tutorials_cpp/local_setup.zsh
[7.806s] -- Up-to-date: /home/maddy/qt_ros_workspace/src/install/action_tutorials_cpp/share/action_tutorials_cpp/local_setup.dsv
[7.806s] -- Installing: /home/maddy/qt_ros_workspace/src/install/action_tutorials_cpp/share/action_tutorials_cpp/package.dsv
[7.806s] -- Up-to-date: /home/maddy/qt_ros_workspace/src/install/action_tutorials_cpp/share/ament_index/resource_index/packages/action_tutorials_cpp
[7.806s] -- Up-to-date: /home/maddy/qt_ros_workspace/src/install/action_tutorials_cpp/share/ament_index/resource_index/rclcpp_components/action_tutorials_cpp
[7.806s] -- Up-to-date: /home/maddy/qt_ros_workspace/src/install/action_tutorials_cpp/share/action_tutorials_cpp/cmake/action_tutorials_cppConfig.cmake
[7.806s] -- Up-to-date: /home/maddy/qt_ros_workspace/src/install/action_tutorials_cpp/share/action_tutorials_cpp/cmake/action_tutorials_cppConfig-version.cmake
[7.807s] -- Up-to-date: /home/maddy/qt_ros_workspace/src/install/action_tutorials_cpp/share/action_tutorials_cpp/package.xml
[7.809s] Invoked command in '/home/maddy/qt_ros_workspace/src/build/action_tutorials_cpp' returned '0': AMENT_PREFIX_PATH=/home/maddy/qt_ros_workspace/src/install/action_tutorials_interfaces CMAKE_PREFIX_PATH=/home/maddy/qt_ros_workspace/src/install/action_tutorials_interfaces LD_LIBRARY_PATH=/home/maddy/qt_ros_workspace/src/install/action_tutorials_interfaces/lib PYTHONPATH=/home/maddy/qt_ros_workspace/src/install/action_tutorials_interfaces/local/lib/python3.10/dist-packages /usr/bin/cmake --install /home/maddy/qt_ros_workspace/src/build/action_tutorials_cpp
