[0.155s] Invoking command in '/home/maddy/qt_ros_workspace/src/build/action_tutorials_cpp': AMENT_PREFIX_PATH=/home/maddy/qt_ros_workspace/src/install/action_tutorials_interfaces:${AMENT_PREFIX_PATH} CMAKE_PREFIX_PATH=/home/maddy/qt_ros_workspace/src/install/action_tutorials_interfaces:/opt/ros/humble LD_LIBRARY_PATH=/home/maddy/qt_ros_workspace/src/install/action_tutorials_interfaces/lib:${LD_LIBRARY_PATH} PYTHONPATH=/home/maddy/qt_ros_workspace/src/install/action_tutorials_interfaces/local/lib/python3.10/dist-packages:${PYTHONPATH} /usr/bin/cmake --build /home/maddy/qt_ros_workspace/src/build/action_tutorials_cpp -- -j8 -l8
[0.272s] -- Found ament_cmake: 1.3.12 (/opt/ros/humble/share/ament_cmake/cmake)
[0.435s] -- Found action_tutorials_interfaces: 0.20.7 (/opt/ros/humble/share/action_tutorials_interfaces/cmake)
[0.666s] -- Found rosidl_generator_c: 3.1.8 (/opt/ros/humble/share/rosidl_generator_c/cmake)
[0.670s] -- Found rosidl_adapter: 3.1.8 (/opt/ros/humble/share/rosidl_adapter/cmake)
[0.679s] -- Found rosidl_generator_cpp: 3.1.8 (/opt/ros/humble/share/rosidl_generator_cpp/cmake)
[0.695s] -- Using all available rosidl_typesupport_c: rosidl_typesupport_fastrtps_c;rosidl_typesupport_introspection_c
[0.713s] -- Using all available rosidl_typesupport_cpp: rosidl_typesupport_fastrtps_cpp;rosidl_typesupport_introspection_cpp
[0.788s] -- Found rclcpp: 16.0.17 (/opt/ros/humble/share/rclcpp/cmake)
[0.859s] -- Found rmw_implementation_cmake: 6.1.2 (/opt/ros/humble/share/rmw_implementation_cmake/cmake)
[0.864s] -- Found rmw_fastrtps_cpp: 6.2.9 (/opt/ros/humble/share/rmw_fastrtps_cpp/cmake)
[8.598s] -- Using RMW implementation 'rmw_fastrtps_cpp' as default
[8.704s] -- Found rclcpp_action: 16.0.17 (/opt/ros/humble/share/rclcpp_action/cmake)
[8.720s] -- Found rclcpp_components: 16.0.17 (/opt/ros/humble/share/rclcpp_components/cmake)
[8.767s] -- Found ament_lint_auto: 0.12.14 (/opt/ros/humble/share/ament_lint_auto/cmake)
[8.852s] -- Added test 'cppcheck' to perform static code analysis on C / C++ code
[8.852s] -- Configured cppcheck include dirs: $<BUILD_INTERFACE:/home/maddy/qt_ros_workspace/src/action_tutorials_cpp/include>
[8.852s] -- Configured cppcheck exclude dirs and/or files: 
[8.853s] -- Added test 'lint_cmake' to check CMake code style
[8.854s] -- Added test 'uncrustify' to check C / C++ code style
[8.855s] -- Configured uncrustify additional arguments: 
[8.855s] -- Added test 'xmllint' to check XML markup files
[8.858s] -- Configuring done
[8.900s] -- Generating done
[8.912s] -- Build files have been written to: /home/maddy/qt_ros_workspace/src/build/action_tutorials_cpp
[8.948s] [35m[1mConsolidate compiler generated dependencies of target fibonacci_action_client[0m
[8.948s] [35m[1mConsolidate compiler generated dependencies of target fibonacci_action_server[0m
[8.951s] [35m[1mConsolidate compiler generated dependencies of target action_server[0m
[8.951s] [35m[1mConsolidate compiler generated dependencies of target action_client[0m
[8.978s] [ 25%] Built target fibonacci_action_client
[8.978s] [ 50%] Built target fibonacci_action_server
[8.986s] [ 62%] [32mBuilding CXX object CMakeFiles/action_server.dir/src/fibonacci_action_server.cpp.o[0m
[8.987s] [ 75%] [32mBuilding CXX object CMakeFiles/action_client.dir/src/fibonacci_action_client.cpp.o[0m
[15.980s] [ 87%] [32m[1mLinking CXX shared library libaction_server.so[0m
[16.451s] [ 87%] Built target action_server
[16.480s] [100%] [32m[1mLinking CXX shared library libaction_client.so[0m
[16.854s] [100%] Built target action_client
[16.869s] Invoked command in '/home/maddy/qt_ros_workspace/src/build/action_tutorials_cpp' returned '0': AMENT_PREFIX_PATH=/home/maddy/qt_ros_workspace/src/install/action_tutorials_interfaces:${AMENT_PREFIX_PATH} CMAKE_PREFIX_PATH=/home/maddy/qt_ros_workspace/src/install/action_tutorials_interfaces:/opt/ros/humble LD_LIBRARY_PATH=/home/maddy/qt_ros_workspace/src/install/action_tutorials_interfaces/lib:${LD_LIBRARY_PATH} PYTHONPATH=/home/maddy/qt_ros_workspace/src/install/action_tutorials_interfaces/local/lib/python3.10/dist-packages:${PYTHONPATH} /usr/bin/cmake --build /home/maddy/qt_ros_workspace/src/build/action_tutorials_cpp -- -j8 -l8
[16.874s] Invoking command in '/home/maddy/qt_ros_workspace/src/build/action_tutorials_cpp': AMENT_PREFIX_PATH=/home/maddy/qt_ros_workspace/src/install/action_tutorials_interfaces:${AMENT_PREFIX_PATH} CMAKE_PREFIX_PATH=/home/maddy/qt_ros_workspace/src/install/action_tutorials_interfaces:/opt/ros/humble LD_LIBRARY_PATH=/home/maddy/qt_ros_workspace/src/install/action_tutorials_interfaces/lib:${LD_LIBRARY_PATH} PYTHONPATH=/home/maddy/qt_ros_workspace/src/install/action_tutorials_interfaces/local/lib/python3.10/dist-packages:${PYTHONPATH} /usr/bin/cmake --install /home/maddy/qt_ros_workspace/src/build/action_tutorials_cpp
[16.887s] -- Install configuration: ""
[16.889s] -- Up-to-date: /home/maddy/qt_ros_workspace/src/install/action_tutorials_cpp/lib/action_tutorials_cpp/fibonacci_action_server
[16.891s] -- Installing: /home/maddy/qt_ros_workspace/src/install/action_tutorials_cpp/lib/libaction_server.so
[16.894s] -- Set runtime path of "/home/maddy/qt_ros_workspace/src/install/action_tutorials_cpp/lib/libaction_server.so" to ""
[16.895s] -- Up-to-date: /home/maddy/qt_ros_workspace/src/install/action_tutorials_cpp/lib/action_tutorials_cpp/fibonacci_action_client
[16.897s] -- Installing: /home/maddy/qt_ros_workspace/src/install/action_tutorials_cpp/lib/libaction_client.so
[16.900s] -- Set runtime path of "/home/maddy/qt_ros_workspace/src/install/action_tutorials_cpp/lib/libaction_client.so" to ""
[16.901s] -- Up-to-date: /home/maddy/qt_ros_workspace/src/install/action_tutorials_cpp/share/ament_index/resource_index/package_run_dependencies/action_tutorials_cpp
[16.901s] -- Installing: /home/maddy/qt_ros_workspace/src/install/action_tutorials_cpp/share/ament_index/resource_index/parent_prefix_path/action_tutorials_cpp
[16.902s] -- Up-to-date: /home/maddy/qt_ros_workspace/src/install/action_tutorials_cpp/share/action_tutorials_cpp/environment/ament_prefix_path.sh
[16.902s] -- Installing: /home/maddy/qt_ros_workspace/src/install/action_tutorials_cpp/share/action_tutorials_cpp/environment/ament_prefix_path.dsv
[16.902s] -- Up-to-date: /home/maddy/qt_ros_workspace/src/install/action_tutorials_cpp/share/action_tutorials_cpp/environment/path.sh
[16.903s] -- Installing: /home/maddy/qt_ros_workspace/src/install/action_tutorials_cpp/share/action_tutorials_cpp/environment/path.dsv
[16.903s] -- Up-to-date: /home/maddy/qt_ros_workspace/src/install/action_tutorials_cpp/share/action_tutorials_cpp/local_setup.bash
[16.903s] -- Up-to-date: /home/maddy/qt_ros_workspace/src/install/action_tutorials_cpp/share/action_tutorials_cpp/local_setup.sh
[16.903s] -- Up-to-date: /home/maddy/qt_ros_workspace/src/install/action_tutorials_cpp/share/action_tutorials_cpp/local_setup.zsh
[16.903s] -- Installing: /home/maddy/qt_ros_workspace/src/install/action_tutorials_cpp/share/action_tutorials_cpp/local_setup.dsv
[16.904s] -- Installing: /home/maddy/qt_ros_workspace/src/install/action_tutorials_cpp/share/action_tutorials_cpp/package.dsv
[16.904s] -- Up-to-date: /home/maddy/qt_ros_workspace/src/install/action_tutorials_cpp/share/ament_index/resource_index/packages/action_tutorials_cpp
[16.904s] -- Up-to-date: /home/maddy/qt_ros_workspace/src/install/action_tutorials_cpp/share/ament_index/resource_index/rclcpp_components/action_tutorials_cpp
[16.904s] -- Up-to-date: /home/maddy/qt_ros_workspace/src/install/action_tutorials_cpp/share/action_tutorials_cpp/cmake/action_tutorials_cppConfig.cmake
[16.904s] -- Up-to-date: /home/maddy/qt_ros_workspace/src/install/action_tutorials_cpp/share/action_tutorials_cpp/cmake/action_tutorials_cppConfig-version.cmake
[16.905s] -- Up-to-date: /home/maddy/qt_ros_workspace/src/install/action_tutorials_cpp/share/action_tutorials_cpp/package.xml
[16.908s] Invoked command in '/home/maddy/qt_ros_workspace/src/build/action_tutorials_cpp' returned '0': AMENT_PREFIX_PATH=/home/maddy/qt_ros_workspace/src/install/action_tutorials_interfaces:${AMENT_PREFIX_PATH} CMAKE_PREFIX_PATH=/home/maddy/qt_ros_workspace/src/install/action_tutorials_interfaces:/opt/ros/humble LD_LIBRARY_PATH=/home/maddy/qt_ros_workspace/src/install/action_tutorials_interfaces/lib:${LD_LIBRARY_PATH} PYTHONPATH=/home/maddy/qt_ros_workspace/src/install/action_tutorials_interfaces/local/lib/python3.10/dist-packages:${PYTHONPATH} /usr/bin/cmake --install /home/maddy/qt_ros_workspace/src/build/action_tutorials_cpp
