[0.025s] Invoking command in '/home/maddy/qt_ros_workspace/build/qt_ros': CMAKE_PREFIX_PATH=/opt/ros/humble /usr/bin/cmake --build /home/maddy/qt_ros_workspace/build/qt_ros -- -j8 -l8
[0.100s] [35m[1mConsolidate compiler generated dependencies of target qt_ros__rosidl_generator_c[0m
[0.118s] [  2%] Built target qt_ros__cpp
[0.124s] [ 11%] Built target qt_ros__rosidl_generator_c
[0.139s] [35m[1mConsolidate compiler generated dependencies of target qt_ros__rosidl_typesupport_cpp[0m
[0.144s] [35m[1mConsolidate compiler generated dependencies of target qt_ros__rosidl_typesupport_fastrtps_cpp[0m
[0.144s] [35m[1mConsolidate compiler generated dependencies of target qt_ros__rosidl_typesupport_introspection_cpp[0m
[0.148s] [35m[1mConsolidate compiler generated dependencies of target qt_ros__rosidl_typesupport_fastrtps_c[0m
[0.149s] [ 11%] Built target ament_cmake_python_copy_qt_ros
[0.150s] [35m[1mConsolidate compiler generated dependencies of target qt_ros__rosidl_typesupport_introspection_c[0m
[0.153s] [35m[1mConsolidate compiler generated dependencies of target qt_ros__rosidl_typesupport_c[0m
[0.178s] [ 21%] Built target qt_ros__rosidl_typesupport_cpp
[0.182s] [ 30%] Built target qt_ros__rosidl_typesupport_c
[0.184s] [ 42%] Built target qt_ros__rosidl_typesupport_introspection_cpp
[0.186s] [ 50%] Built target qt_ros__rosidl_typesupport_introspection_c
[0.187s] [ 59%] Built target qt_ros__rosidl_typesupport_fastrtps_cpp
[0.199s] [ 69%] Built target qt_ros__rosidl_typesupport_fastrtps_c
[0.242s] [ 69%] Built target qt_ros
[0.267s] [35m[1mConsolidate compiler generated dependencies of target qt_node[0m
[0.289s] [ 71%] Built target qt_ros__py
[0.310s] [35m[1mConsolidate compiler generated dependencies of target qt_ros__rosidl_generator_py[0m
[0.331s] [ 73%] [32mBuilding CXX object CMakeFiles/qt_node.dir/src/my_window.cpp.o[0m
[0.331s] [ 76%] [32mBuilding CXX object CMakeFiles/qt_node.dir/src/main.cpp.o[0m
[0.342s] [ 83%] Built target qt_ros__rosidl_generator_py
[0.372s] [35m[1mConsolidate compiler generated dependencies of target qt_ros__rosidl_typesupport_fastrtps_c__pyext[0m
[0.392s] [35m[1mConsolidate compiler generated dependencies of target qt_ros__rosidl_typesupport_c__pyext[0m
[0.393s] [35m[1mConsolidate compiler generated dependencies of target qt_ros__rosidl_typesupport_introspection_c__pyext[0m
[0.408s] [ 88%] Built target qt_ros__rosidl_typesupport_fastrtps_c__pyext
[0.429s] [ 92%] Built target qt_ros__rosidl_typesupport_c__pyext
[0.431s] [ 97%] Built target qt_ros__rosidl_typesupport_introspection_c__pyext
[0.713s] running egg_info
[0.715s] writing qt_ros.egg-info/PKG-INFO
[0.715s] writing dependency_links to qt_ros.egg-info/dependency_links.txt
[0.715s] writing top-level names to qt_ros.egg-info/top_level.txt
[0.720s] reading manifest file 'qt_ros.egg-info/SOURCES.txt'
[0.721s] writing manifest file 'qt_ros.egg-info/SOURCES.txt'
[0.782s] [ 97%] Built target ament_cmake_python_build_qt_ros_egg
[7.284s] [01m[K/home/maddy/qt_ros_workspace/src/qt_ros/src/my_window.cpp:[m[K In constructor ‘[01m[KMyWindow::MyWindow(rclcpp::Node::SharedPtr, QWidget*)[m[K’:
[7.284s] [01m[K/home/maddy/qt_ros_workspace/src/qt_ros/src/my_window.cpp:25:77:[m[K [01;31m[Kerror: [m[Kno matching function for call to ‘[01m[Kcreate_server<qt_ros::action::Fibonacci>(MyWindow*, const char [10], std::_Bind_helper<false, rclcpp_action::GoalResponse (MyWindow::*)(const std::array<unsigned char, 16>&, std::shared_ptr<const qt_ros::action::Fibonacci>&), MyWindow*, const std::_Placeholder<1>&, const std::_Placeholder<2>&>::type, std::_Bind_helper<false, rclcpp_action::CancelResponse (MyWindow::*)(const std::shared_ptr<rclcpp_action::ServerGoalHandle<qt_ros::action::Fibonacci> >&), MyWindow*, const std::_Placeholder<1>&>::type, std::_Bind_helper<false, void (MyWindow::*)(const std::shared_ptr<rclcpp_action::ServerGoalHandle<qt_ros::action::Fibonacci> >&), MyWindow*, const std::_Placeholder<1>&>::type)[m[K’
[7.285s]    25 |     action_server_ = [01;31m[Krclcpp_action::create_server<qt_ros::action::Fibonacci>([m[K
[7.285s]       |                      [01;31m[K~~~~~~~~~~~~~~~~~~~~~~~~~~~~~~~~~~~~~~~~~~~~~~~~~~~~~~~^[m[K
[7.286s]    26 | [01;31m[K        this,[m[K
[7.286s]       |         [01;31m[K~~~~~[m[K                                                                
[7.286s]    27 | [01;31m[K        "fibonacci",[m[K
[7.286s]       |         [01;31m[K~~~~~~~~~~~~[m[K                                                         
[7.286s]    28 | [01;31m[K        std::bind(&MyWindow::handle_goal, this, std::placeholders::_1, std::placeholders::_2),[m[K
[7.287s]       |         [01;31m[K~~~~~~~~~~~~~~~~~~~~~~~~~~~~~~~~~~~~~~~~~~~~~~~~~~~~~~~~~~~~~~~~~~~~~~~~~~~~~~~~~~~~~~[m[K
[7.287s]    29 | [01;31m[K        std::bind(&MyWindow::handle_cancel, this, std::placeholders::_1),[m[K
[7.287s]       |         [01;31m[K~~~~~~~~~~~~~~~~~~~~~~~~~~~~~~~~~~~~~~~~~~~~~~~~~~~~~~~~~~~~~~~~~[m[K    
[7.287s]    30 | [01;31m[K        std::bind(&MyWindow::handle_accepted, this, std::placeholders::_1)[m[K
[7.287s]       |         [01;31m[K~~~~~~~~~~~~~~~~~~~~~~~~~~~~~~~~~~~~~~~~~~~~~~~~~~~~~~~~~~~~~~~~~~[m[K   
[7.287s]    31 | [01;31m[K    )[m[K;
[7.287s]       |     [01;31m[K~[m[K                                                                        
[7.288s] In file included from [01m[K/opt/ros/humble/include/rclcpp_action/rclcpp_action/rclcpp_action.hpp:39[m[K,
[7.288s]                  from [01m[K/home/maddy/qt_ros_workspace/src/qt_ros/include/qt_ros/my_window.hpp:13[m[K,
[7.288s]                  from [01m[K/home/maddy/qt_ros_workspace/src/qt_ros/src/my_window.cpp:2[m[K:
[7.288s] [01m[K/opt/ros/humble/include/rclcpp_action/rclcpp_action/create_server.hpp:58:1:[m[K [01;36m[Knote: [m[Kcandidate: ‘[01m[Ktypename rclcpp_action::Server<ActionT>::SharedPtr rclcpp_action::create_server(rclcpp::node_interfaces::NodeBaseInterface::SharedPtr, rclcpp::node_interfaces::NodeClockInterface::SharedPtr, rclcpp::node_interfaces::NodeLoggingInterface::SharedPtr, rclcpp::node_interfaces::NodeWaitablesInterface::SharedPtr, const string&, typename rclcpp_action::Server<ActionT>::GoalCallback, typename rclcpp_action::Server<ActionT>::CancelCallback, typename rclcpp_action::Server<ActionT>::AcceptedCallback, const rcl_action_server_options_t&, rclcpp::CallbackGroup::SharedPtr) [with ActionT = qt_ros::action::Fibonacci; typename rclcpp_action::Server<ActionT>::SharedPtr = std::shared_ptr<rclcpp_action::Server<qt_ros::action::Fibonacci> >; rclcpp::node_interfaces::NodeBaseInterface::SharedPtr = std::shared_ptr<rclcpp::node_interfaces::NodeBaseInterface>; rclcpp::node_interfaces::NodeClockInterface::SharedPtr = std::shared_ptr<rclcpp::node_interfaces::NodeClockInterface>; rclcpp::node_interfaces::NodeLoggingInterface::SharedPtr = std::shared_ptr<rclcpp::node_interfaces::NodeLoggingInterface>; rclcpp::node_interfaces::NodeWaitablesInterface::SharedPtr = std::shared_ptr<rclcpp::node_interfaces::NodeWaitablesInterface>; std::string = std::__cxx11::basic_string<char>; typename rclcpp_action::Server<ActionT>::GoalCallback = std::function<rclcpp_action::GoalResponse(const std::array<unsigned char, 16>&, std::shared_ptr<const qt_ros::action::Fibonacci_Goal_<std::allocator<void> > >)>; typename rclcpp_action::Server<ActionT>::CancelCallback = std::function<rclcpp_action::CancelResponse(std::shared_ptr<rclcpp_action::ServerGoalHandle<qt_ros::action::Fibonacci> >)>; typename rclcpp_action::Server<ActionT>::AcceptedCallback = std::function<void(std::shared_ptr<rclcpp_action::ServerGoalHandle<qt_ros::action::Fibonacci> >)>; rcl_action_server_options_t = rcl_action_server_options_s; rclcpp::CallbackGroup::SharedPtr = std::shared_ptr<rclcpp::CallbackGroup>][m[K’
[7.288s]    58 | [01;36m[Kcreate_server[m[K(
[7.289s]       | [01;36m[K^~~~~~~~~~~~~[m[K
[7.289s] [01m[K/opt/ros/humble/include/rclcpp_action/rclcpp_action/create_server.hpp:58:1:[m[K [01;36m[Knote: [m[K  candidate expects 10 arguments, 5 provided
[7.289s] [01m[K/opt/ros/humble/include/rclcpp_action/rclcpp_action/create_server.hpp:132:1:[m[K [01;36m[Knote: [m[Kcandidate: ‘[01m[Ktemplate<class ActionT, class NodeT> typename rclcpp_action::Server<ActionT>::SharedPtr rclcpp_action::create_server(NodeT, const string&, typename rclcpp_action::Server<ActionT>::GoalCallback, typename rclcpp_action::Server<ActionT>::CancelCallback, typename rclcpp_action::Server<ActionT>::AcceptedCallback, const rcl_action_server_options_t&, rclcpp::CallbackGroup::SharedPtr)[m[K’
[7.289s]   132 | [01;36m[Kcreate_server[m[K(
[7.289s]       | [01;36m[K^~~~~~~~~~~~~[m[K
[7.289s] [01m[K/opt/ros/humble/include/rclcpp_action/rclcpp_action/create_server.hpp:132:1:[m[K [01;36m[Knote: [m[K  template argument deduction/substitution failed:
[7.290s] [01m[K/home/maddy/qt_ros_workspace/src/qt_ros/src/my_window.cpp:28:18:[m[K [01;36m[Knote: [m[K  cannot convert ‘[01m[Kstd::bind(_Func&&, _BoundArgs&& ...) [with _Func = rclcpp_action::GoalResponse (MyWindow::*)(const std::array<unsigned char, 16>&, std::shared_ptr<const qt_ros::action::Fibonacci>&); _BoundArgs = {MyWindow*, const std::_Placeholder<1>&, const std::_Placeholder<2>&}; typename std::_Bind_helper<std::__is_socketlike<_Func>::value, _Func, _BoundArgs ...>::type = std::_Bind_helper<false, rclcpp_action::GoalResponse (MyWindow::*)(const std::array<unsigned char, 16>&, std::shared_ptr<const qt_ros::action::Fibonacci>&), MyWindow*, const std::_Placeholder<1>&, const std::_Placeholder<2>&>::type; std::__is_socketlike<_Func> = std::__is_socketlike<rclcpp_action::GoalResponse (MyWindow::*)(const std::array<unsigned char, 16>&, std::shared_ptr<const qt_ros::action::Fibonacci>&), rclcpp_action::GoalResponse (MyWindow::*)(const std::array<unsigned char, 16>&, std::shared_ptr<const qt_ros::action::Fibonacci>&)>; typename std::decay<_Tp>::type = rclcpp_action::GoalResponse (MyWindow::*)(const std::array<unsigned char, 16>&, std::shared_ptr<const qt_ros::action::Fibonacci>&)](((MyWindow*)this), std::placeholders::_1, std::placeholders::_2)[m[K’ (type ‘[01m[Kstd::_Bind_helper<false, rclcpp_action::GoalResponse (MyWindow::*)(const std::array<unsigned char, 16>&, std::shared_ptr<const qt_ros::action::Fibonacci>&), MyWindow*, const std::_Placeholder<1>&, const std::_Placeholder<2>&>::type[m[K’) to type ‘[01m[Krclcpp_action::Server<qt_ros::action::Fibonacci>::GoalCallback[m[K’ {aka ‘[01m[Kstd::function<rclcpp_action::GoalResponse(const std::array<unsigned char, 16>&, std::shared_ptr<const qt_ros::action::Fibonacci_Goal_<std::allocator<void> > >)>[m[K’}
[7.290s]    28 |         [01;36m[Kstd::bind(&MyWindow::handle_goal, this, std::placeholders::_1, std::placeholders::_2)[m[K,
[7.290s]       |         [01;36m[K~~~~~~~~~^~~~~~~~~~~~~~~~~~~~~~~~~~~~~~~~~~~~~~~~~~~~~~~~~~~~~~~~~~~~~~~~~~~~~~~~~~~~[m[K
[7.385s] In file included from [01m[K/opt/ros/humble/include/rclcpp/rclcpp/client.hpp:40[m[K,
[7.385s]                  from [01m[K/opt/ros/humble/include/rclcpp/rclcpp/callback_group.hpp:24[m[K,
[7.386s]                  from [01m[K/opt/ros/humble/include/rclcpp/rclcpp/any_executable.hpp:20[m[K,
[7.386s]                  from [01m[K/opt/ros/humble/include/rclcpp/rclcpp/memory_strategy.hpp:25[m[K,
[7.386s]                  from [01m[K/opt/ros/humble/include/rclcpp/rclcpp/memory_strategies.hpp:18[m[K,
[7.386s]                  from [01m[K/opt/ros/humble/include/rclcpp/rclcpp/executor_options.hpp:20[m[K,
[7.387s]                  from [01m[K/opt/ros/humble/include/rclcpp/rclcpp/executor.hpp:37[m[K,
[7.387s]                  from [01m[K/opt/ros/humble/include/rclcpp/rclcpp/executors/multi_threaded_executor.hpp:25[m[K,
[7.387s]                  from [01m[K/opt/ros/humble/include/rclcpp/rclcpp/executors.hpp:21[m[K,
[7.387s]                  from [01m[K/opt/ros/humble/include/rclcpp/rclcpp/rclcpp.hpp:155[m[K,
[7.387s]                  from [01m[K/home/maddy/qt_ros_workspace/src/qt_ros/include/qt_ros/my_window.hpp:11[m[K,
[7.388s]                  from [01m[K/home/maddy/qt_ros_workspace/src/qt_ros/src/my_window.cpp:2[m[K:
[7.388s] [01m[K/home/maddy/qt_ros_workspace/src/qt_ros/src/my_window.cpp:[m[K In function ‘[01m[Krclcpp_action::GoalResponse handle_goal(const GoalUUID&, std::shared_ptr<const qt_ros::action::Fibonacci_Goal_<std::allocator<void> > >&)[m[K’:
[7.388s] [01m[K/home/maddy/qt_ros_workspace/src/qt_ros/src/my_window.cpp:212:17:[m[K [01;31m[Kerror: [m[K‘[01m[Knode_[m[K’ was not declared in this scope; did you mean ‘[01m[Kmode_t[m[K’?
[7.388s]   212 |     RCLCPP_INFO([01;31m[Knode_[m[K-> get_logger(),"received goal request with order %d",goal-> order);
[7.388s]       |                 [01;31m[K^~~~~[m[K
[7.388s] [01m[K/home/maddy/qt_ros_workspace/src/qt_ros/src/my_window.cpp:212:5:[m[K [01;31m[Kerror: [m[Ktemplate argument 1 is invalid
[7.389s]   212 |     [01;31m[KRCLCPP_INFO[m[K(node_-> get_logger(),"received goal request with order %d",goal-> order);
[7.389s]       |     [01;31m[K^~~~~~~~~~~[m[K
[7.392s] [01m[K/home/maddy/qt_ros_workspace/src/qt_ros/src/my_window.cpp:[m[K In function ‘[01m[Krclcpp_action::CancelResponse handle_cancel(const std::shared_ptr<rclcpp_action::ServerGoalHandle<qt_ros::action::Fibonacci> >&)[m[K’:
[7.392s] [01m[K/home/maddy/qt_ros_workspace/src/qt_ros/src/my_window.cpp:219:17:[m[K [01;31m[Kerror: [m[K‘[01m[Knode_[m[K’ was not declared in this scope; did you mean ‘[01m[Kmode_t[m[K’?
[7.392s]   219 |     RCLCPP_INFO([01;31m[Knode_[m[K-> get_logger(), "Received request to cancel goal");
[7.393s]       |                 [01;31m[K^~~~~[m[K
[7.393s] [01m[K/home/maddy/qt_ros_workspace/src/qt_ros/src/my_window.cpp:219:5:[m[K [01;31m[Kerror: [m[Ktemplate argument 1 is invalid
[7.393s]   219 |     [01;31m[KRCLCPP_INFO[m[K(node_-> get_logger(), "Received request to cancel goal");
[7.393s]       |     [01;31m[K^~~~~~~~~~~[m[K
[7.709s] In file included from [01m[K/opt/ros/humble/include/rclcpp_action/rclcpp_action/rclcpp_action.hpp:38[m[K,
[7.709s]                  from [01m[K/home/maddy/qt_ros_workspace/src/qt_ros/include/qt_ros/my_window.hpp:13[m[K,
[7.709s]                  from [01m[K/home/maddy/qt_ros_workspace/src/qt_ros/src/my_window.cpp:2[m[K:
[7.709s] /opt/ros/humble/include/rclcpp_action/rclcpp_action/create_client.hpp: In instantiation of ‘[01m[Ktypename rclcpp_action::Client<ActionT>::SharedPtr rclcpp_action::create_client(NodeT, const string&, rclcpp::CallbackGroup::SharedPtr, const rcl_action_client_options_t&) [with ActionT = qt_ros::action::Fibonacci; NodeT = MyWindow*; typename rclcpp_action::Client<ActionT>::SharedPtr = std::shared_ptr<rclcpp_action::Client<qt_ros::action::Fibonacci> >; std::string = std::__cxx11::basic_string<char>; rclcpp::CallbackGroup::SharedPtr = std::shared_ptr<rclcpp::CallbackGroup>; rcl_action_client_options_t = rcl_action_client_options_s][m[K’:
[7.710s] [01m[K/home/maddy/qt_ros_workspace/src/qt_ros/src/my_window.cpp:24:73:[m[K   required from here
[7.710s] [01m[K/opt/ros/humble/include/rclcpp_action/rclcpp_action/create_client.hpp:112:11:[m[K [01;31m[Kerror: [m[K‘[01m[Kclass MyWindow[m[K’ has no member named ‘[01m[Kget_node_base_interface[m[K’
[7.710s]   112 |     [01;31m[Knode->get_node_base_interface[m[K(),
[7.710s]       |     [01;31m[K~~~~~~^~~~~~~~~~~~~~~~~~~~~~~[m[K
[7.710s] [01m[K/opt/ros/humble/include/rclcpp_action/rclcpp_action/create_client.hpp:113:11:[m[K [01;31m[Kerror: [m[K‘[01m[Kclass MyWindow[m[K’ has no member named ‘[01m[Kget_node_graph_interface[m[K’
[7.710s]   113 |     [01;31m[Knode->get_node_graph_interface[m[K(),
[7.710s]       |     [01;31m[K~~~~~~^~~~~~~~~~~~~~~~~~~~~~~~[m[K
[7.711s] [01m[K/opt/ros/humble/include/rclcpp_action/rclcpp_action/create_client.hpp:114:11:[m[K [01;31m[Kerror: [m[K‘[01m[Kclass MyWindow[m[K’ has no member named ‘[01m[Kget_node_logging_interface[m[K’
[7.711s]   114 |     [01;31m[Knode->get_node_logging_interface[m[K(),
[7.711s]       |     [01;31m[K~~~~~~^~~~~~~~~~~~~~~~~~~~~~~~~~[m[K
[7.711s] [01m[K/opt/ros/humble/include/rclcpp_action/rclcpp_action/create_client.hpp:115:11:[m[K [01;31m[Kerror: [m[K‘[01m[Kclass MyWindow[m[K’ has no member named ‘[01m[Kget_node_waitables_interface[m[K’
[7.711s]   115 |     [01;31m[Knode->get_node_waitables_interface[m[K(),
[7.712s]       |     [01;31m[K~~~~~~^~~~~~~~~~~~~~~~~~~~~~~~~~~~[m[K
[9.882s] gmake[2]: *** [CMakeFiles/qt_node.dir/build.make:90: CMakeFiles/qt_node.dir/src/my_window.cpp.o] Error 1
[9.882s] gmake[1]: *** [CMakeFiles/Makefile2:594: CMakeFiles/qt_node.dir/all] Error 2
[9.882s] gmake: *** [Makefile:146: all] Error 2
[9.886s] Invoked command in '/home/maddy/qt_ros_workspace/build/qt_ros' returned '2': CMAKE_PREFIX_PATH=/opt/ros/humble /usr/bin/cmake --build /home/maddy/qt_ros_workspace/build/qt_ros -- -j8 -l8
