-- Found ament_cmake: 1.3.12 (/opt/ros/humble/share/ament_cmake/cmake)
-- Found rclcpp: 16.0.17 (/opt/ros/humble/share/rclcpp/cmake)
-- Found rosidl_generator_c: 3.1.8 (/opt/ros/humble/share/rosidl_generator_c/cmake)
-- Found rosidl_adapter: 3.1.8 (/opt/ros/humble/share/rosidl_adapter/cmake)
-- Found rosidl_generator_cpp: 3.1.8 (/opt/ros/humble/share/rosidl_generator_cpp/cmake)
-- Using all available rosidl_typesupport_c: rosidl_typesupport_fastrtps_c;rosidl_typesupport_introspection_c
-- Using all available rosidl_typesupport_cpp: rosidl_typesupport_fastrtps_cpp;rosidl_typesupport_introspection_cpp
-- Found rmw_implementation_cmake: 6.1.2 (/opt/ros/humble/share/rmw_implementation_cmake/cmake)
-- Found rmw_fastrtps_cpp: 6.2.9 (/opt/ros/humble/share/rmw_fastrtps_cpp/cmake)
-- Using RMW implementation 'rmw_fastrtps_cpp' as default
-- Found rosidl_default_generators: 1.2.0 (/opt/ros/humble/share/rosidl_default_generators/cmake)
-- Found rclcpp_action: 16.0.17 (/opt/ros/humble/share/rclcpp_action/cmake)
-- Found ament_cmake_ros: 0.10.0 (/opt/ros/humble/share/ament_cmake_ros/cmake)
-- Using all available rosidl_typesupport_c: rosidl_typesupport_fastrtps_c;rosidl_typesupport_introspection_c
-- Using all available rosidl_typesupport_cpp: rosidl_typesupport_fastrtps_cpp;rosidl_typesupport_introspection_cpp
-- Found python_cmake_module: 0.10.0 (/opt/ros/humble/share/python_cmake_module/cmake)
-- Using PYTHON_EXECUTABLE: /usr/bin/python3
-- Using PYTHON_INCLUDE_DIRS: /usr/include/python3.10
-- Using PYTHON_LIBRARIES: /usr/lib/x86_64-linux-gnu/libpython3.10.so
[0mCMake Deprecation Warning at /opt/ros/humble/share/rosidl_cmake/cmake/rosidl_target_interfaces.cmake:32 (message):
  Use rosidl_get_typesupport_target() and target_link_libraries() instead of
  rosidl_target_interfaces()
Call Stack (most recent call first):
  CMakeLists.txt:44 (rosidl_target_interfaces)

[0m
-- Configuring done
-- Generating done
-- Build files have been written to: /home/maddy/qt_ros_workspace/build/qt_ros
[35m[1mConsolidate compiler generated dependencies of target qt_ros__rosidl_generator_c[0m
[  2%] Built target qt_ros__cpp
[ 11%] Built target qt_ros__rosidl_generator_c
[ 11%] Built target ament_cmake_python_copy_qt_ros
[35m[1mConsolidate compiler generated dependencies of target qt_ros__rosidl_typesupport_fastrtps_cpp[0m
[35m[1mConsolidate compiler generated dependencies of target qt_ros__rosidl_typesupport_introspection_cpp[0m
[35m[1mConsolidate compiler generated dependencies of target qt_ros__rosidl_typesupport_cpp[0m
[35m[1mConsolidate compiler generated dependencies of target qt_ros__rosidl_typesupport_c[0m
[35m[1mConsolidate compiler generated dependencies of target qt_ros__rosidl_typesupport_introspection_c[0m
[35m[1mConsolidate compiler generated dependencies of target qt_ros__rosidl_typesupport_fastrtps_c[0m
[ 14%] [32mBuilding CXX object CMakeFiles/qt_ros__rosidl_typesupport_fastrtps_cpp.dir/rosidl_typesupport_fastrtps_cpp/qt_ros/action/detail/dds_fastrtps/fibonacci__type_support.cpp.o[0m
[ 16%] [32mBuilding CXX object CMakeFiles/qt_ros__rosidl_typesupport_cpp.dir/rosidl_typesupport_cpp/qt_ros/action/fibonacci__type_support.cpp.o[0m
[ 19%] [32mBuilding CXX object CMakeFiles/qt_ros__rosidl_typesupport_introspection_cpp.dir/rosidl_typesupport_introspection_cpp/qt_ros/action/detail/fibonacci__type_support.cpp.o[0m
[ 26%] [32mBuilding CXX object CMakeFiles/qt_ros__rosidl_typesupport_c.dir/rosidl_typesupport_c/qt_ros/action/fibonacci__type_support.cpp.o[0m
[ 30%] Built target qt_ros__rosidl_typesupport_introspection_c
[ 40%] Built target qt_ros__rosidl_typesupport_fastrtps_c
[01m[K/home/maddy/qt_ros_workspace/build/qt_ros/rosidl_typesupport_c/qt_ros/action/fibonacci__type_support.cpp:996:10:[m[K [01;31m[Kfatal error: [m[Kaction_msgs/msg/goal_status_array.h: No such file or directory
  996 | #include [01;31m[K"action_msgs/msg/goal_status_array.h"[m[K
      |          [01;31m[K^~~~~~~~~~~~~~~~~~~~~~~~~~~~~~~~~~~~~[m[K
compilation terminated.
gmake[2]: *** [CMakeFiles/qt_ros__rosidl_typesupport_c.dir/build.make:107: CMakeFiles/qt_ros__rosidl_typesupport_c.dir/rosidl_typesupport_c/qt_ros/action/fibonacci__type_support.cpp.o] Error 1
gmake[1]: *** [CMakeFiles/Makefile2:345: CMakeFiles/qt_ros__rosidl_typesupport_c.dir/all] Error 2
gmake[1]: *** Waiting for unfinished jobs....
In file included from [01m[K/home/maddy/qt_ros_workspace/build/qt_ros/rosidl_typesupport_fastrtps_cpp/qt_ros/action/detail/fibonacci__rosidl_typesupport_fastrtps_cpp.hpp:11[m[K,
                 from [01m[K/home/maddy/qt_ros_workspace/build/qt_ros/rosidl_typesupport_fastrtps_cpp/qt_ros/action/detail/dds_fastrtps/fibonacci__type_support.cpp:4[m[K:
[01m[K/home/maddy/qt_ros_workspace/build/qt_ros/rosidl_generator_cpp/qt_ros/action/detail/fibonacci__struct.hpp:1007:10:[m[K [01;31m[Kfatal error: [m[Kaction_msgs/srv/cancel_goal.hpp: No such file or directory
 1007 | #include [01;31m[K"action_msgs/srv/cancel_goal.hpp"[m[K
      |          [01;31m[K^~~~~~~~~~~~~~~~~~~~~~~~~~~~~~~~~[m[K
In file included from [01m[K/home/maddy/qt_ros_workspace/build/qt_ros/rosidl_typesupport_cpp/qt_ros/action/fibonacci__type_support.cpp:7[m[K:
[01m[K/home/maddy/qt_ros_workspace/build/qt_ros/rosidl_generator_cpp/qt_ros/action/detail/fibonacci__struct.hpp:1007:10:[m[K [01;31m[Kfatal error: [m[Kaction_msgs/srv/cancel_goal.hpp: No such file or directory
 1007 | #include [01;31m[K"action_msgs/srv/cancel_goal.hpp"[m[K
      |          [01;31m[K^~~~~~~~~~~~~~~~~~~~~~~~~~~~~~~~~[m[K
compilation terminated.
compilation terminated.
gmake[2]: *** [CMakeFiles/qt_ros__rosidl_typesupport_fastrtps_cpp.dir/build.make:115: CMakeFiles/qt_ros__rosidl_typesupport_fastrtps_cpp.dir/rosidl_typesupport_fastrtps_cpp/qt_ros/action/detail/dds_fastrtps/fibonacci__type_support.cpp.o] Error 1
gmake[1]: *** [CMakeFiles/Makefile2:293: CMakeFiles/qt_ros__rosidl_typesupport_fastrtps_cpp.dir/all] Error 2
gmake[2]: *** [CMakeFiles/qt_ros__rosidl_typesupport_cpp.dir/build.make:107: CMakeFiles/qt_ros__rosidl_typesupport_cpp.dir/rosidl_typesupport_cpp/qt_ros/action/fibonacci__type_support.cpp.o] Error 1
gmake[1]: *** [CMakeFiles/Makefile2:397: CMakeFiles/qt_ros__rosidl_typesupport_cpp.dir/all] Error 2
In file included from [01m[K/home/maddy/qt_ros_workspace/build/qt_ros/rosidl_typesupport_introspection_cpp/qt_ros/action/detail/fibonacci__type_support.cpp:12[m[K:
[01m[K/home/maddy/qt_ros_workspace/build/qt_ros/rosidl_generator_cpp/qt_ros/action/detail/fibonacci__struct.hpp:1007:10:[m[K [01;31m[Kfatal error: [m[Kaction_msgs/srv/cancel_goal.hpp: No such file or directory
 1007 | #include [01;31m[K"action_msgs/srv/cancel_goal.hpp"[m[K
      |          [01;31m[K^~~~~~~~~~~~~~~~~~~~~~~~~~~~~~~~~[m[K
compilation terminated.
gmake[2]: *** [CMakeFiles/qt_ros__rosidl_typesupport_introspection_cpp.dir/build.make:115: CMakeFiles/qt_ros__rosidl_typesupport_introspection_cpp.dir/rosidl_typesupport_introspection_cpp/qt_ros/action/detail/fibonacci__type_support.cpp.o] Error 1
gmake[1]: *** [CMakeFiles/Makefile2:371: CMakeFiles/qt_ros__rosidl_typesupport_introspection_cpp.dir/all] Error 2
running egg_info
writing qt_ros.egg-info/PKG-INFO
writing dependency_links to qt_ros.egg-info/dependency_links.txt
writing top-level names to qt_ros.egg-info/top_level.txt
reading manifest file 'qt_ros.egg-info/SOURCES.txt'
writing manifest file 'qt_ros.egg-info/SOURCES.txt'
[ 40%] Built target ament_cmake_python_build_qt_ros_egg
gmake: *** [Makefile:146: all] Error 2
