[0.024s] Invoking command in '/home/maddy/qt_ros_workspace/build/qt_ros': CMAKE_PREFIX_PATH=/opt/ros/humble /usr/bin/cmake --build /home/maddy/qt_ros_workspace/build/qt_ros -- -j8 -l8
[0.098s] -- Found ament_cmake: 1.3.12 (/opt/ros/humble/share/ament_cmake/cmake)
[0.300s] -- Found rclcpp: 16.0.17 (/opt/ros/humble/share/rclcpp/cmake)
[0.559s] -- Found rosidl_generator_c: 3.1.8 (/opt/ros/humble/share/rosidl_generator_c/cmake)
[0.565s] -- Found rosidl_adapter: 3.1.8 (/opt/ros/humble/share/rosidl_adapter/cmake)
[0.581s] -- Found rosidl_generator_cpp: 3.1.8 (/opt/ros/humble/share/rosidl_generator_cpp/cmake)
[0.604s] -- Using all available rosidl_typesupport_c: rosidl_typesupport_fastrtps_c;rosidl_typesupport_introspection_c
[0.632s] -- Using all available rosidl_typesupport_cpp: rosidl_typesupport_fastrtps_cpp;rosidl_typesupport_introspection_cpp
[0.703s] -- Found rmw_implementation_cmake: 6.1.2 (/opt/ros/humble/share/rmw_implementation_cmake/cmake)
[0.707s] -- Found rmw_fastrtps_cpp: 6.2.9 (/opt/ros/humble/share/rmw_fastrtps_cpp/cmake)
[8.550s] -- Using RMW implementation 'rmw_fastrtps_cpp' as default
[8.654s] -- Found rosidl_default_generators: 1.2.0 (/opt/ros/humble/share/rosidl_default_generators/cmake)
[8.776s] -- Found rclcpp_action: 16.0.17 (/opt/ros/humble/share/rclcpp_action/cmake)
[9.178s] -- Found ament_cmake_ros: 0.10.0 (/opt/ros/humble/share/ament_cmake_ros/cmake)
[9.550s] -- Using all available rosidl_typesupport_c: rosidl_typesupport_fastrtps_c;rosidl_typesupport_introspection_c
[9.691s] -- Using all available rosidl_typesupport_cpp: rosidl_typesupport_fastrtps_cpp;rosidl_typesupport_introspection_cpp
[9.720s] -- Found python_cmake_module: 0.10.0 (/opt/ros/humble/share/python_cmake_module/cmake)
[9.749s] -- Using PYTHON_EXECUTABLE: /usr/bin/python3
[9.749s] -- Using PYTHON_INCLUDE_DIRS: /usr/include/python3.10
[9.749s] -- Using PYTHON_LIBRARIES: /usr/lib/x86_64-linux-gnu/libpython3.10.so
[9.771s] [0mCMake Deprecation Warning at /opt/ros/humble/share/rosidl_cmake/cmake/rosidl_target_interfaces.cmake:32 (message):
[9.771s]   Use rosidl_get_typesupport_target() and target_link_libraries() instead of
[9.771s]   rosidl_target_interfaces()
[9.771s] Call Stack (most recent call first):
[9.771s]   CMakeLists.txt:44 (rosidl_target_interfaces)
[9.771s] 
[9.772s] [0m
[9.796s] -- Configuring done
[9.890s] -- Generating done
[9.918s] -- Build files have been written to: /home/maddy/qt_ros_workspace/build/qt_ros
[9.970s] [35m[1mConsolidate compiler generated dependencies of target qt_ros__rosidl_generator_c[0m
[9.982s] [  2%] Built target qt_ros__cpp
[9.988s] [ 11%] Built target qt_ros__rosidl_generator_c
[9.992s] [ 11%] Built target ament_cmake_python_copy_qt_ros
[10.000s] [35m[1mConsolidate compiler generated dependencies of target qt_ros__rosidl_typesupport_fastrtps_cpp[0m
[10.007s] [35m[1mConsolidate compiler generated dependencies of target qt_ros__rosidl_typesupport_introspection_cpp[0m
[10.007s] [35m[1mConsolidate compiler generated dependencies of target qt_ros__rosidl_typesupport_cpp[0m
[10.007s] [35m[1mConsolidate compiler generated dependencies of target qt_ros__rosidl_typesupport_c[0m
[10.012s] [35m[1mConsolidate compiler generated dependencies of target qt_ros__rosidl_typesupport_introspection_c[0m
[10.015s] [35m[1mConsolidate compiler generated dependencies of target qt_ros__rosidl_typesupport_fastrtps_c[0m
[10.029s] [ 14%] [32mBuilding CXX object CMakeFiles/qt_ros__rosidl_typesupport_fastrtps_cpp.dir/rosidl_typesupport_fastrtps_cpp/qt_ros/action/detail/dds_fastrtps/fibonacci__type_support.cpp.o[0m
[10.029s] [ 16%] [32mBuilding CXX object CMakeFiles/qt_ros__rosidl_typesupport_cpp.dir/rosidl_typesupport_cpp/qt_ros/action/fibonacci__type_support.cpp.o[0m
[10.033s] [ 19%] [32mBuilding CXX object CMakeFiles/qt_ros__rosidl_typesupport_introspection_cpp.dir/rosidl_typesupport_introspection_cpp/qt_ros/action/detail/fibonacci__type_support.cpp.o[0m
[10.035s] [ 26%] [32mBuilding CXX object CMakeFiles/qt_ros__rosidl_typesupport_c.dir/rosidl_typesupport_c/qt_ros/action/fibonacci__type_support.cpp.o[0m
[10.035s] [ 30%] Built target qt_ros__rosidl_typesupport_introspection_c
[10.040s] [ 40%] Built target qt_ros__rosidl_typesupport_fastrtps_c
[10.153s] [01m[K/home/maddy/qt_ros_workspace/build/qt_ros/rosidl_typesupport_c/qt_ros/action/fibonacci__type_support.cpp:996:10:[m[K [01;31m[Kfatal error: [m[Kaction_msgs/msg/goal_status_array.h: No such file or directory
[10.153s]   996 | #include [01;31m[K"action_msgs/msg/goal_status_array.h"[m[K
[10.154s]       |          [01;31m[K^~~~~~~~~~~~~~~~~~~~~~~~~~~~~~~~~~~~~[m[K
[10.154s] compilation terminated.
[10.156s] gmake[2]: *** [CMakeFiles/qt_ros__rosidl_typesupport_c.dir/build.make:107: CMakeFiles/qt_ros__rosidl_typesupport_c.dir/rosidl_typesupport_c/qt_ros/action/fibonacci__type_support.cpp.o] Error 1
[10.156s] gmake[1]: *** [CMakeFiles/Makefile2:345: CMakeFiles/qt_ros__rosidl_typesupport_c.dir/all] Error 2
[10.157s] gmake[1]: *** Waiting for unfinished jobs....
[10.254s] In file included from [01m[K/home/maddy/qt_ros_workspace/build/qt_ros/rosidl_typesupport_fastrtps_cpp/qt_ros/action/detail/fibonacci__rosidl_typesupport_fastrtps_cpp.hpp:11[m[K,
[10.254s]                  from [01m[K/home/maddy/qt_ros_workspace/build/qt_ros/rosidl_typesupport_fastrtps_cpp/qt_ros/action/detail/dds_fastrtps/fibonacci__type_support.cpp:4[m[K:
[10.254s] [01m[K/home/maddy/qt_ros_workspace/build/qt_ros/rosidl_generator_cpp/qt_ros/action/detail/fibonacci__struct.hpp:1007:10:[m[K [01;31m[Kfatal error: [m[Kaction_msgs/srv/cancel_goal.hpp: No such file or directory
[10.255s]  1007 | #include [01;31m[K"action_msgs/srv/cancel_goal.hpp"[m[K
[10.255s]       |          [01;31m[K^~~~~~~~~~~~~~~~~~~~~~~~~~~~~~~~~[m[K
[10.255s] In file included from [01m[K/home/maddy/qt_ros_workspace/build/qt_ros/rosidl_typesupport_cpp/qt_ros/action/fibonacci__type_support.cpp:7[m[K:
[10.255s] [01m[K/home/maddy/qt_ros_workspace/build/qt_ros/rosidl_generator_cpp/qt_ros/action/detail/fibonacci__struct.hpp:1007:10:[m[K [01;31m[Kfatal error: [m[Kaction_msgs/srv/cancel_goal.hpp: No such file or directory
[10.255s]  1007 | #include [01;31m[K"action_msgs/srv/cancel_goal.hpp"[m[K
[10.255s]       |          [01;31m[K^~~~~~~~~~~~~~~~~~~~~~~~~~~~~~~~~[m[K
[10.255s] compilation terminated.
[10.256s] compilation terminated.
[10.257s] gmake[2]: *** [CMakeFiles/qt_ros__rosidl_typesupport_fastrtps_cpp.dir/build.make:115: CMakeFiles/qt_ros__rosidl_typesupport_fastrtps_cpp.dir/rosidl_typesupport_fastrtps_cpp/qt_ros/action/detail/dds_fastrtps/fibonacci__type_support.cpp.o] Error 1
[10.258s] gmake[1]: *** [CMakeFiles/Makefile2:293: CMakeFiles/qt_ros__rosidl_typesupport_fastrtps_cpp.dir/all] Error 2
[10.258s] gmake[2]: *** [CMakeFiles/qt_ros__rosidl_typesupport_cpp.dir/build.make:107: CMakeFiles/qt_ros__rosidl_typesupport_cpp.dir/rosidl_typesupport_cpp/qt_ros/action/fibonacci__type_support.cpp.o] Error 1
[10.258s] gmake[1]: *** [CMakeFiles/Makefile2:397: CMakeFiles/qt_ros__rosidl_typesupport_cpp.dir/all] Error 2
[10.274s] In file included from [01m[K/home/maddy/qt_ros_workspace/build/qt_ros/rosidl_typesupport_introspection_cpp/qt_ros/action/detail/fibonacci__type_support.cpp:12[m[K:
[10.274s] [01m[K/home/maddy/qt_ros_workspace/build/qt_ros/rosidl_generator_cpp/qt_ros/action/detail/fibonacci__struct.hpp:1007:10:[m[K [01;31m[Kfatal error: [m[Kaction_msgs/srv/cancel_goal.hpp: No such file or directory
[10.274s]  1007 | #include [01;31m[K"action_msgs/srv/cancel_goal.hpp"[m[K
[10.274s]       |          [01;31m[K^~~~~~~~~~~~~~~~~~~~~~~~~~~~~~~~~[m[K
[10.274s] compilation terminated.
[10.276s] gmake[2]: *** [CMakeFiles/qt_ros__rosidl_typesupport_introspection_cpp.dir/build.make:115: CMakeFiles/qt_ros__rosidl_typesupport_introspection_cpp.dir/rosidl_typesupport_introspection_cpp/qt_ros/action/detail/fibonacci__type_support.cpp.o] Error 1
[10.277s] gmake[1]: *** [CMakeFiles/Makefile2:371: CMakeFiles/qt_ros__rosidl_typesupport_introspection_cpp.dir/all] Error 2
[10.434s] running egg_info
[10.435s] writing qt_ros.egg-info/PKG-INFO
[10.436s] writing dependency_links to qt_ros.egg-info/dependency_links.txt
[10.436s] writing top-level names to qt_ros.egg-info/top_level.txt
[10.439s] reading manifest file 'qt_ros.egg-info/SOURCES.txt'
[10.440s] writing manifest file 'qt_ros.egg-info/SOURCES.txt'
[10.471s] [ 40%] Built target ament_cmake_python_build_qt_ros_egg
[10.472s] gmake: *** [Makefile:146: all] Error 2
[10.476s] Invoked command in '/home/maddy/qt_ros_workspace/build/qt_ros' returned '2': CMAKE_PREFIX_PATH=/opt/ros/humble /usr/bin/cmake --build /home/maddy/qt_ros_workspace/build/qt_ros -- -j8 -l8
