[-11.074s] DEBUG:colcon:Command line arguments: ['/usr/bin/colcon', 'build']
[-11.073s] DEBUG:colcon:Parsed command line arguments: Namespace(log_base=None, log_level=None, verb_name='build', build_base='build', install_base='install', merge_install=False, symlink_install=False, test_result_base=None, continue_on_error=False, executor='parallel', parallel_workers=8, event_handlers=None, ignore_user_meta=False, metas=['./colcon.meta'], base_paths=['.'], packages_ignore=None, packages_ignore_regex=None, paths=None, packages_up_to=None, packages_up_to_regex=None, packages_above=None, packages_above_and_dependencies=None, packages_above_depth=None, packages_select_by_dep=None, packages_skip_by_dep=None, packages_skip_up_to=None, packages_select_build_failed=False, packages_skip_build_finished=False, packages_select_test_failures=False, packages_skip_test_passed=False, packages_select=None, packages_skip=None, packages_select_regex=None, packages_skip_regex=None, packages_start=None, packages_end=None, allow_overriding=[], cmake_args=None, cmake_target=None, cmake_target_skip_unavailable=False, cmake_clean_cache=False, cmake_clean_first=False, cmake_force_configure=False, ament_cmake_args=None, catkin_cmake_args=None, catkin_skip_building_tests=False, verb_parser=<colcon_defaults.argument_parser.defaults.DefaultArgumentsDecorator object at 0x7dd84c7fef20>, verb_extension=<colcon_core.verb.build.BuildVerb object at 0x7dd84c744340>, main=<bound method BuildVerb.main of <colcon_core.verb.build.BuildVerb object at 0x7dd84c744340>>)
[-10.764s] Level 1:colcon.colcon_core.package_discovery:discover_packages(colcon_meta) check parameters
[-10.763s] Level 1:colcon.colcon_core.package_discovery:discover_packages(recursive) check parameters
[-10.763s] Level 1:colcon.colcon_core.package_discovery:discover_packages(ignore) check parameters
[-10.763s] Level 1:colcon.colcon_core.package_discovery:discover_packages(path) check parameters
[-10.763s] Level 1:colcon.colcon_core.package_discovery:discover_packages(colcon_meta) discover
[-10.763s] Level 1:colcon.colcon_core.package_discovery:discover_packages(recursive) discover
[-10.763s] INFO:colcon.colcon_core.package_discovery:Crawling recursively for packages in '/home/maddy/qt_ros_workspace/src'
[-10.763s] Level 1:colcon.colcon_core.package_identification:_identify(.) by extensions ['ignore', 'ignore_ament_install']
[-10.763s] Level 1:colcon.colcon_core.package_identification:_identify(.) by extension 'ignore'
[-10.763s] Level 1:colcon.colcon_core.package_identification:_identify(.) by extension 'ignore_ament_install'
[-10.762s] Level 1:colcon.colcon_core.package_identification:_identify(.) by extensions ['colcon_pkg']
[-10.762s] Level 1:colcon.colcon_core.package_identification:_identify(.) by extension 'colcon_pkg'
[-10.762s] Level 1:colcon.colcon_core.package_identification:_identify(.) by extensions ['colcon_meta']
[-10.762s] Level 1:colcon.colcon_core.package_identification:_identify(.) by extension 'colcon_meta'
[-10.762s] Level 1:colcon.colcon_core.package_identification:_identify(.) by extensions ['ros']
[-10.762s] Level 1:colcon.colcon_core.package_identification:_identify(.) by extension 'ros'
[-10.738s] Level 1:colcon.colcon_core.package_identification:_identify(.) by extensions ['cmake', 'python']
[-10.738s] Level 1:colcon.colcon_core.package_identification:_identify(.) by extension 'cmake'
[-10.737s] Level 1:colcon.colcon_core.package_identification:_identify(.) by extension 'python'
[-10.737s] Level 1:colcon.colcon_core.package_identification:_identify(.) by extensions ['python_setup_py']
[-10.737s] Level 1:colcon.colcon_core.package_identification:_identify(.) by extension 'python_setup_py'
[-10.737s] Level 1:colcon.colcon_core.package_identification:_identify(action_tutorials_cpp) by extensions ['ignore', 'ignore_ament_install']
[-10.737s] Level 1:colcon.colcon_core.package_identification:_identify(action_tutorials_cpp) by extension 'ignore'
[-10.737s] Level 1:colcon.colcon_core.package_identification:_identify(action_tutorials_cpp) by extension 'ignore_ament_install'
[-10.737s] Level 1:colcon.colcon_core.package_identification:_identify(action_tutorials_cpp) by extensions ['colcon_pkg']
[-10.737s] Level 1:colcon.colcon_core.package_identification:_identify(action_tutorials_cpp) by extension 'colcon_pkg'
[-10.737s] Level 1:colcon.colcon_core.package_identification:_identify(action_tutorials_cpp) by extensions ['colcon_meta']
[-10.736s] Level 1:colcon.colcon_core.package_identification:_identify(action_tutorials_cpp) by extension 'colcon_meta'
[-10.736s] Level 1:colcon.colcon_core.package_identification:_identify(action_tutorials_cpp) by extensions ['ros']
[-10.736s] Level 1:colcon.colcon_core.package_identification:_identify(action_tutorials_cpp) by extension 'ros'
[-10.731s] DEBUG:colcon.colcon_core.package_identification:Package 'action_tutorials_cpp' with type 'ros.ament_cmake' and name 'action_tutorials_cpp'
[-10.731s] Level 1:colcon.colcon_core.package_identification:_identify(action_tutorials_interfaces) by extensions ['ignore', 'ignore_ament_install']
[-10.731s] Level 1:colcon.colcon_core.package_identification:_identify(action_tutorials_interfaces) by extension 'ignore'
[-10.731s] Level 1:colcon.colcon_core.package_identification:_identify(action_tutorials_interfaces) by extension 'ignore_ament_install'
[-10.731s] Level 1:colcon.colcon_core.package_identification:_identify(action_tutorials_interfaces) by extensions ['colcon_pkg']
[-10.731s] Level 1:colcon.colcon_core.package_identification:_identify(action_tutorials_interfaces) by extension 'colcon_pkg'
[-10.731s] Level 1:colcon.colcon_core.package_identification:_identify(action_tutorials_interfaces) by extensions ['colcon_meta']
[-10.731s] Level 1:colcon.colcon_core.package_identification:_identify(action_tutorials_interfaces) by extension 'colcon_meta'
[-10.731s] Level 1:colcon.colcon_core.package_identification:_identify(action_tutorials_interfaces) by extensions ['ros']
[-10.730s] Level 1:colcon.colcon_core.package_identification:_identify(action_tutorials_interfaces) by extension 'ros'
[-10.729s] DEBUG:colcon.colcon_core.package_identification:Package 'action_tutorials_interfaces' with type 'ros.ament_cmake' and name 'action_tutorials_interfaces'
[-10.729s] Level 1:colcon.colcon_core.package_identification:_identify(build) by extensions ['ignore', 'ignore_ament_install']
[-10.729s] Level 1:colcon.colcon_core.package_identification:_identify(build) by extension 'ignore'
[-10.729s] Level 1:colcon.colcon_core.package_identification:_identify(build) ignored
[-10.729s] Level 1:colcon.colcon_core.package_identification:_identify(install) by extensions ['ignore', 'ignore_ament_install']
[-10.729s] Level 1:colcon.colcon_core.package_identification:_identify(install) by extension 'ignore'
[-10.729s] Level 1:colcon.colcon_core.package_identification:_identify(install) ignored
[-10.729s] Level 1:colcon.colcon_core.package_identification:_identify(log) by extensions ['ignore', 'ignore_ament_install']
[-10.728s] Level 1:colcon.colcon_core.package_identification:_identify(log) by extension 'ignore'
[-10.728s] Level 1:colcon.colcon_core.package_identification:_identify(log) ignored
[-10.728s] Level 1:colcon.colcon_core.package_discovery:discover_packages(recursive) using defaults
[-10.728s] Level 1:colcon.colcon_core.package_discovery:discover_packages(ignore) discover
[-10.728s] Level 1:colcon.colcon_core.package_discovery:discover_packages(ignore) using defaults
[-10.728s] Level 1:colcon.colcon_core.package_discovery:discover_packages(path) discover
[-10.728s] Level 1:colcon.colcon_core.package_discovery:discover_packages(path) using defaults
[-10.691s] Level 1:colcon.colcon_core.package_discovery:discover_packages(prefix_path) check parameters
[-10.691s] Level 1:colcon.colcon_core.package_discovery:discover_packages(prefix_path) discover
[-10.688s] Level 1:colcon.colcon_core.package_discovery:discover_packages(prefix_path) using defaults
[-10.686s] Level 5:colcon.colcon_core.verb:set package 'action_tutorials_interfaces' build argument 'cmake_args' from command line to 'None'
[-10.685s] Level 5:colcon.colcon_core.verb:set package 'action_tutorials_interfaces' build argument 'cmake_target' from command line to 'None'
[-10.685s] Level 5:colcon.colcon_core.verb:set package 'action_tutorials_interfaces' build argument 'cmake_target_skip_unavailable' from command line to 'False'
[-10.685s] Level 5:colcon.colcon_core.verb:set package 'action_tutorials_interfaces' build argument 'cmake_clean_cache' from command line to 'False'
[-10.685s] Level 5:colcon.colcon_core.verb:set package 'action_tutorials_interfaces' build argument 'cmake_clean_first' from command line to 'False'
[-10.685s] Level 5:colcon.colcon_core.verb:set package 'action_tutorials_interfaces' build argument 'cmake_force_configure' from command line to 'False'
[-10.685s] Level 5:colcon.colcon_core.verb:set package 'action_tutorials_interfaces' build argument 'ament_cmake_args' from command line to 'None'
[-10.685s] Level 5:colcon.colcon_core.verb:set package 'action_tutorials_interfaces' build argument 'catkin_cmake_args' from command line to 'None'
[-10.685s] Level 5:colcon.colcon_core.verb:set package 'action_tutorials_interfaces' build argument 'catkin_skip_building_tests' from command line to 'False'
[-10.685s] DEBUG:colcon.colcon_core.verb:Building package 'action_tutorials_interfaces' with the following arguments: {'ament_cmake_args': None, 'build_base': '/home/maddy/qt_ros_workspace/src/build/action_tutorials_interfaces', 'catkin_cmake_args': None, 'catkin_skip_building_tests': False, 'cmake_args': None, 'cmake_clean_cache': False, 'cmake_clean_first': False, 'cmake_force_configure': False, 'cmake_target': None, 'cmake_target_skip_unavailable': False, 'install_base': '/home/maddy/qt_ros_workspace/src/install/action_tutorials_interfaces', 'merge_install': False, 'path': '/home/maddy/qt_ros_workspace/src/action_tutorials_interfaces', 'symlink_install': False, 'test_result_base': None}
[-10.685s] Level 5:colcon.colcon_core.verb:set package 'action_tutorials_cpp' build argument 'cmake_args' from command line to 'None'
[-10.685s] Level 5:colcon.colcon_core.verb:set package 'action_tutorials_cpp' build argument 'cmake_target' from command line to 'None'
[-10.684s] Level 5:colcon.colcon_core.verb:set package 'action_tutorials_cpp' build argument 'cmake_target_skip_unavailable' from command line to 'False'
[-10.684s] Level 5:colcon.colcon_core.verb:set package 'action_tutorials_cpp' build argument 'cmake_clean_cache' from command line to 'False'
[-10.684s] Level 5:colcon.colcon_core.verb:set package 'action_tutorials_cpp' build argument 'cmake_clean_first' from command line to 'False'
[-10.684s] Level 5:colcon.colcon_core.verb:set package 'action_tutorials_cpp' build argument 'cmake_force_configure' from command line to 'False'
[-10.684s] Level 5:colcon.colcon_core.verb:set package 'action_tutorials_cpp' build argument 'ament_cmake_args' from command line to 'None'
[-10.684s] Level 5:colcon.colcon_core.verb:set package 'action_tutorials_cpp' build argument 'catkin_cmake_args' from command line to 'None'
[-10.684s] Level 5:colcon.colcon_core.verb:set package 'action_tutorials_cpp' build argument 'catkin_skip_building_tests' from command line to 'False'
[-10.684s] DEBUG:colcon.colcon_core.verb:Building package 'action_tutorials_cpp' with the following arguments: {'ament_cmake_args': None, 'build_base': '/home/maddy/qt_ros_workspace/src/build/action_tutorials_cpp', 'catkin_cmake_args': None, 'catkin_skip_building_tests': False, 'cmake_args': None, 'cmake_clean_cache': False, 'cmake_clean_first': False, 'cmake_force_configure': False, 'cmake_target': None, 'cmake_target_skip_unavailable': False, 'install_base': '/home/maddy/qt_ros_workspace/src/install/action_tutorials_cpp', 'merge_install': False, 'path': '/home/maddy/qt_ros_workspace/src/action_tutorials_cpp', 'symlink_install': False, 'test_result_base': None}
[-10.684s] INFO:colcon.colcon_core.executor:Executing jobs using 'parallel' executor
[-10.682s] DEBUG:colcon.colcon_parallel_executor.executor.parallel:run_until_complete
[-10.682s] INFO:colcon.colcon_ros.task.ament_cmake.build:Building ROS package in '/home/maddy/qt_ros_workspace/src/action_tutorials_interfaces' with build type 'ament_cmake'
[-10.682s] INFO:colcon.colcon_cmake.task.cmake.build:Building CMake package in '/home/maddy/qt_ros_workspace/src/action_tutorials_interfaces'
[-10.670s] INFO:colcon.colcon_core.plugin_system:Skipping extension 'colcon_core.shell.bat': Not used on non-Windows systems
[-10.670s] INFO:colcon.colcon_core.shell:Skip shell extension 'powershell' for command environment: Not usable outside of PowerShell
[-10.670s] DEBUG:colcon.colcon_core.shell:Skip shell extension 'dsv' for command environment
[-10.657s] DEBUG:colcon.colcon_core.event_handler.log_command:Invoking command in '/home/maddy/qt_ros_workspace/src/build/action_tutorials_interfaces': /usr/bin/cmake --build /home/maddy/qt_ros_workspace/src/build/action_tutorials_interfaces -- -j8 -l8
[-10.086s] DEBUG:colcon.colcon_core.event_handler.log_command:Invoked command in '/home/maddy/qt_ros_workspace/src/build/action_tutorials_interfaces' returned '0': /usr/bin/cmake --build /home/maddy/qt_ros_workspace/src/build/action_tutorials_interfaces -- -j8 -l8
[-10.063s] DEBUG:colcon.colcon_core.event_handler.log_command:Invoking command in '/home/maddy/qt_ros_workspace/src/build/action_tutorials_interfaces': /usr/bin/cmake --install /home/maddy/qt_ros_workspace/src/build/action_tutorials_interfaces
[-9.949s] Level 1:colcon.colcon_core.environment:create_environment_scripts_only(action_tutorials_interfaces)
[-9.948s] DEBUG:colcon.colcon_core.event_handler.log_command:Invoked command in '/home/maddy/qt_ros_workspace/src/build/action_tutorials_interfaces' returned '0': /usr/bin/cmake --install /home/maddy/qt_ros_workspace/src/build/action_tutorials_interfaces
[-9.939s] Level 1:colcon.colcon_core.environment:checking '/home/maddy/qt_ros_workspace/src/install/action_tutorials_interfaces' for CMake module files
[-9.938s] Level 1:colcon.colcon_core.environment:checking '/home/maddy/qt_ros_workspace/src/install/action_tutorials_interfaces' for CMake config files
[-9.936s] Level 1:colcon.colcon_core.shell:create_environment_hook('action_tutorials_interfaces', 'cmake_prefix_path')
[-9.935s] INFO:colcon.colcon_core.shell:Creating environment hook '/home/maddy/qt_ros_workspace/src/install/action_tutorials_interfaces/share/action_tutorials_interfaces/hook/cmake_prefix_path.ps1'
[-9.934s] INFO:colcon.colcon_core.shell:Creating environment descriptor '/home/maddy/qt_ros_workspace/src/install/action_tutorials_interfaces/share/action_tutorials_interfaces/hook/cmake_prefix_path.dsv'
[-9.933s] INFO:colcon.colcon_core.shell:Creating environment hook '/home/maddy/qt_ros_workspace/src/install/action_tutorials_interfaces/share/action_tutorials_interfaces/hook/cmake_prefix_path.sh'
[-9.931s] Level 1:colcon.colcon_core.environment:checking '/home/maddy/qt_ros_workspace/src/install/action_tutorials_interfaces/lib'
[-9.931s] Level 1:colcon.colcon_core.shell:create_environment_hook('action_tutorials_interfaces', 'ld_library_path_lib')
[-9.931s] INFO:colcon.colcon_core.shell:Creating environment hook '/home/maddy/qt_ros_workspace/src/install/action_tutorials_interfaces/share/action_tutorials_interfaces/hook/ld_library_path_lib.ps1'
[-9.930s] INFO:colcon.colcon_core.shell:Creating environment descriptor '/home/maddy/qt_ros_workspace/src/install/action_tutorials_interfaces/share/action_tutorials_interfaces/hook/ld_library_path_lib.dsv'
[-9.930s] INFO:colcon.colcon_core.shell:Creating environment hook '/home/maddy/qt_ros_workspace/src/install/action_tutorials_interfaces/share/action_tutorials_interfaces/hook/ld_library_path_lib.sh'
[-9.929s] Level 1:colcon.colcon_core.environment:checking '/home/maddy/qt_ros_workspace/src/install/action_tutorials_interfaces/bin'
[-9.929s] Level 1:colcon.colcon_core.environment:checking '/home/maddy/qt_ros_workspace/src/install/action_tutorials_interfaces/lib/pkgconfig/action_tutorials_interfaces.pc'
[-9.927s] Level 1:colcon.colcon_core.environment:checking '/home/maddy/qt_ros_workspace/src/install/action_tutorials_interfaces/lib/python3.10/site-packages'
[-9.926s] Level 1:colcon.colcon_core.environment:checking '/home/maddy/qt_ros_workspace/src/install/action_tutorials_interfaces/bin'
[-9.926s] INFO:colcon.colcon_core.shell:Creating package script '/home/maddy/qt_ros_workspace/src/install/action_tutorials_interfaces/share/action_tutorials_interfaces/package.ps1'
[-9.924s] INFO:colcon.colcon_core.shell:Creating package descriptor '/home/maddy/qt_ros_workspace/src/install/action_tutorials_interfaces/share/action_tutorials_interfaces/package.dsv'
[-9.923s] INFO:colcon.colcon_core.shell:Creating package script '/home/maddy/qt_ros_workspace/src/install/action_tutorials_interfaces/share/action_tutorials_interfaces/package.sh'
[-9.922s] INFO:colcon.colcon_core.shell:Creating package script '/home/maddy/qt_ros_workspace/src/install/action_tutorials_interfaces/share/action_tutorials_interfaces/package.bash'
[-9.919s] INFO:colcon.colcon_core.shell:Creating package script '/home/maddy/qt_ros_workspace/src/install/action_tutorials_interfaces/share/action_tutorials_interfaces/package.zsh'
[-9.916s] Level 1:colcon.colcon_core.environment:create_file_with_runtime_dependencies(/home/maddy/qt_ros_workspace/src/install/action_tutorials_interfaces/share/colcon-core/packages/action_tutorials_interfaces)
[-9.915s] Level 1:colcon.colcon_core.environment:create_environment_scripts_only(action_tutorials_interfaces)
[-9.914s] Level 1:colcon.colcon_core.environment:checking '/home/maddy/qt_ros_workspace/src/install/action_tutorials_interfaces' for CMake module files
[-9.912s] Level 1:colcon.colcon_core.environment:checking '/home/maddy/qt_ros_workspace/src/install/action_tutorials_interfaces' for CMake config files
[-9.910s] Level 1:colcon.colcon_core.shell:create_environment_hook('action_tutorials_interfaces', 'cmake_prefix_path')
[-9.909s] INFO:colcon.colcon_core.shell:Creating environment hook '/home/maddy/qt_ros_workspace/src/install/action_tutorials_interfaces/share/action_tutorials_interfaces/hook/cmake_prefix_path.ps1'
[-9.909s] INFO:colcon.colcon_core.shell:Creating environment descriptor '/home/maddy/qt_ros_workspace/src/install/action_tutorials_interfaces/share/action_tutorials_interfaces/hook/cmake_prefix_path.dsv'
[-9.908s] INFO:colcon.colcon_core.shell:Creating environment hook '/home/maddy/qt_ros_workspace/src/install/action_tutorials_interfaces/share/action_tutorials_interfaces/hook/cmake_prefix_path.sh'
[-9.907s] Level 1:colcon.colcon_core.environment:checking '/home/maddy/qt_ros_workspace/src/install/action_tutorials_interfaces/lib'
[-9.906s] Level 1:colcon.colcon_core.shell:create_environment_hook('action_tutorials_interfaces', 'ld_library_path_lib')
[-9.906s] INFO:colcon.colcon_core.shell:Creating environment hook '/home/maddy/qt_ros_workspace/src/install/action_tutorials_interfaces/share/action_tutorials_interfaces/hook/ld_library_path_lib.ps1'
[-9.905s] INFO:colcon.colcon_core.shell:Creating environment descriptor '/home/maddy/qt_ros_workspace/src/install/action_tutorials_interfaces/share/action_tutorials_interfaces/hook/ld_library_path_lib.dsv'
[-9.904s] INFO:colcon.colcon_core.shell:Creating environment hook '/home/maddy/qt_ros_workspace/src/install/action_tutorials_interfaces/share/action_tutorials_interfaces/hook/ld_library_path_lib.sh'
[-9.903s] Level 1:colcon.colcon_core.environment:checking '/home/maddy/qt_ros_workspace/src/install/action_tutorials_interfaces/bin'
[-9.903s] Level 1:colcon.colcon_core.environment:checking '/home/maddy/qt_ros_workspace/src/install/action_tutorials_interfaces/lib/pkgconfig/action_tutorials_interfaces.pc'
[-9.902s] Level 1:colcon.colcon_core.environment:checking '/home/maddy/qt_ros_workspace/src/install/action_tutorials_interfaces/lib/python3.10/site-packages'
[-9.902s] Level 1:colcon.colcon_core.environment:checking '/home/maddy/qt_ros_workspace/src/install/action_tutorials_interfaces/bin'
[-9.901s] INFO:colcon.colcon_core.shell:Creating package script '/home/maddy/qt_ros_workspace/src/install/action_tutorials_interfaces/share/action_tutorials_interfaces/package.ps1'
[-9.901s] INFO:colcon.colcon_core.shell:Creating package descriptor '/home/maddy/qt_ros_workspace/src/install/action_tutorials_interfaces/share/action_tutorials_interfaces/package.dsv'
[-9.900s] INFO:colcon.colcon_core.shell:Creating package script '/home/maddy/qt_ros_workspace/src/install/action_tutorials_interfaces/share/action_tutorials_interfaces/package.sh'
[-9.899s] INFO:colcon.colcon_core.shell:Creating package script '/home/maddy/qt_ros_workspace/src/install/action_tutorials_interfaces/share/action_tutorials_interfaces/package.bash'
[-9.899s] INFO:colcon.colcon_core.shell:Creating package script '/home/maddy/qt_ros_workspace/src/install/action_tutorials_interfaces/share/action_tutorials_interfaces/package.zsh'
[-9.898s] Level 1:colcon.colcon_core.environment:create_file_with_runtime_dependencies(/home/maddy/qt_ros_workspace/src/install/action_tutorials_interfaces/share/colcon-core/packages/action_tutorials_interfaces)
[-9.898s] INFO:colcon.colcon_ros.task.ament_cmake.build:Building ROS package in '/home/maddy/qt_ros_workspace/src/action_tutorials_cpp' with build type 'ament_cmake'
[-9.897s] INFO:colcon.colcon_cmake.task.cmake.build:Building CMake package in '/home/maddy/qt_ros_workspace/src/action_tutorials_cpp'
[-9.897s] INFO:colcon.colcon_core.shell:Skip shell extension 'powershell' for command environment: Not usable outside of PowerShell
[-9.897s] DEBUG:colcon.colcon_core.shell:Skip shell extension 'dsv' for command environment
[-9.678s] DEBUG:colcon.colcon_core.event_handler.log_command:Invoking command in '/home/maddy/qt_ros_workspace/src/build/action_tutorials_cpp': AMENT_PREFIX_PATH=/home/maddy/qt_ros_workspace/src/install/action_tutorials_interfaces CMAKE_PREFIX_PATH=/home/maddy/qt_ros_workspace/src/install/action_tutorials_interfaces LD_LIBRARY_PATH=/home/maddy/qt_ros_workspace/src/install/action_tutorials_interfaces/lib PYTHONPATH=/home/maddy/qt_ros_workspace/src/install/action_tutorials_interfaces/local/lib/python3.10/dist-packages /usr/bin/cmake --build /home/maddy/qt_ros_workspace/src/build/action_tutorials_cpp -- -j8 -l8
[-2.120s] DEBUG:colcon.colcon_core.event_handler.log_command:Invoked command in '/home/maddy/qt_ros_workspace/src/build/action_tutorials_cpp' returned '0': AMENT_PREFIX_PATH=/home/maddy/qt_ros_workspace/src/install/action_tutorials_interfaces CMAKE_PREFIX_PATH=/home/maddy/qt_ros_workspace/src/install/action_tutorials_interfaces LD_LIBRARY_PATH=/home/maddy/qt_ros_workspace/src/install/action_tutorials_interfaces/lib PYTHONPATH=/home/maddy/qt_ros_workspace/src/install/action_tutorials_interfaces/local/lib/python3.10/dist-packages /usr/bin/cmake --build /home/maddy/qt_ros_workspace/src/build/action_tutorials_cpp -- -j8 -l8
[-2.116s] DEBUG:colcon.colcon_core.event_handler.log_command:Invoking command in '/home/maddy/qt_ros_workspace/src/build/action_tutorials_cpp': AMENT_PREFIX_PATH=/home/maddy/qt_ros_workspace/src/install/action_tutorials_interfaces CMAKE_PREFIX_PATH=/home/maddy/qt_ros_workspace/src/install/action_tutorials_interfaces LD_LIBRARY_PATH=/home/maddy/qt_ros_workspace/src/install/action_tutorials_interfaces/lib PYTHONPATH=/home/maddy/qt_ros_workspace/src/install/action_tutorials_interfaces/local/lib/python3.10/dist-packages /usr/bin/cmake --install /home/maddy/qt_ros_workspace/src/build/action_tutorials_cpp
[-2.089s] Level 1:colcon.colcon_core.environment:create_environment_scripts_only(action_tutorials_cpp)
[-2.088s] DEBUG:colcon.colcon_core.event_handler.log_command:Invoked command in '/home/maddy/qt_ros_workspace/src/build/action_tutorials_cpp' returned '0': AMENT_PREFIX_PATH=/home/maddy/qt_ros_workspace/src/install/action_tutorials_interfaces CMAKE_PREFIX_PATH=/home/maddy/qt_ros_workspace/src/install/action_tutorials_interfaces LD_LIBRARY_PATH=/home/maddy/qt_ros_workspace/src/install/action_tutorials_interfaces/lib PYTHONPATH=/home/maddy/qt_ros_workspace/src/install/action_tutorials_interfaces/local/lib/python3.10/dist-packages /usr/bin/cmake --install /home/maddy/qt_ros_workspace/src/build/action_tutorials_cpp
[-2.088s] Level 1:colcon.colcon_core.environment:checking '/home/maddy/qt_ros_workspace/src/install/action_tutorials_cpp' for CMake module files
[-2.087s] Level 1:colcon.colcon_core.environment:checking '/home/maddy/qt_ros_workspace/src/install/action_tutorials_cpp' for CMake config files
[-2.086s] Level 1:colcon.colcon_core.shell:create_environment_hook('action_tutorials_cpp', 'cmake_prefix_path')
[-2.086s] INFO:colcon.colcon_core.shell:Creating environment hook '/home/maddy/qt_ros_workspace/src/install/action_tutorials_cpp/share/action_tutorials_cpp/hook/cmake_prefix_path.ps1'
[-2.085s] INFO:colcon.colcon_core.shell:Creating environment descriptor '/home/maddy/qt_ros_workspace/src/install/action_tutorials_cpp/share/action_tutorials_cpp/hook/cmake_prefix_path.dsv'
[-2.084s] INFO:colcon.colcon_core.shell:Creating environment hook '/home/maddy/qt_ros_workspace/src/install/action_tutorials_cpp/share/action_tutorials_cpp/hook/cmake_prefix_path.sh'
[-2.084s] Level 1:colcon.colcon_core.environment:checking '/home/maddy/qt_ros_workspace/src/install/action_tutorials_cpp/lib'
[-2.084s] Level 1:colcon.colcon_core.shell:create_environment_hook('action_tutorials_cpp', 'ld_library_path_lib')
[-2.083s] INFO:colcon.colcon_core.shell:Creating environment hook '/home/maddy/qt_ros_workspace/src/install/action_tutorials_cpp/share/action_tutorials_cpp/hook/ld_library_path_lib.ps1'
[-2.082s] INFO:colcon.colcon_core.shell:Creating environment descriptor '/home/maddy/qt_ros_workspace/src/install/action_tutorials_cpp/share/action_tutorials_cpp/hook/ld_library_path_lib.dsv'
[-2.081s] INFO:colcon.colcon_core.shell:Creating environment hook '/home/maddy/qt_ros_workspace/src/install/action_tutorials_cpp/share/action_tutorials_cpp/hook/ld_library_path_lib.sh'
[-2.081s] Level 1:colcon.colcon_core.environment:checking '/home/maddy/qt_ros_workspace/src/install/action_tutorials_cpp/bin'
[-2.080s] Level 1:colcon.colcon_core.environment:checking '/home/maddy/qt_ros_workspace/src/install/action_tutorials_cpp/lib/pkgconfig/action_tutorials_cpp.pc'
[-2.080s] Level 1:colcon.colcon_core.environment:checking '/home/maddy/qt_ros_workspace/src/install/action_tutorials_cpp/lib/python3.10/site-packages'
[-2.079s] Level 1:colcon.colcon_core.environment:checking '/home/maddy/qt_ros_workspace/src/install/action_tutorials_cpp/bin'
[-2.079s] INFO:colcon.colcon_core.shell:Creating package script '/home/maddy/qt_ros_workspace/src/install/action_tutorials_cpp/share/action_tutorials_cpp/package.ps1'
[-2.078s] INFO:colcon.colcon_core.shell:Creating package descriptor '/home/maddy/qt_ros_workspace/src/install/action_tutorials_cpp/share/action_tutorials_cpp/package.dsv'
[-2.077s] INFO:colcon.colcon_core.shell:Creating package script '/home/maddy/qt_ros_workspace/src/install/action_tutorials_cpp/share/action_tutorials_cpp/package.sh'
[-2.077s] INFO:colcon.colcon_core.shell:Creating package script '/home/maddy/qt_ros_workspace/src/install/action_tutorials_cpp/share/action_tutorials_cpp/package.bash'
[-2.076s] INFO:colcon.colcon_core.shell:Creating package script '/home/maddy/qt_ros_workspace/src/install/action_tutorials_cpp/share/action_tutorials_cpp/package.zsh'
[-2.075s] Level 1:colcon.colcon_core.environment:create_file_with_runtime_dependencies(/home/maddy/qt_ros_workspace/src/install/action_tutorials_cpp/share/colcon-core/packages/action_tutorials_cpp)
[-2.075s] Level 1:colcon.colcon_core.environment:create_environment_scripts_only(action_tutorials_cpp)
[-2.074s] Level 1:colcon.colcon_core.environment:checking '/home/maddy/qt_ros_workspace/src/install/action_tutorials_cpp' for CMake module files
[-2.074s] Level 1:colcon.colcon_core.environment:checking '/home/maddy/qt_ros_workspace/src/install/action_tutorials_cpp' for CMake config files
[-2.073s] Level 1:colcon.colcon_core.shell:create_environment_hook('action_tutorials_cpp', 'cmake_prefix_path')
[-2.073s] INFO:colcon.colcon_core.shell:Creating environment hook '/home/maddy/qt_ros_workspace/src/install/action_tutorials_cpp/share/action_tutorials_cpp/hook/cmake_prefix_path.ps1'
[-2.072s] INFO:colcon.colcon_core.shell:Creating environment descriptor '/home/maddy/qt_ros_workspace/src/install/action_tutorials_cpp/share/action_tutorials_cpp/hook/cmake_prefix_path.dsv'
[-2.071s] INFO:colcon.colcon_core.shell:Creating environment hook '/home/maddy/qt_ros_workspace/src/install/action_tutorials_cpp/share/action_tutorials_cpp/hook/cmake_prefix_path.sh'
[-2.071s] Level 1:colcon.colcon_core.environment:checking '/home/maddy/qt_ros_workspace/src/install/action_tutorials_cpp/lib'
[-2.070s] Level 1:colcon.colcon_core.shell:create_environment_hook('action_tutorials_cpp', 'ld_library_path_lib')
[-2.070s] INFO:colcon.colcon_core.shell:Creating environment hook '/home/maddy/qt_ros_workspace/src/install/action_tutorials_cpp/share/action_tutorials_cpp/hook/ld_library_path_lib.ps1'
[-2.069s] INFO:colcon.colcon_core.shell:Creating environment descriptor '/home/maddy/qt_ros_workspace/src/install/action_tutorials_cpp/share/action_tutorials_cpp/hook/ld_library_path_lib.dsv'
[-2.069s] INFO:colcon.colcon_core.shell:Creating environment hook '/home/maddy/qt_ros_workspace/src/install/action_tutorials_cpp/share/action_tutorials_cpp/hook/ld_library_path_lib.sh'
[-2.068s] Level 1:colcon.colcon_core.environment:checking '/home/maddy/qt_ros_workspace/src/install/action_tutorials_cpp/bin'
[-2.068s] Level 1:colcon.colcon_core.environment:checking '/home/maddy/qt_ros_workspace/src/install/action_tutorials_cpp/lib/pkgconfig/action_tutorials_cpp.pc'
[-2.068s] Level 1:colcon.colcon_core.environment:checking '/home/maddy/qt_ros_workspace/src/install/action_tutorials_cpp/lib/python3.10/site-packages'
[-2.068s] Level 1:colcon.colcon_core.environment:checking '/home/maddy/qt_ros_workspace/src/install/action_tutorials_cpp/bin'
[-2.067s] INFO:colcon.colcon_core.shell:Creating package script '/home/maddy/qt_ros_workspace/src/install/action_tutorials_cpp/share/action_tutorials_cpp/package.ps1'
[-2.066s] INFO:colcon.colcon_core.shell:Creating package descriptor '/home/maddy/qt_ros_workspace/src/install/action_tutorials_cpp/share/action_tutorials_cpp/package.dsv'
[-2.066s] INFO:colcon.colcon_core.shell:Creating package script '/home/maddy/qt_ros_workspace/src/install/action_tutorials_cpp/share/action_tutorials_cpp/package.sh'
[-2.065s] INFO:colcon.colcon_core.shell:Creating package script '/home/maddy/qt_ros_workspace/src/install/action_tutorials_cpp/share/action_tutorials_cpp/package.bash'
[-2.064s] INFO:colcon.colcon_core.shell:Creating package script '/home/maddy/qt_ros_workspace/src/install/action_tutorials_cpp/share/action_tutorials_cpp/package.zsh'
[-2.064s] Level 1:colcon.colcon_core.environment:create_file_with_runtime_dependencies(/home/maddy/qt_ros_workspace/src/install/action_tutorials_cpp/share/colcon-core/packages/action_tutorials_cpp)
[-2.063s] DEBUG:colcon.colcon_parallel_executor.executor.parallel:closing loop
[-2.063s] DEBUG:colcon.colcon_parallel_executor.executor.parallel:loop closed
[-2.062s] DEBUG:colcon.colcon_parallel_executor.executor.parallel:run_until_complete finished with '0'
[-2.062s] DEBUG:colcon.colcon_core.event_reactor:joining thread
[-1.994s] INFO:colcon.colcon_core.plugin_system:Skipping extension 'colcon_notification.desktop_notification.notify_send': Could not find 'notify-send'
[-1.994s] INFO:colcon.colcon_core.plugin_system:Skipping extension 'colcon_notification.desktop_notification.terminal_notifier': Not used on non-Darwin systems
[-1.994s] INFO:colcon.colcon_core.plugin_system:Skipping extension 'colcon_notification.desktop_notification.win32': Not used on non-Windows systems
[-1.994s] INFO:colcon.colcon_notification.desktop_notification:Sending desktop notification using 'notify2'
[-1.993s] DEBUG:colcon.colcon_notification.desktop_notification.notify2:Failed to initialize notify2: org.freedesktop.DBus.Error.FileNotFound: Failed to connect to socket /run/user/1000/bus: No such file or directory
[-1.993s] DEBUG:colcon.colcon_core.event_reactor:joined thread
[-1.993s] INFO:colcon.colcon_core.shell:Creating prefix script '/home/maddy/qt_ros_workspace/src/install/local_setup.ps1'
[-1.990s] INFO:colcon.colcon_core.shell:Creating prefix util module '/home/maddy/qt_ros_workspace/src/install/_local_setup_util_ps1.py'
[-1.987s] INFO:colcon.colcon_core.shell:Creating prefix chain script '/home/maddy/qt_ros_workspace/src/install/setup.ps1'
[-1.986s] INFO:colcon.colcon_core.shell:Creating prefix script '/home/maddy/qt_ros_workspace/src/install/local_setup.sh'
[-1.985s] INFO:colcon.colcon_core.shell:Creating prefix util module '/home/maddy/qt_ros_workspace/src/install/_local_setup_util_sh.py'
[-1.984s] INFO:colcon.colcon_core.shell:Creating prefix chain script '/home/maddy/qt_ros_workspace/src/install/setup.sh'
[-1.982s] INFO:colcon.colcon_core.shell:Creating prefix script '/home/maddy/qt_ros_workspace/src/install/local_setup.bash'
[-1.981s] INFO:colcon.colcon_core.shell:Creating prefix chain script '/home/maddy/qt_ros_workspace/src/install/setup.bash'
[-1.980s] INFO:colcon.colcon_core.shell:Creating prefix script '/home/maddy/qt_ros_workspace/src/install/local_setup.zsh'
[-1.978s] INFO:colcon.colcon_core.shell:Creating prefix chain script '/home/maddy/qt_ros_workspace/src/install/setup.zsh'
