[0.017s] Invoking command in '/home/maddy/qt_ros_workspace/build/qt_ros': CMAKE_PREFIX_PATH=/opt/ros/humble /usr/bin/cmake --build /home/maddy/qt_ros_workspace/build/qt_ros -- -j8 -l8
[0.140s] [ 11%] Built target qt_ros__rosidl_generator_c
[0.140s] [  9%] Built target qt_ros__cpp
[0.187s] [ 11%] Built target ament_cmake_python_copy_qt_ros
[0.201s] [ 21%] Built target qt_ros__rosidl_typesupport_introspection_c
[0.210s] [ 30%] Built target qt_ros__rosidl_typesupport_fastrtps_cpp
[0.215s] [ 40%] Built target qt_ros__rosidl_typesupport_cpp
[0.219s] [ 50%] Built target qt_ros__rosidl_typesupport_c
[0.224s] [ 59%] Built target qt_ros__rosidl_typesupport_introspection_cpp
[0.234s] [ 69%] Built target qt_ros__rosidl_typesupport_fastrtps_c
[0.269s] [ 69%] Built target qt_ros
[0.298s] [35m[1mConsolidate compiler generated dependencies of target qt_node[0m
[0.307s] [ 71%] Built target qt_ros__py
[0.340s] [ 73%] [32mBuilding CXX object CMakeFiles/qt_node.dir/src/my_window.cpp.o[0m
[0.346s] [ 80%] Built target qt_ros__rosidl_generator_py
[0.391s] [ 90%] Built target qt_ros__rosidl_typesupport_introspection_c__pyext
[0.392s] [ 90%] Built target qt_ros__rosidl_typesupport_fastrtps_c__pyext
[0.395s] [ 95%] Built target qt_ros__rosidl_typesupport_c__pyext
[0.714s] running egg_info
[0.715s] writing qt_ros.egg-info/PKG-INFO
[0.716s] writing dependency_links to qt_ros.egg-info/dependency_links.txt
[0.716s] writing top-level names to qt_ros.egg-info/top_level.txt
[0.720s] reading manifest file 'qt_ros.egg-info/SOURCES.txt'
[0.722s] writing manifest file 'qt_ros.egg-info/SOURCES.txt'
[0.775s] [ 95%] Built target ament_cmake_python_build_qt_ros_egg
[6.913s] [01m[K/home/maddy/qt_ros_workspace/src/qt_ros/src/my_window.cpp:[m[K In constructor ‘[01m[KMyWindow::MyWindow(rclcpp::Node::SharedPtr, QWidget*)[m[K’:
[6.913s] [01m[K/home/maddy/qt_ros_workspace/src/qt_ros/src/my_window.cpp:25:77:[m[K [01;31m[Kerror: [m[Kno matching function for call to ‘[01m[Kcreate_server<qt_ros::action::Fibonacci>(const char [10], std::_Bind_helper<false, rclcpp_action::GoalResponse (MyWindow::*)(const std::array<unsigned char, 16>&, std::shared_ptr<const qt_ros::action::Fibonacci_Goal_<std::allocator<void> > >&), MyWindow*, const std::_Placeholder<1>&, const std::_Placeholder<2>&>::type, std::_Bind_helper<false, rclcpp_action::CancelResponse (MyWindow::*)(const std::shared_ptr<rclcpp_action::ServerGoalHandle<qt_ros::action::Fibonacci> >&), MyWindow*, const std::_Placeholder<1>&>::type, std::_Bind_helper<false, void (MyWindow::*)(const std::shared_ptr<rclcpp_action::ServerGoalHandle<qt_ros::action::Fibonacci> >&), MyWindow*, const std::_Placeholder<1>&>::type)[m[K’
[6.913s]    25 |     action_server_ = [01;31m[Krclcpp_action::create_server<qt_ros::action::Fibonacci>([m[K
[6.914s]       |                      [01;31m[K~~~~~~~~~~~~~~~~~~~~~~~~~~~~~~~~~~~~~~~~~~~~~~~~~~~~~~~^[m[K
[6.914s]    26 | [01;31m[K        "fibonacci",[m[K
[6.914s]       |         [01;31m[K~~~~~~~~~~~~[m[K                                                         
[6.914s]    27 | [01;31m[K        std::bind(&MyWindow::handle_goal, this, std::placeholders::_1, std::placeholders::_2),[m[K
[6.914s]       |         [01;31m[K~~~~~~~~~~~~~~~~~~~~~~~~~~~~~~~~~~~~~~~~~~~~~~~~~~~~~~~~~~~~~~~~~~~~~~~~~~~~~~~~~~~~~~[m[K
[6.915s]    28 | [01;31m[K        std::bind(&MyWindow::handle_cancel, this, std::placeholders::_1),[m[K
[6.915s]       |         [01;31m[K~~~~~~~~~~~~~~~~~~~~~~~~~~~~~~~~~~~~~~~~~~~~~~~~~~~~~~~~~~~~~~~~~[m[K    
[6.915s]    29 | [01;31m[K        std::bind(&MyWindow::handle_accepted, this, std::placeholders::_1)[m[K
[6.915s]       |         [01;31m[K~~~~~~~~~~~~~~~~~~~~~~~~~~~~~~~~~~~~~~~~~~~~~~~~~~~~~~~~~~~~~~~~~~[m[K   
[6.915s]    30 | [01;31m[K    )[m[K;
[6.915s]       |     [01;31m[K~[m[K                                                                        
[6.916s] In file included from [01m[K/opt/ros/humble/include/rclcpp_action/rclcpp_action/rclcpp_action.hpp:39[m[K,
[6.916s]                  from [01m[K/home/maddy/qt_ros_workspace/src/qt_ros/include/qt_ros/my_window.hpp:13[m[K,
[6.916s]                  from [01m[K/home/maddy/qt_ros_workspace/src/qt_ros/src/my_window.cpp:2[m[K:
[6.916s] [01m[K/opt/ros/humble/include/rclcpp_action/rclcpp_action/create_server.hpp:58:1:[m[K [01;36m[Knote: [m[Kcandidate: ‘[01m[Ktypename rclcpp_action::Server<ActionT>::SharedPtr rclcpp_action::create_server(rclcpp::node_interfaces::NodeBaseInterface::SharedPtr, rclcpp::node_interfaces::NodeClockInterface::SharedPtr, rclcpp::node_interfaces::NodeLoggingInterface::SharedPtr, rclcpp::node_interfaces::NodeWaitablesInterface::SharedPtr, const string&, typename rclcpp_action::Server<ActionT>::GoalCallback, typename rclcpp_action::Server<ActionT>::CancelCallback, typename rclcpp_action::Server<ActionT>::AcceptedCallback, const rcl_action_server_options_t&, rclcpp::CallbackGroup::SharedPtr) [with ActionT = qt_ros::action::Fibonacci; typename rclcpp_action::Server<ActionT>::SharedPtr = std::shared_ptr<rclcpp_action::Server<qt_ros::action::Fibonacci> >; rclcpp::node_interfaces::NodeBaseInterface::SharedPtr = std::shared_ptr<rclcpp::node_interfaces::NodeBaseInterface>; rclcpp::node_interfaces::NodeClockInterface::SharedPtr = std::shared_ptr<rclcpp::node_interfaces::NodeClockInterface>; rclcpp::node_interfaces::NodeLoggingInterface::SharedPtr = std::shared_ptr<rclcpp::node_interfaces::NodeLoggingInterface>; rclcpp::node_interfaces::NodeWaitablesInterface::SharedPtr = std::shared_ptr<rclcpp::node_interfaces::NodeWaitablesInterface>; std::string = std::__cxx11::basic_string<char>; typename rclcpp_action::Server<ActionT>::GoalCallback = std::function<rclcpp_action::GoalResponse(const std::array<unsigned char, 16>&, std::shared_ptr<const qt_ros::action::Fibonacci_Goal_<std::allocator<void> > >)>; typename rclcpp_action::Server<ActionT>::CancelCallback = std::function<rclcpp_action::CancelResponse(std::shared_ptr<rclcpp_action::ServerGoalHandle<qt_ros::action::Fibonacci> >)>; typename rclcpp_action::Server<ActionT>::AcceptedCallback = std::function<void(std::shared_ptr<rclcpp_action::ServerGoalHandle<qt_ros::action::Fibonacci> >)>; rcl_action_server_options_t = rcl_action_server_options_s; rclcpp::CallbackGroup::SharedPtr = std::shared_ptr<rclcpp::CallbackGroup>][m[K’
[6.916s]    58 | [01;36m[Kcreate_server[m[K(
[6.917s]       | [01;36m[K^~~~~~~~~~~~~[m[K
[6.917s] [01m[K/opt/ros/humble/include/rclcpp_action/rclcpp_action/create_server.hpp:58:1:[m[K [01;36m[Knote: [m[K  candidate expects 10 arguments, 4 provided
[6.917s] [01m[K/opt/ros/humble/include/rclcpp_action/rclcpp_action/create_server.hpp:132:1:[m[K [01;36m[Knote: [m[Kcandidate: ‘[01m[Ktemplate<class ActionT, class NodeT> typename rclcpp_action::Server<ActionT>::SharedPtr rclcpp_action::create_server(NodeT, const string&, typename rclcpp_action::Server<ActionT>::GoalCallback, typename rclcpp_action::Server<ActionT>::CancelCallback, typename rclcpp_action::Server<ActionT>::AcceptedCallback, const rcl_action_server_options_t&, rclcpp::CallbackGroup::SharedPtr)[m[K’
[6.917s]   132 | [01;36m[Kcreate_server[m[K(
[6.918s]       | [01;36m[K^~~~~~~~~~~~~[m[K
[6.918s] [01m[K/opt/ros/humble/include/rclcpp_action/rclcpp_action/create_server.hpp:132:1:[m[K [01;36m[Knote: [m[K  template argument deduction/substitution failed:
[6.918s] [01m[K/home/maddy/qt_ros_workspace/src/qt_ros/src/my_window.cpp:25:77:[m[K [01;36m[Knote: [m[K  candidate expects 7 arguments, 4 provided
[6.918s]    25 |     action_server_ = [01;36m[Krclcpp_action::create_server<qt_ros::action::Fibonacci>([m[K
[6.918s]       |                      [01;36m[K~~~~~~~~~~~~~~~~~~~~~~~~~~~~~~~~~~~~~~~~~~~~~~~~~~~~~~~^[m[K
[6.918s]    26 | [01;36m[K        "fibonacci",[m[K
[6.919s]       |         [01;36m[K~~~~~~~~~~~~[m[K                                                         
[6.919s]    27 | [01;36m[K        std::bind(&MyWindow::handle_goal, this, std::placeholders::_1, std::placeholders::_2),[m[K
[6.919s]       |         [01;36m[K~~~~~~~~~~~~~~~~~~~~~~~~~~~~~~~~~~~~~~~~~~~~~~~~~~~~~~~~~~~~~~~~~~~~~~~~~~~~~~~~~~~~~~[m[K
[6.919s]    28 | [01;36m[K        std::bind(&MyWindow::handle_cancel, this, std::placeholders::_1),[m[K
[6.919s]       |         [01;36m[K~~~~~~~~~~~~~~~~~~~~~~~~~~~~~~~~~~~~~~~~~~~~~~~~~~~~~~~~~~~~~~~~~[m[K    
[6.919s]    29 | [01;36m[K        std::bind(&MyWindow::handle_accepted, this, std::placeholders::_1)[m[K
[6.920s]       |         [01;36m[K~~~~~~~~~~~~~~~~~~~~~~~~~~~~~~~~~~~~~~~~~~~~~~~~~~~~~~~~~~~~~~~~~~[m[K   
[6.920s]    30 | [01;36m[K    )[m[K;
[6.920s]       |     [01;36m[K~[m[K                                                                        
[7.273s] In file included from [01m[K/opt/ros/humble/include/rclcpp_action/rclcpp_action/rclcpp_action.hpp:38[m[K,
[7.273s]                  from [01m[K/home/maddy/qt_ros_workspace/src/qt_ros/include/qt_ros/my_window.hpp:13[m[K,
[7.274s]                  from [01m[K/home/maddy/qt_ros_workspace/src/qt_ros/src/my_window.cpp:2[m[K:
[7.274s] /opt/ros/humble/include/rclcpp_action/rclcpp_action/create_client.hpp: In instantiation of ‘[01m[Ktypename rclcpp_action::Client<ActionT>::SharedPtr rclcpp_action::create_client(NodeT, const string&, rclcpp::CallbackGroup::SharedPtr, const rcl_action_client_options_t&) [with ActionT = qt_ros::action::Fibonacci; NodeT = MyWindow*; typename rclcpp_action::Client<ActionT>::SharedPtr = std::shared_ptr<rclcpp_action::Client<qt_ros::action::Fibonacci> >; std::string = std::__cxx11::basic_string<char>; rclcpp::CallbackGroup::SharedPtr = std::shared_ptr<rclcpp::CallbackGroup>; rcl_action_client_options_t = rcl_action_client_options_s][m[K’:
[7.274s] [01m[K/home/maddy/qt_ros_workspace/src/qt_ros/src/my_window.cpp:24:73:[m[K   required from here
[7.274s] [01m[K/opt/ros/humble/include/rclcpp_action/rclcpp_action/create_client.hpp:112:11:[m[K [01;31m[Kerror: [m[K‘[01m[Kclass MyWindow[m[K’ has no member named ‘[01m[Kget_node_base_interface[m[K’
[7.274s]   112 |     [01;31m[Knode->get_node_base_interface[m[K(),
[7.274s]       |     [01;31m[K~~~~~~^~~~~~~~~~~~~~~~~~~~~~~[m[K
[7.275s] [01m[K/opt/ros/humble/include/rclcpp_action/rclcpp_action/create_client.hpp:113:11:[m[K [01;31m[Kerror: [m[K‘[01m[Kclass MyWindow[m[K’ has no member named ‘[01m[Kget_node_graph_interface[m[K’
[7.275s]   113 |     [01;31m[Knode->get_node_graph_interface[m[K(),
[7.275s]       |     [01;31m[K~~~~~~^~~~~~~~~~~~~~~~~~~~~~~~[m[K
[7.275s] [01m[K/opt/ros/humble/include/rclcpp_action/rclcpp_action/create_client.hpp:114:11:[m[K [01;31m[Kerror: [m[K‘[01m[Kclass MyWindow[m[K’ has no member named ‘[01m[Kget_node_logging_interface[m[K’
[7.275s]   114 |     [01;31m[Knode->get_node_logging_interface[m[K(),
[7.275s]       |     [01;31m[K~~~~~~^~~~~~~~~~~~~~~~~~~~~~~~~~[m[K
[7.275s] [01m[K/opt/ros/humble/include/rclcpp_action/rclcpp_action/create_client.hpp:115:11:[m[K [01;31m[Kerror: [m[K‘[01m[Kclass MyWindow[m[K’ has no member named ‘[01m[Kget_node_waitables_interface[m[K’
[7.275s]   115 |     [01;31m[Knode->get_node_waitables_interface[m[K(),
[7.275s]       |     [01;31m[K~~~~~~^~~~~~~~~~~~~~~~~~~~~~~~~~~~[m[K
[9.552s] gmake[2]: *** [CMakeFiles/qt_node.dir/build.make:90: CMakeFiles/qt_node.dir/src/my_window.cpp.o] Error 1
[9.552s] gmake[1]: *** [CMakeFiles/Makefile2:594: CMakeFiles/qt_node.dir/all] Error 2
[9.553s] gmake: *** [Makefile:146: all] Error 2
[9.556s] Invoked command in '/home/maddy/qt_ros_workspace/build/qt_ros' returned '2': CMAKE_PREFIX_PATH=/opt/ros/humble /usr/bin/cmake --build /home/maddy/qt_ros_workspace/build/qt_ros -- -j8 -l8
